1 0 0 4399153820224 4
141 0 0 4399153820232 4
300 1 0 4399153820232 4
2 1 0 4399153820224 4
2 1 0 4399153820216 4
2 1 0 4399153819960 4
3 1 0 4399153823024 4
6 0 0 288278359176549120 4
285 0 0 4399153822032 4
300 0 0 288278359176531936 4
300 1 0 4399153821912 4
11 0 0 4399153823012 4
289 1 0 4399153820168 4
3 1 0 4399153820176 4
2 1 0 4399153819944 4
3 0 0 288278359176532056 4
292 1 0 4399153820096 4
4 0 0 4399153822080 4
296 1 0 4399153820104 4
3 1 0 4399153820112 4
2 1 0 4399153820120 4
2 1 0 4399153820128 4
2 1 0 4399153820136 4
5 1 0 4399153820144 4
7 1 0 4399153820152 4
3 1 0 4399153819936 4
4 1 0 4399153820160 4
10 1 0 4399153822224 4
8 0 0 4399153823011 4
254 0 0 4399153823064 4
290 0 0 4399153823056 4
300 1 0 4399153819944 4
1 1 0 4399153819936 4
2 1 0 4399153819928 4
4 0 0 17186173096 4
293 1 0 4399153819920 4
2 1 0 4399153819912 4
2 1 0 4399153819904 4
2 1 0 4399153819896 4
2 1 0 4399153819888 4
2 0 0 4399153822176 4
300 0 0 17186214432 4
300 0 0 288278359174409584 4
300 0 0 17186214416 4
300 1 0 17186214416 4
1 0 0 17186214424 4
299 0 0 17186214428 4
300 1 0 17186214428 4
1 1 0 17186214424 4
15 0 0 17186214456 4
284 1 0 17186214456 4
1 1 0 4399153819928 4
2 0 0 17186172960 4
297 0 0 17186214368 4
300 1 0 17186214368 4
1 0 0 17186214376 4
299 0 0 17186214384 4
303 1 0 17186214384 4
1 0 0 17186214372 4
296 1 0 17186214372 4
12 1 0 4399153819928 4
3 0 0 17186173128 4
289 0 0 288278359174410536 4
296 1 0 17186214424 4
8 1 0 17186214428 4
3 1 0 17186214416 4
8 0 0 17186214480 4
281 1 0 4399153819936 4
2 1 0 4399153819928 4
2 0 0 17186214540 4
296 1 0 4399153819920 4
2 1 0 4399153819912 4
3 1 0 4399153819904 4
2 0 0 288371112892029836 4
293 0 0 17186214488 4
300 0 0 17186214528 4
300 0 0 17186214520 4
300 0 0 17186214512 4
300 0 0 17186214504 4
300 0 0 17186214496 4
300 0 0 17186231040 4
300 0 0 17186229952 4
300 0 0 17186229184 4
290 0 0 17186228416 4
300 0 0 17186227648 4
300 0 0 17186226880 4
300 1 0 4399153819896 4
2 1 0 4399153819888 4
2 1 0 4399153819880 4
3 1 0 4399153819852 4
3 1 0 4399153819860 4
4 1 0 4399153819856 4
2 1 0 4399153819848 4
2 1 0 4399153819844 4
6 1 0 4399153819808 4
2 1 0 4399153819784 4
2 0 0 17186173144 4
282 1 0 4399153819776 4
2 1 0 4399153819720 4
7 1 0 4399153819720 4
25 0 0 288278359170021264 4
266 0 0 288278359169962904 4
300 0 0 288278359169966552 4
300 0 0 288278359170033696 4
300 0 0 288278359170021296 4
300 0 0 288278359170021304 4
300 0 0 288278359170033152 4
312 0 0 17184073768 4
295 0 0 17184073756 4
293 1 0 4399153819864 4
3 0 0 17184073776 4
297 0 0 17184073760 4
300 1 0 4399153819824 4
3 1 0 4399153819784 4
3 0 0 17186173064 4
294 1 0 4399153819724 4
6 0 0 288278359169966560 4
294 0 0 288278359170018880 4
300 0 0 288278359170018888 4
300 0 0 288278359170018896 4
300 0 0 288278359170018904 4
300 0 0 288278359170018264 4
304 0 0 17184073764 4
286 0 0 17184073792 4
286 0 0 17184073840 4
294 0 0 17184073800 4
300 0 0 17184073808 4
300 0 0 17184073816 4
300 0 0 17184073824 4
300 0 0 17184073832 4
300 1 0 4399153819868 4
12 1 0 4399153819868 4
15 1 0 4399153819824 4
3 1 0 4399153819784 4
5 1 0 4399153819724 4
6 0 0 288278359170032104 4
289 0 0 288278359170027176 4
280 0 0 288278359170027184 4
300 0 0 288278359170032084 4
300 0 0 288278359170031956 4
300 0 0 288278359170032108 4
220 0 0 288278359170032112 4
290 0 0 288278359170029772 4
300 1 0 4399153819724 4
62 0 0 4399153819855 4
248 1 0 4399153819855 4
1 1 0 4399153819792 4
6 1 0 4399153819852 4
2 1 0 4399153819784 4
3 0 0 17186172928 4
288 1 0 4399153819720 4
21 0 0 288278359170018856 4
279 0 0 288278359170018864 4
300 0 0 288278359170018872 4
355 0 0 17186214472 4
235 1 0 17186225888 4
19 0 0 17186231044 4
291 0 0 17186229956 4
290 0 0 17186229188 4
290 0 0 17186228420 4
300 0 0 17186227652 4
300 0 0 17186226884 4
300 1 0 4399153819896 4
2 1 0 4399153819888 4
2 1 0 4399153819880 4
3 1 0 4399153819852 4
3 1 0 4399153819860 4
4 1 0 4399153819856 4
2 1 0 4399153819848 4
2 1 0 4399153819844 4
6 1 0 4399153819808 4
2 1 0 4399153819784 4
4 1 0 4399153819776 4
2 1 0 4399153819720 4
7 1 0 4399153819720 4
86 1 0 4399153819864 4
8 1 0 4399153819824 4
3 1 0 4399153819784 4
5 1 0 4399153819724 4
87 1 0 4399153819868 4
22 1 0 4399153819824 4
3 1 0 4399153819784 4
5 1 0 4399153819724 4
98 1 0 4399153819855 4
1 1 0 4399153819792 4
6 1 0 4399153819852 4
2 1 0 4399153819784 4
5 1 0 4399153819720 4
6 0 0 288278359170018160 4
244 0 0 288278359169962888 4
203 0 0 288278359170018808 4
267 0 0 288278359170018552 4
220 0 0 288278359170018168 4
280 0 0 288278359170018176 4
230 0 0 288278359170018184 4
280 0 0 288278359170018192 4
300 0 0 288278359170018200 4
220 0 0 288278359170018208 4
290 1 0 4399153819720 4
53 1 0 17186225892 4
19 0 0 17186231048 4
228 0 0 17186229960 4
280 0 0 17186229192 4
300 0 0 17186228424 4
230 0 0 17186227656 4
270 0 0 17186226888 4
220 1 0 4399153819896 4
2 1 0 4399153819888 4
2 1 0 4399153819880 4
3 1 0 4399153819852 4
3 1 0 4399153819860 4
4 1 0 4399153819856 4
2 1 0 4399153819848 4
2 1 0 4399153819844 4
6 1 0 4399153819808 4
2 1 0 4399153819784 4
4 1 0 4399153819776 4
2 1 0 4399153819720 4
7 1 0 4399153819720 4
45 0 0 288278359170033336 4
302 0 0 288278359170032792 4
250 1 0 4399153819864 4
8 1 0 4399153819824 4
3 1 0 4399153819784 4
5 1 0 4399153819724 4
20 0 0 288278359170032036 4
238 0 0 288278359170031908 4
321 1 0 4399153819724 4
64 1 0 4399153819868 4
18 1 0 4399153819824 4
3 1 0 4399153819784 4
5 1 0 4399153819724 4
20 0 0 288278359170032056 4
269 0 0 288278359170031928 4
321 1 0 4399153819724 4
73 1 0 4399153819855 4
1 1 0 4399153819792 4
6 1 0 4399153819852 4
2 1 0 4399153819784 4
5 1 0 4399153819720 4
85 1 0 17186225896 4
19 0 0 17186231052 4
268 0 0 17186229964 4
290 0 0 17186229196 4
220 0 0 17186228428 4
210 0 0 17186227660 4
270 0 0 17186226892 4
300 1 0 4399153819896 4
2 1 0 4399153819888 4
2 1 0 4399153819880 4
3 1 0 4399153819852 4
3 1 0 4399153819860 4
4 1 0 4399153819856 4
2 1 0 4399153819848 4
2 1 0 4399153819844 4
6 1 0 4399153819808 4
2 1 0 4399153819784 4
4 1 0 4399153819776 4
2 1 0 4399153819720 4
7 1 0 4399153819720 4
86 1 0 4399153819864 4
8 1 0 4399153819824 4
3 1 0 4399153819784 4
5 1 0 4399153819724 4
20 0 0 288278359170032060 4
259 0 0 288278359170031932 4
311 1 0 4399153819724 4
64 1 0 4399153819868 4
18 1 0 4399153819824 4
3 1 0 4399153819784 4
5 1 0 4399153819724 4
20 0 0 288278359170032088 4
279 0 0 288278359170031960 4
311 1 0 4399153819724 4
73 1 0 4399153819855 4
1 1 0 4399153819792 4
6 1 0 4399153819852 4
2 1 0 4399153819784 4
5 1 0 4399153819720 4
85 1 0 17186225900 4
19 0 0 17186231056 4
278 0 0 17186229968 4
230 0 0 17186229200 4
270 0 0 17186228432 4
200 0 0 17186227664 4
230 0 0 17186226896 4
300 1 0 4399153819896 4
2 1 0 4399153819888 4
2 1 0 4399153819880 4
3 1 0 4399153819852 4
3 1 0 4399153819860 4
4 1 0 4399153819856 4
2 1 0 4399153819848 4
2 1 0 4399153819844 4
6 1 0 4399153819808 4
2 1 0 4399153819784 4
4 1 0 4399153819776 4
2 1 0 4399153819720 4
7 1 0 4399153819720 4
86 1 0 4399153819864 4
