1 0 0 8797233902144 4
241 0 0 8797233902152 4
300 1 0 8797233902152 4
2 1 0 8797233902144 4
2 1 0 8797233902136 4
2 1 0 8797233901880 4
3 1 0 8797233904944 4
6 0 0 576508735328260864 4
285 0 0 8797233903952 4
300 0 0 576508735328243680 4
300 1 0 8797233903832 4
11 0 0 8797233904932 4
289 1 0 8797233902088 4
3 1 0 8797233902096 4
2 1 0 8797233901864 4
3 0 0 576508735328243800 4
292 1 0 8797233902016 4
4 0 0 8797233904000 4
296 1 0 8797233902024 4
3 1 0 8797233902032 4
2 1 0 8797233902040 4
2 1 0 8797233902048 4
2 1 0 8797233902056 4
5 1 0 8797233902064 4
7 1 0 8797233902072 4
3 1 0 8797233901856 4
4 1 0 8797233902080 4
10 1 0 8797233904144 4
8 0 0 8797233904931 4
254 0 0 8797233904984 4
300 0 0 8797233904976 4
300 1 0 8797233901864 4
1 1 0 8797233901856 4
2 1 0 8797233901848 4
4 0 0 34366042280 4
293 1 0 8797233901840 4
2 1 0 8797233901832 4
2 1 0 8797233901824 4
2 1 0 8797233901816 4
2 1 0 8797233901808 4
2 0 0 8797233904096 4
290 0 0 34366083616 4
300 0 0 576508735326121328 4
300 0 0 34366083600 4
300 1 0 34366083600 4
1 0 0 34366083608 4
299 0 0 34366083612 4
300 1 0 34366083612 4
1 1 0 34366083608 4
15 0 0 34366083640 4
284 1 0 34366083640 4
1 1 0 8797233901848 4
2 0 0 34366042144 4
297 0 0 34366083552 4
300 1 0 34366083552 4
1 0 0 34366083560 4
299 0 0 34366083568 4
303 1 0 34366083568 4
1 0 0 34366083556 4
296 1 0 34366083556 4
12 1 0 8797233901848 4
3 0 0 34366042312 4
289 0 0 576508735326122280 4
296 1 0 34366083608 4
8 1 0 34366083612 4
3 1 0 34366083600 4
8 0 0 34366083664 4
281 1 0 8797233901856 4
2 1 0 8797233901848 4
2 0 0 34366083724 4
296 1 0 8797233901840 4
2 1 0 8797233901832 4
3 1 0 8797233901824 4
2 0 0 576601489043741596 4
293 0 0 34366083672 4
300 0 0 34366083712 4
300 0 0 34366083704 4
300 0 0 34366083696 4
300 0 0 34366083688 4
300 0 0 34366083680 4
300 0 0 34366100480 4
300 0 0 34366099392 4
300 0 0 34366098624 4
300 0 0 34366097856 4
300 0 0 34366097088 4
300 0 0 34366096320 4
300 1 0 8797233901816 4
2 1 0 8797233901808 4
2 1 0 8797233901800 4
3 1 0 8797233901772 4
3 1 0 8797233901780 4
4 1 0 8797233901776 4
2 1 0 8797233901768 4
2 1 0 8797233901764 4
6 1 0 8797233901728 4
2 1 0 8797233901704 4
2 0 0 34366042328 4
272 1 0 8797233901696 4
2 1 0 8797233901640 4
7 1 0 8797233901640 4
25 0 0 576508735321733008 4
266 0 0 576508735321674648 4
300 0 0 576508735321678296 4
300 0 0 576508735321745352 4
300 0 0 576508735321733040 4
300 0 0 576508735321733048 4
300 0 0 576508735321744808 4
312 0 0 34363942952 4
295 0 0 34363942940 4
293 1 0 8797233901784 4
3 0 0 34363942944 4
297 1 0 8797233901744 4
3 1 0 8797233901704 4
3 0 0 34366042248 4
294 1 0 8797233901644 4
6 0 0 576508735321678304 4
294 0 0 576508735321730624 4
300 0 0 576508735321730632 4
300 0 0 576508735321730640 4
300 0 0 576508735321730648 4
300 0 0 576508735321730008 4
314 0 0 34363942948 4
286 0 0 34363942976 4
306 0 0 34363943024 4
294 0 0 34363942984 4
300 0 0 34363942992 4
300 0 0 34363943000 4
300 0 0 34363943008 4
300 0 0 34363943016 4
300 1 0 8797233901788 4
14 0 0 34363942960 4
290 1 0 8797233901744 4
3 1 0 8797233901704 4
5 1 0 8797233901644 4
6 0 0 576508735321743848 4
272 0 0 576508735321738920 4
280 0 0 576508735321738928 4
300 0 0 576508735321743824 4
220 0 0 576508735321743696 4
300 0 0 576508735321743852 4
290 0 0 576508735321743856 4
290 0 0 576508735321741516 4
300 1 0 8797233901644 4
62 0 0 8797233901775 4
268 1 0 8797233901775 4
1 1 0 8797233901712 4
6 1 0 8797233901772 4
2 1 0 8797233901704 4
3 0 0 34366042112 4
288 1 0 8797233901640 4
6 0 0 576508735321729904 4
284 0 0 576508735321674632 4
303 0 0 576508735321730552 4
297 0 0 576508735321730296 4
290 0 0 576508735321729912 4
300 0 0 576508735321729920 4
290 0 0 576508735321729928 4
300 0 0 576508735321729936 4
300 0 0 576508735321729944 4
300 0 0 576508735321729952 4
300 1 0 8797233901640 4
51 0 0 34366083656 4
269 1 0 34366095328 4
19 0 0 34366100484 4
271 0 0 34366099396 4
210 0 0 34366098628 4
280 0 0 34366097860 4
220 0 0 34366097092 4
300 0 0 34366096324 4
290 1 0 8797233901816 4
2 1 0 8797233901808 4
2 1 0 8797233901800 4
3 1 0 8797233901772 4
3 1 0 8797233901780 4
4 1 0 8797233901776 4
2 1 0 8797233901768 4
2 1 0 8797233901764 4
6 1 0 8797233901728 4
2 1 0 8797233901704 4
4 1 0 8797233901696 4
2 1 0 8797233901640 4
7 1 0 8797233901640 4
45 0 0 576508735321745080 4
242 0 0 576508735321744536 4
300 1 0 8797233901784 4
8 1 0 8797233901744 4
3 1 0 8797233901704 4
5 1 0 8797233901644 4
20 0 0 576508735321743776 4
258 0 0 576508735321743648 4
301 1 0 8797233901644 4
64 1 0 8797233901788 4
18 1 0 8797233901744 4
3 1 0 8797233901704 4
5 1 0 8797233901644 4
20 0 0 576508735321743796 4
289 0 0 576508735321743668 4
301 1 0 8797233901644 4
73 1 0 8797233901775 4
1 1 0 8797233901712 4
6 1 0 8797233901772 4
2 1 0 8797233901704 4
5 1 0 8797233901640 4
21 0 0 576508735321730600 4
271 0 0 576508735321730608 4
220 0 0 576508735321730616 4
332 1 0 34366095332 4
19 0 0 34366100488 4
239 0 0 34366099400 4
290 0 0 34366098632 4
300 0 0 34366097864 4
290 0 0 34366097096 4
300 0 0 34366096328 4
230 1 0 8797233901816 4
2 1 0 8797233901808 4
2 1 0 8797233901800 4
3 1 0 8797233901772 4
3 1 0 8797233901780 4
4 1 0 8797233901776 4
2 1 0 8797233901768 4
2 1 0 8797233901764 4
6 1 0 8797233901728 4
2 1 0 8797233901704 4
4 1 0 8797233901696 4
2 1 0 8797233901640 4
7 1 0 8797233901640 4
86 1 0 8797233901784 4
8 1 0 8797233901744 4
3 1 0 8797233901704 4
5 1 0 8797233901644 4
58 1 0 8797233901644 4
64 1 0 8797233901788 4
18 1 0 8797233901744 4
3 1 0 8797233901704 4
5 1 0 8797233901644 4
20 0 0 576508735321743716 4
281 0 0 576508735321743588 4
231 1 0 8797233901644 4
73 1 0 8797233901775 4
1 1 0 8797233901712 4
6 1 0 8797233901772 4
2 1 0 8797233901704 4
5 1 0 8797233901640 4
80 1 0 34366095336 4
19 0 0 34366100492 4
273 0 0 34366099404 4
300 0 0 34366098636 4
300 0 0 34366097868 4
290 0 0 34366097100 4
230 0 0 34366096332 4
190 1 0 8797233901816 4
2 1 0 8797233901808 4
2 1 0 8797233901800 4
3 1 0 8797233901772 4
3 1 0 8797233901780 4
4 1 0 8797233901776 4
2 1 0 8797233901768 4
2 1 0 8797233901764 4
6 1 0 8797233901728 4
2 1 0 8797233901704 4
4 1 0 8797233901696 4
2 1 0 8797233901640 4
7 1 0 8797233901640 4
86 1 0 8797233901784 4
8 1 0 8797233901744 4
3 1 0 8797233901704 4
5 1 0 8797233901644 4
20 0 0 576508735321743792 4
239 0 0 576508735321743664 4
231 1 0 8797233901644 4
64 1 0 8797233901788 4
18 1 0 8797233901744 4
3 1 0 8797233901704 4
5 1 0 8797233901644 4
20 0 0 576508735321743816 4
259 0 0 576508735321743688 4
301 1 0 8797233901644 4
73 1 0 8797233901775 4
1 1 0 8797233901712 4
6 1 0 8797233901772 4
2 1 0 8797233901704 4
5 1 0 8797233901640 4
80 1 0 34366095340 4
19 0 0 34366100496 4
203 0 0 34366099408 4
290 0 0 34366098640 4
300 0 0 34366097872 4
200 0 0 34366097104 4
220 0 0 34366096336 4
280 1 0 8797233901816 4
2 1 0 8797233901808 4
2 1 0 8797233901800 4
3 1 0 8797233901772 4
3 1 0 8797233901780 4
4 1 0 8797233901776 4
2 1 0 8797233901768 4
2 1 0 8797233901764 4
6 1 0 8797233901728 4
2 1 0 8797233901704 4
4 1 0 8797233901696 4
