1 0 0 1100593758784 4
111 0 0 1100593758792 4
300 1 0 1100593758792 4
2 1 0 1100593758784 4
2 1 0 1100593758776 4
2 1 0 1100593758520 4
3 1 0 1100593761584 4
6 0 0 72105577062765312 4
285 0 0 1100593760592 4
300 0 0 72105577062748128 4
300 1 0 1100593760472 4
11 0 0 1100593761572 4
289 1 0 1100593758728 4
3 1 0 1100593758736 4
2 1 0 1100593758504 4
3 0 0 72105577062748248 4
292 1 0 1100593758496 4
2 0 0 72105577062748144 4
298 1 0 1100593758488 4
1 0 0 72105577062748152 4
299 1 0 1100593758432 4
3 1 0 1100593758440 4
2 1 0 1100593758448 4
2 1 0 1100593758456 4
2 1 0 1100593758464 4
2 1 0 1100593758472 4
2 1 0 1100593758480 4
10 1 0 1100593758424 4
2 1 0 1100593758416 4
2 1 0 1100593758408 4
4 0 0 72105577060556904 4
299 0 0 72105577062747688 4
300 0 0 72105577060557048 4
300 0 0 72105577062747800 4
290 0 0 72105577060579644 4
300 0 0 72105577060556912 4
300 0 0 72105577062747704 4
300 1 0 1100593758400 4
2 0 0 72105577060579640 4
298 0 0 72105577060556800 4
300 0 0 72105577060579632 4
290 0 0 72105577060564877 4
300 0 0 72105577060557256 4
300 0 0 72105577062747960 4
300 0 0 72105577060576736 4
300 0 0 72105577060557536 4
300 0 0 72105577066225888 4
290 0 0 1100593760616 4
300 1 0 1100593760620 4
4 0 0 72105577060564872 4
296 0 0 72105577060557696 4
300 1 0 1100593758376 4
4 1 0 1100593758368 4
2 1 0 1100593758360 4
4 1 0 1100593758352 4
2 1 0 1100593758344 4
3 1 0 1100593758336 4
3 1 0 1100593758328 4
2 1 0 1100593758320 4
2 1 0 1100593758312 4
2 1 0 1100593758192 4
3 1 0 1100593758184 4
2 1 0 1100593758176 4
2 1 0 1100593758168 4
2 1 0 1100593758164 4
2 1 0 1100593758072 4
2 0 0 72105577060572289 4
283 0 0 72105577060572290 4
300 0 0 72105577060572291 4
300 0 0 72105577060572292 4
300 0 0 72105577060572293 4
300 0 0 72105577060572294 4
300 0 0 72105577060572295 4
300 0 0 72105577060572296 4
308 0 0 72105576731141384 4
292 1 0 72105576731141384 4
1 1 0 1100593758296 4
4 1 0 1100593758272 4
2 1 0 1100593758280 4
11 0 0 72105577060557656 4
302 1 0 1100593758112 4
7 1 0 1100593758104 4
4 1 0 1100593758080 4
2 1 0 1100593758088 4
2 1 0 1100593758096 4
9 1 0 1100593758136 4
2 1 0 1100593758072 4
2 1 0 1100593758064 4
2 1 0 1100593758056 4
2 1 0 1100593758048 4
2 1 0 1100593758040 4
3 1 0 1100593758032 4
2 1 0 1100593758024 4
2 0 0 72105577051624128 4
251 1 0 1100593757936 4
2 1 0 1100593757928 4
6 1 0 1100593757976 4
2 1 0 1100593757960 4
4 1 0 1100593757992 4
2 1 0 1100593758004 4
4 1 0 1100593758012 4
2 0 0 72105577051624120 4
276 1 0 1100593757920 4
9 1 0 1100593757912 4
2 1 0 1100593757908 4
2 1 0 1100593757896 4
2 1 0 1100593758000 4
3 1 0 1100593757952 4
2 0 0 72105577060559504 4
280 0 0 72105577051623464 4
280 1 0 1100593757968 4
6 0 0 72105577051624213 4
284 0 0 72105576731139040 4
303 0 0 72105577051624172 4
297 0 0 72105577051623536 4
300 0 0 4301270696 4
300 1 0 1100593757944 4
2 0 0 72105577051623528 4
298 0 0 4301270680 4
300 1 0 1100593757984 4
2 0 0 72105577051624184 4
302 0 0 72105577051624176 4
296 0 0 72105577051624180 4
300 0 0 4299162544 4
307 1 0 1100593758008 4
15 0 0 72105577066225896 4
292 1 0 1100593757880 4
2 1 0 1100593757872 4
2 1 0 1100593757864 4
3 0 0 72105577051623432 4
299 1 0 1100593757848 4
2 0 0 72105576729020388 4
298 0 0 72105577060576566 4
308 0 0 72105577051623480 4
292 0 0 72105577051624792 4
300 1 0 1100593757848 4
3 1 0 1100593757816 4
6 1 0 1100593757824 4
2 1 0 1100593757832 4
2 0 0 72105577051624816 4
324 0 0 72105577051624800 4
283 1 0 1100593758000 4
8 1 0 1100593757952 4
2 0 0 72105577060559512 4
280 0 0 72105577050914856 4
300 1 0 1100593757968 4
6 0 0 72105577050915605 4
300 0 0 72105577050915564 4
294 0 0 72105577050914928 4
300 0 0 72105577055069424 4
300 1 0 1100593757944 4
2 0 0 72105577050914920 4
298 0 0 72105577055069408 4
290 1 0 1100593757984 4
2 0 0 72105577050915576 4
282 0 0 72105577050915568 4
296 0 0 72105577050915572 4
300 0 0 72105577051997672 4
307 1 0 1100593758008 4
23 1 0 1100593757880 4
2 1 0 1100593757872 4
2 1 0 1100593757864 4
3 0 0 72105577050914824 4
293 1 0 1100593757848 4
2 1 0 1100593757816 4
6 1 0 1100593757824 4
2 1 0 1100593757832 4
2 0 0 72105577051626696 4
321 0 0 72105577050914872 4
267 0 0 72105577050915928 4
290 1 0 1100593757848 4
3 1 0 1100593757816 4
6 1 0 1100593757824 4
2 1 0 1100593757832 4
2 0 0 72105577050915952 4
338 0 0 72105577050915936 4
269 1 0 1100593758000 4
8 1 0 1100593757952 4
2 0 0 72105577060559520 4
280 0 0 72105577050916064 4
300 1 0 1100593757968 4
6 0 0 72105577050916813 4
290 0 0 72105577050916772 4
294 0 0 72105577050916136 4
290 0 0 72105577058389616 4
300 1 0 1100593757944 4
2 0 0 72105577050916128 4
298 0 0 72105577058389600 4
300 1 0 1100593757984 4
2 0 0 72105577050916784 4
302 0 0 72105577050916776 4
216 0 0 72105577050916780 4
290 0 0 72105577055957736 4
207 1 0 1100593758008 4
23 1 0 1100593757880 4
2 1 0 1100593757872 4
2 1 0 1100593757864 4
3 0 0 72105577050916032 4
253 1 0 1100593757848 4
2 1 0 1100593757816 4
6 1 0 1100593757824 4
2 1 0 1100593757832 4
2 0 0 72105577050916000 4
241 0 0 72105577050916080 4
267 0 0 72105577050917136 4
280 1 0 1100593757848 4
3 1 0 1100593757816 4
6 1 0 1100593757824 4
2 1 0 1100593757832 4
2 0 0 72105577050917160 4
338 0 0 72105577050917144 4
259 1 0 1100593758000 4
8 1 0 1100593757952 4
2 0 0 72105577060559528 4
290 0 0 72105577050917264 4
290 1 0 1100593757968 4
6 0 0 72105577050918013 4
220 0 0 72105577050917972 4
284 0 0 72105577050917336 4
280 0 0 72105577060552304 4
230 1 0 1100593757944 4
2 0 0 72105577050917328 4
278 0 0 72105577060552288 4
300 1 0 1100593757984 4
2 0 0 72105577050917984 4
292 0 0 72105577050917976 4
216 0 0 72105577050917980 4
300 0 0 72105577058403624 4
307 1 0 1100593758008 4
23 1 0 1100593757880 4
2 1 0 1100593757872 4
2 1 0 1100593757864 4
3 0 0 72105577050917232 4
253 1 0 1100593757848 4
2 1 0 1100593757816 4
6 1 0 1100593757824 4
2 1 0 1100593757832 4
2 0 0 72105577050917200 4
331 0 0 72105577050917280 4
177 0 0 72105577050918336 4
270 1 0 1100593757848 4
3 1 0 1100593757816 4
6 1 0 1100593757824 4
2 1 0 1100593757832 4
2 0 0 72105577050918360 4
348 0 0 72105577050918344 4
269 1 0 1100593758000 4
8 1 0 1100593757952 4
2 0 0 72105577060559536 4
280 0 0 72105577060556840 4
300 1 0 1100593757968 4
6 0 0 72105577060557589 4
300 0 0 72105577060557548 4
290 1 0 1100593757944 4
6 1 0 1100593757984 4
2 0 0 72105577060557560 4
290 0 0 72105577060557552 4
216 0 0 72105577060557556 4
280 0 0 72105577060561640 4
217 1 0 1100593758008 4
23 1 0 1100593757880 4
2 1 0 1100593757872 4
2 1 0 1100593757864 4
3 0 0 72105577060556808 4
253 1 0 1100593757848 4
2 1 0 1100593757816 4
6 1 0 1100593757824 4
2 1 0 1100593757832 4
2 0 0 72105577050918400 4
331 0 0 72105577060556856 4
257 0 0 72105577060557912 4
210 1 0 1100593757848 4
3 1 0 1100593757816 4
6 1 0 1100593757824 4
2 1 0 1100593757832 4
2 0 0 72105577060557936 4
338 0 0 72105577060557920 4
269 1 0 1100593758000 4
8 1 0 1100593757952 4
2 0 0 72105577060559544 4
180 0 0 72105577060558040 4
280 1 0 1100593757968 4
6 0 0 72105577060558789 4
290 0 0 72105577060558748 4
224 0 0 72105577060558112 4
300 0 0 72105577066175464 4
280 1 0 1100593757944 4
2 0 0 72105577060558104 4
208 0 0 72105577066175448 4
290 1 0 1100593757984 4
2 0 0 72105577060558760 4
222 0 0 72105577060558752 4
276 0 0 72105577060558756 4
220 0 0 72105577062769440 4
283 0 0 72105577060558768 4
207 0 0 72105577062773292 4
280 0 0 72105577060558776 4
300 0 0 72105577062779116 4
314 1 0 1100593758008 4
3 1 0 1100593757880 4
