1 0 0 3299633799744 4
131 0 0 3299633799752 4
300 1 0 3299633799752 4
2 1 0 3299633799744 4
2 1 0 3299633799736 4
2 1 0 3299633799480 4
3 1 0 3299633802544 4
6 0 0 216220765138621184 4
285 0 0 3299633801552 4
300 0 0 216220765138604000 4
300 1 0 3299633801432 4
11 0 0 3299633802532 4
289 1 0 3299633799688 4
3 1 0 3299633799696 4
2 1 0 3299633799464 4
3 0 0 216220765138604120 4
292 1 0 3299633799616 4
4 0 0 3299633801600 4
296 1 0 3299633799624 4
3 1 0 3299633799632 4
2 1 0 3299633799640 4
2 1 0 3299633799648 4
2 1 0 3299633799656 4
5 1 0 3299633799664 4
7 1 0 3299633799672 4
3 1 0 3299633799456 4
4 1 0 3299633799680 4
10 1 0 3299633801744 4
8 0 0 3299633802531 4
254 0 0 3299633802584 4
290 0 0 3299633802576 4
300 1 0 3299633799464 4
1 1 0 3299633799456 4
2 1 0 3299633799448 4
4 0 0 12891205800 4
293 1 0 3299633799440 4
2 1 0 3299633799432 4
2 1 0 3299633799424 4
2 1 0 3299633799416 4
2 1 0 3299633799408 4
2 0 0 3299633801696 4
290 0 0 12891247136 4
300 0 0 216220765136481648 4
300 0 0 12891247120 4
300 1 0 12891247120 4
1 0 0 12891247128 4
299 0 0 12891247132 4
300 1 0 12891247132 4
1 1 0 12891247128 4
15 0 0 12891247160 4
294 1 0 12891247160 4
1 1 0 3299633799448 4
2 0 0 12891205664 4
297 0 0 12891247072 4
300 1 0 12891247072 4
1 0 0 12891247080 4
299 0 0 12891247088 4
303 1 0 12891247088 4
1 0 0 12891247076 4
296 1 0 12891247076 4
12 1 0 3299633799448 4
3 0 0 12891205832 4
289 0 0 216220765136482600 4
296 1 0 12891247128 4
8 1 0 12891247132 4
3 1 0 12891247120 4
8 0 0 12891247184 4
281 1 0 3299633799456 4
2 1 0 3299633799448 4
2 0 0 12891247244 4
296 1 0 3299633799440 4
2 1 0 3299633799432 4
3 1 0 3299633799424 4
2 0 0 216313518854101896 4
283 0 0 12891247192 4
300 0 0 12891247232 4
300 0 0 12891247224 4
300 0 0 12891247216 4
300 0 0 12891247208 4
300 0 0 12891247200 4
300 0 0 12891263680 4
300 0 0 12891262592 4
300 0 0 12891261824 4
300 0 0 12891261056 4
300 0 0 12891260288 4
300 0 0 12891259520 4
300 1 0 3299633799416 4
2 1 0 3299633799408 4
2 1 0 3299633799400 4
3 1 0 3299633799372 4
3 1 0 3299633799380 4
4 1 0 3299633799376 4
2 1 0 3299633799368 4
2 1 0 3299633799364 4
6 1 0 3299633799328 4
2 1 0 3299633799304 4
2 0 0 12891205848 4
282 1 0 3299633799296 4
2 1 0 3299633799240 4
7 1 0 3299633799240 4
25 0 0 216220765132093328 4
266 0 0 216220765132034968 4
300 0 0 216220765132038616 4
300 0 0 216220765132105400 4
300 0 0 216220765132093360 4
300 0 0 216220765132093368 4
300 0 0 216220765132104856 4
312 0 0 12889106472 4
295 0 0 12889106460 4
293 1 0 3299633799384 4
3 0 0 12889106464 4
297 1 0 3299633799344 4
3 1 0 3299633799304 4
3 0 0 12891205768 4
294 1 0 3299633799244 4
6 0 0 216220765132104168 4
294 0 0 216220765132099240 4
290 0 0 216220765132099248 4
300 0 0 216220765132104072 4
300 0 0 216220765132103944 4
300 0 0 216220765132104172 4
300 0 0 216220765132104176 4
300 0 0 216220765132101836 4
300 1 0 3299633799244 4
22 0 0 12889106468 4
288 0 0 12889106496 4
306 0 0 12889106544 4
294 0 0 12889106504 4
300 0 0 12889106512 4
300 0 0 12889106520 4
300 0 0 12889106528 4
300 0 0 12889106536 4
290 1 0 3299633799388 4
18 1 0 3299633799344 4
3 1 0 3299633799304 4
5 1 0 3299633799244 4
20 0 0 216220765132104092 4
274 0 0 216220765132103964 4
321 1 0 3299633799244 4
62 0 0 3299633799375 4
287 1 0 3299633799375 4
1 1 0 3299633799312 4
6 1 0 3299633799372 4
2 1 0 3299633799304 4
3 0 0 12891205632 4
298 1 0 3299633799240 4
6 0 0 216220765132038624 4
294 0 0 216220765132090920 4
300 0 0 216220765132090928 4
300 0 0 216220765132090936 4
290 0 0 216220765132090944 4
300 0 0 216220765132090952 4
300 0 0 216220765132090960 4
300 0 0 216220765132090968 4
300 0 0 216220765132090328 4
340 0 0 12891247176 4
290 1 0 12891258528 4
19 0 0 12891263684 4
281 0 0 12891262596 4
290 0 0 12891261828 4
300 0 0 12891261060 4
300 0 0 12891260292 4
290 0 0 12891259524 4
220 1 0 3299633799416 4
2 1 0 3299633799408 4
2 1 0 3299633799400 4
3 1 0 3299633799372 4
3 1 0 3299633799380 4
4 1 0 3299633799376 4
2 1 0 3299633799368 4
2 1 0 3299633799364 4
6 1 0 3299633799328 4
2 1 0 3299633799304 4
4 1 0 3299633799296 4
2 1 0 3299633799240 4
7 1 0 3299633799240 4
86 1 0 3299633799384 4
8 1 0 3299633799344 4
3 1 0 3299633799304 4
5 1 0 3299633799244 4
20 0 0 216220765132104084 4
219 0 0 216220765132103956 4
231 1 0 3299633799244 4
64 1 0 3299633799388 4
18 1 0 3299633799344 4
3 1 0 3299633799304 4
5 1 0 3299633799244 4
20 0 0 216220765132104112 4
259 0 0 216220765132103984 4
321 1 0 3299633799244 4
73 1 0 3299633799375 4
1 1 0 3299633799312 4
6 1 0 3299633799372 4
2 1 0 3299633799304 4
5 1 0 3299633799240 4
85 1 0 12891258532 4
19 0 0 12891263688 4
278 0 0 12891262600 4
230 0 0 12891261832 4
290 0 0 12891261064 4
300 0 0 12891260296 4
280 0 0 12891259528 4
230 1 0 3299633799416 4
2 1 0 3299633799408 4
2 1 0 3299633799400 4
3 1 0 3299633799372 4
3 1 0 3299633799380 4
4 1 0 3299633799376 4
2 1 0 3299633799368 4
2 1 0 3299633799364 4
6 1 0 3299633799328 4
2 1 0 3299633799304 4
4 1 0 3299633799296 4
2 1 0 3299633799240 4
7 1 0 3299633799240 4
86 1 0 3299633799384 4
8 1 0 3299633799344 4
3 1 0 3299633799304 4
5 1 0 3299633799244 4
20 0 0 216220765132104136 4
229 0 0 216220765132104008 4
301 1 0 3299633799244 4
64 1 0 3299633799388 4
18 1 0 3299633799344 4
3 1 0 3299633799304 4
5 1 0 3299633799244 4
20 0 0 216220765132104044 4
289 0 0 216220765132103916 4
321 1 0 3299633799244 4
73 1 0 3299633799375 4
1 1 0 3299633799312 4
6 1 0 3299633799372 4
2 1 0 3299633799304 4
5 1 0 3299633799240 4
6 0 0 216220765132090224 4
286 0 0 216220765132034952 4
293 0 0 216220765132090872 4
287 0 0 216220765132090616 4
300 0 0 216220765132090232 4
300 0 0 216220765132090240 4
210 0 0 216220765132090248 4
220 0 0 216220765132090256 4
290 0 0 216220765132090264 4
210 0 0 216220765132090272 4
270 1 0 3299633799240 4
53 1 0 12891258536 4
19 0 0 12891263692 4
258 0 0 12891262604 4
290 0 0 12891261836 4
280 0 0 12891261068 4
300 0 0 12891260300 4
210 0 0 12891259532 4
300 1 0 3299633799416 4
2 1 0 3299633799408 4
2 1 0 3299633799400 4
3 1 0 3299633799372 4
3 1 0 3299633799380 4
4 1 0 3299633799376 4
2 1 0 3299633799368 4
2 1 0 3299633799364 4
6 1 0 3299633799328 4
2 1 0 3299633799304 4
4 1 0 3299633799296 4
2 1 0 3299633799240 4
7 1 0 3299633799240 4
45 0 0 216220765132105344 4
222 0 0 216220765132104800 4
240 1 0 3299633799384 4
8 1 0 3299633799344 4
3 1 0 3299633799304 4
5 1 0 3299633799244 4
20 0 0 216220765132104148 4
238 0 0 216220765132104020 4
311 1 0 3299633799244 4
64 1 0 3299633799388 4
18 1 0 3299633799344 4
3 1 0 3299633799304 4
5 1 0 3299633799244 4
20 0 0 216220765132104152 4
259 0 0 216220765132104024 4
321 1 0 3299633799244 4
73 1 0 3299633799375 4
1 1 0 3299633799312 4
6 1 0 3299633799372 4
2 1 0 3299633799304 4
5 1 0 3299633799240 4
85 1 0 12891258540 4
19 0 0 12891263696 4
198 0 0 12891262608 4
280 0 0 12891261840 4
220 0 0 12891261072 4
210 0 0 12891260304 4
300 0 0 12891259536 4
290 1 0 3299633799416 4
2 1 0 3299633799408 4
2 1 0 3299633799400 4
3 1 0 3299633799372 4
3 1 0 3299633799380 4
4 1 0 3299633799376 4
2 1 0 3299633799368 4
