1 0 0 18692863730240 4
2 0 0 18692863733208 4
329 0 0 18692863730248 4
300 1 0 18692863730248 4
2 1 0 18692863730240 4
2 1 0 18692863730232 4
2 1 0 18692863729976 4
3 1 0 18692863733040 4
6 0 0 1225027081669612288 4
295 0 0 18692863732048 4
300 0 0 1225027081669595104 4
300 1 0 18692863731928 4
11 0 0 18692863733028 4
279 1 0 18692863730184 4
3 1 0 18692863730192 4
2 1 0 18692863729960 4
3 0 0 1225027081669595224 4
292 1 0 18692863730112 4
4 0 0 18692863732096 4
296 1 0 18692863730120 4
3 1 0 18692863730128 4
2 1 0 18692863730136 4
2 1 0 18692863730144 4
2 1 0 18692863730152 4
5 1 0 18692863730160 4
7 1 0 18692863730168 4
3 1 0 18692863729952 4
4 1 0 18692863730176 4
10 1 0 18692863732240 4
8 0 0 18692863733027 4
264 0 0 18692863733080 4
300 0 0 18692863733072 4
300 1 0 18692863729960 4
1 1 0 18692863729952 4
2 1 0 18692863729944 4
4 0 0 73020747944 4
293 1 0 18692863729936 4
2 1 0 18692863729928 4
2 1 0 18692863729920 4
2 1 0 18692863729912 4
2 1 0 18692863729904 4
2 0 0 18692863732192 4
290 0 0 73020789280 4
300 0 0 1225027081667472752 4
300 0 0 73020789264 4
300 1 0 73020789264 4
1 0 0 73020789272 4
299 0 0 73020789276 4
300 1 0 73020789276 4
1 1 0 73020789272 4
15 0 0 73020789304 4
284 1 0 73020789304 4
1 1 0 18692863729944 4
2 0 0 73020747808 4
297 0 0 73020789216 4
300 1 0 73020789216 4
1 0 0 73020789224 4
299 0 0 73020789232 4
303 1 0 73020789232 4
1 0 0 73020789220 4
296 1 0 73020789220 4
12 1 0 18692863729944 4
3 0 0 73020747976 4
289 0 0 1225027081667473704 4
296 1 0 73020789272 4
8 1 0 73020789276 4
3 1 0 73020789264 4
8 0 0 73020789328 4
281 1 0 18692863729952 4
2 1 0 18692863729944 4
2 0 0 73020789388 4
296 1 0 18692863729936 4
2 1 0 18692863729928 4
3 1 0 18692863729920 4
2 0 0 1225119835385093032 4
293 0 0 73020789336 4
300 0 0 73020789376 4
300 0 0 73020789368 4
300 0 0 73020789360 4
300 0 0 73020789352 4
300 0 0 73020789344 4
300 0 0 73020806336 4
300 0 0 73020805248 4
300 0 0 73020804480 4
300 0 0 73020803712 4
300 0 0 73020802944 4
300 0 0 73020802176 4
300 1 0 18692863729912 4
2 1 0 18692863729904 4
2 1 0 18692863729896 4
3 1 0 18692863729868 4
3 1 0 18692863729876 4
4 1 0 18692863729872 4
2 1 0 18692863729864 4
2 1 0 18692863729860 4
6 1 0 18692863729824 4
2 1 0 18692863729800 4
2 0 0 73020747992 4
272 1 0 18692863729792 4
2 1 0 18692863729736 4
7 1 0 18692863729736 4
25 0 0 1225027081663084432 4
266 0 0 1225027081663026072 4
300 0 0 1225027081663029720 4
300 0 0 1225027081663096504 4
300 0 0 1225027081663084464 4
300 0 0 1225027081663084472 4
300 0 0 1225027081663095960 4
312 0 0 73018648616 4
295 0 0 73018648604 4
293 1 0 18692863729880 4
3 0 0 73018648608 4
297 1 0 18692863729840 4
3 1 0 18692863729800 4
3 0 0 73020747912 4
294 1 0 18692863729740 4
6 0 0 1225027081663095272 4
294 0 0 1225027081663090344 4
300 0 0 1225027081663090352 4
300 0 0 1225027081663095240 4
300 0 0 1225027081663095112 4
300 0 0 1225027081663095276 4
300 0 0 1225027081663095280 4
300 0 0 1225027081663092940 4
300 1 0 18692863729740 4
22 0 0 73018648612 4
278 0 0 73018648640 4
296 0 0 73018648688 4
294 0 0 73018648648 4
300 0 0 73018648656 4
300 0 0 73018648664 4
300 0 0 73018648672 4
300 0 0 73018648680 4
300 1 0 18692863729884 4
18 1 0 18692863729840 4
3 1 0 18692863729800 4
5 1 0 18692863729740 4
6 0 0 1225027081663029728 4
278 0 0 1225027081663082048 4
290 0 0 1225027081663082056 4
300 0 0 1225027081663082064 4
290 0 0 1225027081663082072 4
290 0 0 1225027081663081432 4
354 0 0 18692863729871 4
266 1 0 18692863729871 4
1 1 0 18692863729808 4
6 1 0 18692863729868 4
2 1 0 18692863729800 4
3 0 0 73020747776 4
288 1 0 18692863729736 4
21 0 0 1225027081663082024 4
279 0 0 1225027081663082032 4
300 0 0 1225027081663082040 4
355 0 0 73020789320 4
235 1 0 73020801184 4
19 0 0 73020806340 4
281 0 0 73020805252 4
290 0 0 73020804484 4
300 0 0 73020803716 4
300 0 0 73020802948 4
300 0 0 73020802180 4
300 1 0 18692863729912 4
2 1 0 18692863729904 4
2 1 0 18692863729896 4
3 1 0 18692863729868 4
3 1 0 18692863729876 4
4 1 0 18692863729872 4
2 1 0 18692863729864 4
2 1 0 18692863729860 4
6 1 0 18692863729824 4
2 1 0 18692863729800 4
4 1 0 18692863729792 4
2 1 0 18692863729736 4
7 1 0 18692863729736 4
45 0 0 1225027081663096448 4
242 0 0 1225027081663095904 4
310 1 0 18692863729880 4
8 1 0 18692863729840 4
3 1 0 18692863729800 4
5 1 0 18692863729740 4
87 1 0 18692863729884 4
14 0 0 73018648624 4
251 1 0 18692863729840 4
3 1 0 18692863729800 4
5 1 0 18692863729740 4
98 1 0 18692863729871 4
1 1 0 18692863729808 4
6 1 0 18692863729868 4
2 1 0 18692863729800 4
5 1 0 18692863729736 4
85 1 0 73020801188 4
19 0 0 73020806344 4
282 0 0 73020805256 4
300 0 0 73020804488 4
290 0 0 73020803720 4
300 0 0 73020802952 4
220 0 0 73020802184 4
290 1 0 18692863729912 4
2 1 0 18692863729904 4
2 1 0 18692863729896 4
3 1 0 18692863729868 4
3 1 0 18692863729876 4
4 1 0 18692863729872 4
2 1 0 18692863729864 4
2 1 0 18692863729860 4
6 1 0 18692863729824 4
2 1 0 18692863729800 4
4 1 0 18692863729792 4
2 1 0 18692863729736 4
7 1 0 18692863729736 4
86 1 0 18692863729880 4
8 1 0 18692863729840 4
3 1 0 18692863729800 4
5 1 0 18692863729740 4
20 0 0 1225027081663095260 4
239 0 0 1225027081663095132 4
311 1 0 18692863729740 4
64 1 0 18692863729884 4
22 1 0 18692863729840 4
3 1 0 18692863729800 4
5 1 0 18692863729740 4
98 1 0 18692863729871 4
1 1 0 18692863729808 4
6 1 0 18692863729868 4
2 1 0 18692863729800 4
5 1 0 18692863729736 4
85 1 0 73020801192 4
19 0 0 73020806348 4
279 0 0 73020805260 4
220 0 0 73020804492 4
300 0 0 73020803724 4
280 0 0 73020802956 4
220 0 0 73020802188 4
300 1 0 18692863729912 4
2 1 0 18692863729904 4
2 1 0 18692863729896 4
3 1 0 18692863729868 4
3 1 0 18692863729876 4
4 1 0 18692863729872 4
2 1 0 18692863729864 4
2 1 0 18692863729860 4
6 1 0 18692863729824 4
2 1 0 18692863729800 4
4 1 0 18692863729792 4
2 1 0 18692863729736 4
7 1 0 18692863729736 4
86 1 0 18692863729880 4
8 1 0 18692863729840 4
3 1 0 18692863729800 4
5 1 0 18692863729740 4
20 0 0 1225027081663095256 4
239 0 0 1225027081663095128 4
321 1 0 18692863729740 4
64 1 0 18692863729884 4
22 1 0 18692863729840 4
3 1 0 18692863729800 4
5 1 0 18692863729740 4
58 1 0 18692863729740 4
75 1 0 18692863729871 4
1 1 0 18692863729808 4
6 1 0 18692863729868 4
2 1 0 18692863729800 4
5 1 0 18692863729736 4
85 1 0 73020801196 4
19 0 0 73020806352 4
214 0 0 73020805264 4
290 0 0 73020804496 4
210 0 0 73020803728 4
290 0 0 73020802960 4
230 0 0 73020802192 4
300 1 0 18692863729912 4
2 1 0 18692863729904 4
2 1 0 18692863729896 4
3 1 0 18692863729868 4
3 1 0 18692863729876 4
4 1 0 18692863729872 4
2 1 0 18692863729864 4
2 1 0 18692863729860 4
6 1 0 18692863729824 4
2 1 0 18692863729800 4
4 1 0 18692863729792 4
2 1 0 18692863729736 4
7 1 0 18692863729736 4
45 0 0 1225027081663096864 4
292 0 0 1225027081663096320 4
250 1 0 18692863729880 4
11 1 0 18692863729840 4
3 1 0 18692863729800 4
5 1 0 18692863729740 4
58 1 0 18692863729740 4
64 1 0 18692863729884 4
12 1 0 18692863729884 4
15 1 0 18692863729840 4
3 1 0 18692863729800 4
5 1 0 18692863729740 4
20 0 0 1225027081663095224 4
178 0 0 1225027081663095096 4
311 1 0 18692863729740 4
75 1 0 18692863729871 4
1 1 0 18692863729808 4
