1 0 0 7697713881664 4
231 0 0 7697713881672 4
300 1 0 7697713881672 4
2 1 0 7697713881664 4
2 1 0 7697713881656 4
2 1 0 7697713881400 4
3 1 0 7697713884464 4
6 0 0 504451141290332928 4
285 0 0 7697713883472 4
300 0 0 504451141290315744 4
300 1 0 7697713883352 4
11 0 0 7697713884452 4
289 1 0 7697713881608 4
3 1 0 7697713881616 4
2 1 0 7697713881384 4
3 0 0 504451141290315864 4
292 1 0 7697713881536 4
4 0 0 7697713883520 4
296 1 0 7697713881544 4
3 1 0 7697713881552 4
2 1 0 7697713881560 4
2 1 0 7697713881568 4
2 1 0 7697713881576 4
5 1 0 7697713881584 4
7 1 0 7697713881592 4
3 1 0 7697713881376 4
4 1 0 7697713881600 4
10 1 0 7697713883664 4
8 0 0 7697713884451 4
254 0 0 7697713884504 4
300 0 0 7697713884496 4
300 1 0 7697713881384 4
1 1 0 7697713881376 4
2 1 0 7697713881368 4
4 0 0 30071074984 4
293 1 0 7697713881360 4
2 1 0 7697713881352 4
2 1 0 7697713881344 4
2 1 0 7697713881336 4
2 1 0 7697713881328 4
2 0 0 7697713883616 4
290 0 0 30071116320 4
300 0 0 504451141288193392 4
300 0 0 30071116304 4
300 1 0 30071116304 4
1 0 0 30071116312 4
299 0 0 30071116316 4
300 1 0 30071116316 4
1 1 0 30071116312 4
15 0 0 30071116344 4
284 1 0 30071116344 4
1 1 0 7697713881368 4
2 0 0 30071074848 4
297 0 0 30071116256 4
300 1 0 30071116256 4
1 0 0 30071116264 4
299 0 0 30071116272 4
303 1 0 30071116272 4
1 0 0 30071116260 4
296 1 0 30071116260 4
12 1 0 7697713881368 4
3 0 0 30071075016 4
289 0 0 504451141288194344 4
296 1 0 30071116312 4
8 1 0 30071116316 4
3 1 0 30071116304 4
8 0 0 30071116368 4
281 1 0 7697713881376 4
2 1 0 7697713881368 4
2 0 0 30071116428 4
296 1 0 7697713881360 4
2 1 0 7697713881352 4
3 1 0 7697713881344 4
2 0 0 504543895005813656 4
293 0 0 30071116376 4
300 0 0 30071116416 4
300 0 0 30071116408 4
300 0 0 30071116400 4
300 0 0 30071116392 4
300 0 0 30071116384 4
300 0 0 30071133120 4
300 0 0 30071132032 4
300 0 0 30071131264 4
300 0 0 30071130496 4
300 0 0 30071129728 4
300 0 0 30071128960 4
300 1 0 7697713881336 4
2 1 0 7697713881328 4
2 1 0 7697713881320 4
3 1 0 7697713881292 4
3 1 0 7697713881300 4
4 1 0 7697713881296 4
2 1 0 7697713881288 4
2 1 0 7697713881284 4
6 1 0 7697713881248 4
2 1 0 7697713881224 4
2 0 0 30071075032 4
272 1 0 7697713881216 4
2 1 0 7697713881160 4
7 1 0 7697713881160 4
25 0 0 504451141283805072 4
266 0 0 504451141283746712 4
300 0 0 504451141283750360 4
300 0 0 504451141283817200 4
300 0 0 504451141283805104 4
300 0 0 504451141283805112 4
300 0 0 504451141283816656 4
312 0 0 30068975656 4
295 0 0 30068975644 4
293 1 0 7697713881304 4
3 0 0 30068975648 4
297 1 0 7697713881264 4
3 1 0 7697713881224 4
3 0 0 30071074952 4
294 1 0 7697713881164 4
6 0 0 504451141283815912 4
294 0 0 504451141283810984 4
300 0 0 504451141283810992 4
300 0 0 504451141283815836 4
300 0 0 504451141283815708 4
300 0 0 504451141283815916 4
300 0 0 504451141283815920 4
290 0 0 504451141283813580 4
300 1 0 7697713881164 4
22 0 0 30068975652 4
288 0 0 30068975680 4
306 0 0 30068975728 4
294 0 0 30068975688 4
300 0 0 30068975696 4
300 0 0 30068975704 4
300 0 0 30068975712 4
290 0 0 30068975720 4
300 1 0 7697713881308 4
18 1 0 7697713881264 4
3 1 0 7697713881224 4
5 1 0 7697713881164 4
20 0 0 504451141283815880 4
274 0 0 504451141283815752 4
321 1 0 7697713881164 4
62 0 0 7697713881295 4
297 1 0 7697713881295 4
1 1 0 7697713881232 4
6 1 0 7697713881292 4
2 1 0 7697713881224 4
3 0 0 30071074816 4
298 1 0 7697713881160 4
6 0 0 504451141283750368 4
284 0 0 504451141283802664 4
300 0 0 504451141283802672 4
290 0 0 504451141283802680 4
300 0 0 504451141283802688 4
300 0 0 504451141283802696 4
300 0 0 504451141283802704 4
300 0 0 504451141283802712 4
300 0 0 504451141283802072 4
340 0 0 30071116360 4
290 1 0 30071127968 4
19 0 0 30071133124 4
281 0 0 30071132036 4
290 0 0 30071131268 4
300 0 0 30071130500 4
300 0 0 30071129732 4
210 0 0 30071128964 4
290 1 0 7697713881336 4
2 1 0 7697713881328 4
2 1 0 7697713881320 4
3 1 0 7697713881292 4
3 1 0 7697713881300 4
4 1 0 7697713881296 4
2 1 0 7697713881288 4
2 1 0 7697713881284 4
6 1 0 7697713881248 4
2 1 0 7697713881224 4
4 1 0 7697713881216 4
2 1 0 7697713881160 4
7 1 0 7697713881160 4
86 1 0 7697713881304 4
8 1 0 7697713881264 4
3 1 0 7697713881224 4
5 1 0 7697713881164 4
20 0 0 504451141283815876 4
219 0 0 504451141283815748 4
241 1 0 7697713881164 4
64 1 0 7697713881308 4
18 1 0 7697713881264 4
3 1 0 7697713881224 4
5 1 0 7697713881164 4
20 0 0 504451141283815804 4
279 0 0 504451141283815676 4
311 1 0 7697713881164 4
73 1 0 7697713881295 4
1 1 0 7697713881232 4
6 1 0 7697713881292 4
2 1 0 7697713881224 4
5 1 0 7697713881160 4
6 0 0 504451141283801968 4
296 0 0 504451141283746696 4
273 0 0 504451141283802616 4
297 0 0 504451141283802360 4
300 0 0 504451141283801976 4
220 0 0 504451141283801984 4
290 0 0 504451141283801992 4
220 0 0 504451141283802000 4
290 0 0 504451141283802008 4
280 0 0 504451141283802016 4
300 1 0 7697713881160 4
53 1 0 30071127972 4
19 0 0 30071133128 4
248 0 0 30071132040 4
280 0 0 30071131272 4
300 0 0 30071130504 4
230 0 0 30071129736 4
270 0 0 30071128968 4
300 1 0 7697713881336 4
2 1 0 7697713881328 4
2 1 0 7697713881320 4
3 1 0 7697713881292 4
3 1 0 7697713881300 4
4 1 0 7697713881296 4
2 1 0 7697713881288 4
2 1 0 7697713881284 4
6 1 0 7697713881248 4
2 1 0 7697713881224 4
4 1 0 7697713881216 4
2 1 0 7697713881160 4
7 1 0 7697713881160 4
45 0 0 504451141283817088 4
222 0 0 504451141283816544 4
240 1 0 7697713881304 4
8 1 0 7697713881264 4
3 1 0 7697713881224 4
5 1 0 7697713881164 4
87 1 0 7697713881308 4
18 1 0 7697713881264 4
3 1 0 7697713881224 4
5 1 0 7697713881164 4
96 1 0 7697713881295 4
1 1 0 7697713881232 4
6 1 0 7697713881292 4
2 1 0 7697713881224 4
5 1 0 7697713881160 4
85 1 0 30071127976 4
19 0 0 30071133132 4
241 0 0 30071132044 4
270 0 0 30071131276 4
300 0 0 30071130508 4
300 0 0 30071129740 4
230 0 0 30071128972 4
290 1 0 7697713881336 4
2 1 0 7697713881328 4
2 1 0 7697713881320 4
3 1 0 7697713881292 4
3 1 0 7697713881300 4
4 1 0 7697713881296 4
2 1 0 7697713881288 4
2 1 0 7697713881284 4
6 1 0 7697713881248 4
2 1 0 7697713881224 4
4 1 0 7697713881216 4
2 1 0 7697713881160 4
7 1 0 7697713881160 4
86 1 0 7697713881304 4
8 1 0 7697713881264 4
3 1 0 7697713881224 4
5 1 0 7697713881164 4
20 0 0 504451141283815892 4
249 0 0 504451141283815764 4
311 1 0 7697713881164 4
64 1 0 7697713881308 4
18 1 0 7697713881264 4
3 1 0 7697713881224 4
5 1 0 7697713881164 4
20 0 0 504451141283815900 4
249 0 0 504451141283815772 4
321 1 0 7697713881164 4
73 1 0 7697713881295 4
1 1 0 7697713881232 4
6 1 0 7697713881292 4
2 1 0 7697713881224 4
5 1 0 7697713881160 4
85 1 0 30071127980 4
19 0 0 30071133136 4
208 0 0 30071132048 4
280 0 0 30071131280 4
300 0 0 30071130512 4
200 0 0 30071129744 4
210 0 0 30071128976 4
290 1 0 7697713881336 4
2 1 0 7697713881328 4
2 1 0 7697713881320 4
3 1 0 7697713881292 4
3 1 0 7697713881300 4
4 1 0 7697713881296 4
2 1 0 7697713881288 4
2 1 0 7697713881284 4
6 1 0 7697713881248 4
2 1 0 7697713881224 4
4 1 0 7697713881216 4
2 1 0 7697713881160 4
7 1 0 7697713881160 4
