1 0 0 17593343709760 4
321 0 0 17593343709768 4
300 1 0 17593343709768 4
2 1 0 17593343709760 4
2 1 0 17593343709752 4
2 1 0 17593343709496 4
3 1 0 17593343712560 4
6 0 0 1152969487631684352 4
285 0 0 17593343711568 4
300 0 0 1152969487631667168 4
300 1 0 17593343711448 4
11 0 0 17593343712548 4
289 1 0 17593343709704 4
3 1 0 17593343709712 4
2 1 0 17593343709480 4
3 0 0 1152969487631667288 4
292 1 0 17593343709632 4
4 0 0 17593343711616 4
296 1 0 17593343709640 4
3 1 0 17593343709648 4
2 1 0 17593343709656 4
2 1 0 17593343709664 4
2 1 0 17593343709672 4
5 1 0 17593343709680 4
7 1 0 17593343709688 4
3 1 0 17593343709472 4
4 1 0 17593343709696 4
10 1 0 17593343711760 4
8 0 0 17593343712547 4
264 0 0 17593343712600 4
300 0 0 17593343712592 4
300 1 0 17593343709480 4
1 1 0 17593343709472 4
2 1 0 17593343709464 4
4 0 0 68725780648 4
293 1 0 17593343709456 4
2 1 0 17593343709448 4
2 1 0 17593343709440 4
2 1 0 17593343709432 4
2 1 0 17593343709424 4
2 0 0 17593343711712 4
290 0 0 68725821984 4
300 0 0 1152969487629544816 4
300 0 0 68725821968 4
300 1 0 68725821968 4
1 0 0 68725821976 4
299 0 0 68725821980 4
300 1 0 68725821980 4
1 1 0 68725821976 4
15 0 0 68725822008 4
284 1 0 68725822008 4
1 1 0 17593343709464 4
2 0 0 68725780512 4
297 0 0 68725821920 4
290 1 0 68725821920 4
1 0 0 68725821928 4
299 0 0 68725821936 4
303 1 0 68725821936 4
1 0 0 68725821924 4
296 1 0 68725821924 4
12 1 0 17593343709464 4
3 0 0 68725780680 4
299 0 0 1152969487629545768 4
296 1 0 68725821976 4
8 1 0 68725821980 4
3 1 0 68725821968 4
8 0 0 68725822032 4
281 1 0 17593343709472 4
2 1 0 17593343709464 4
2 0 0 68725822092 4
296 1 0 17593343709456 4
2 1 0 17593343709448 4
3 1 0 17593343709440 4
2 0 0 1153062241347165092 4
293 0 0 68725822040 4
300 0 0 68725822080 4
300 0 0 68725822072 4
300 0 0 68725822064 4
300 0 0 68725822056 4
300 0 0 68725822048 4
300 0 0 68725838976 4
300 0 0 68725837888 4
300 0 0 68725837120 4
300 0 0 68725836352 4
300 0 0 68725835584 4
300 0 0 68725834816 4
300 1 0 17593343709432 4
2 1 0 17593343709424 4
2 1 0 17593343709416 4
3 1 0 17593343709388 4
3 1 0 17593343709396 4
4 1 0 17593343709392 4
2 1 0 17593343709384 4
2 1 0 17593343709380 4
6 1 0 17593343709344 4
2 1 0 17593343709320 4
2 0 0 68725780696 4
272 1 0 17593343709312 4
2 1 0 17593343709256 4
7 1 0 17593343709256 4
25 0 0 1152969487625156496 4
266 0 0 1152969487625098136 4
300 0 0 1152969487625101784 4
300 0 0 1152969487625168512 4
300 0 0 1152969487625156528 4
300 0 0 1152969487625156536 4
300 0 0 1152969487625167968 4
312 0 0 68723681320 4
295 0 0 68723681308 4
293 1 0 17593343709400 4
3 0 0 68723681312 4
297 1 0 17593343709360 4
3 1 0 17593343709320 4
3 0 0 68725780616 4
294 1 0 17593343709260 4
6 0 0 1152969487625167336 4
294 0 0 1152969487625162408 4
300 0 0 1152969487625162416 4
300 0 0 1152969487625167324 4
300 0 0 1152969487625167196 4
300 0 0 1152969487625167340 4
300 0 0 1152969487625167344 4
300 0 0 1152969487625165004 4
300 1 0 17593343709260 4
22 0 0 68723681316 4
278 0 0 68723681344 4
296 0 0 68723681392 4
294 0 0 68723681352 4
300 0 0 68723681360 4
300 0 0 68723681368 4
300 0 0 68723681376 4
300 0 0 68723681384 4
290 1 0 17593343709404 4
18 1 0 17593343709360 4
3 1 0 17593343709320 4
5 1 0 17593343709260 4
6 0 0 1152969487625101792 4
288 0 0 1152969487625154112 4
280 0 0 1152969487625154120 4
220 0 0 1152969487625154128 4
300 0 0 1152969487625154136 4
300 0 0 1152969487625153496 4
354 0 0 17593343709391 4
256 1 0 17593343709391 4
1 1 0 17593343709328 4
6 1 0 17593343709388 4
2 1 0 17593343709320 4
3 0 0 68725780480 4
288 1 0 17593343709256 4
21 0 0 1152969487625154088 4
279 0 0 1152969487625154096 4
300 0 0 1152969487625154104 4
355 0 0 68725822024 4
245 1 0 68725833824 4
19 0 0 68725838980 4
281 0 0 68725837892 4
290 0 0 68725837124 4
290 0 0 68725836356 4
290 0 0 68725835588 4
300 0 0 68725834820 4
300 1 0 17593343709432 4
2 1 0 17593343709424 4
2 1 0 17593343709416 4
3 1 0 17593343709388 4
3 1 0 17593343709396 4
4 1 0 17593343709392 4
2 1 0 17593343709384 4
2 1 0 17593343709380 4
6 1 0 17593343709344 4
2 1 0 17593343709320 4
4 1 0 17593343709312 4
2 1 0 17593343709256 4
7 1 0 17593343709256 4
86 1 0 17593343709400 4
8 1 0 17593343709360 4
3 1 0 17593343709320 4
5 1 0 17593343709260 4
20 0 0 1152969487625167320 4
249 0 0 1152969487625167192 4
311 1 0 17593343709260 4
64 1 0 17593343709404 4
18 1 0 17593343709360 4
3 1 0 17593343709320 4
5 1 0 17593343709260 4
58 1 0 17593343709260 4
73 1 0 17593343709391 4
1 1 0 17593343709328 4
6 1 0 17593343709388 4
2 1 0 17593343709320 4
5 1 0 17593343709256 4
85 1 0 68725833828 4
19 0 0 68725838984 4
260 0 0 68725837896 4
210 0 0 68725837128 4
300 0 0 68725836360 4
290 0 0 68725835592 4
290 0 0 68725834824 4
220 1 0 17593343709432 4
2 1 0 17593343709424 4
2 1 0 17593343709416 4
3 1 0 17593343709388 4
3 1 0 17593343709396 4
4 1 0 17593343709392 4
2 1 0 17593343709384 4
2 1 0 17593343709380 4
6 1 0 17593343709344 4
2 1 0 17593343709320 4
4 1 0 17593343709312 4
2 1 0 17593343709256 4
7 1 0 17593343709256 4
45 0 0 1152969487625168928 4
292 0 0 1152969487625168384 4
250 1 0 17593343709400 4
3 0 0 68723681328 4
255 1 0 17593343709360 4
3 1 0 17593343709320 4
5 1 0 17593343709260 4
20 0 0 1152969487625167312 4
288 0 0 1152969487625167184 4
311 1 0 17593343709260 4
64 1 0 17593343709404 4
12 1 0 17593343709404 4
15 1 0 17593343709360 4
3 1 0 17593343709320 4
5 1 0 17593343709260 4
20 0 0 1152969487625167296 4
260 0 0 1152969487625167168 4
321 1 0 17593343709260 4
75 1 0 17593343709391 4
1 1 0 17593343709328 4
6 1 0 17593343709388 4
2 1 0 17593343709320 4
5 1 0 17593343709256 4
85 1 0 68725833832 4
19 0 0 68725838988 4
276 0 0 68725837900 4
300 0 0 68725837132 4
300 0 0 68725836364 4
220 0 0 68725835596 4
290 0 0 68725834828 4
290 1 0 17593343709432 4
2 1 0 17593343709424 4
2 1 0 17593343709416 4
3 1 0 17593343709388 4
3 1 0 17593343709396 4
4 1 0 17593343709392 4
2 1 0 17593343709384 4
2 1 0 17593343709380 4
6 1 0 17593343709344 4
2 1 0 17593343709320 4
4 1 0 17593343709312 4
2 1 0 17593343709256 4
7 1 0 17593343709256 4
86 1 0 17593343709400 4
11 1 0 17593343709360 4
3 1 0 17593343709320 4
5 1 0 17593343709260 4
20 0 0 1152969487625167212 4
246 0 0 1152969487625167084 4
301 1 0 17593343709260 4
64 1 0 17593343709404 4
12 1 0 17593343709404 4
15 1 0 17593343709360 4
3 1 0 17593343709320 4
5 1 0 17593343709260 4
58 1 0 17593343709260 4
75 1 0 17593343709391 4
1 1 0 17593343709328 4
6 1 0 17593343709388 4
2 1 0 17593343709320 4
5 1 0 17593343709256 4
85 1 0 68725833836 4
19 0 0 68725838992 4
239 0 0 68725837904 4
300 0 0 68725837136 4
220 0 0 68725836368 4
290 0 0 68725835600 4
280 0 0 68725834832 4
220 1 0 17593343709432 4
2 1 0 17593343709424 4
2 1 0 17593343709416 4
3 1 0 17593343709388 4
3 1 0 17593343709396 4
4 1 0 17593343709392 4
2 1 0 17593343709384 4
2 1 0 17593343709380 4
6 1 0 17593343709344 4
2 1 0 17593343709320 4
4 1 0 17593343709312 4
2 1 0 17593343709256 4
7 1 0 17593343709256 4
86 1 0 17593343709400 4
11 1 0 17593343709360 4
3 1 0 17593343709320 4
5 1 0 17593343709260 4
20 0 0 1152969487625167292 4
246 0 0 1152969487625167164 4
211 1 0 17593343709260 4
64 1 0 17593343709404 4
12 1 0 17593343709404 4
