1 0 0 6598193861184 4
221 0 0 6598193861192 4
300 1 0 6598193861192 4
2 1 0 6598193861184 4
2 1 0 6598193861176 4
2 1 0 6598193860920 4
3 1 0 6598193863984 4
6 0 0 432393547252404992 4
285 0 0 6598193862992 4
300 0 0 432393547252387808 4
300 1 0 6598193862872 4
11 0 0 6598193863972 4
289 1 0 6598193861128 4
3 1 0 6598193861136 4
2 1 0 6598193860904 4
3 0 0 432393547252387928 4
292 1 0 6598193861056 4
4 0 0 6598193863040 4
296 1 0 6598193861064 4
3 1 0 6598193861072 4
2 1 0 6598193861080 4
2 1 0 6598193861088 4
2 1 0 6598193861096 4
5 1 0 6598193861104 4
7 1 0 6598193861112 4
3 1 0 6598193860896 4
4 1 0 6598193861120 4
10 1 0 6598193863184 4
8 0 0 6598193863971 4
254 0 0 6598193864024 4
300 0 0 6598193864016 4
300 1 0 6598193860904 4
1 1 0 6598193860896 4
2 1 0 6598193860888 4
4 0 0 25776107688 4
293 1 0 6598193860880 4
2 1 0 6598193860872 4
2 1 0 6598193860864 4
2 1 0 6598193860856 4
2 1 0 6598193860848 4
2 0 0 6598193863136 4
290 0 0 25776149024 4
300 0 0 432393547250265456 4
300 0 0 25776149008 4
300 1 0 25776149008 4
1 0 0 25776149016 4
299 0 0 25776149020 4
300 1 0 25776149020 4
1 1 0 25776149016 4
15 0 0 25776149048 4
284 1 0 25776149048 4
1 1 0 6598193860888 4
2 0 0 25776107552 4
297 0 0 25776148960 4
300 1 0 25776148960 4
1 0 0 25776148968 4
299 0 0 25776148976 4
303 1 0 25776148976 4
1 0 0 25776148964 4
296 1 0 25776148964 4
12 1 0 6598193860888 4
3 0 0 25776107720 4
289 0 0 432393547250266408 4
296 1 0 25776149016 4
8 1 0 25776149020 4
3 1 0 25776149008 4
8 0 0 25776149072 4
281 1 0 6598193860896 4
2 1 0 6598193860888 4
2 0 0 25776149132 4
296 1 0 6598193860880 4
2 1 0 6598193860872 4
3 1 0 6598193860864 4
2 0 0 432486300967885716 4
293 0 0 25776149080 4
300 0 0 25776149120 4
300 0 0 25776149112 4
300 0 0 25776149104 4
300 0 0 25776149096 4
300 0 0 25776149088 4
300 0 0 25776165760 4
300 0 0 25776164672 4
300 0 0 25776163904 4
300 0 0 25776163136 4
300 0 0 25776162368 4
300 0 0 25776161600 4
300 1 0 6598193860856 4
2 1 0 6598193860848 4
2 1 0 6598193860840 4
3 1 0 6598193860812 4
3 1 0 6598193860820 4
4 1 0 6598193860816 4
2 1 0 6598193860808 4
2 1 0 6598193860804 4
6 1 0 6598193860768 4
2 1 0 6598193860744 4
2 0 0 25776107736 4
272 1 0 6598193860736 4
2 1 0 6598193860680 4
7 1 0 6598193860680 4
25 0 0 432393547245877136 4
266 0 0 432393547245818776 4
300 0 0 432393547245822424 4
300 0 0 432393547245889152 4
300 0 0 432393547245877168 4
300 0 0 432393547245877176 4
300 0 0 432393547245888608 4
312 0 0 25774008360 4
295 0 0 25774008348 4
293 1 0 6598193860824 4
3 0 0 25774008352 4
297 1 0 6598193860784 4
3 1 0 6598193860744 4
3 0 0 25776107656 4
294 1 0 6598193860684 4
6 0 0 432393547245822432 4
294 0 0 432393547245874752 4
300 0 0 432393547245874760 4
300 0 0 432393547245874768 4
300 0 0 432393547245874776 4
300 0 0 432393547245874136 4
314 0 0 25774008356 4
296 0 0 25774008384 4
306 0 0 25774008432 4
284 0 0 25774008392 4
300 0 0 25774008400 4
300 0 0 25774008408 4
300 0 0 25774008416 4
300 0 0 25774008424 4
300 1 0 6598193860828 4
14 0 0 25774008368 4
300 1 0 6598193860784 4
3 1 0 6598193860744 4
5 1 0 6598193860684 4
85 0 0 6598193860815 4
293 1 0 6598193860815 4
1 1 0 6598193860752 4
6 1 0 6598193860812 4
2 1 0 6598193860744 4
3 0 0 25776107520 4
278 1 0 6598193860680 4
21 0 0 432393547245874728 4
289 0 0 432393547245874736 4
290 0 0 432393547245874744 4
350 0 0 25776149064 4
280 1 0 25776160608 4
19 0 0 25776165764 4
281 0 0 25776164676 4
280 0 0 25776163908 4
300 0 0 25776163140 4
300 0 0 25776162372 4
300 0 0 25776161604 4
300 1 0 6598193860856 4
2 1 0 6598193860848 4
2 1 0 6598193860840 4
3 1 0 6598193860812 4
3 1 0 6598193860820 4
4 1 0 6598193860816 4
2 1 0 6598193860808 4
2 1 0 6598193860804 4
6 1 0 6598193860768 4
2 1 0 6598193860744 4
4 1 0 6598193860736 4
2 1 0 6598193860680 4
7 1 0 6598193860680 4
86 1 0 6598193860824 4
8 1 0 6598193860784 4
3 1 0 6598193860744 4
5 1 0 6598193860684 4
6 0 0 432393547245887976 4
273 0 0 432393547245883048 4
300 0 0 432393547245883056 4
290 0 0 432393547245887960 4
300 0 0 432393547245887832 4
300 0 0 432393547245887980 4
300 0 0 432393547245887984 4
300 0 0 432393547245885644 4
280 1 0 6598193860684 4
64 1 0 6598193860828 4
22 1 0 6598193860784 4
3 1 0 6598193860744 4
5 1 0 6598193860684 4
98 1 0 6598193860815 4
1 1 0 6598193860752 4
6 1 0 6598193860812 4
2 1 0 6598193860744 4
5 1 0 6598193860680 4
80 1 0 25776160612 4
19 0 0 25776165768 4
205 0 0 25776164680 4
220 0 0 25776163912 4
270 0 0 25776163144 4
300 0 0 25776162376 4
300 0 0 25776161608 4
300 1 0 6598193860856 4
2 1 0 6598193860848 4
2 1 0 6598193860840 4
3 1 0 6598193860812 4
3 1 0 6598193860820 4
4 1 0 6598193860816 4
2 1 0 6598193860808 4
2 1 0 6598193860804 4
6 1 0 6598193860768 4
2 1 0 6598193860744 4
4 1 0 6598193860736 4
2 1 0 6598193860680 4
7 1 0 6598193860680 4
86 1 0 6598193860824 4
8 1 0 6598193860784 4
3 1 0 6598193860744 4
5 1 0 6598193860684 4
20 0 0 432393547245887948 4
269 0 0 432393547245887820 4
321 1 0 6598193860684 4
64 1 0 6598193860828 4
22 1 0 6598193860784 4
3 1 0 6598193860744 4
5 1 0 6598193860684 4
98 1 0 6598193860815 4
1 1 0 6598193860752 4
6 1 0 6598193860812 4
2 1 0 6598193860744 4
5 1 0 6598193860680 4
6 0 0 432393547245874032 4
257 0 0 432393547245818760 4
303 0 0 432393547245874680 4
287 0 0 432393547245874424 4
220 0 0 432393547245874040 4
280 0 0 432393547245874048 4
300 0 0 432393547245874056 4
290 0 0 432393547245874064 4
300 0 0 432393547245874072 4
300 0 0 432393547245874080 4
220 1 0 6598193860680 4
48 1 0 25776160616 4
19 0 0 25776165772 4
243 0 0 25776164684 4
290 0 0 25776163916 4
210 0 0 25776163148 4
280 0 0 25776162380 4
210 0 0 25776161612 4
290 1 0 6598193860856 4
2 1 0 6598193860848 4
2 1 0 6598193860840 4
3 1 0 6598193860812 4
3 1 0 6598193860820 4
4 1 0 6598193860816 4
2 1 0 6598193860808 4
2 1 0 6598193860804 4
6 1 0 6598193860768 4
2 1 0 6598193860744 4
4 1 0 6598193860736 4
2 1 0 6598193860680 4
7 1 0 6598193860680 4
45 0 0 432393547245889480 4
232 0 0 432393547245888936 4
320 1 0 6598193860824 4
11 1 0 6598193860784 4
3 1 0 6598193860744 4
5 1 0 6598193860684 4
20 0 0 432393547245887860 4
235 0 0 432393547245887732 4
321 1 0 6598193860684 4
64 1 0 6598193860828 4
12 1 0 6598193860828 4
15 1 0 6598193860784 4
3 1 0 6598193860744 4
5 1 0 6598193860684 4
20 0 0 432393547245887952 4
240 0 0 432393547245887824 4
251 1 0 6598193860684 4
75 1 0 6598193860815 4
1 1 0 6598193860752 4
6 1 0 6598193860812 4
2 1 0 6598193860744 4
5 1 0 6598193860680 4
80 1 0 25776160620 4
19 0 0 25776165776 4
271 0 0 25776164688 4
290 0 0 25776163920 4
230 0 0 25776163152 4
280 0 0 25776162384 4
220 0 0 25776161616 4
300 1 0 6598193860856 4
2 1 0 6598193860848 4
2 1 0 6598193860840 4
3 1 0 6598193860812 4
3 1 0 6598193860820 4
4 1 0 6598193860816 4
2 1 0 6598193860808 4
2 1 0 6598193860804 4
6 1 0 6598193860768 4
2 1 0 6598193860744 4
4 1 0 6598193860736 4
2 1 0 6598193860680 4
7 1 0 6598193860680 4
86 1 0 6598193860824 4
11 1 0 6598193860784 4
3 1 0 6598193860744 4
5 1 0 6598193860684 4
