1 0 0 2200113779264 4
2 1 0 2200113778760 4
119 0 0 2200113779272 4
300 1 0 2200113779272 4
2 1 0 2200113779264 4
2 1 0 2200113779256 4
2 1 0 2200113779000 4
3 1 0 2200113782064 4
6 0 0 144163171100693248 4
285 0 0 2200113781072 4
300 0 0 144163171100676064 4
300 1 0 2200113780952 4
11 0 0 2200113782052 4
289 1 0 2200113779208 4
3 1 0 2200113779216 4
2 1 0 2200113778984 4
3 0 0 144163171100676184 4
292 1 0 2200113779136 4
4 0 0 2200113781120 4
296 1 0 2200113779144 4
3 1 0 2200113779152 4
2 1 0 2200113779160 4
2 1 0 2200113779168 4
2 1 0 2200113779176 4
5 1 0 2200113779184 4
7 1 0 2200113779192 4
3 1 0 2200113778976 4
4 1 0 2200113779200 4
10 1 0 2200113781264 4
8 0 0 2200113782051 4
254 0 0 2200113782104 4
290 0 0 2200113782096 4
300 1 0 2200113778984 4
1 1 0 2200113778976 4
2 1 0 2200113778968 4
4 0 0 8596238504 4
293 1 0 2200113778960 4
2 1 0 2200113778952 4
2 1 0 2200113778944 4
2 1 0 2200113778936 4
2 1 0 2200113778928 4
2 0 0 2200113781216 4
290 0 0 8596279840 4
300 0 0 144163171098553712 4
300 0 0 8596279824 4
300 1 0 8596279824 4
1 0 0 8596279832 4
299 0 0 8596279836 4
300 1 0 8596279836 4
1 1 0 8596279832 4
15 0 0 8596279864 4
284 1 0 8596279864 4
1 1 0 2200113778968 4
2 0 0 8596238368 4
297 0 0 8596279776 4
300 1 0 8596279776 4
1 0 0 8596279784 4
299 0 0 8596279792 4
303 1 0 8596279792 4
1 0 0 8596279780 4
296 1 0 8596279780 4
12 1 0 2200113778968 4
3 0 0 8596238536 4
299 0 0 144163171098554664 4
296 1 0 8596279832 4
8 1 0 8596279836 4
3 1 0 8596279824 4
8 0 0 8596279888 4
281 1 0 2200113778976 4
2 1 0 2200113778968 4
2 0 0 8596279948 4
296 1 0 2200113778960 4
2 1 0 2200113778952 4
3 1 0 2200113778944 4
2 0 0 144255924816173956 4
283 0 0 8596279896 4
300 0 0 8596279936 4
300 0 0 8596279928 4
300 0 0 8596279920 4
300 0 0 8596279912 4
300 0 0 8596279904 4
300 0 0 8596296320 4
300 0 0 8596295232 4
300 0 0 8596294464 4
300 0 0 8596293696 4
300 0 0 8596292928 4
300 0 0 8596292160 4
300 1 0 2200113778936 4
2 1 0 2200113778928 4
2 1 0 2200113778920 4
3 1 0 2200113778892 4
3 1 0 2200113778900 4
4 1 0 2200113778896 4
2 1 0 2200113778888 4
2 1 0 2200113778884 4
6 1 0 2200113778848 4
2 1 0 2200113778824 4
2 0 0 8596238552 4
272 1 0 2200113778816 4
2 1 0 2200113778760 4
7 1 0 2200113778760 4
25 0 0 144163171094165392 4
276 0 0 144163171094107032 4
300 0 0 144163171094110680 4
300 0 0 144163171094177464 4
300 0 0 144163171094165424 4
300 0 0 144163171094165432 4
300 0 0 144163171094176920 4
312 0 0 8594139176 4
295 0 0 8594139164 4
293 1 0 2200113778904 4
3 0 0 8594139168 4
297 1 0 2200113778864 4
3 1 0 2200113778824 4
3 0 0 8596238472 4
294 1 0 2200113778764 4
6 0 0 144163171094176232 4
284 0 0 144163171094171304 4
300 0 0 144163171094171312 4
300 0 0 144163171094176140 4
300 0 0 144163171094176012 4
300 0 0 144163171094176236 4
300 0 0 144163171094176240 4
300 0 0 144163171094173900 4
300 1 0 2200113778764 4
22 0 0 8594139172 4
288 0 0 8594139200 4
306 0 0 8594139248 4
294 0 0 8594139208 4
300 0 0 8594139216 4
300 0 0 8594139224 4
300 0 0 8594139232 4
300 0 0 8594139240 4
290 1 0 2200113778908 4
18 1 0 2200113778864 4
3 1 0 2200113778824 4
5 1 0 2200113778764 4
20 0 0 144163171094176180 4
274 0 0 144163171094176052 4
321 1 0 2200113778764 4
62 0 0 2200113778895 4
227 1 0 2200113778895 4
1 1 0 2200113778832 4
6 1 0 2200113778892 4
2 1 0 2200113778824 4
3 0 0 8596238336 4
288 1 0 2200113778760 4
6 0 0 144163171094162288 4
284 0 0 144163171094107016 4
303 0 0 144163171094162936 4
297 0 0 144163171094162680 4
290 0 0 144163171094162296 4
300 0 0 144163171094162304 4
300 0 0 144163171094162312 4
300 0 0 144163171094162320 4
300 0 0 144163171094162328 4
290 0 0 144163171094162336 4
300 1 0 2200113778760 4
46 0 0 8596279880 4
284 1 0 8596291168 4
19 0 0 8596296324 4
281 0 0 8596295236 4
300 0 0 8596294468 4
300 0 0 8596293700 4
300 0 0 8596292932 4
280 0 0 8596292164 4
290 1 0 2200113778936 4
2 1 0 2200113778928 4
2 1 0 2200113778920 4
3 1 0 2200113778892 4
3 1 0 2200113778900 4
4 1 0 2200113778896 4
2 1 0 2200113778888 4
2 1 0 2200113778884 4
6 1 0 2200113778848 4
2 1 0 2200113778824 4
4 1 0 2200113778816 4
2 1 0 2200113778760 4
7 1 0 2200113778760 4
45 0 0 144163171094177408 4
232 0 0 144163171094176864 4
310 1 0 2200113778904 4
8 1 0 2200113778864 4
3 1 0 2200113778824 4
5 1 0 2200113778764 4
6 0 0 144163171094110688 4
272 0 0 144163171094163008 4
280 0 0 144163171094163016 4
220 0 0 144163171094163024 4
300 0 0 144163171094163032 4
280 0 0 144163171094162392 4
356 1 0 2200113778908 4
18 1 0 2200113778864 4
3 1 0 2200113778824 4
5 1 0 2200113778764 4
96 1 0 2200113778895 4
1 1 0 2200113778832 4
6 1 0 2200113778892 4
2 1 0 2200113778824 4
5 1 0 2200113778760 4
21 0 0 144163171094162984 4
217 0 0 144163171094162992 4
290 0 0 144163171094163000 4
342 1 0 8596291172 4
19 0 0 8596296328 4
239 0 0 8596295240 4
280 0 0 8596294472 4
230 0 0 8596293704 4
280 0 0 8596292936 4
290 0 0 8596292168 4
300 1 0 2200113778936 4
2 1 0 2200113778928 4
2 1 0 2200113778920 4
3 1 0 2200113778892 4
3 1 0 2200113778900 4
4 1 0 2200113778896 4
2 1 0 2200113778888 4
2 1 0 2200113778884 4
6 1 0 2200113778848 4
2 1 0 2200113778824 4
4 1 0 2200113778816 4
2 1 0 2200113778760 4
7 1 0 2200113778760 4
86 1 0 2200113778904 4
8 1 0 2200113778864 4
3 1 0 2200113778824 4
5 1 0 2200113778764 4
20 0 0 144163171094176212 4
259 0 0 144163171094176084 4
311 1 0 2200113778764 4
64 1 0 2200113778908 4
18 1 0 2200113778864 4
3 1 0 2200113778824 4
5 1 0 2200113778764 4
20 0 0 144163171094176220 4
259 0 0 144163171094176092 4
251 1 0 2200113778764 4
73 1 0 2200113778895 4
1 1 0 2200113778832 4
6 1 0 2200113778892 4
2 1 0 2200113778824 4
5 1 0 2200113778760 4
80 1 0 8596291176 4
19 0 0 8596296332 4
273 0 0 8596295244 4
220 0 0 8596294476 4
280 0 0 8596293708 4
290 0 0 8596292940 4
230 0 0 8596292172 4
300 1 0 2200113778936 4
2 1 0 2200113778928 4
2 1 0 2200113778920 4
3 1 0 2200113778892 4
3 1 0 2200113778900 4
4 1 0 2200113778896 4
2 1 0 2200113778888 4
2 1 0 2200113778884 4
6 1 0 2200113778848 4
2 1 0 2200113778824 4
4 1 0 2200113778816 4
2 1 0 2200113778760 4
7 1 0 2200113778760 4
86 1 0 2200113778904 4
8 1 0 2200113778864 4
3 1 0 2200113778824 4
5 1 0 2200113778764 4
20 0 0 144163171094176200 4
219 0 0 144163171094176072 4
311 1 0 2200113778764 4
64 1 0 2200113778908 4
18 1 0 2200113778864 4
3 1 0 2200113778824 4
5 1 0 2200113778764 4
20 0 0 144163171094176216 4
199 0 0 144163171094176088 4
301 1 0 2200113778764 4
73 1 0 2200113778895 4
1 1 0 2200113778832 4
6 1 0 2200113778892 4
2 1 0 2200113778824 4
5 1 0 2200113778760 4
69 1 0 2200113778760 4
48 1 0 8596291180 4
19 0 0 8596296336 4
266 0 0 8596295248 4
210 0 0 8596294480 4
280 0 0 8596293712 4
300 0 0 8596292944 4
200 0 0 8596292176 4
220 1 0 2200113778936 4
2 1 0 2200113778928 4
2 1 0 2200113778920 4
3 1 0 2200113778892 4
3 1 0 2200113778900 4
4 1 0 2200113778896 4
2 1 0 2200113778888 4
2 1 0 2200113778884 4
6 1 0 2200113778848 4
2 1 0 2200113778824 4
4 1 0 2200113778816 4
