1 0 0 9896753922624 4
0 1 0 9896753921688 4
2 0 0 648566329032443876 4
309 0 0 9896753922632 4
300 1 0 9896753922632 4
2 1 0 9896753922624 4
2 1 0 9896753922616 4
2 1 0 9896753922360 4
3 1 0 9896753925424 4
6 0 0 648566329366188800 4
285 0 0 9896753924432 4
300 0 0 648566329366171616 4
300 1 0 9896753924312 4
11 0 0 9896753925412 4
289 1 0 9896753922568 4
3 1 0 9896753922576 4
2 1 0 9896753922344 4
3 0 0 648566329366171736 4
292 1 0 9896753922496 4
4 0 0 9896753924480 4
296 1 0 9896753922504 4
3 1 0 9896753922512 4
2 1 0 9896753922520 4
2 1 0 9896753922528 4
2 1 0 9896753922536 4
5 1 0 9896753922544 4
7 1 0 9896753922552 4
3 1 0 9896753922336 4
4 1 0 9896753922560 4
10 1 0 9896753924624 4
8 0 0 9896753925411 4
264 0 0 9896753925464 4
300 0 0 9896753925456 4
300 1 0 9896753922344 4
1 1 0 9896753922336 4
2 1 0 9896753922328 4
4 0 0 38661009576 4
293 1 0 9896753922320 4
2 1 0 9896753922312 4
2 1 0 9896753922304 4
2 1 0 9896753922296 4
2 1 0 9896753922288 4
2 0 0 9896753924576 4
290 0 0 38661050912 4
300 0 0 648566329364049264 4
300 0 0 38661050896 4
300 1 0 38661050896 4
1 0 0 38661050904 4
299 0 0 38661050908 4
290 1 0 38661050908 4
1 1 0 38661050904 4
15 0 0 38661050936 4
284 1 0 38661050936 4
1 1 0 9896753922328 4
2 0 0 38661009440 4
297 0 0 38661050848 4
300 1 0 38661050848 4
1 0 0 38661050856 4
299 0 0 38661050864 4
303 1 0 38661050864 4
1 0 0 38661050852 4
296 1 0 38661050852 4
12 1 0 9896753922328 4
3 0 0 38661009608 4
289 0 0 648566329364050216 4
296 1 0 38661050904 4
8 1 0 38661050908 4
3 1 0 38661050896 4
8 0 0 38661050960 4
291 1 0 9896753922336 4
2 1 0 9896753922328 4
2 0 0 38661051020 4
296 1 0 9896753922320 4
2 1 0 9896753922312 4
3 1 0 9896753922304 4
2 0 0 648659083081669536 4
293 0 0 38661050968 4
300 0 0 38661051008 4
300 0 0 38661051000 4
300 0 0 38661050992 4
300 0 0 38661050984 4
300 0 0 38661050976 4
300 0 0 38661067840 4
290 0 0 38661066752 4
300 0 0 38661065984 4
300 0 0 38661065216 4
300 0 0 38661064448 4
300 0 0 38661063680 4
300 1 0 9896753922296 4
2 1 0 9896753922288 4
2 1 0 9896753922280 4
3 1 0 9896753922252 4
3 1 0 9896753922260 4
4 1 0 9896753922256 4
2 1 0 9896753922248 4
2 1 0 9896753922244 4
6 1 0 9896753922208 4
2 1 0 9896753922184 4
2 0 0 38661009624 4
282 1 0 9896753922176 4
2 1 0 9896753922120 4
7 1 0 9896753922120 4
25 0 0 648566329359660944 4
266 0 0 648566329359602584 4
300 0 0 648566329359606232 4
300 0 0 648566329359673376 4
300 0 0 648566329359660976 4
300 0 0 648566329359660984 4
300 0 0 648566329359672832 4
312 0 0 38658910248 4
295 0 0 38658910236 4
293 1 0 9896753922264 4
3 0 0 38658910256 4
297 0 0 38658910240 4
300 1 0 9896753922224 4
3 1 0 9896753922184 4
3 0 0 38661009544 4
294 1 0 9896753922124 4
6 0 0 648566329359671784 4
294 0 0 648566329359666856 4
300 0 0 648566329359666864 4
300 0 0 648566329359671656 4
300 0 0 648566329359671528 4
300 0 0 648566329359671788 4
300 0 0 648566329359671792 4
300 0 0 648566329359669452 4
300 1 0 9896753922124 4
22 0 0 38658910244 4
298 0 0 38658910272 4
306 0 0 38658910320 4
294 0 0 38658910280 4
300 0 0 38658910288 4
300 0 0 38658910296 4
300 0 0 38658910304 4
300 0 0 38658910312 4
280 1 0 9896753922268 4
12 1 0 9896753922268 4
15 1 0 9896753922224 4
3 1 0 9896753922184 4
5 1 0 9896753922124 4
20 0 0 648566329359671768 4
265 0 0 648566329359671640 4
321 1 0 9896753922124 4
62 0 0 9896753922255 4
287 1 0 9896753922255 4
1 1 0 9896753922192 4
6 1 0 9896753922252 4
2 1 0 9896753922184 4
3 0 0 38661009408 4
298 1 0 9896753922120 4
6 0 0 648566329359606240 4
294 0 0 648566329359658536 4
290 0 0 648566329359658544 4
300 0 0 648566329359658552 4
300 0 0 648566329359658560 4
300 0 0 648566329359658568 4
300 0 0 648566329359658576 4
230 0 0 648566329359658584 4
290 0 0 648566329359657944 4
325 0 0 38661050952 4
275 1 0 38661062688 4
19 0 0 38661067844 4
291 0 0 38661066756 4
300 0 0 38661065988 4
300 0 0 38661065220 4
270 0 0 38661064452 4
230 0 0 38661063684 4
270 1 0 9896753922296 4
2 1 0 9896753922288 4
2 1 0 9896753922280 4
3 1 0 9896753922252 4
3 1 0 9896753922260 4
4 1 0 9896753922256 4
2 1 0 9896753922248 4
2 1 0 9896753922244 4
6 1 0 9896753922208 4
2 1 0 9896753922184 4
4 1 0 9896753922176 4
2 1 0 9896753922120 4
7 1 0 9896753922120 4
86 1 0 9896753922264 4
11 1 0 9896753922224 4
3 1 0 9896753922184 4
5 1 0 9896753922124 4
20 0 0 648566329359671764 4
266 0 0 648566329359671636 4
311 1 0 9896753922124 4
64 1 0 9896753922268 4
12 1 0 9896753922268 4
15 1 0 9896753922224 4
3 1 0 9896753922184 4
5 1 0 9896753922124 4
20 0 0 648566329359671748 4
270 0 0 648566329359671620 4
311 1 0 9896753922124 4
75 1 0 9896753922255 4
1 1 0 9896753922192 4
6 1 0 9896753922252 4
2 1 0 9896753922184 4
5 1 0 9896753922120 4
80 1 0 38661062692 4
19 0 0 38661067848 4
281 0 0 38661066760 4
300 0 0 38661065992 4
220 0 0 38661065224 4
280 0 0 38661064456 4
300 0 0 38661063688 4
290 1 0 9896753922296 4
2 1 0 9896753922288 4
2 1 0 9896753922280 4
3 1 0 9896753922252 4
3 1 0 9896753922260 4
4 1 0 9896753922256 4
2 1 0 9896753922248 4
2 1 0 9896753922244 4
6 1 0 9896753922208 4
2 1 0 9896753922184 4
4 1 0 9896753922176 4
2 1 0 9896753922120 4
7 1 0 9896753922120 4
86 1 0 9896753922264 4
11 1 0 9896753922224 4
3 1 0 9896753922184 4
5 1 0 9896753922124 4
87 1 0 9896753922268 4
12 1 0 9896753922268 4
15 1 0 9896753922224 4
3 1 0 9896753922184 4
5 1 0 9896753922124 4
20 0 0 648566329359671760 4
244 0 0 648566329359671632 4
321 1 0 9896753922124 4
75 1 0 9896753922255 4
1 1 0 9896753922192 4
6 1 0 9896753922252 4
2 1 0 9896753922184 4
5 1 0 9896753922120 4
80 1 0 38661062696 4
19 0 0 38661067852 4
281 0 0 38661066764 4
300 0 0 38661065996 4
290 0 0 38661065228 4
300 0 0 38661064460 4
290 0 0 38661063692 4
220 1 0 9896753922296 4
2 1 0 9896753922288 4
2 1 0 9896753922280 4
3 1 0 9896753922252 4
3 1 0 9896753922260 4
4 1 0 9896753922256 4
2 1 0 9896753922248 4
2 1 0 9896753922244 4
6 1 0 9896753922208 4
2 1 0 9896753922184 4
4 1 0 9896753922176 4
2 1 0 9896753922120 4
7 1 0 9896753922120 4
45 0 0 648566329359673016 4
232 0 0 648566329359672472 4
290 1 0 9896753922264 4
8 1 0 9896753922224 4
3 1 0 9896753922184 4
5 1 0 9896753922124 4
20 0 0 648566329359671724 4
248 0 0 648566329359671596 4
241 1 0 9896753922124 4
64 1 0 9896753922268 4
18 1 0 9896753922224 4
3 1 0 9896753922184 4
5 1 0 9896753922124 4
20 0 0 648566329359671744 4
269 0 0 648566329359671616 4
301 1 0 9896753922124 4
73 1 0 9896753922255 4
1 1 0 9896753922192 4
6 1 0 9896753922252 4
2 1 0 9896753922184 4
5 1 0 9896753922120 4
80 1 0 38661062700 4
19 0 0 38661067856 4
283 0 0 38661066768 4
300 0 0 38661066000 4
300 0 0 38661065232 4
220 0 0 38661064464 4
290 0 0 38661063696 4
290 1 0 9896753922296 4
2 1 0 9896753922288 4
2 1 0 9896753922280 4
3 1 0 9896753922252 4
3 1 0 9896753922260 4
4 1 0 9896753922256 4
2 1 0 9896753922248 4
2 1 0 9896753922244 4
6 1 0 9896753922208 4
2 1 0 9896753922184 4
4 1 0 9896753922176 4
2 1 0 9896753922120 4
7 1 0 9896753922120 4
86 1 0 9896753922264 4
8 1 0 9896753922224 4
