1 0 0 5498673840704 4
211 0 0 5498673840712 4
300 1 0 5498673840712 4
2 1 0 5498673840704 4
2 1 0 5498673840696 4
2 1 0 5498673840440 4
3 1 0 5498673843504 4
6 0 0 360335007757935360 4
285 0 0 5498673842512 4
300 0 0 360335007757918176 4
300 1 0 5498673842392 4
11 0 0 5498673843492 4
289 1 0 5498673840648 4
3 1 0 5498673840656 4
2 1 0 5498673840424 4
3 0 0 360335007757918296 4
292 1 0 5498673840576 4
4 0 0 5498673842560 4
296 1 0 5498673840584 4
3 1 0 5498673840592 4
2 1 0 5498673840600 4
2 1 0 5498673840608 4
2 1 0 5498673840616 4
5 1 0 5498673840624 4
7 1 0 5498673840632 4
3 1 0 5498673840416 4
4 1 0 5498673840640 4
10 1 0 5498673842704 4
8 0 0 5498673843491 4
254 0 0 5498673843544 4
300 0 0 5498673843536 4
300 1 0 5498673840424 4
1 0 0 360428707485600720 4
299 0 0 21481616160 4
300 1 0 5498673840408 4
1 1 0 5498673840400 4
2 1 0 5498673840392 4
2 1 0 5498673840384 4
3 1 0 5498673840360 4
5 1 0 5498673840344 4
2 1 0 5498673840352 4
2 1 0 5498673840280 4
4 0 0 21481620096 4
279 1 0 5498673840272 4
2 1 0 5498673840264 4
2 1 0 5498673840256 4
2 1 0 5498673840248 4
2 1 0 5498673840240 4
2 0 0 5498673842656 4
290 0 0 360428707485600800 4
300 0 0 360335007755795824 4
300 0 0 360428707485600784 4
300 1 0 360428707485600784 4
1 0 0 360428707485600792 4
299 0 0 360428707485600796 4
300 1 0 360428707485600796 4
1 1 0 360428707485600792 4
27 0 0 21481622012 4
272 1 0 21481622012 4
4 1 0 5498673840360 4
2 1 0 5498673840344 4
2 1 0 5498673840352 4
2 1 0 5498673840296 4
4 0 0 21481620192 4
290 0 0 360335007755796776 4
296 1 0 360428707485600792 4
8 1 0 360428707485600796 4
3 1 0 360428707485600784 4
17 1 0 5498673840360 4
3 1 0 5498673840352 4
2 1 0 5498673840328 4
3 1 0 5498673840336 4
2 1 0 5498673840344 4
2 1 0 5498673840312 4
5 1 0 5498673840296 4
2 1 0 5498673840304 4
2 1 0 5498673840232 4
6 1 0 5498673840224 4
2 1 0 5498673840216 4
2 1 0 5498673840208 4
2 1 0 5498673840200 4
2 1 0 5498673840192 4
19 1 0 360428707485600784 4
8 1 0 360428707485600796 4
1 1 0 360428707485600792 4
27 0 0 360428707485600768 4
182 1 0 5498673840312 4
6 1 0 5498673840288 4
2 1 0 5498673840296 4
2 1 0 5498673840304 4
3 0 0 360428707485600832 4
297 1 0 360428707485600832 4
1 0 0 360428707485600836 4
299 0 0 360428707485600824 4
300 1 0 5498673840232 4
4 0 0 21481619960 4
296 1 0 5498673840224 4
2 0 0 360428707485600872 4
298 1 0 5498673840168 4
2 1 0 5498673840176 4
2 1 0 360428707485600872 4
3 0 0 360428707485600840 4
293 1 0 360428707485600840 4
1 1 0 5498673840152 4
3 1 0 5498673840144 4
2 1 0 5498673840136 4
12 1 0 360428707485600840 4
12 1 0 5498673840152 4
12 1 0 360428707485600792 4
8 1 0 360428707485600784 4
1 1 0 5498673840016 4
5 1 0 5498673840008 4
2 1 0 5498673840000 4
2 1 0 360428707485600784 4
21 0 0 360428707485600848 4
239 1 0 360428707485600848 4
1 0 0 360428707485600844 4
299 1 0 360428707485600844 4
1 0 0 360428707485600880 4
299 1 0 360428707485600880 4
1 1 0 5498673840152 4
5 1 0 5498673840192 4
2 1 0 5498673840200 4
2 0 0 5498673842696 4
290 1 0 5498673840216 4
2 1 0 5498673842696 4
6 0 0 360428707485600856 4
292 0 0 360428707485600884 4
300 1 0 5498673840184 4
2 1 0 5498673840164 4
6 1 0 360428707485600840 4
1 1 0 5498673840152 4
3 1 0 5498673840144 4
2 1 0 5498673840136 4
2 1 0 360428707485600840 4
12 1 0 5498673840152 4
3 0 0 5498673842712 4
276 1 0 5498673842712 4
10 1 0 5498673840160 4
12 1 0 5498673840152 4
13 1 0 5498673842712 4
11 1 0 360428707485600840 4
4 0 0 360428707485600864 4
255 1 0 360428707485600840 4
1 1 0 5498673840152 4
13 1 0 5498673842712 4
10 1 0 5498673840160 4
12 1 0 5498673840152 4
13 1 0 5498673842712 4
11 1 0 360428707485600840 4
13 1 0 360428707485600880 4
6 1 0 360428707485600840 4
4 1 0 5498673842696 4
4 1 0 5498673840152 4
2 1 0 5498673840144 4
2 1 0 5498673840136 4
2 1 0 5498673840128 4
2 1 0 5498673840120 4
2 1 0 5498673840112 4
7 0 0 360335007755797580 4
260 1 0 360428707485600784 4
4 1 0 360428707485600792 4
34 1 0 360428707485600832 4
1 1 0 360428707485600836 4
14 1 0 5498673840312 4
5 1 0 5498673840296 4
2 1 0 5498673840304 4
2 1 0 5498673840248 4
17 1 0 360428707485600792 4
8 1 0 360428707485600796 4
3 1 0 360428707485600784 4
1 1 0 5498673840112 4
5 1 0 5498673840104 4
2 1 0 5498673840096 4
2 1 0 360428707485600784 4
41 0 0 360428707485600744 4
183 0 0 21481628816 4
300 0 0 360428707485599224 4
300 0 0 21479449624 4
290 1 0 5498673840360 4
1 1 0 5498673840352 4
4 1 0 5498673840344 4
2 1 0 5498673840336 4
2 1 0 5498673840328 4
2 1 0 5498673840320 4
2 1 0 5498673840312 4
2 1 0 5498673840152 4
13 1 0 5498673840056 4
3 1 0 5498673840032 4
2 1 0 5498673840040 4
2 1 0 5498673840048 4
2 1 0 5498673839992 4
3 0 0 21481619624 4
270 0 0 360428707485599244 4
300 1 0 360428707485599244 4
1 0 0 360428707485599248 4
299 1 0 360428707485599248 4
1 0 0 360428707485599240 4
301 1 0 360428707485599244 4
8 0 0 360428707485599252 4
282 1 0 360428707485599248 4
22 0 0 360428707485599296 4
286 0 0 21481628528 4
300 0 0 21481616608 4
290 1 0 5498673840056 4
1 1 0 5498673840040 4
2 1 0 5498673840048 4
2 1 0 5498673839976 4
6 1 0 5498673839968 4
2 1 0 5498673839960 4
2 1 0 5498673839952 4
2 1 0 5498673839944 4
2 1 0 5498673839936 4
5 0 0 21481628552 4
292 0 0 21481628536 4
284 1 0 21481628536 4
1 0 0 21481628544 4
299 0 0 21481628548 4
300 1 0 21481628548 4
1 1 0 21481628544 4
31 0 0 360428707485599288 4
278 0 0 360428707485599284 4
302 1 0 360428707485599288 4
3 0 0 21481616616 4
285 1 0 5498673840056 4
1 1 0 5498673840040 4
2 1 0 5498673840048 4
2 1 0 5498673839992 4
17 1 0 21481628544 4
8 1 0 21481628548 4
3 1 0 21481628536 4
19 0 0 360428707485599808 4
258 0 0 21481650140 4
298 0 0 360428707485599800 4
292 0 0 21481650136 4
300 0 0 360428707485599824 4
300 0 0 360428707485599816 4
300 0 0 21481650120 4
300 0 0 21481650132 4
300 0 0 21481650128 4
300 0 0 360428707485598696 4
300 0 0 360428707485598708 4
300 0 0 360428707485598704 4
300 0 0 21482033072 4
300 0 0 21482033712 4
300 0 0 21482033073 4
300 0 0 21482033074 4
300 0 0 21482034352 4
300 0 0 21482033714 4
300 0 0 21482034354 4
300 0 0 21479446968 4
300 0 0 21482033079 4
300 0 0 21482034353 4
290 0 0 21479446964 4
302 0 0 21479446972 4
308 0 0 21479446960 4
296 1 0 21482340929 4
24 0 0 21482033713 4
292 0 0 21482033075 4
301 0 0 21482033715 4
287 0 0 21482034355 4
302 0 0 21482033080 4
322 1 0 21482340930 4
29 0 0 21482033076 4
260 0 0 21482033716 4
297 0 0 21482034356 4
292 0 0 21482033081 4
322 1 0 21482340931 4
29 0 0 21482033077 4
260 0 0 21482033717 4
297 0 0 21482034357 4
302 0 0 21482033082 4
322 1 0 21482340932 4
29 0 0 21482033078 4
250 0 0 21482033718 4
297 0 0 21482034358 4
302 0 0 21482033083 4
322 1 0 21482340933 4
34 0 0 21482033719 4
242 0 0 21482034359 4
302 0 0 21482033084 4
322 1 0 21482340934 4
34 0 0 21482033720 4
232 0 0 21482034360 4
292 0 0 21482033085 4
322 1 0 21482340935 4
34 0 0 21482033721 4
262 0 0 21482034361 4
292 0 0 21482033086 4
312 1 0 21482340936 4
34 0 0 21482033722 4
262 0 0 21482034362 4
302 0 0 21482033087 4
322 1 0 21482340937 4
34 0 0 21482033723 4
242 0 0 21482034363 4
302 0 0 21482033088 4
322 1 0 21482340938 4
34 0 0 21482033724 4
242 0 0 21482034364 4
