1 0 0 1100593758784 4
111 0 0 1100593758792 4
300 1 0 1100593758792 4
2 1 0 1100593758784 4
2 1 0 1100593758776 4
2 1 0 1100593758520 4
3 1 0 1100593761584 4
6 0 0 72104631606223616 4
285 0 0 1100593760592 4
300 0 0 72104631606206432 4
300 1 0 1100593760472 4
11 0 0 1100593761572 4
289 1 0 1100593758728 4
3 1 0 1100593758736 4
2 1 0 1100593758504 4
3 0 0 72104631606206552 4
292 1 0 1100593758496 4
2 0 0 72104631606206448 4
298 1 0 1100593758488 4
1 0 0 72104631606206456 4
299 1 0 1100593758432 4
3 1 0 1100593758440 4
2 1 0 1100593758448 4
2 1 0 1100593758456 4
2 1 0 1100593758464 4
2 1 0 1100593758472 4
2 1 0 1100593758480 4
10 1 0 1100593758424 4
2 1 0 1100593758416 4
2 1 0 1100593758408 4
4 0 0 72104631602462824 4
299 0 0 72104631606205992 4
300 0 0 72104631602462968 4
300 0 0 72104631606206104 4
300 0 0 72104631604037948 4
280 0 0 72104631602462832 4
290 0 0 72104631606206008 4
300 1 0 1100593758400 4
2 0 0 72104631604037944 4
298 0 0 72104631602462720 4
300 0 0 72104631604037936 4
300 0 0 72104631604023181 4
300 0 0 72104631602463176 4
300 0 0 72104631606206264 4
300 0 0 72104631604035040 4
300 0 0 72104631602463456 4
300 0 0 72104631612251336 4
210 0 0 1100593760616 4
290 1 0 1100593760620 4
4 0 0 72104631604023176 4
296 0 0 72104631602463616 4
300 1 0 1100593758376 4
4 1 0 1100593758368 4
2 1 0 1100593758360 4
4 1 0 1100593758352 4
2 1 0 1100593758344 4
3 1 0 1100593758336 4
3 1 0 1100593758328 4
2 1 0 1100593758320 4
2 1 0 1100593758312 4
2 1 0 1100593758192 4
3 1 0 1100593758184 4
2 1 0 1100593758176 4
2 1 0 1100593758168 4
2 1 0 1100593758164 4
2 1 0 1100593758072 4
2 0 0 72104631604030593 4
293 0 0 72104631604030594 4
300 0 0 72104631604030595 4
290 0 0 72104631604030596 4
280 0 0 72104631604030597 4
300 0 0 72104631604030598 4
300 0 0 72104631604030599 4
300 0 0 72104631604030600 4
308 0 0 72104631282685192 4
292 1 0 72104631282685192 4
1 1 0 1100593758296 4
4 1 0 1100593758272 4
2 1 0 1100593758280 4
11 0 0 72104631602463576 4
292 1 0 1100593758112 4
7 1 0 1100593758104 4
4 1 0 1100593758080 4
2 1 0 1100593758088 4
2 1 0 1100593758096 4
9 1 0 1100593758136 4
2 1 0 1100593758072 4
2 1 0 1100593758064 4
2 1 0 1100593758056 4
2 1 0 1100593758048 4
2 1 0 1100593758040 4
3 1 0 1100593758032 4
2 1 0 1100593758024 4
2 0 0 72104631603413696 4
251 1 0 1100593757936 4
2 1 0 1100593757928 4
6 1 0 1100593757976 4
2 1 0 1100593757960 4
4 1 0 1100593757992 4
2 1 0 1100593758004 4
4 1 0 1100593758012 4
2 0 0 72104631603413688 4
206 1 0 1100593757920 4
9 1 0 1100593757912 4
2 1 0 1100593757908 4
2 1 0 1100593757896 4
2 1 0 1100593758000 4
3 1 0 1100593757952 4
2 0 0 72104631612250768 4
180 0 0 72104631603413032 4
190 1 0 1100593757968 4
6 0 0 72104631603413781 4
294 0 0 72104631282682848 4
303 0 0 72104631603413740 4
287 0 0 72104631603413104 4
300 0 0 4301749360 4
300 1 0 1100593757944 4
2 0 0 72104631603413096 4
298 0 0 4301749344 4
300 1 0 1100593757984 4
2 0 0 72104631603413752 4
302 0 0 72104631603413744 4
296 0 0 72104631603413748 4
300 0 0 4299163672 4
307 1 0 1100593758008 4
15 0 0 72104631612251344 4
282 1 0 1100593757880 4
2 1 0 1100593757872 4
2 1 0 1100593757864 4
3 0 0 72104631603413000 4
289 1 0 1100593757848 4
2 0 0 72104631280564196 4
298 0 0 72104631604034870 4
308 0 0 72104631603413048 4
292 0 0 72104631603414360 4
300 1 0 1100593757848 4
3 1 0 1100593757816 4
6 1 0 1100593757824 4
2 1 0 1100593757832 4
2 0 0 72104631603414384 4
314 0 0 72104631603414368 4
293 1 0 1100593758000 4
8 1 0 1100593757952 4
2 0 0 72104631612250776 4
290 0 0 72104631602462760 4
300 1 0 1100593757968 4
6 0 0 72104631602463509 4
300 0 0 72104631602463468 4
300 1 0 1100593757944 4
6 1 0 1100593757984 4
2 0 0 72104631602463480 4
290 0 0 72104631602463472 4
296 0 0 72104631602463476 4
300 0 0 72104631604019944 4
307 1 0 1100593758008 4
23 1 0 1100593757880 4
2 1 0 1100593757872 4
2 1 0 1100593757864 4
3 0 0 72104631602462728 4
263 1 0 1100593757848 4
2 1 0 1100593757816 4
6 1 0 1100593757824 4
2 1 0 1100593757832 4
2 0 0 72104631603416264 4
321 0 0 72104631602462776 4
267 0 0 72104631602463832 4
300 1 0 1100593757848 4
3 1 0 1100593757816 4
6 1 0 1100593757824 4
2 1 0 1100593757832 4
2 0 0 72104631602463856 4
338 0 0 72104631602463840 4
259 1 0 1100593758000 4
8 1 0 1100593757952 4
2 0 0 72104631612250784 4
280 0 0 72104631602463968 4
300 1 0 1100593757968 4
6 0 0 72104631602464717 4
300 0 0 72104631602464676 4
294 0 0 72104631602464040 4
300 0 0 72104631609509104 4
300 1 0 1100593757944 4
2 0 0 72104631602464032 4
298 0 0 72104631609509088 4
300 1 0 1100593757984 4
2 0 0 72104631602464688 4
302 0 0 72104631602464680 4
296 0 0 72104631602464684 4
290 0 0 72104631606437352 4
307 1 0 1100593758008 4
23 1 0 1100593757880 4
2 1 0 1100593757872 4
2 1 0 1100593757864 4
3 0 0 72104631602463936 4
273 1 0 1100593757848 4
2 1 0 1100593757816 4
6 1 0 1100593757824 4
2 1 0 1100593757832 4
2 0 0 72104631602463896 4
321 0 0 72104631602463984 4
257 0 0 72104631602465040 4
290 1 0 1100593757848 4
3 1 0 1100593757816 4
6 1 0 1100593757824 4
2 1 0 1100593757832 4
2 0 0 72104631602465064 4
348 0 0 72104631602465048 4
269 1 0 1100593758000 4
8 1 0 1100593757952 4
2 0 0 72104631612250792 4
270 0 0 72104631602465176 4
290 1 0 1100593757968 4
6 0 0 72104631602465925 4
300 0 0 72104631602465884 4
294 0 0 72104631602465248 4
290 0 0 72104631612243568 4
300 1 0 1100593757944 4
2 0 0 72104631602465240 4
298 0 0 72104631612243552 4
300 1 0 1100593757984 4
2 0 0 72104631602465896 4
302 0 0 72104631602465888 4
296 0 0 72104631602465892 4
300 0 0 72104631609811688 4
307 1 0 1100593758008 4
23 1 0 1100593757880 4
2 1 0 1100593757872 4
2 1 0 1100593757864 4
3 0 0 72104631602465144 4
273 1 0 1100593757848 4
2 1 0 1100593757816 4
6 1 0 1100593757824 4
2 1 0 1100593757832 4
2 0 0 72104631602465112 4
331 0 0 72104631602465192 4
267 0 0 72104631602466248 4
290 1 0 1100593757848 4
3 1 0 1100593757816 4
6 1 0 1100593757824 4
2 1 0 1100593757832 4
2 0 0 72104631602466272 4
338 0 0 72104631602466256 4
269 1 0 1100593758000 4
8 1 0 1100593757952 4
2 0 0 72104631612250800 4
280 0 0 72104631612248104 4
300 1 0 1100593757968 4
6 0 0 72104631612248853 4
290 0 0 72104631612248812 4
294 0 0 72104631612248176 4
300 0 0 72104631614402160 4
300 1 0 1100593757944 4
2 0 0 72104631612248168 4
298 0 0 72104631614402144 4
300 1 0 1100593757984 4
2 0 0 72104631612248824 4
302 0 0 72104631612248816 4
296 0 0 72104631612248820 4
300 0 0 72104631612253480 4
307 1 0 1100593758008 4
23 1 0 1100593757880 4
2 1 0 1100593757872 4
2 1 0 1100593757864 4
3 0 0 72104631612248072 4
273 1 0 1100593757848 4
2 1 0 1100593757816 4
6 1 0 1100593757824 4
2 1 0 1100593757832 4
2 0 0 72104631602466312 4
331 0 0 72104631612248120 4
257 0 0 72104631612249176 4
290 1 0 1100593757848 4
3 1 0 1100593757816 4
6 1 0 1100593757824 4
2 1 0 1100593757832 4
2 0 0 72104631612249200 4
348 0 0 72104631612249184 4
259 1 0 1100593758000 4
8 1 0 1100593757952 4
2 0 0 72104631612250808 4
280 0 0 72104631612249304 4
300 1 0 1100593757968 4
6 0 0 72104631612250053 4
290 0 0 72104631612250012 4
294 0 0 72104631612249376 4
300 0 0 72104631617813480 4
300 1 0 1100593757944 4
2 0 0 72104631612249368 4
298 0 0 72104631617813464 4
300 1 0 1100593757984 4
2 0 0 72104631612250024 4
302 0 0 72104631612250016 4
296 0 0 72104631612250020 4
300 0 0 72104631614407456 4
313 0 0 72104631612250032 4
287 0 0 72104631614411308 4
300 0 0 72104631612250040 4
300 0 0 72104631614417132 4
314 1 0 1100593758008 4
3 1 0 1100593757880 4
