1 1 0 140737295961720 4
2 1 0 140737295961712 4
2 1 0 140737295961704 4
3 0 0 47037244754880 4
334 1 0 47037244757288 4
2 0 0 47037244755896 4
298 1 0 47037244755368 4
2 1 0 47037244757304 4
2 0 0 47037244755528 4
286 1 0 47037244757464 4
9 0 0 47037244755544 4
291 1 0 47037244757384 4
7 0 0 47037244755560 4
293 1 0 47037244757952 4
26 0 0 47037244755576 4
284 1 0 47037244757392 4
7 0 0 47037244755592 4
293 1 0 47037244757400 4
7 0 0 47037244755608 4
293 1 0 47037244757432 4
7 0 0 47037244755624 4
263 1 0 47037244757440 4
7 0 0 47037244755640 4
293 1 0 47037244757376 4
7 0 0 47037244755656 4
293 1 0 47037244757368 4
7 0 0 47037244755672 4
293 1 0 47037244757512 4
7 0 0 47037244755688 4
293 1 0 47037244757536 4
7 0 0 47037244755704 4
293 1 0 47037244757408 4
7 0 0 47037244755720 4
293 1 0 47037244757416 4
7 0 0 47037244755736 4
293 1 0 47037244757424 4
7 0 0 47037244755752 4
293 1 0 47037244757648 4
13 0 0 47037244755768 4
297 1 0 47037244757640 4
13 0 0 47037244755784 4
297 1 0 47037244757744 4
13 0 0 47037244755800 4
297 1 0 47037244757672 4
13 0 0 47037244755816 4
286 0 0 47037244755552 4
291 1 0 47037244755552 4
3 0 0 47037244755648 4
297 1 0 47037244755648 4
3 0 0 47037244755584 4
187 1 0 47037244755584 4
3 0 0 47037244755600 4
287 1 0 47037244755600 4
3 0 0 47037244755712 4
297 1 0 47037244755712 4
3 0 0 47037244755696 4
297 1 0 47037244755696 4
3 0 0 47037244755792 4
297 1 0 47037244755792 4
3 0 0 47037244755568 4
297 1 0 47037244755568 4
3 0 0 47037244755680 4
304 0 0 47037244755744 4
293 0 0 47037244757656 4
300 0 0 47037244757592 4
300 0 0 47037244757584 4
300 0 0 47037244757472 4
311 0 0 47037244755728 4
309 0 0 47037244755664 4
300 0 0 47037244755808 4
280 0 0 47037242546256 4
300 0 0 47037242546248 4
220 0 0 47037242546264 4
190 1 0 47037244754880 4
5 0 0 47037242546280 4
295 0 0 47037242546272 4
300 0 0 47037242546288 4
290 1 0 47037244755136 4
5 0 0 47037242546304 4
295 0 0 47037242546296 4
300 0 0 47037242546312 4
300 1 0 47037244755144 4
5 0 0 47037242546328 4
295 0 0 47037242546320 4
300 0 0 47037242546336 4
300 1 0 47037244755152 4
5 0 0 47037242546352 4
295 0 0 47037242546344 4
300 0 0 47037242546360 4
300 1 0 47037244755160 4
5 0 0 47037242546376 4
295 0 0 47037242546368 4
300 0 0 47037242546384 4
300 1 0 47037244755168 4
5 0 0 47037242546400 4
295 0 0 47037242546392 4
300 0 0 47037242546408 4
300 1 0 47037244755176 4
5 0 0 47037242546424 4
295 0 0 47037242546416 4
300 0 0 47037242546432 4
300 1 0 47037244755184 4
5 0 0 47037242546448 4
295 0 0 47037242546440 4
300 0 0 47037242546456 4
300 1 0 47037244755192 4
5 0 0 47037242546472 4
295 0 0 47037242546464 4
300 0 0 47037242546480 4
300 1 0 47037244755896 4
5 0 0 47037242546496 4
295 0 0 47037242546488 4
300 0 0 47037242546504 4
300 1 0 47037244755904 4
5 0 0 47037242546520 4
295 0 0 47037242546512 4
300 0 0 47037242546528 4
300 1 0 47037244758776 4
8 0 0 47037242546544 4
292 0 0 47037242546536 4
311 0 0 47037242545552 4
299 0 0 47037242546552 4
300 1 0 47037244755912 4
2 0 0 47037242546568 4
298 0 0 47037242546560 4
311 0 0 47037242545168 4
299 0 0 47037242546576 4
300 1 0 47037244755920 4
2 0 0 47037242546592 4
298 0 0 47037242546584 4
291 0 0 47037242545240 4
289 0 0 47037242546600 4
300 1 0 47037244755968 4
2 0 0 47037242546616 4
298 0 0 47037242546608 4
311 0 0 47037242545504 4
289 0 0 47037242546624 4
300 1 0 47037244755976 4
2 0 0 47037242546640 4
298 0 0 47037242546632 4
311 0 0 47037242545288 4
289 0 0 47037242546648 4
300 1 0 47037244755984 4
2 0 0 47037242546664 4
298 0 0 47037242546656 4
311 0 0 47037242545120 4
299 0 0 47037242546672 4
300 1 0 47037244755992 4
2 0 0 47037242546688 4
298 0 0 47037242546680 4
311 0 0 47037242545096 4
289 0 0 47037242546696 4
300 1 0 47037244756000 4
2 0 0 47037244758076 4
298 1 0 47037244758076 4
1 0 0 47037244755112 4
299 1 0 47037244755112 4
3 1 0 47037244755112 4
84 1 0 140737295961672 4
10 0 0 47037242544720 4
223 1 0 47037244758036 4
2 0 0 47037242544728 4
298 0 0 47037242544724 4
280 1 0 47037244758040 4
5 0 0 47037242544732 4
285 1 0 47037244758048 4
3 1 0 47037244758044 4
7 1 0 47037244758056 4
2 1 0 47037244758064 4
9 1 0 47037244757328 4
4 1 0 47037244758120 4
2 1 0 47037244758128 4
4 1 0 47037244758136 4
2 1 0 47037244755512 4
8 1 0 47037244757240 4
2 1 0 140737295961672 4
2 1 0 140737295961664 4
2 1 0 140737295961656 4
3 1 0 140737295961648 4
2 1 0 140737295961640 4
2 1 0 47037244755512 4
3 0 0 140737295961728 4
273 1 0 47037244754888 4
3 1 0 47037244755400 4
2 1 0 47037244759088 4
5 0 0 140737295961808 4
270 0 0 140737295961816 4
290 0 0 140737295961824 4
300 0 0 140737295961832 4
300 0 0 140737295961840 4
300 0 0 140737295961848 4
300 0 0 140737295961856 4
300 0 0 140737295961864 4
300 0 0 140737295961872 4
300 0 0 140737295961880 4
300 0 0 140737295961888 4
300 0 0 140737295961896 4
300 0 0 140737295961904 4
300 0 0 140737295961912 4
300 0 0 140737295961920 4
300 0 0 140737295961928 4
300 0 0 140737295961936 4
300 0 0 140737295961944 4
300 0 0 140737295961952 4
300 0 0 140737295961960 4
300 0 0 140737295961968 4
300 0 0 140737295961976 4
300 0 0 140737295961984 4
300 0 0 140737295961992 4
300 0 0 140737295962000 4
300 0 0 140737295962008 4
300 0 0 140737295962016 4
300 0 0 140737295962024 4
300 0 0 140737295962032 4
300 0 0 140737295962040 4
300 0 0 140737295962048 4
300 0 0 140737295962056 4
300 0 0 140737295962064 4
300 0 0 140737295962072 4
300 0 0 140737295962080 4
300 0 0 140737295962088 4
300 0 0 140737295962096 4
300 0 0 140737295962104 4
300 0 0 140737295962112 4
300 0 0 140737295962120 4
300 0 0 140737295962128 4
300 0 0 140737295962136 4
300 0 0 140737295962144 4
300 0 0 140737295962152 4
300 0 0 140737295962160 4
300 0 0 140737295962168 4
300 0 0 140737295962176 4
300 0 0 140737295962184 4
300 0 0 140737295962192 4
300 0 0 140737295962200 4
300 0 0 140737295962208 4
300 0 0 140737295962216 4
300 0 0 140737295962224 4
300 0 0 140737295962232 4
300 0 0 140737295962240 4
300 0 0 140737295962248 4
300 0 0 140737295962256 4
300 0 0 140737295962264 4
300 0 0 140737295962272 4
300 0 0 140737295962280 4
300 0 0 140737295962288 4
300 0 0 140737295962296 4
300 0 0 140737295962304 4
300 0 0 140737295962312 4
300 0 0 140737295962320 4
300 0 0 140737295962328 4
300 0 0 140737295962336 4
300 0 0 140737295962344 4
300 0 0 140737295962352 4
300 0 0 140737295962360 4
300 0 0 140737295962368 4
300 0 0 140737295962376 4
300 0 0 140737295962384 4
300 0 0 140737295962392 4
300 0 0 140737295962400 4
300 0 0 140737295962408 4
300 0 0 140737295962416 4
300 0 0 140737295962424 4
300 0 0 140737295962432 4
300 0 0 140737295962440 4
300 0 0 140737295962448 4
300 0 0 140737295962456 4
300 0 0 140737295962464 4
300 0 0 140737295962472 4
300 0 0 140737295962480 4
300 0 0 140737295962488 4
300 0 0 140737295962496 4
300 0 0 140737295962504 4
300 0 0 140737295962512 4
300 0 0 140737295962520 4
300 0 0 140737295962528 4
300 0 0 140737295962536 4
300 0 0 140737295962544 4
300 0 0 140737295962552 4
300 0 0 140737295962560 4
300 0 0 140737295962568 4
300 0 0 140737295962576 4
300 0 0 140737295962584 4
300 0 0 140737295962592 4
300 0 0 140737295962600 4
300 0 0 140737295962608 4
300 0 0 140737295962616 4
300 0 0 140737295962624 4
300 0 0 140737295962632 4
300 0 0 140737295962640 4
300 0 0 140737295962648 4
300 0 0 140737295962656 4
300 0 0 140737295962664 4
300 0 0 140737295962672 4
300 0 0 140737295962680 4
300 1 0 47037244754920 4
4 1 0 47037244755520 4
4 1 0 140737295961632 4
3 0 0 140737295962688 4
289 0 0 47037242634484 4
