1 0 0 8797233902144 4
241 0 0 8797233902152 4
300 1 0 8797233902152 4
2 1 0 8797233902144 4
2 1 0 8797233902136 4
2 1 0 8797233901880 4
3 1 0 8797233904944 4
6 0 0 576507789871719168 4
285 0 0 8797233903952 4
300 0 0 576507789871701984 4
300 1 0 8797233903832 4
11 0 0 8797233904932 4
289 1 0 8797233902088 4
3 1 0 8797233902096 4
2 1 0 8797233901864 4
3 0 0 576507789871702104 4
292 1 0 8797233902016 4
4 0 0 8797233904000 4
296 1 0 8797233902024 4
3 1 0 8797233902032 4
2 1 0 8797233902040 4
2 1 0 8797233902048 4
2 1 0 8797233902056 4
5 1 0 8797233902064 4
7 1 0 8797233902072 4
3 1 0 8797233901856 4
4 1 0 8797233902080 4
10 1 0 8797233904144 4
8 0 0 8797233904931 4
254 0 0 8797233904984 4
300 0 0 8797233904976 4
300 1 0 8797233901864 4
1 0 0 576601489599384528 4
299 0 0 34366518048 4
300 1 0 8797233901848 4
1 1 0 8797233901840 4
2 1 0 8797233901832 4
2 1 0 8797233901824 4
3 1 0 8797233901800 4
5 1 0 8797233901784 4
2 1 0 8797233901792 4
2 1 0 8797233901720 4
4 0 0 34366521984 4
279 1 0 8797233901712 4
2 1 0 8797233901704 4
2 1 0 8797233901696 4
2 1 0 8797233901688 4
2 1 0 8797233901680 4
2 0 0 8797233904096 4
290 0 0 576601489599384608 4
300 0 0 576507789869579632 4
300 0 0 576601489599384592 4
300 1 0 576601489599384592 4
1 0 0 576601489599384600 4
299 0 0 576601489599384604 4
300 1 0 576601489599384604 4
1 1 0 576601489599384600 4
27 0 0 34366523900 4
272 1 0 34366523900 4
4 1 0 8797233901800 4
2 1 0 8797233901784 4
2 1 0 8797233901792 4
2 1 0 8797233901736 4
4 0 0 34366522080 4
290 0 0 576507789869580584 4
296 1 0 576601489599384600 4
8 1 0 576601489599384604 4
3 1 0 576601489599384592 4
17 1 0 8797233901800 4
3 1 0 8797233901792 4
2 1 0 8797233901768 4
3 1 0 8797233901776 4
2 1 0 8797233901784 4
2 1 0 8797233901752 4
5 1 0 8797233901736 4
2 1 0 8797233901744 4
2 1 0 8797233901672 4
6 1 0 8797233901664 4
2 1 0 8797233901656 4
2 1 0 8797233901648 4
2 1 0 8797233901640 4
2 1 0 8797233901632 4
19 1 0 576601489599384592 4
8 1 0 576601489599384604 4
1 1 0 576601489599384600 4
27 0 0 576601489599384576 4
252 1 0 8797233901752 4
6 1 0 8797233901728 4
2 1 0 8797233901736 4
2 1 0 8797233901744 4
3 0 0 576601489599384640 4
297 1 0 576601489599384640 4
1 0 0 576601489599384644 4
299 0 0 576601489599384632 4
300 1 0 8797233901672 4
4 0 0 34366521848 4
286 1 0 8797233901664 4
2 0 0 576601489599384680 4
298 1 0 8797233901608 4
2 1 0 8797233901616 4
2 1 0 576601489599384680 4
3 0 0 576601489599384648 4
293 1 0 576601489599384648 4
4 1 0 8797233901592 4
12 1 0 576601489599384600 4
8 1 0 576601489599384592 4
9 0 0 576601489599384656 4
287 1 0 576601489599384656 4
1 0 0 576601489599384652 4
299 1 0 576601489599384652 4
1 0 0 576601489599384688 4
299 1 0 576601489599384688 4
1 1 0 8797233901592 4
5 1 0 8797233901632 4
2 1 0 8797233901640 4
2 0 0 8797233904136 4
290 1 0 8797233901656 4
2 1 0 8797233904136 4
6 0 0 576601489599384664 4
292 0 0 576601489599384692 4
290 1 0 8797233901624 4
2 1 0 8797233901604 4
6 1 0 576601489599384648 4
1 1 0 8797233901592 4
3 0 0 8797233904152 4
295 1 0 8797233904152 4
10 1 0 8797233901600 4
12 1 0 8797233901592 4
13 1 0 8797233904152 4
11 1 0 576601489599384648 4
4 0 0 576601489599384672 4
250 1 0 576601489599384688 4
6 1 0 576601489599384648 4
4 1 0 8797233904136 4
4 1 0 8797233901592 4
2 1 0 8797233901584 4
2 1 0 8797233901576 4
2 1 0 8797233901568 4
2 1 0 8797233901560 4
2 1 0 8797233901552 4
7 0 0 576507789869581388 4
268 1 0 576601489599384592 4
4 1 0 576601489599384600 4
34 1 0 576601489599384640 4
1 1 0 576601489599384644 4
14 1 0 8797233901752 4
5 1 0 8797233901736 4
2 1 0 8797233901744 4
2 1 0 8797233901688 4
17 1 0 576601489599384600 4
8 1 0 576601489599384604 4
3 1 0 576601489599384592 4
1 1 0 8797233901552 4
5 1 0 8797233901544 4
2 1 0 8797233901536 4
2 1 0 576601489599384592 4
41 0 0 576601489599384552 4
243 0 0 34366530704 4
300 0 0 576601489599383032 4
300 0 0 34364351512 4
300 1 0 8797233901800 4
1 1 0 8797233901792 4
4 1 0 8797233901784 4
2 1 0 8797233901776 4
2 1 0 8797233901768 4
2 1 0 8797233901760 4
2 1 0 8797233901752 4
2 1 0 8797233901592 4
13 1 0 8797233901496 4
3 1 0 8797233901472 4
2 1 0 8797233901480 4
2 1 0 8797233901488 4
2 1 0 8797233901432 4
3 0 0 34366521512 4
270 0 0 576601489599383052 4
300 1 0 576601489599383052 4
1 0 0 576601489599383056 4
299 1 0 576601489599383056 4
1 0 0 576601489599383048 4
301 1 0 576601489599383052 4
8 0 0 576601489599383060 4
282 1 0 576601489599383056 4
22 0 0 576601489599383104 4
286 0 0 34366530416 4
300 0 0 34366518496 4
290 1 0 8797233901496 4
1 1 0 8797233901480 4
2 1 0 8797233901488 4
2 1 0 8797233901416 4
6 1 0 8797233901408 4
2 1 0 8797233901400 4
2 1 0 8797233901392 4
2 1 0 8797233901384 4
2 1 0 8797233901376 4
5 0 0 34366530440 4
282 0 0 34366530424 4
294 1 0 34366530424 4
1 0 0 34366530432 4
299 0 0 34366530436 4
300 1 0 34366530436 4
1 1 0 34366530432 4
31 0 0 576601489599383096 4
278 0 0 576601489599383092 4
302 1 0 576601489599383096 4
3 0 0 34366518504 4
285 1 0 8797233901496 4
1 1 0 8797233901480 4
2 1 0 8797233901488 4
2 1 0 8797233901432 4
17 1 0 34366530432 4
8 1 0 34366530436 4
3 1 0 34366530424 4
19 0 0 576601489599383616 4
258 0 0 34366552028 4
308 0 0 576601489599383608 4
292 0 0 34366552024 4
300 0 0 576601489599383632 4
300 0 0 576601489599383624 4
300 0 0 34366552008 4
300 0 0 34366552020 4
300 0 0 34366552016 4
300 0 0 576601489599382504 4
300 0 0 576601489599382516 4
300 0 0 576601489599382512 4
300 0 0 34366940080 4
300 0 0 34366940720 4
300 0 0 34366940081 4
300 0 0 34366940082 4
300 0 0 34366941360 4
300 0 0 34366940722 4
300 0 0 34366941362 4
300 0 0 34364348856 4
300 0 0 34366940087 4
300 0 0 34366941361 4
300 0 0 34364348852 4
302 0 0 34364348860 4
308 0 0 34364348848 4
286 1 0 34367247937 4
24 0 0 34366940721 4
282 0 0 34366940083 4
301 0 0 34366940723 4
297 0 0 34366941363 4
302 0 0 34366940088 4
322 1 0 34367247938 4
29 0 0 34366940084 4
250 0 0 34366940724 4
297 0 0 34366941364 4
302 0 0 34366940089 4
322 1 0 34367247939 4
29 0 0 34366940085 4
250 0 0 34366940725 4
297 0 0 34366941365 4
302 0 0 34366940090 4
322 1 0 34367247940 4
29 0 0 34366940086 4
250 0 0 34366940726 4
297 0 0 34366941366 4
302 0 0 34366940091 4
322 1 0 34367247941 4
34 0 0 34366940727 4
242 0 0 34366941367 4
302 0 0 34366940092 4
322 1 0 34367247942 4
34 0 0 34366940728 4
242 0 0 34366941368 4
302 0 0 34366940093 4
322 1 0 34367247943 4
34 0 0 34366940729 4
242 0 0 34366941369 4
302 0 0 34366940094 4
322 1 0 34367247944 4
34 0 0 34366940730 4
242 0 0 34366941370 4
302 0 0 34366940095 4
322 1 0 34367247945 4
34 0 0 34366940731 4
242 0 0 34366941371 4
302 0 0 34366940096 4
322 1 0 34367247946 4
34 0 0 34366940732 4
242 0 0 34366941372 4
302 0 0 34366940097 4
322 1 0 34367247947 4
34 0 0 34366940733 4
242 0 0 34366941373 4
302 0 0 34366940098 4
322 1 0 34367247948 4
34 0 0 34366940734 4
242 0 0 34366941374 4
302 0 0 34366940099 4
322 1 0 34367247949 4
34 0 0 34366940735 4
242 0 0 34366941375 4
302 0 0 34366940100 4
322 1 0 34367247950 4
34 0 0 34366940736 4
242 0 0 34366941376 4
302 0 0 34366940101 4
322 1 0 34367247951 4
34 0 0 34366940737 4
