1 0 0 2200113779264 4
121 0 0 2200113779272 4
300 1 0 2200113779272 4
2 1 0 2200113779264 4
2 1 0 2200113779256 4
2 1 0 2200113779000 4
3 1 0 2200113782064 4
6 0 0 144162225644151552 4
285 0 0 2200113781072 4
300 0 0 144162225644134368 4
300 1 0 2200113780952 4
11 0 0 2200113782052 4
289 1 0 2200113779208 4
3 1 0 2200113779216 4
2 1 0 2200113778984 4
3 0 0 144162225644134488 4
292 1 0 2200113779136 4
4 0 0 2200113781120 4
296 1 0 2200113779144 4
3 1 0 2200113779152 4
2 1 0 2200113779160 4
2 1 0 2200113779168 4
2 1 0 2200113779176 4
5 1 0 2200113779184 4
7 1 0 2200113779192 4
3 1 0 2200113778976 4
4 1 0 2200113779200 4
10 1 0 2200113781264 4
8 0 0 2200113782051 4
254 0 0 2200113782104 4
290 0 0 2200113782096 4
300 1 0 2200113778984 4
1 0 0 144255925371816912 4
299 0 0 8596714272 4
300 1 0 2200113778968 4
1 1 0 2200113778960 4
2 1 0 2200113778952 4
2 1 0 2200113778944 4
3 1 0 2200113778920 4
5 1 0 2200113778904 4
2 1 0 2200113778912 4
2 1 0 2200113778840 4
4 0 0 8596718208 4
279 1 0 2200113778832 4
2 1 0 2200113778824 4
2 1 0 2200113778816 4
2 1 0 2200113778808 4
2 1 0 2200113778800 4
2 0 0 2200113781216 4
300 0 0 144255925371816992 4
300 0 0 144162225642012016 4
300 0 0 144255925371816976 4
300 1 0 144255925371816976 4
1 1 0 2200113778664 4
5 1 0 2200113778656 4
2 1 0 2200113778648 4
10 1 0 144255925371816976 4
8 1 0 144255925371816976 4
8 1 0 144255925371816976 4
8 1 0 144255925371816976 4
9 0 0 144255925371816984 4
269 0 0 144255925371816988 4
300 1 0 144255925371816988 4
1 1 0 144255925371816984 4
27 0 0 8596720124 4
272 1 0 8596720124 4
4 1 0 2200113778920 4
2 1 0 2200113778904 4
2 1 0 2200113778912 4
2 1 0 2200113778856 4
4 0 0 8596718304 4
290 0 0 144162225642012968 4
296 1 0 144255925371816984 4
8 1 0 144255925371816988 4
3 1 0 144255925371816976 4
1 1 0 2200113778720 4
5 1 0 2200113778712 4
2 1 0 2200113778704 4
2 1 0 144255925371816976 4
29 1 0 2200113778920 4
3 1 0 2200113778912 4
2 1 0 2200113778888 4
3 1 0 2200113778896 4
2 1 0 2200113778904 4
2 1 0 2200113778872 4
5 1 0 2200113778856 4
2 1 0 2200113778864 4
2 1 0 2200113778792 4
6 1 0 2200113778784 4
2 1 0 2200113778776 4
2 1 0 2200113778768 4
2 1 0 2200113778760 4
2 1 0 2200113778752 4
19 1 0 144255925371816976 4
8 1 0 144255925371816988 4
1 1 0 144255925371816984 4
27 0 0 144255925371816960 4
160 1 0 2200113778872 4
6 1 0 2200113778848 4
2 1 0 2200113778856 4
2 1 0 2200113778864 4
3 0 0 144255925371817024 4
277 1 0 144255925371817024 4
1 0 0 144255925371817028 4
299 0 0 144255925371817016 4
300 1 0 2200113778792 4
4 0 0 8596718072 4
296 1 0 2200113778784 4
2 0 0 144255925371817064 4
298 1 0 2200113778728 4
2 1 0 2200113778736 4
2 1 0 144255925371817064 4
3 0 0 144255925371817032 4
293 1 0 144255925371817032 4
4 1 0 2200113778712 4
12 1 0 144255925371816984 4
8 1 0 144255925371816976 4
9 0 0 144255925371817040 4
267 1 0 144255925371817040 4
1 0 0 144255925371817036 4
279 1 0 144255925371817036 4
1 0 0 144255925371817072 4
299 1 0 144255925371817072 4
1 1 0 2200113778712 4
5 1 0 2200113778752 4
2 1 0 2200113778760 4
2 0 0 2200113781256 4
290 1 0 2200113778776 4
2 1 0 2200113781256 4
6 0 0 144255925371817048 4
292 0 0 144255925371817076 4
300 1 0 2200113778744 4
2 1 0 2200113778724 4
6 1 0 144255925371817032 4
1 1 0 2200113778712 4
3 0 0 2200113781272 4
295 1 0 2200113781272 4
10 1 0 2200113778720 4
12 1 0 2200113778712 4
13 1 0 2200113781272 4
11 1 0 144255925371817032 4
4 0 0 144255925371817056 4
270 1 0 144255925371817072 4
6 1 0 144255925371817032 4
4 1 0 2200113781256 4
4 1 0 2200113778712 4
2 1 0 2200113778704 4
2 1 0 2200113778696 4
2 1 0 2200113778688 4
2 1 0 2200113778680 4
2 1 0 2200113778672 4
7 0 0 144162225642013772 4
258 1 0 144255925371816976 4
4 1 0 144255925371816984 4
34 1 0 144255925371817024 4
1 1 0 144255925371817028 4
14 1 0 2200113778872 4
5 1 0 2200113778856 4
2 1 0 2200113778864 4
2 1 0 2200113778808 4
17 1 0 144255925371816984 4
8 1 0 144255925371816988 4
3 1 0 144255925371816976 4
1 1 0 2200113778672 4
5 1 0 2200113778664 4
2 1 0 2200113778656 4
2 1 0 144255925371816976 4
41 0 0 144255925371816936 4
243 0 0 8596726928 4
230 0 0 144255925371815416 4
300 0 0 8594547736 4
300 1 0 2200113778920 4
1 1 0 2200113778912 4
4 1 0 2200113778904 4
2 1 0 2200113778896 4
2 1 0 2200113778888 4
2 1 0 2200113778880 4
2 1 0 2200113778872 4
2 1 0 2200113778712 4
13 1 0 2200113778616 4
3 1 0 2200113778592 4
2 1 0 2200113778600 4
2 1 0 2200113778608 4
2 1 0 2200113778552 4
3 0 0 8596717736 4
260 0 0 144255925371815436 4
270 1 0 144255925371815436 4
1 0 0 144255925371815440 4
299 1 0 144255925371815440 4
1 0 0 144255925371815432 4
301 1 0 144255925371815436 4
8 0 0 144255925371815444 4
292 1 0 144255925371815440 4
22 0 0 144255925371815488 4
286 0 0 8596726640 4
290 0 0 8596714720 4
300 1 0 2200113778616 4
1 1 0 2200113778600 4
2 1 0 2200113778608 4
2 1 0 2200113778536 4
6 1 0 2200113778528 4
2 1 0 2200113778520 4
2 1 0 2200113778512 4
2 1 0 2200113778504 4
2 1 0 2200113778496 4
5 0 0 8596726664 4
302 0 0 8596726648 4
284 1 0 8596726648 4
1 0 0 8596726656 4
299 0 0 8596726660 4
300 1 0 8596726660 4
1 1 0 8596726656 4
31 0 0 144255925371815480 4
288 0 0 144255925371815476 4
272 1 0 144255925371815480 4
3 0 0 8596714728 4
295 1 0 2200113778616 4
1 1 0 2200113778600 4
2 1 0 2200113778608 4
2 1 0 2200113778552 4
17 1 0 8596726656 4
8 1 0 8596726660 4
3 1 0 8596726648 4
19 0 0 144255925371816000 4
278 0 0 8596748252 4
278 0 0 144255925371815992 4
292 0 0 8596748248 4
300 0 0 144255925371816016 4
300 0 0 144255925371816008 4
300 0 0 8596748232 4
300 0 0 8596748244 4
300 0 0 8596748240 4
300 0 0 144255925371814888 4
300 0 0 144255925371814900 4
300 0 0 144255925371814896 4
300 0 0 8597120944 4
300 0 0 8597121584 4
300 0 0 8597120945 4
300 0 0 8597120946 4
300 0 0 8597122224 4
300 0 0 8597121586 4
300 0 0 8597122226 4
300 0 0 8594545080 4
300 0 0 8597120951 4
300 0 0 8597122225 4
300 0 0 8594545076 4
302 0 0 8594545084 4
308 0 0 8594545072 4
296 1 0 8597428801 4
24 0 0 8597121585 4
282 0 0 8597120947 4
291 0 0 8597121587 4
297 0 0 8597122227 4
302 0 0 8597120952 4
332 1 0 8597428802 4
29 0 0 8597120948 4
270 0 0 8597121588 4
267 0 0 8597122228 4
302 0 0 8597120953 4
332 1 0 8597428803 4
29 0 0 8597120949 4
270 0 0 8597121589 4
267 0 0 8597122229 4
302 0 0 8597120954 4
332 1 0 8597428804 4
29 0 0 8597120950 4
270 0 0 8597121590 4
267 0 0 8597122230 4
302 0 0 8597120955 4
332 1 0 8597428805 4
34 0 0 8597121591 4
262 0 0 8597122231 4
272 0 0 8597120956 4
332 1 0 8597428806 4
34 0 0 8597121592 4
262 0 0 8597122232 4
272 0 0 8597120957 4
332 1 0 8597428807 4
34 0 0 8597121593 4
262 0 0 8597122233 4
272 0 0 8597120958 4
332 1 0 8597428808 4
34 0 0 8597121594 4
262 0 0 8597122234 4
272 0 0 8597120959 4
332 1 0 8597428809 4
34 0 0 8597121595 4
262 0 0 8597122235 4
272 0 0 8597120960 4
332 1 0 8597428810 4
34 0 0 8597121596 4
262 0 0 8597122236 4
272 0 0 8597120961 4
332 1 0 8597428811 4
34 0 0 8597121597 4
262 0 0 8597122237 4
272 0 0 8597120962 4
332 1 0 8597428812 4
34 0 0 8597121598 4
262 0 0 8597122238 4
