1 0 0 9896753922624 4
311 0 0 9896753922632 4
300 1 0 9896753922632 4
2 1 0 9896753922624 4
2 1 0 9896753922616 4
2 1 0 9896753922360 4
3 1 0 9896753925424 4
6 0 0 648565383909647104 4
285 0 0 9896753924432 4
300 0 0 648565383909629920 4
300 1 0 9896753924312 4
11 0 0 9896753925412 4
289 1 0 9896753922568 4
3 1 0 9896753922576 4
2 1 0 9896753922344 4
3 0 0 648565383909630040 4
292 1 0 9896753922496 4
4 0 0 9896753924480 4
296 1 0 9896753922504 4
3 1 0 9896753922512 4
2 1 0 9896753922520 4
2 1 0 9896753922528 4
2 1 0 9896753922536 4
5 1 0 9896753922544 4
7 1 0 9896753922552 4
3 1 0 9896753922336 4
4 1 0 9896753922560 4
10 1 0 9896753924624 4
8 0 0 9896753925411 4
264 0 0 9896753925464 4
300 0 0 9896753925456 4
300 1 0 9896753922344 4
1 0 0 648659083637312464 4
299 0 0 38659318208 4
300 1 0 9896753922328 4
1 1 0 9896753922320 4
2 1 0 9896753922312 4
2 1 0 9896753922304 4
3 1 0 9896753922280 4
5 1 0 9896753922264 4
2 1 0 9896753922272 4
2 1 0 9896753922200 4
4 0 0 38661489280 4
279 1 0 9896753922192 4
2 1 0 9896753922184 4
2 1 0 9896753922176 4
2 1 0 9896753922168 4
2 1 0 9896753922160 4
2 0 0 9896753924576 4
290 0 0 648659083637312544 4
300 0 0 648565383907507568 4
300 0 0 648659083637312528 4
290 1 0 648659083637312528 4
1 0 0 648659083637312536 4
299 0 0 648659083637312540 4
300 1 0 648659083637312540 4
1 1 0 648659083637312536 4
27 0 0 38661491196 4
272 1 0 38661491196 4
4 1 0 9896753922280 4
2 1 0 9896753922264 4
2 1 0 9896753922272 4
2 1 0 9896753922216 4
4 0 0 38661489376 4
290 0 0 648565383907508520 4
296 1 0 648659083637312536 4
8 1 0 648659083637312540 4
3 1 0 648659083637312528 4
17 1 0 9896753922280 4
3 1 0 9896753922272 4
2 1 0 9896753922248 4
3 1 0 9896753922256 4
2 1 0 9896753922264 4
2 1 0 9896753922232 4
5 1 0 9896753922216 4
2 1 0 9896753922224 4
2 1 0 9896753922152 4
6 1 0 9896753922144 4
2 1 0 9896753922136 4
2 1 0 9896753922128 4
2 1 0 9896753922120 4
2 1 0 9896753922112 4
19 1 0 648659083637312528 4
8 1 0 648659083637312540 4
1 1 0 648659083637312536 4
27 0 0 648659083637312512 4
202 1 0 9896753922232 4
6 1 0 9896753922208 4
2 1 0 9896753922216 4
2 1 0 9896753922224 4
3 0 0 648659083637312576 4
297 1 0 648659083637312576 4
1 0 0 648659083637312580 4
299 0 0 648659083637312568 4
300 1 0 9896753922152 4
4 0 0 38661489144 4
286 1 0 9896753922144 4
2 0 0 648659083637312616 4
298 1 0 9896753922088 4
2 1 0 9896753922096 4
2 1 0 648659083637312616 4
3 0 0 648659083637312584 4
283 1 0 648659083637312584 4
4 1 0 9896753922072 4
12 1 0 648659083637312536 4
8 1 0 648659083637312528 4
9 0 0 648659083637312592 4
287 1 0 648659083637312592 4
1 0 0 648659083637312588 4
299 1 0 648659083637312588 4
1 0 0 648659083637312624 4
299 1 0 648659083637312624 4
1 1 0 9896753922072 4
5 1 0 9896753922112 4
2 1 0 9896753922120 4
2 0 0 9896753924616 4
290 1 0 9896753922136 4
2 1 0 9896753924616 4
6 0 0 648659083637312600 4
292 0 0 648659083637312628 4
290 1 0 9896753922104 4
2 1 0 9896753922084 4
6 1 0 648659083637312584 4
1 1 0 9896753922072 4
3 0 0 9896753924632 4
295 1 0 9896753924632 4
10 1 0 9896753922080 4
5 1 0 9896753922072 4
13 1 0 9896753924632 4
11 1 0 648659083637312584 4
4 0 0 648659083637312608 4
267 1 0 648659083637312624 4
6 1 0 648659083637312584 4
4 1 0 9896753924616 4
4 1 0 9896753922072 4
2 1 0 9896753922064 4
2 1 0 9896753922056 4
2 1 0 9896753922048 4
2 1 0 9896753922040 4
2 1 0 9896753922032 4
7 0 0 648565383907509324 4
258 1 0 648659083637312528 4
4 1 0 648659083637312536 4
34 1 0 648659083637312576 4
1 1 0 648659083637312580 4
14 1 0 9896753922232 4
5 1 0 9896753922216 4
2 1 0 9896753922224 4
2 1 0 9896753922168 4
17 1 0 648659083637312536 4
8 1 0 648659083637312540 4
3 1 0 648659083637312528 4
1 1 0 9896753922032 4
5 1 0 9896753922024 4
2 1 0 9896753922016 4
2 1 0 648659083637312528 4
41 0 0 648659083637312488 4
243 0 0 38661498000 4
300 0 0 648659083637310968 4
300 0 0 38659318808 4
300 1 0 9896753922280 4
1 1 0 9896753922272 4
4 1 0 9896753922264 4
2 1 0 9896753922256 4
2 1 0 9896753922248 4
2 1 0 9896753922240 4
2 1 0 9896753922232 4
2 1 0 9896753922072 4
13 1 0 9896753921976 4
3 1 0 9896753921952 4
2 1 0 9896753921960 4
2 1 0 9896753921968 4
2 1 0 9896753921912 4
3 0 0 38661488808 4
270 0 0 648659083637310988 4
300 1 0 648659083637310988 4
1 0 0 648659083637310992 4
299 1 0 648659083637310992 4
1 0 0 648659083637310984 4
301 1 0 648659083637310988 4
8 0 0 648659083637310996 4
292 1 0 648659083637310992 4
6 1 0 648659083637310988 4
20 0 0 648659083637311040 4
272 0 0 38661497712 4
300 0 0 38661485792 4
290 1 0 9896753921976 4
1 1 0 9896753921960 4
2 1 0 9896753921968 4
2 1 0 9896753921896 4
6 1 0 9896753921888 4
2 1 0 9896753921880 4
2 1 0 9896753921872 4
2 1 0 9896753921864 4
2 1 0 9896753921856 4
5 0 0 38661497736 4
292 0 0 38661497720 4
294 1 0 38661497720 4
1 1 0 9896753921720 4
5 1 0 9896753921712 4
2 1 0 9896753921704 4
12 1 0 38661497720 4
9 0 0 38661497728 4
281 0 0 38661497732 4
290 1 0 38661497732 4
1 1 0 38661497728 4
31 0 0 648659083637311032 4
278 0 0 648659083637311028 4
302 1 0 648659083637311032 4
3 0 0 38661485800 4
285 1 0 9896753921976 4
1 1 0 9896753921960 4
2 1 0 9896753921968 4
2 1 0 9896753921912 4
17 1 0 38661497728 4
8 1 0 38661497732 4
3 1 0 38661497720 4
1 1 0 9896753921776 4
5 1 0 9896753921768 4
2 1 0 9896753921760 4
2 1 0 38661497720 4
31 0 0 648659083637311552 4
236 0 0 38661519324 4
308 0 0 648659083637311544 4
292 0 0 38661519320 4
300 0 0 648659083637311568 4
300 0 0 648659083637311560 4
300 0 0 38661519304 4
300 0 0 38661519316 4
300 0 0 38661519312 4
300 0 0 648659083637310440 4
300 0 0 648659083637310452 4
300 0 0 648659083637310448 4
300 0 0 38661922736 4
300 0 0 38661923376 4
300 0 0 38661922737 4
300 0 0 38661922738 4
300 0 0 38661924016 4
300 0 0 38661923378 4
300 0 0 38661924018 4
300 0 0 38659316152 4
300 0 0 38661922743 4
300 0 0 38661924017 4
300 0 0 38659316148 4
302 0 0 38659316156 4
308 0 0 38659316144 4
296 1 0 38662230593 4
24 0 0 38661923377 4
272 0 0 38661922739 4
301 0 0 38661923379 4
297 0 0 38661924019 4
302 0 0 38661922744 4
322 1 0 38662230594 4
29 0 0 38661922740 4
250 0 0 38661923380 4
297 0 0 38661924020 4
302 0 0 38661922745 4
322 1 0 38662230595 4
29 0 0 38661922741 4
250 0 0 38661923381 4
297 0 0 38661924021 4
302 0 0 38661922746 4
322 1 0 38662230596 4
29 0 0 38661922742 4
250 0 0 38661923382 4
297 0 0 38661924022 4
302 0 0 38661922747 4
322 1 0 38662230597 4
34 0 0 38661923383 4
242 0 0 38661924023 4
302 0 0 38661922748 4
322 1 0 38662230598 4
34 0 0 38661923384 4
242 0 0 38661924024 4
302 0 0 38661922749 4
322 1 0 38662230599 4
34 0 0 38661923385 4
242 0 0 38661924025 4
302 0 0 38661922750 4
322 1 0 38662230600 4
34 0 0 38661923386 4
242 0 0 38661924026 4
302 0 0 38661922751 4
322 1 0 38662230601 4
34 0 0 38661923387 4
242 0 0 38661924027 4
302 0 0 38661922752 4
322 1 0 38662230602 4
34 0 0 38661923388 4
242 0 0 38661924028 4
302 0 0 38661922753 4
322 1 0 38662230603 4
34 0 0 38661923389 4
242 0 0 38661924029 4
302 0 0 38661922754 4
322 1 0 38662230604 4
34 0 0 38661923390 4
242 0 0 38661924030 4
302 0 0 38661922755 4
322 1 0 38662230605 4
