1 0 0 17593343709760 4
321 0 0 17593343709768 4
300 1 0 17593343709768 4
2 1 0 17593343709760 4
2 1 0 17593343709752 4
2 1 0 17593343709496 4
3 1 0 17593343712560 4
6 0 0 1152968542175142656 4
285 0 0 17593343711568 4
300 0 0 1152968542175125472 4
300 1 0 17593343711448 4
5 0 0 17593343712548 4
295 1 0 17593343709704 4
3 1 0 17593343709712 4
2 1 0 17593343709480 4
3 0 0 1152968542175125592 4
292 1 0 17593343709632 4
4 0 0 17593343711616 4
296 1 0 17593343709640 4
3 1 0 17593343709648 4
2 1 0 17593343709656 4
2 1 0 17593343709664 4
2 1 0 17593343709672 4
5 1 0 17593343709680 4
7 1 0 17593343709688 4
3 1 0 17593343709472 4
4 1 0 17593343709696 4
10 1 0 17593343711760 4
8 0 0 17593343712547 4
264 0 0 17593343712600 4
300 0 0 17593343712592 4
300 1 0 17593343709480 4
1 0 0 1153062241902808016 4
299 0 0 68724089280 4
300 1 0 17593343709464 4
1 1 0 17593343709456 4
2 1 0 17593343709448 4
2 1 0 17593343709440 4
3 1 0 17593343709416 4
5 1 0 17593343709400 4
2 1 0 17593343709408 4
2 1 0 17593343709336 4
4 0 0 68726260352 4
279 1 0 17593343709328 4
2 1 0 17593343709320 4
2 1 0 17593343709312 4
2 1 0 17593343709304 4
2 1 0 17593343709296 4
2 0 0 17593343711712 4
290 0 0 1153062241902808096 4
300 0 0 1152968542173003120 4
300 0 0 1153062241902808080 4
300 1 0 1153062241902808080 4
1 0 0 1153062241902808088 4
289 0 0 1153062241902808092 4
300 1 0 1153062241902808092 4
1 1 0 1153062241902808088 4
27 0 0 68726262268 4
272 1 0 68726262268 4
4 1 0 17593343709416 4
2 1 0 17593343709400 4
2 1 0 17593343709408 4
2 1 0 17593343709352 4
4 0 0 68726260448 4
290 0 0 1152968542173004072 4
296 1 0 1153062241902808088 4
8 1 0 1153062241902808092 4
3 1 0 1153062241902808080 4
17 1 0 17593343709416 4
3 1 0 17593343709408 4
2 1 0 17593343709384 4
3 1 0 17593343709392 4
2 1 0 17593343709400 4
2 1 0 17593343709368 4
5 1 0 17593343709352 4
2 1 0 17593343709360 4
2 1 0 17593343709288 4
6 1 0 17593343709280 4
2 1 0 17593343709272 4
2 1 0 17593343709264 4
2 1 0 17593343709256 4
2 1 0 17593343709248 4
19 1 0 1153062241902808080 4
8 1 0 1153062241902808092 4
1 1 0 1153062241902808088 4
27 0 0 1153062241902808064 4
272 1 0 17593343709368 4
6 1 0 17593343709344 4
2 1 0 17593343709352 4
2 1 0 17593343709360 4
3 0 0 1153062241902808128 4
297 1 0 1153062241902808128 4
1 0 0 1153062241902808132 4
299 0 0 1153062241902808120 4
300 1 0 17593343709288 4
4 0 0 68726260216 4
296 1 0 17593343709280 4
2 0 0 1153062241902808168 4
298 1 0 17593343709224 4
2 1 0 17593343709232 4
2 1 0 1153062241902808168 4
3 0 0 1153062241902808136 4
283 1 0 1153062241902808136 4
4 1 0 17593343709208 4
12 1 0 1153062241902808088 4
8 1 0 1153062241902808080 4
9 0 0 1153062241902808144 4
287 1 0 1153062241902808144 4
1 0 0 1153062241902808140 4
299 1 0 1153062241902808140 4
1 0 0 1153062241902808176 4
299 1 0 1153062241902808176 4
1 1 0 17593343709208 4
5 1 0 17593343709248 4
2 1 0 17593343709256 4
2 0 0 17593343711752 4
290 1 0 17593343709272 4
2 1 0 17593343711752 4
6 0 0 1153062241902808152 4
292 0 0 1153062241902808180 4
290 1 0 17593343709240 4
2 1 0 17593343709220 4
6 1 0 1153062241902808136 4
1 1 0 17593343709208 4
3 0 0 17593343711768 4
285 1 0 17593343711768 4
10 1 0 17593343709216 4
12 1 0 17593343709208 4
13 1 0 17593343711768 4
11 1 0 1153062241902808136 4
4 0 0 1153062241902808160 4
250 1 0 1153062241902808176 4
6 1 0 1153062241902808136 4
4 1 0 17593343711752 4
4 1 0 17593343709208 4
2 1 0 17593343709200 4
2 1 0 17593343709192 4
2 1 0 17593343709184 4
2 1 0 17593343709176 4
2 1 0 17593343709168 4
7 0 0 1152968542173004876 4
198 1 0 1153062241902808080 4
4 1 0 1153062241902808088 4
34 1 0 1153062241902808128 4
1 1 0 1153062241902808132 4
14 1 0 17593343709368 4
5 1 0 17593343709352 4
2 1 0 17593343709360 4
2 1 0 17593343709304 4
17 1 0 1153062241902808088 4
8 1 0 1153062241902808092 4
3 1 0 1153062241902808080 4
1 1 0 17593343709168 4
5 1 0 17593343709160 4
2 1 0 17593343709152 4
2 1 0 1153062241902808080 4
41 0 0 1153062241902808040 4
243 0 0 68726269072 4
300 0 0 1153062241902806520 4
300 0 0 68724089880 4
300 1 0 17593343709416 4
1 1 0 17593343709408 4
4 1 0 17593343709400 4
2 1 0 17593343709392 4
2 1 0 17593343709384 4
2 1 0 17593343709376 4
2 1 0 17593343709368 4
2 1 0 17593343709208 4
13 1 0 17593343709112 4
3 1 0 17593343709088 4
2 1 0 17593343709096 4
2 1 0 17593343709104 4
2 1 0 17593343709048 4
3 0 0 68726259880 4
270 0 0 1153062241902806540 4
300 1 0 1153062241902806540 4
1 0 0 1153062241902806544 4
299 1 0 1153062241902806544 4
1 0 0 1153062241902806536 4
301 1 0 1153062241902806540 4
8 0 0 1153062241902806548 4
292 1 0 1153062241902806544 4
22 0 0 1153062241902806592 4
276 0 0 68726268784 4
300 0 0 68726256864 4
300 1 0 17593343709112 4
1 1 0 17593343709096 4
2 1 0 17593343709104 4
2 1 0 17593343709032 4
6 1 0 17593343709024 4
2 1 0 17593343709016 4
2 1 0 17593343709008 4
2 1 0 17593343709000 4
2 1 0 17593343708992 4
5 0 0 68726268808 4
282 0 0 68726268792 4
294 1 0 68726268792 4
1 0 0 68726268800 4
289 0 0 68726268804 4
290 1 0 68726268804 4
1 1 0 68726268800 4
31 0 0 1153062241902806584 4
278 0 0 1153062241902806580 4
302 1 0 1153062241902806584 4
3 0 0 68726256872 4
285 1 0 17593343709112 4
1 1 0 17593343709096 4
2 1 0 17593343709104 4
2 1 0 17593343709048 4
17 1 0 68726268800 4
8 1 0 68726268804 4
3 1 0 68726268792 4
1 1 0 17593343708912 4
5 1 0 17593343708904 4
2 1 0 17593343708896 4
2 1 0 68726268792 4
31 0 0 1153062241902807104 4
236 0 0 68726290396 4
308 0 0 1153062241902807096 4
292 0 0 68726290392 4
300 0 0 1153062241902807120 4
300 0 0 1153062241902807112 4
300 0 0 68726290376 4
300 0 0 68726290388 4
300 0 0 68726290384 4
300 0 0 1153062241902805992 4
300 0 0 1153062241902806004 4
300 0 0 1153062241902806000 4
300 0 0 68726642608 4
300 0 0 68726643248 4
300 0 0 68726642609 4
300 0 0 68726642610 4
300 0 0 68726643888 4
300 0 0 68726643250 4
300 0 0 68726643890 4
300 0 0 68724087224 4
300 0 0 68726642615 4
300 0 0 68726643889 4
300 0 0 68724087220 4
302 0 0 68724087228 4
308 0 0 68724087216 4
296 1 0 68726950465 4
24 0 0 68726643249 4
272 0 0 68726642611 4
301 0 0 68726643251 4
297 0 0 68726643891 4
302 0 0 68726642616 4
322 1 0 68726950466 4
29 0 0 68726642612 4
250 0 0 68726643252 4
297 0 0 68726643892 4
302 0 0 68726642617 4
322 1 0 68726950467 4
29 0 0 68726642613 4
250 0 0 68726643253 4
297 0 0 68726643893 4
302 0 0 68726642618 4
322 1 0 68726950468 4
29 0 0 68726642614 4
250 0 0 68726643254 4
297 0 0 68726643894 4
302 0 0 68726642619 4
322 1 0 68726950469 4
34 0 0 68726643255 4
242 0 0 68726643895 4
302 0 0 68726642620 4
322 1 0 68726950470 4
34 0 0 68726643256 4
242 0 0 68726643896 4
302 0 0 68726642621 4
322 1 0 68726950471 4
34 0 0 68726643257 4
242 0 0 68726643897 4
302 0 0 68726642622 4
322 1 0 68726950472 4
34 0 0 68726643258 4
242 0 0 68726643898 4
302 0 0 68726642623 4
322 1 0 68726950473 4
34 0 0 68726643259 4
242 0 0 68726643899 4
302 0 0 68726642624 4
322 1 0 68726950474 4
34 0 0 68726643260 4
242 0 0 68726643900 4
302 0 0 68726642625 4
322 1 0 68726950475 4
34 0 0 68726643261 4
242 0 0 68726643901 4
302 0 0 68726642626 4
322 1 0 68726950476 4
34 0 0 68726643262 4
242 0 0 68726643902 4
302 0 0 68726642627 4
322 1 0 68726950477 4
34 0 0 68726643263 4
242 0 0 68726643903 4
302 0 0 68726642628 4
322 1 0 68726950478 4
34 0 0 68726643264 4
