1 0 0 4399153820224 4
141 0 0 4399153820232 4
300 1 0 4399153820232 4
2 1 0 4399153820224 4
2 1 0 4399153820216 4
2 1 0 4399153819960 4
3 1 0 4399153823024 4
6 0 0 288277413720007424 4
285 0 0 4399153822032 4
300 0 0 288277413719990240 4
300 1 0 4399153821912 4
11 0 0 4399153823012 4
289 1 0 4399153820168 4
3 1 0 4399153820176 4
2 1 0 4399153819944 4
3 0 0 288277413719990360 4
292 1 0 4399153820096 4
4 0 0 4399153822080 4
296 1 0 4399153820104 4
3 1 0 4399153820112 4
2 1 0 4399153820120 4
2 1 0 4399153820128 4
2 1 0 4399153820136 4
5 1 0 4399153820144 4
7 1 0 4399153820152 4
3 1 0 4399153819936 4
4 1 0 4399153820160 4
10 1 0 4399153822224 4
8 0 0 4399153823011 4
254 0 0 4399153823064 4
290 0 0 4399153823056 4
300 1 0 4399153819944 4
1 0 0 288371113447672784 4
299 0 0 17186648864 4
300 1 0 4399153819928 4
1 1 0 4399153819920 4
2 1 0 4399153819912 4
2 1 0 4399153819904 4
3 1 0 4399153819880 4
5 1 0 4399153819864 4
2 1 0 4399153819872 4
2 1 0 4399153819800 4
4 0 0 17186652800 4
289 1 0 4399153819792 4
2 1 0 4399153819784 4
2 1 0 4399153819776 4
2 1 0 4399153819768 4
2 1 0 4399153819760 4
2 0 0 4399153822176 4
290 0 0 288371113447672864 4
300 0 0 288277413717867888 4
300 0 0 288371113447672848 4
300 1 0 288371113447672848 4
1 1 0 4399153819624 4
5 1 0 4399153819616 4
2 1 0 4399153819608 4
12 1 0 288371113447672848 4
9 0 0 288371113447672856 4
261 0 0 288371113447672860 4
300 1 0 288371113447672860 4
1 1 0 288371113447672856 4
27 0 0 17186654716 4
272 1 0 17186654716 4
4 1 0 4399153819880 4
2 1 0 4399153819864 4
2 1 0 4399153819872 4
2 1 0 4399153819816 4
4 0 0 17186652896 4
290 0 0 288277413717868840 4
296 1 0 288371113447672856 4
8 1 0 288371113447672860 4
3 1 0 288371113447672848 4
1 1 0 4399153819680 4
5 1 0 4399153819672 4
2 1 0 4399153819664 4
2 1 0 288371113447672848 4
29 1 0 4399153819880 4
3 1 0 4399153819872 4
2 1 0 4399153819848 4
3 1 0 4399153819856 4
2 1 0 4399153819864 4
2 1 0 4399153819832 4
5 1 0 4399153819816 4
2 1 0 4399153819824 4
2 1 0 4399153819752 4
6 1 0 4399153819744 4
2 1 0 4399153819736 4
2 1 0 4399153819728 4
2 1 0 4399153819720 4
2 1 0 4399153819712 4
19 1 0 288371113447672848 4
8 1 0 288371113447672860 4
1 1 0 288371113447672856 4
27 0 0 288371113447672832 4
160 1 0 4399153819832 4
6 1 0 4399153819808 4
2 1 0 4399153819816 4
2 1 0 4399153819824 4
3 0 0 288371113447672896 4
277 1 0 288371113447672896 4
1 0 0 288371113447672900 4
289 0 0 288371113447672888 4
300 1 0 4399153819752 4
4 0 0 17186652664 4
296 1 0 4399153819744 4
2 0 0 288371113447672936 4
298 1 0 4399153819688 4
2 1 0 4399153819696 4
2 1 0 288371113447672936 4
3 0 0 288371113447672904 4
293 1 0 288371113447672904 4
1 1 0 4399153819672 4
3 1 0 4399153819664 4
2 1 0 4399153819656 4
10 1 0 288371113447672904 4
8 1 0 288371113447672904 4
12 1 0 4399153819672 4
12 1 0 288371113447672856 4
8 1 0 288371113447672848 4
1 1 0 4399153819536 4
5 1 0 4399153819528 4
2 1 0 4399153819520 4
2 1 0 288371113447672848 4
21 0 0 288371113447672912 4
243 1 0 288371113447672912 4
1 0 0 288371113447672908 4
279 1 0 288371113447672908 4
1 0 0 288371113447672944 4
299 1 0 288371113447672944 4
1 1 0 4399153819672 4
5 1 0 4399153819712 4
2 1 0 4399153819720 4
2 0 0 4399153822216 4
290 1 0 4399153819736 4
2 1 0 4399153822216 4
6 0 0 288371113447672920 4
292 0 0 288371113447672948 4
300 1 0 4399153819704 4
2 1 0 4399153819684 4
6 1 0 288371113447672904 4
1 1 0 4399153819672 4
3 1 0 4399153819664 4
2 1 0 4399153819656 4
2 1 0 288371113447672904 4
12 1 0 4399153819672 4
3 0 0 4399153822232 4
296 1 0 4399153822232 4
10 1 0 4399153819680 4
12 1 0 4399153819672 4
13 1 0 4399153822232 4
11 1 0 288371113447672904 4
4 0 0 288371113447672928 4
250 1 0 288371113447672944 4
6 1 0 288371113447672904 4
4 1 0 4399153822216 4
4 1 0 4399153819672 4
2 1 0 4399153819664 4
2 1 0 4399153819656 4
2 1 0 4399153819648 4
2 1 0 4399153819640 4
2 1 0 4399153819632 4
7 0 0 288277413717869644 4
268 1 0 288371113447672848 4
4 1 0 288371113447672856 4
34 1 0 288371113447672896 4
1 1 0 288371113447672900 4
14 1 0 4399153819832 4
5 1 0 4399153819816 4
2 1 0 4399153819824 4
2 1 0 4399153819768 4
17 1 0 288371113447672856 4
8 1 0 288371113447672860 4
3 1 0 288371113447672848 4
1 1 0 4399153819632 4
5 1 0 4399153819624 4
2 1 0 4399153819616 4
2 1 0 288371113447672848 4
41 0 0 288371113447672808 4
233 0 0 17186661520 4
290 0 0 288371113447671288 4
300 0 0 17184482328 4
300 1 0 4399153819880 4
1 1 0 4399153819872 4
4 1 0 4399153819864 4
2 1 0 4399153819856 4
2 1 0 4399153819848 4
2 1 0 4399153819840 4
2 1 0 4399153819832 4
2 1 0 4399153819672 4
13 1 0 4399153819576 4
3 1 0 4399153819552 4
2 1 0 4399153819560 4
2 1 0 4399153819568 4
2 1 0 4399153819512 4
3 0 0 17186652328 4
270 0 0 288371113447671308 4
290 1 0 288371113447671308 4
1 0 0 288371113447671312 4
299 1 0 288371113447671312 4
1 0 0 288371113447671304 4
301 1 0 288371113447671308 4
8 0 0 288371113447671316 4
292 1 0 288371113447671312 4
22 0 0 288371113447671360 4
276 0 0 17186661232 4
300 0 0 17186649312 4
300 1 0 4399153819576 4
1 1 0 4399153819560 4
2 1 0 4399153819568 4
2 1 0 4399153819496 4
6 1 0 4399153819488 4
2 1 0 4399153819480 4
2 1 0 4399153819472 4
2 1 0 4399153819464 4
2 1 0 4399153819456 4
5 0 0 17186661256 4
282 0 0 17186661240 4
294 1 0 17186661240 4
1 1 0 4399153819320 4
5 1 0 4399153819312 4
2 1 0 4399153819304 4
10 1 0 17186661240 4
8 1 0 17186661240 4
9 0 0 17186661248 4
295 0 0 17186661252 4
300 1 0 17186661252 4
1 1 0 17186661248 4
31 0 0 288371113447671352 4
268 0 0 288371113447671348 4
292 1 0 288371113447671352 4
3 0 0 17186649320 4
295 1 0 4399153819576 4
1 1 0 4399153819560 4
2 1 0 4399153819568 4
2 1 0 4399153819512 4
17 1 0 17186661248 4
8 1 0 17186661252 4
3 1 0 17186661240 4
1 1 0 4399153819376 4
5 1 0 4399153819368 4
2 1 0 4399153819360 4
2 1 0 17186661240 4
31 0 0 288371113447671872 4
236 0 0 17186682844 4
298 0 0 288371113447671864 4
292 0 0 17186682840 4
300 0 0 288371113447671888 4
300 0 0 288371113447671880 4
300 0 0 17186682824 4
300 0 0 17186682836 4
300 0 0 17186682832 4
300 0 0 288371113447670760 4
300 0 0 288371113447670772 4
300 0 0 288371113447670768 4
300 0 0 17187060656 4
300 0 0 17187061296 4
300 0 0 17187060657 4
300 0 0 17187060658 4
300 0 0 17187061936 4
300 0 0 17187061298 4
300 0 0 17187061938 4
300 0 0 17184479672 4
300 0 0 17187060663 4
300 0 0 17187061937 4
300 0 0 17184479668 4
302 0 0 17184479676 4
308 0 0 17184479664 4
296 1 0 17187368513 4
24 0 0 17187061297 4
282 0 0 17187060659 4
291 0 0 17187061299 4
297 0 0 17187061939 4
302 0 0 17187060664 4
332 1 0 17187368514 4
29 0 0 17187060660 4
250 0 0 17187061300 4
287 0 0 17187061940 4
302 0 0 17187060665 4
332 1 0 17187368515 4
29 0 0 17187060661 4
250 0 0 17187061301 4
287 0 0 17187061941 4
302 0 0 17187060666 4
332 1 0 17187368516 4
29 0 0 17187060662 4
250 0 0 17187061302 4
287 0 0 17187061942 4
302 0 0 17187060667 4
332 1 0 17187368517 4
34 0 0 17187061303 4
242 0 0 17187061943 4
292 0 0 17187060668 4
332 1 0 17187368518 4
34 0 0 17187061304 4
242 0 0 17187061944 4
292 0 0 17187060669 4
332 1 0 17187368519 4
34 0 0 17187061305 4
242 0 0 17187061945 4
292 0 0 17187060670 4
