1 0 0 3299633799744 4
131 0 0 3299633799752 4
300 1 0 3299633799752 4
2 1 0 3299633799744 4
2 1 0 3299633799736 4
2 1 0 3299633799480 4
3 1 0 3299633802544 4
6 0 0 216219819682079488 4
285 0 0 3299633801552 4
300 0 0 216219819682062304 4
300 1 0 3299633801432 4
11 0 0 3299633802532 4
289 1 0 3299633799688 4
3 1 0 3299633799696 4
2 1 0 3299633799464 4
3 0 0 216219819682062424 4
292 1 0 3299633799616 4
4 0 0 3299633801600 4
296 1 0 3299633799624 4
3 1 0 3299633799632 4
2 1 0 3299633799640 4
2 1 0 3299633799648 4
2 1 0 3299633799656 4
5 1 0 3299633799664 4
7 1 0 3299633799672 4
3 1 0 3299633799456 4
4 1 0 3299633799680 4
10 1 0 3299633801744 4
8 0 0 3299633802531 4
254 0 0 3299633802584 4
290 0 0 3299633802576 4
300 1 0 3299633799464 4
1 0 0 216313519409744848 4
299 0 0 12891681568 4
300 1 0 3299633799448 4
1 1 0 3299633799440 4
2 1 0 3299633799432 4
2 1 0 3299633799424 4
3 1 0 3299633799400 4
5 1 0 3299633799384 4
2 1 0 3299633799392 4
2 1 0 3299633799320 4
4 0 0 12891685504 4
289 1 0 3299633799312 4
2 1 0 3299633799304 4
2 1 0 3299633799296 4
2 1 0 3299633799288 4
2 1 0 3299633799280 4
2 0 0 3299633801696 4
290 0 0 216313519409744928 4
300 0 0 216219819679939952 4
300 0 0 216313519409744912 4
300 1 0 216313519409744912 4
1 1 0 3299633799144 4
5 1 0 3299633799136 4
2 1 0 3299633799128 4
10 1 0 216313519409744912 4
8 1 0 216313519409744912 4
9 0 0 216313519409744920 4
255 0 0 216313519409744924 4
300 1 0 216313519409744924 4
1 1 0 216313519409744920 4
27 0 0 12891687420 4
272 1 0 12891687420 4
4 1 0 3299633799400 4
2 1 0 3299633799384 4
2 1 0 3299633799392 4
2 1 0 3299633799336 4
4 0 0 12891685600 4
290 0 0 216219819679940904 4
296 1 0 216313519409744920 4
8 1 0 216313519409744924 4
3 1 0 216313519409744912 4
1 1 0 3299633799200 4
5 1 0 3299633799192 4
2 1 0 3299633799184 4
2 1 0 216313519409744912 4
29 1 0 3299633799400 4
3 1 0 3299633799392 4
2 1 0 3299633799368 4
3 1 0 3299633799376 4
2 1 0 3299633799384 4
2 1 0 3299633799352 4
5 1 0 3299633799336 4
2 1 0 3299633799344 4
2 1 0 3299633799272 4
6 1 0 3299633799264 4
2 1 0 3299633799256 4
2 1 0 3299633799248 4
2 1 0 3299633799240 4
2 1 0 3299633799232 4
19 1 0 216313519409744912 4
8 1 0 216313519409744924 4
1 1 0 216313519409744920 4
27 0 0 216313519409744896 4
160 1 0 3299633799352 4
6 1 0 3299633799328 4
2 1 0 3299633799336 4
2 1 0 3299633799344 4
3 0 0 216313519409744960 4
207 1 0 216313519409744960 4
1 0 0 216313519409744964 4
289 0 0 216313519409744952 4
300 1 0 3299633799272 4
4 0 0 12891685368 4
296 1 0 3299633799264 4
2 0 0 216313519409745000 4
288 1 0 3299633799208 4
2 1 0 3299633799216 4
2 1 0 216313519409745000 4
3 0 0 216313519409744968 4
293 1 0 216313519409744968 4
4 1 0 3299633799192 4
12 1 0 216313519409744920 4
8 1 0 216313519409744912 4
9 0 0 216313519409744976 4
287 1 0 216313519409744976 4
1 0 0 216313519409744972 4
279 1 0 216313519409744972 4
1 0 0 216313519409745008 4
299 1 0 216313519409745008 4
1 1 0 3299633799192 4
5 1 0 3299633799232 4
2 1 0 3299633799240 4
2 0 0 3299633801736 4
290 1 0 3299633799256 4
2 1 0 3299633801736 4
6 0 0 216313519409744984 4
292 0 0 216313519409745012 4
300 1 0 3299633799224 4
2 1 0 3299633799204 4
6 1 0 216313519409744968 4
1 1 0 3299633799192 4
3 1 0 3299633799184 4
2 1 0 3299633799176 4
2 1 0 216313519409744968 4
12 1 0 3299633799192 4
3 0 0 3299633801752 4
296 1 0 3299633801752 4
10 1 0 3299633799200 4
12 1 0 3299633799192 4
13 1 0 3299633801752 4
11 1 0 216313519409744968 4
4 0 0 216313519409744992 4
250 1 0 216313519409745008 4
6 1 0 216313519409744968 4
4 1 0 3299633801736 4
4 1 0 3299633799192 4
2 1 0 3299633799184 4
2 1 0 3299633799176 4
2 1 0 3299633799168 4
2 1 0 3299633799160 4
2 1 0 3299633799152 4
7 0 0 216219819679941708 4
258 1 0 216313519409744912 4
4 1 0 216313519409744920 4
34 1 0 216313519409744960 4
1 1 0 216313519409744964 4
14 1 0 3299633799352 4
5 1 0 3299633799336 4
2 1 0 3299633799344 4
2 1 0 3299633799288 4
17 1 0 216313519409744920 4
8 1 0 216313519409744924 4
3 1 0 216313519409744912 4
1 1 0 3299633799152 4
5 1 0 3299633799144 4
2 1 0 3299633799136 4
2 1 0 216313519409744912 4
41 0 0 216313519409744872 4
243 0 0 12891694224 4
190 0 0 216313519409743352 4
300 0 0 12889515032 4
300 1 0 3299633799400 4
1 1 0 3299633799392 4
4 1 0 3299633799384 4
2 1 0 3299633799376 4
2 1 0 3299633799368 4
2 1 0 3299633799360 4
2 1 0 3299633799352 4
2 1 0 3299633799192 4
13 1 0 3299633799096 4
3 1 0 3299633799072 4
2 1 0 3299633799080 4
2 1 0 3299633799088 4
2 1 0 3299633799032 4
3 0 0 12891685032 4
290 0 0 216313519409743372 4
290 1 0 216313519409743372 4
1 0 0 216313519409743376 4
299 1 0 216313519409743376 4
1 0 0 216313519409743368 4
301 1 0 216313519409743372 4
8 0 0 216313519409743380 4
292 1 0 216313519409743376 4
22 0 0 216313519409743424 4
286 0 0 12891693936 4
290 0 0 12891682016 4
300 1 0 3299633799096 4
1 1 0 3299633799080 4
2 1 0 3299633799088 4
2 1 0 3299633799016 4
6 1 0 3299633799008 4
2 1 0 3299633799000 4
2 1 0 3299633798992 4
2 1 0 3299633798984 4
2 1 0 3299633798976 4
5 0 0 12891693960 4
292 0 0 12891693944 4
284 1 0 12891693944 4
1 1 0 3299633798840 4
5 1 0 3299633798832 4
2 1 0 3299633798824 4
10 1 0 12891693944 4
8 1 0 12891693944 4
9 0 0 12891693952 4
275 0 0 12891693956 4
300 1 0 12891693956 4
1 1 0 12891693952 4
31 0 0 216313519409743416 4
268 0 0 216313519409743412 4
292 1 0 216313519409743416 4
3 0 0 12891682024 4
295 1 0 3299633799096 4
1 1 0 3299633799080 4
2 1 0 3299633799088 4
2 1 0 3299633799032 4
17 1 0 12891693952 4
8 1 0 12891693956 4
3 1 0 12891693944 4
1 1 0 3299633798896 4
5 1 0 3299633798888 4
2 1 0 3299633798880 4
2 1 0 12891693944 4
31 0 0 216313519409743936 4
236 0 0 12891715548 4
288 0 0 216313519409743928 4
292 0 0 12891715544 4
300 0 0 216313519409743952 4
300 0 0 216313519409743944 4
300 0 0 12891715528 4
300 0 0 12891715540 4
300 0 0 12891715536 4
300 0 0 216313519409742824 4
300 0 0 216313519409742836 4
300 0 0 216313519409742832 4
300 0 0 12892108720 4
300 0 0 12892109360 4
300 0 0 12892108721 4
300 0 0 12892108722 4
300 0 0 12892110000 4
300 0 0 12892109362 4
300 0 0 12892110002 4
290 0 0 12889512376 4
300 0 0 12892108727 4
300 0 0 12892110001 4
300 0 0 12889512372 4
302 0 0 12889512380 4
308 0 0 12889512368 4
296 1 0 12892416577 4
24 0 0 12892109361 4
292 0 0 12892108723 4
291 0 0 12892109363 4
297 0 0 12892110003 4
302 0 0 12892108728 4
332 1 0 12892416578 4
29 0 0 12892108724 4
260 0 0 12892109364 4
287 0 0 12892110004 4
292 0 0 12892108729 4
332 1 0 12892416579 4
29 0 0 12892108725 4
260 0 0 12892109365 4
287 0 0 12892110005 4
302 0 0 12892108730 4
332 1 0 12892416580 4
29 0 0 12892108726 4
250 0 0 12892109366 4
287 0 0 12892110006 4
302 0 0 12892108731 4
332 1 0 12892416581 4
34 0 0 12892109367 4
242 0 0 12892110007 4
292 0 0 12892108732 4
332 1 0 12892416582 4
34 0 0 12892109368 4
242 0 0 12892110008 4
272 0 0 12892108733 4
332 1 0 12892416583 4
34 0 0 12892109369 4
262 0 0 12892110009 4
292 0 0 12892108734 4
312 1 0 12892416584 4
34 0 0 12892109370 4
262 0 0 12892110010 4
282 0 0 12892108735 4
332 1 0 12892416585 4
34 0 0 12892109371 4
252 0 0 12892110011 4
292 0 0 12892108736 4
