1 0 0 6598193861184 4
221 0 0 6598193861192 4
300 1 0 6598193861192 4
2 1 0 6598193861184 4
2 1 0 6598193861176 4
2 1 0 6598193860920 4
3 1 0 6598193863984 4
6 0 0 432392601795863296 4
285 0 0 6598193862992 4
300 0 0 432392601795846112 4
300 1 0 6598193862872 4
11 0 0 6598193863972 4
289 1 0 6598193861128 4
3 1 0 6598193861136 4
2 1 0 6598193860904 4
3 0 0 432392601795846232 4
292 1 0 6598193861056 4
4 0 0 6598193863040 4
296 1 0 6598193861064 4
3 1 0 6598193861072 4
2 1 0 6598193861080 4
2 1 0 6598193861088 4
2 1 0 6598193861096 4
5 1 0 6598193861104 4
7 1 0 6598193861112 4
3 1 0 6598193860896 4
4 1 0 6598193861120 4
10 1 0 6598193863184 4
8 0 0 6598193863971 4
254 0 0 6598193864024 4
300 0 0 6598193864016 4
300 1 0 6598193860904 4
1 0 0 432486301523528656 4
299 0 0 25776583456 4
300 1 0 6598193860888 4
1 1 0 6598193860880 4
2 1 0 6598193860872 4
2 1 0 6598193860864 4
3 1 0 6598193860840 4
5 1 0 6598193860824 4
2 1 0 6598193860832 4
2 1 0 6598193860760 4
4 0 0 25776587392 4
279 1 0 6598193860752 4
2 1 0 6598193860744 4
2 1 0 6598193860736 4
2 1 0 6598193860728 4
2 1 0 6598193860720 4
2 0 0 6598193863136 4
290 0 0 432486301523528736 4
300 0 0 432392601793723760 4
300 0 0 432486301523528720 4
300 1 0 432486301523528720 4
1 0 0 432486301523528728 4
299 0 0 432486301523528732 4
300 1 0 432486301523528732 4
1 1 0 432486301523528728 4
27 0 0 25776589308 4
272 1 0 25776589308 4
4 1 0 6598193860840 4
2 1 0 6598193860824 4
2 1 0 6598193860832 4
2 1 0 6598193860776 4
4 0 0 25776587488 4
290 0 0 432392601793724712 4
296 1 0 432486301523528728 4
8 1 0 432486301523528732 4
3 1 0 432486301523528720 4
17 1 0 6598193860840 4
3 1 0 6598193860832 4
2 1 0 6598193860808 4
3 1 0 6598193860816 4
2 1 0 6598193860824 4
2 1 0 6598193860792 4
5 1 0 6598193860776 4
2 1 0 6598193860784 4
2 1 0 6598193860712 4
6 1 0 6598193860704 4
2 1 0 6598193860696 4
2 1 0 6598193860688 4
2 1 0 6598193860680 4
2 1 0 6598193860672 4
19 1 0 432486301523528720 4
8 1 0 432486301523528732 4
1 1 0 432486301523528728 4
27 0 0 432486301523528704 4
192 1 0 6598193860792 4
6 1 0 6598193860768 4
2 1 0 6598193860776 4
2 1 0 6598193860784 4
3 0 0 432486301523528768 4
287 1 0 432486301523528768 4
1 0 0 432486301523528772 4
299 0 0 432486301523528760 4
300 1 0 6598193860712 4
4 0 0 25776587256 4
296 1 0 6598193860704 4
2 0 0 432486301523528808 4
298 1 0 6598193860648 4
2 1 0 6598193860656 4
2 1 0 432486301523528808 4
3 0 0 432486301523528776 4
293 1 0 432486301523528776 4
4 1 0 6598193860632 4
12 1 0 432486301523528728 4
8 1 0 432486301523528720 4
9 0 0 432486301523528784 4
257 1 0 432486301523528784 4
1 0 0 432486301523528780 4
299 1 0 432486301523528780 4
1 0 0 432486301523528816 4
299 1 0 432486301523528816 4
1 1 0 6598193860632 4
5 1 0 6598193860672 4
2 1 0 6598193860680 4
2 0 0 6598193863176 4
290 1 0 6598193860696 4
2 1 0 6598193863176 4
6 0 0 432486301523528792 4
292 0 0 432486301523528820 4
290 1 0 6598193860664 4
2 1 0 6598193860644 4
6 1 0 432486301523528776 4
1 1 0 6598193860632 4
3 0 0 6598193863192 4
295 1 0 6598193863192 4
10 1 0 6598193860640 4
12 1 0 6598193860632 4
13 1 0 6598193863192 4
11 1 0 432486301523528776 4
4 0 0 432486301523528800 4
260 1 0 432486301523528816 4
6 1 0 432486301523528776 4
4 1 0 6598193863176 4
4 1 0 6598193860632 4
2 1 0 6598193860624 4
2 1 0 6598193860616 4
2 1 0 6598193860608 4
2 1 0 6598193860600 4
2 1 0 6598193860592 4
7 0 0 432392601793725516 4
268 1 0 432486301523528720 4
4 1 0 432486301523528728 4
34 1 0 432486301523528768 4
1 1 0 432486301523528772 4
14 1 0 6598193860792 4
5 1 0 6598193860776 4
2 1 0 6598193860784 4
2 1 0 6598193860728 4
17 1 0 432486301523528728 4
8 1 0 432486301523528732 4
3 1 0 432486301523528720 4
1 1 0 6598193860592 4
5 1 0 6598193860584 4
2 1 0 6598193860576 4
2 1 0 432486301523528720 4
41 0 0 432486301523528680 4
163 0 0 25776596112 4
290 0 0 432486301523527160 4
300 0 0 25774416920 4
300 1 0 6598193860840 4
1 1 0 6598193860832 4
4 1 0 6598193860824 4
2 1 0 6598193860816 4
2 1 0 6598193860808 4
2 1 0 6598193860800 4
2 1 0 6598193860792 4
2 1 0 6598193860632 4
13 1 0 6598193860536 4
3 1 0 6598193860512 4
2 1 0 6598193860520 4
2 1 0 6598193860528 4
2 1 0 6598193860472 4
3 0 0 25776586920 4
270 0 0 432486301523527180 4
290 1 0 432486301523527180 4
1 0 0 432486301523527184 4
299 1 0 432486301523527184 4
1 0 0 432486301523527176 4
301 1 0 432486301523527180 4
8 0 0 432486301523527188 4
292 1 0 432486301523527184 4
22 0 0 432486301523527232 4
276 0 0 25776595824 4
300 0 0 25776583904 4
300 1 0 6598193860536 4
1 1 0 6598193860520 4
2 1 0 6598193860528 4
2 1 0 6598193860456 4
6 1 0 6598193860448 4
2 1 0 6598193860440 4
2 1 0 6598193860432 4
2 1 0 6598193860424 4
2 1 0 6598193860416 4
5 0 0 25776595848 4
292 0 0 25776595832 4
284 1 0 25776595832 4
1 0 0 25776595840 4
289 0 0 25776595844 4
300 1 0 25776595844 4
1 1 0 25776595840 4
31 0 0 432486301523527224 4
278 0 0 432486301523527220 4
292 1 0 432486301523527224 4
3 0 0 25776583912 4
295 1 0 6598193860536 4
1 1 0 6598193860520 4
2 1 0 6598193860528 4
2 1 0 6598193860472 4
17 1 0 25776595840 4
8 1 0 25776595844 4
3 1 0 25776595832 4
19 0 0 432486301523527744 4
258 0 0 25776617436 4
298 0 0 432486301523527736 4
292 0 0 25776617432 4
300 0 0 432486301523527760 4
300 0 0 432486301523527752 4
300 0 0 25776617416 4
300 0 0 25776617428 4
300 0 0 25776617424 4
300 0 0 432486301523526632 4
300 0 0 432486301523526644 4
300 0 0 432486301523526640 4
300 0 0 25776979888 4
300 0 0 25776980528 4
300 0 0 25776979889 4
300 0 0 25776979890 4
300 0 0 25776981168 4
300 0 0 25776980530 4
300 0 0 25776981170 4
300 0 0 25774414264 4
300 0 0 25776979895 4
300 0 0 25776981169 4
300 0 0 25774414260 4
302 0 0 25774414268 4
308 0 0 25774414256 4
296 1 0 25777287745 4
24 0 0 25776980529 4
272 0 0 25776979891 4
301 0 0 25776980531 4
297 0 0 25776981171 4
302 0 0 25776979896 4
332 1 0 25777287746 4
29 0 0 25776979892 4
250 0 0 25776980532 4
287 0 0 25776981172 4
302 0 0 25776979897 4
332 1 0 25777287747 4
29 0 0 25776979893 4
250 0 0 25776980533 4
287 0 0 25776981173 4
302 0 0 25776979898 4
332 1 0 25777287748 4
29 0 0 25776979894 4
250 0 0 25776980534 4
287 0 0 25776981174 4
302 0 0 25776979899 4
332 1 0 25777287749 4
34 0 0 25776980535 4
242 0 0 25776981175 4
292 0 0 25776979900 4
332 1 0 25777287750 4
34 0 0 25776980536 4
242 0 0 25776981176 4
292 0 0 25776979901 4
332 1 0 25777287751 4
34 0 0 25776980537 4
242 0 0 25776981177 4
292 0 0 25776979902 4
332 1 0 25777287752 4
34 0 0 25776980538 4
242 0 0 25776981178 4
292 0 0 25776979903 4
332 1 0 25777287753 4
34 0 0 25776980539 4
242 0 0 25776981179 4
292 0 0 25776979904 4
332 1 0 25777287754 4
34 0 0 25776980540 4
242 0 0 25776981180 4
292 0 0 25776979905 4
332 1 0 25777287755 4
34 0 0 25776980541 4
242 0 0 25776981181 4
292 0 0 25776979906 4
332 1 0 25777287756 4
34 0 0 25776980542 4
242 0 0 25776981182 4
292 0 0 25776979907 4
332 1 0 25777287757 4
34 0 0 25776980543 4
242 0 0 25776981183 4
292 0 0 25776979908 4
332 1 0 25777287758 4
34 0 0 25776980544 4
242 0 0 25776981184 4
292 0 0 25776979909 4
332 1 0 25777287759 4
34 0 0 25776980545 4
