1 0 0 7697713881664 4
231 0 0 7697713881672 4
300 1 0 7697713881672 4
2 1 0 7697713881664 4
2 1 0 7697713881656 4
2 1 0 7697713881400 4
3 1 0 7697713884464 4
6 0 0 504450195833791232 4
285 0 0 7697713883472 4
300 0 0 504450195833774048 4
300 1 0 7697713883352 4
11 0 0 7697713884452 4
289 1 0 7697713881608 4
3 1 0 7697713881616 4
2 1 0 7697713881384 4
3 0 0 504450195833774168 4
292 1 0 7697713881536 4
4 0 0 7697713883520 4
296 1 0 7697713881544 4
3 1 0 7697713881552 4
2 1 0 7697713881560 4
2 1 0 7697713881568 4
2 1 0 7697713881576 4
5 1 0 7697713881584 4
7 1 0 7697713881592 4
3 1 0 7697713881376 4
4 1 0 7697713881600 4
10 1 0 7697713883664 4
8 0 0 7697713884451 4
254 0 0 7697713884504 4
300 0 0 7697713884496 4
300 1 0 7697713881384 4
1 0 0 504543895561456592 4
299 0 0 30071550752 4
300 1 0 7697713881368 4
1 1 0 7697713881360 4
2 1 0 7697713881352 4
2 1 0 7697713881344 4
3 1 0 7697713881320 4
5 1 0 7697713881304 4
2 1 0 7697713881312 4
2 1 0 7697713881240 4
4 0 0 30071554688 4
279 1 0 7697713881232 4
2 1 0 7697713881224 4
2 1 0 7697713881216 4
2 1 0 7697713881208 4
2 1 0 7697713881200 4
2 0 0 7697713883616 4
290 0 0 504543895561456672 4
300 0 0 504450195831651696 4
300 0 0 504543895561456656 4
300 1 0 504543895561456656 4
1 0 0 504543895561456664 4
299 0 0 504543895561456668 4
300 1 0 504543895561456668 4
1 1 0 504543895561456664 4
27 0 0 30071556604 4
272 1 0 30071556604 4
4 1 0 7697713881320 4
2 1 0 7697713881304 4
2 1 0 7697713881312 4
2 1 0 7697713881256 4
4 0 0 30071554784 4
290 0 0 504450195831652648 4
296 1 0 504543895561456664 4
8 1 0 504543895561456668 4
3 1 0 504543895561456656 4
17 1 0 7697713881320 4
3 1 0 7697713881312 4
2 1 0 7697713881288 4
3 1 0 7697713881296 4
2 1 0 7697713881304 4
2 1 0 7697713881272 4
5 1 0 7697713881256 4
2 1 0 7697713881264 4
2 1 0 7697713881192 4
6 1 0 7697713881184 4
2 1 0 7697713881176 4
2 1 0 7697713881168 4
2 1 0 7697713881160 4
2 1 0 7697713881152 4
19 1 0 504543895561456656 4
8 1 0 504543895561456668 4
1 1 0 504543895561456664 4
27 0 0 504543895561456640 4
192 1 0 7697713881272 4
6 1 0 7697713881248 4
2 1 0 7697713881256 4
2 1 0 7697713881264 4
3 0 0 504543895561456704 4
287 1 0 504543895561456704 4
1 0 0 504543895561456708 4
299 0 0 504543895561456696 4
300 1 0 7697713881192 4
4 0 0 30071554552 4
296 1 0 7697713881184 4
2 0 0 504543895561456744 4
298 1 0 7697713881128 4
2 1 0 7697713881136 4
2 1 0 504543895561456744 4
3 0 0 504543895561456712 4
293 1 0 504543895561456712 4
4 1 0 7697713881112 4
12 1 0 504543895561456664 4
8 1 0 504543895561456656 4
9 0 0 504543895561456720 4
257 1 0 504543895561456720 4
1 0 0 504543895561456716 4
299 1 0 504543895561456716 4
1 0 0 504543895561456752 4
299 1 0 504543895561456752 4
1 1 0 7697713881112 4
5 1 0 7697713881152 4
2 1 0 7697713881160 4
2 0 0 7697713883656 4
290 1 0 7697713881176 4
2 1 0 7697713883656 4
6 0 0 504543895561456728 4
292 0 0 504543895561456756 4
300 1 0 7697713881144 4
2 1 0 7697713881124 4
6 1 0 504543895561456712 4
1 1 0 7697713881112 4
3 0 0 7697713883672 4
295 1 0 7697713883672 4
10 1 0 7697713881120 4
12 1 0 7697713881112 4
13 1 0 7697713883672 4
11 1 0 504543895561456712 4
4 0 0 504543895561456736 4
250 1 0 504543895561456752 4
6 1 0 504543895561456712 4
4 1 0 7697713883656 4
4 1 0 7697713881112 4
2 1 0 7697713881104 4
2 1 0 7697713881096 4
2 1 0 7697713881088 4
2 1 0 7697713881080 4
2 1 0 7697713881072 4
7 0 0 504450195831653452 4
268 1 0 504543895561456656 4
4 1 0 504543895561456664 4
34 1 0 504543895561456704 4
1 1 0 504543895561456708 4
14 1 0 7697713881272 4
5 1 0 7697713881256 4
2 1 0 7697713881264 4
2 1 0 7697713881208 4
17 1 0 504543895561456664 4
8 1 0 504543895561456668 4
3 1 0 504543895561456656 4
1 1 0 7697713881072 4
5 1 0 7697713881064 4
2 1 0 7697713881056 4
2 1 0 504543895561456656 4
41 0 0 504543895561456616 4
163 0 0 30071563408 4
290 0 0 504543895561455096 4
300 0 0 30069384216 4
300 1 0 7697713881320 4
1 1 0 7697713881312 4
4 1 0 7697713881304 4
2 1 0 7697713881296 4
2 1 0 7697713881288 4
2 1 0 7697713881280 4
2 1 0 7697713881272 4
2 1 0 7697713881112 4
13 1 0 7697713881016 4
3 1 0 7697713880992 4
2 1 0 7697713881000 4
2 1 0 7697713881008 4
2 1 0 7697713880952 4
3 0 0 30071554216 4
270 0 0 504543895561455116 4
290 1 0 504543895561455116 4
1 0 0 504543895561455120 4
299 1 0 504543895561455120 4
1 0 0 504543895561455112 4
301 1 0 504543895561455116 4
8 0 0 504543895561455124 4
292 1 0 504543895561455120 4
22 0 0 504543895561455168 4
286 0 0 30071563120 4
290 0 0 30071551200 4
300 1 0 7697713881016 4
1 1 0 7697713881000 4
2 1 0 7697713881008 4
2 1 0 7697713880936 4
6 1 0 7697713880928 4
2 1 0 7697713880920 4
2 1 0 7697713880912 4
2 1 0 7697713880904 4
2 1 0 7697713880896 4
5 0 0 30071563144 4
292 0 0 30071563128 4
294 1 0 30071563128 4
1 0 0 30071563136 4
289 0 0 30071563140 4
300 1 0 30071563140 4
1 1 0 30071563136 4
31 0 0 504543895561455160 4
268 0 0 504543895561455156 4
292 1 0 504543895561455160 4
3 0 0 30071551208 4
295 1 0 7697713881016 4
1 1 0 7697713881000 4
2 1 0 7697713881008 4
2 1 0 7697713880952 4
17 1 0 30071563136 4
8 1 0 30071563140 4
3 1 0 30071563128 4
1 1 0 7697713880816 4
5 1 0 7697713880808 4
2 1 0 7697713880800 4
2 1 0 30071563128 4
31 0 0 504543895561455680 4
236 0 0 30071584732 4
298 0 0 504543895561455672 4
292 0 0 30071584728 4
300 0 0 504543895561455696 4
300 0 0 504543895561455688 4
300 0 0 30071584712 4
300 0 0 30071584724 4
300 0 0 30071584720 4
300 0 0 504543895561454568 4
300 0 0 504543895561454580 4
300 0 0 504543895561454576 4
300 0 0 30071931824 4
300 0 0 30071932464 4
300 0 0 30071931825 4
300 0 0 30071931826 4
300 0 0 30071933104 4
300 0 0 30071932466 4
300 0 0 30071933106 4
300 0 0 30069381560 4
300 0 0 30071931831 4
300 0 0 30071933105 4
300 0 0 30069381556 4
302 0 0 30069381564 4
308 0 0 30069381552 4
296 1 0 30072239681 4
24 0 0 30071932465 4
272 0 0 30071931827 4
301 0 0 30071932467 4
297 0 0 30071933107 4
302 0 0 30071931832 4
332 1 0 30072239682 4
29 0 0 30071931828 4
250 0 0 30071932468 4
287 0 0 30071933108 4
302 0 0 30071931833 4
332 1 0 30072239683 4
29 0 0 30071931829 4
250 0 0 30071932469 4
287 0 0 30071933109 4
302 0 0 30071931834 4
332 1 0 30072239684 4
29 0 0 30071931830 4
250 0 0 30071932470 4
287 0 0 30071933110 4
302 0 0 30071931835 4
332 1 0 30072239685 4
34 0 0 30071932471 4
242 0 0 30071933111 4
292 0 0 30071931836 4
332 1 0 30072239686 4
34 0 0 30071932472 4
242 0 0 30071933112 4
292 0 0 30071931837 4
332 1 0 30072239687 4
34 0 0 30071932473 4
242 0 0 30071933113 4
292 0 0 30071931838 4
332 1 0 30072239688 4
34 0 0 30071932474 4
242 0 0 30071933114 4
292 0 0 30071931839 4
332 1 0 30072239689 4
34 0 0 30071932475 4
242 0 0 30071933115 4
292 0 0 30071931840 4
332 1 0 30072239690 4
34 0 0 30071932476 4
242 0 0 30071933116 4
292 0 0 30071931841 4
332 1 0 30072239691 4
34 0 0 30071932477 4
242 0 0 30071933117 4
292 0 0 30071931842 4
332 1 0 30072239692 4
34 0 0 30071932478 4
242 0 0 30071933118 4
292 0 0 30071931843 4
332 1 0 30072239693 4
34 0 0 30071932479 4
242 0 0 30071933119 4
292 0 0 30071931844 4
332 1 0 30072239694 4
34 0 0 30071932480 4
