1 0 0 18692863730240 4
331 0 0 18692863730248 4
300 1 0 18692863730248 4
2 1 0 18692863730240 4
2 1 0 18692863730232 4
2 1 0 18692863729976 4
3 1 0 18692863733040 4
6 0 0 1225026136213070592 4
295 0 0 18692863732048 4
300 0 0 1225026136213053408 4
300 1 0 18692863731928 4
5 0 0 18692863733028 4
285 1 0 18692863730184 4
3 1 0 18692863730192 4
2 1 0 18692863729960 4
3 0 0 1225026136213053528 4
292 1 0 18692863730112 4
4 0 0 18692863732096 4
296 1 0 18692863730120 4
3 1 0 18692863730128 4
2 1 0 18692863730136 4
2 1 0 18692863730144 4
2 1 0 18692863730152 4
5 1 0 18692863730160 4
7 1 0 18692863730168 4
3 1 0 18692863729952 4
4 1 0 18692863730176 4
10 1 0 18692863732240 4
8 0 0 18692863733027 4
264 0 0 18692863733080 4
300 0 0 18692863733072 4
300 1 0 18692863729960 4
1 0 0 1225119835940735952 4
299 0 0 73019056576 4
300 1 0 18692863729944 4
1 1 0 18692863729936 4
2 1 0 18692863729928 4
2 1 0 18692863729920 4
3 1 0 18692863729896 4
5 1 0 18692863729880 4
2 1 0 18692863729888 4
2 1 0 18692863729816 4
4 0 0 73021227648 4
279 1 0 18692863729808 4
2 1 0 18692863729800 4
2 1 0 18692863729792 4
2 1 0 18692863729784 4
2 1 0 18692863729776 4
2 0 0 18692863732192 4
290 0 0 1225119835940736032 4
300 0 0 1225026136210931056 4
300 0 0 1225119835940736016 4
300 1 0 1225119835940736016 4
1 0 0 1225119835940736024 4
299 0 0 1225119835940736028 4
290 1 0 1225119835940736028 4
1 1 0 1225119835940736024 4
27 0 0 73021229564 4
282 1 0 73021229564 4
4 1 0 18692863729896 4
2 1 0 18692863729880 4
2 1 0 18692863729888 4
2 1 0 18692863729832 4
4 0 0 73021227744 4
290 0 0 1225026136210932008 4
296 1 0 1225119835940736024 4
8 1 0 1225119835940736028 4
3 1 0 1225119835940736016 4
17 1 0 18692863729896 4
3 1 0 18692863729888 4
2 1 0 18692863729864 4
3 1 0 18692863729872 4
2 1 0 18692863729880 4
2 1 0 18692863729848 4
5 1 0 18692863729832 4
2 1 0 18692863729840 4
2 1 0 18692863729768 4
6 1 0 18692863729760 4
2 1 0 18692863729752 4
2 1 0 18692863729744 4
2 1 0 18692863729736 4
2 1 0 18692863729728 4
19 1 0 1225119835940736016 4
8 1 0 1225119835940736028 4
1 1 0 1225119835940736024 4
27 0 0 1225119835940736000 4
282 1 0 18692863729848 4
6 1 0 18692863729824 4
2 1 0 18692863729832 4
2 1 0 18692863729840 4
3 0 0 1225119835940736064 4
287 1 0 1225119835940736064 4
1 0 0 1225119835940736068 4
299 0 0 1225119835940736056 4
300 1 0 18692863729768 4
4 0 0 73021227512 4
296 1 0 18692863729760 4
2 0 0 1225119835940736104 4
298 1 0 18692863729704 4
2 1 0 18692863729712 4
2 1 0 1225119835940736104 4
3 0 0 1225119835940736072 4
273 1 0 1225119835940736072 4
4 1 0 18692863729688 4
12 1 0 1225119835940736024 4
8 1 0 1225119835940736016 4
9 0 0 1225119835940736080 4
287 1 0 1225119835940736080 4
1 0 0 1225119835940736076 4
299 1 0 1225119835940736076 4
1 0 0 1225119835940736112 4
299 1 0 1225119835940736112 4
1 1 0 18692863729688 4
5 1 0 18692863729728 4
2 1 0 18692863729736 4
2 0 0 18692863732232 4
290 1 0 18692863729752 4
2 1 0 18692863732232 4
6 0 0 1225119835940736088 4
292 0 0 1225119835940736116 4
290 1 0 18692863729720 4
2 1 0 18692863729700 4
6 1 0 1225119835940736072 4
1 1 0 18692863729688 4
3 0 0 18692863732248 4
285 1 0 18692863732248 4
10 1 0 18692863729696 4
12 1 0 18692863729688 4
13 1 0 18692863732248 4
11 1 0 1225119835940736072 4
4 0 0 1225119835940736096 4
260 1 0 1225119835940736112 4
6 1 0 1225119835940736072 4
4 1 0 18692863732232 4
4 1 0 18692863729688 4
2 1 0 18692863729680 4
2 1 0 18692863729672 4
2 1 0 18692863729664 4
2 1 0 18692863729656 4
2 1 0 18692863729648 4
7 0 0 1225026136210932812 4
248 1 0 1225119835940736016 4
4 1 0 1225119835940736024 4
34 1 0 1225119835940736064 4
1 1 0 1225119835940736068 4
14 1 0 18692863729848 4
5 1 0 18692863729832 4
2 1 0 18692863729840 4
2 1 0 18692863729784 4
17 1 0 1225119835940736024 4
8 1 0 1225119835940736028 4
3 1 0 1225119835940736016 4
1 1 0 18692863729648 4
5 1 0 18692863729640 4
2 1 0 18692863729632 4
2 1 0 1225119835940736016 4
41 0 0 1225119835940735976 4
283 0 0 73021236368 4
300 0 0 1225119835940734456 4
300 0 0 73019057176 4
270 1 0 18692863729896 4
1 1 0 18692863729888 4
4 1 0 18692863729880 4
2 1 0 18692863729872 4
2 1 0 18692863729864 4
2 1 0 18692863729856 4
2 1 0 18692863729848 4
2 1 0 18692863729688 4
13 1 0 18692863729592 4
3 1 0 18692863729568 4
2 1 0 18692863729576 4
2 1 0 18692863729584 4
2 1 0 18692863729528 4
3 0 0 73021227176 4
290 0 0 1225119835940734476 4
300 1 0 1225119835940734476 4
1 0 0 1225119835940734480 4
299 1 0 1225119835940734480 4
1 0 0 1225119835940734472 4
301 1 0 1225119835940734476 4
8 0 0 1225119835940734484 4
282 1 0 1225119835940734480 4
22 0 0 1225119835940734528 4
286 0 0 73021236080 4
300 0 0 73021224160 4
280 1 0 18692863729592 4
1 1 0 18692863729576 4
2 1 0 18692863729584 4
2 1 0 18692863729512 4
6 1 0 18692863729504 4
2 1 0 18692863729496 4
2 1 0 18692863729488 4
2 1 0 18692863729480 4
2 1 0 18692863729472 4
5 0 0 73021236104 4
292 0 0 73021236088 4
284 1 0 73021236088 4
1 0 0 73021236096 4
299 0 0 73021236100 4
290 1 0 73021236100 4
1 1 0 73021236096 4
31 0 0 1225119835940734520 4
298 0 0 1225119835940734516 4
302 1 0 1225119835940734520 4
3 0 0 73021224168 4
265 1 0 18692863729592 4
1 1 0 18692863729576 4
2 1 0 18692863729584 4
2 1 0 18692863729528 4
17 1 0 73021236096 4
8 1 0 73021236100 4
3 1 0 73021236088 4
19 0 0 1225119835940735040 4
278 0 0 73021257692 4
308 0 0 1225119835940735032 4
292 0 0 73021257688 4
300 0 0 1225119835940735056 4
300 0 0 1225119835940735048 4
300 0 0 73021257672 4
300 0 0 73021257684 4
300 0 0 73021257680 4
300 0 0 1225119835940733928 4
300 0 0 1225119835940733940 4
300 0 0 1225119835940733936 4
300 0 0 73021615024 4
300 0 0 73021615664 4
300 0 0 73021615025 4
300 0 0 73021615026 4
300 0 0 73021616304 4
300 0 0 73021615666 4
300 0 0 73021616306 4
300 0 0 73019054520 4
300 0 0 73021615031 4
300 0 0 73021616305 4
300 0 0 73019054516 4
302 0 0 73019054524 4
308 0 0 73019054512 4
286 1 0 73021922881 4
24 0 0 73021615665 4
282 0 0 73021615027 4
301 0 0 73021615667 4
297 0 0 73021616307 4
302 0 0 73021615032 4
302 1 0 73021922882 4
29 0 0 73021615028 4
270 0 0 73021615668 4
297 0 0 73021616308 4
302 0 0 73021615033 4
302 1 0 73021922883 4
29 0 0 73021615029 4
270 0 0 73021615669 4
297 0 0 73021616309 4
302 0 0 73021615034 4
302 1 0 73021922884 4
29 0 0 73021615030 4
270 0 0 73021615670 4
297 0 0 73021616310 4
302 0 0 73021615035 4
302 1 0 73021922885 4
34 0 0 73021615671 4
262 0 0 73021616311 4
302 0 0 73021615036 4
302 1 0 73021922886 4
34 0 0 73021615672 4
262 0 0 73021616312 4
302 0 0 73021615037 4
302 1 0 73021922887 4
34 0 0 73021615673 4
262 0 0 73021616313 4
302 0 0 73021615038 4
302 1 0 73021922888 4
34 0 0 73021615674 4
262 0 0 73021616314 4
302 0 0 73021615039 4
302 1 0 73021922889 4
34 0 0 73021615675 4
262 0 0 73021616315 4
302 0 0 73021615040 4
302 1 0 73021922890 4
34 0 0 73021615676 4
262 0 0 73021616316 4
302 0 0 73021615041 4
302 1 0 73021922891 4
34 0 0 73021615677 4
262 0 0 73021616317 4
302 0 0 73021615042 4
302 1 0 73021922892 4
34 0 0 73021615678 4
262 0 0 73021616318 4
302 0 0 73021615043 4
302 1 0 73021922893 4
34 0 0 73021615679 4
262 0 0 73021616319 4
302 0 0 73021615044 4
302 1 0 73021922894 4
34 0 0 73021615680 4
262 0 0 73021616320 4
302 0 0 73021615045 4
302 1 0 73021922895 4
34 0 0 73021615681 4
