0 0 1 6345360 4
11 0 0 1132486904 8
201 0 1 6345296 4
50 0 0 6455800 4
202 0 0 6439160 4
201 0 0 6422776 4
201 0 0 6406392 4
201 0 0 6390008 4
201 0 0 6373624 4
225 1 0 1132486816 4
203 0 1 6303960 8
14 0 1 6303728 8
11 1 0 1132486776 8
225 1 0 1132486712 8
208 0 1 47759849328744 8
11 0 1 6303384 8
11 0 1 47759849328888 8
11 0 1 6303512 8
11 0 0 4197516 4
211 0 1 47759849328640 8
15 0 1 4195997 1
12 0 1 47759849329096 8
13 0 1 6303608 8
12 0 1 4196668 2
15 0 1 47759849329376 8
11 0 1 47760170814208 4
13 0 0 1132489064 4
208 0 0 47759849329536 8
209 1 0 1132486648 8
216 1 0 1132486480 8
205 1 0 1132486456 8
203 1 0 1132486360 8
201 0 1 4196164 1
61 0 1 47759837181192 8
13 1 0 1132486584 8
215 0 1 47759849329496 8
56 1 0 1132486328 8
210 1 0 1132486224 8
222 0 1 47759849329336 8
20 1 0 1132486200 8
210 0 1 47760170814096 8
20 0 1 47759849329429 1
12 0 1 47759837178848 1
41 0 1 4195248 8
52 1 0 1132486136 8
207 0 1 47759835060196 1
11 0 1 4196139 1
25 0 1 47759849330008 8
87 0 1 47760162697256 8
18 0 1 47760162698005 1
17 0 1 47760162697964 4
13 0 1 47760162697328 8
11 0 1 47760165811440 8
30 0 0 47760162741120 8
262 0 1 47759849331912 8
50 0 1 47760162698328 8
111 0 1 47760162698464 8
18 0 1 47760162699213 1
17 0 1 47760162699172 4
13 0 1 47760162698536 8
11 0 1 47760168644208 8
30 0 0 47760166212480 8
220 0 1 47760166214548 4
18 0 1 47760166216064 4
43 0 1 47760166223024 8
44 0 1 47760166225392 1
111 0 1 47760166226746 2
17 0 1 47760170814832 4
16 0 1 47760170814200 8
31 0 1 4196584 8
11 0 1 47760166226162 8
29 0 1 47760166226170 8
80 0 1 47759837178920 4
116 0 1 47760162698424 8
85 0 1 47760166492048 8
13 0 0 47760166433688 8
205 0 1 47760166437336 8
13 0 1 47760166504064 8
20 0 1 47760166503520 8
23 0 1 4204472 4
37 0 1 6303880 8
59 0 1 4197276 4
27 0 1 4195757 1
491 0 0 47760162743704 8
470 0 1 47760166213692 4
18 0 1 47760166215616 4
43 0 1 47760166220336 8
141 0 1 47760166226522 2
293 0 1 47760166502888 4
11 0 1 47760166497960 4
29 0 0 47760166502728 4
220 0 1 47760166500556 4
37 0 1 4204496 8
17 0 1 4204544 8
207 0 1 6303744 8
59 0 1 4196868 4
23 0 1 4196856 8
13 0 1 4195301 1
481 0 0 47760162743232 8
449 0 1 47760166212288 8
30 0 1 47760166214436 4
18 0 1 47760166216016 4
43 0 1 47760166222736 8
56 0 1 47760166224856 8
357 0 0 47760166488944 8
217 0 0 47760166489592 8
203 0 0 47760166489336 8
209 0 0 47760166488960 8
272 1 0 6357000 4
317 0 1 47760166504480 8
20 0 0 47760166503936 8
281 0 1 47760166502652 4
298 0 1 47760166489640 8
17 0 1 47760166489664 8
21 0 1 47760166489048 8
72 0 0 6455808 4
202 0 0 6439168 4
201 0 0 6422784 4
201 0 0 6406400 4
201 0 0 6390016 4
201 0 0 6373632 4
1349 0 1 47760166503576 8
84 0 1 47760166502820 4
13 0 1 47760166502692 4
4811 0 1 47760166504176 8
20 0 1 47760166503632 8
970 1 0 6357056 4
1889 0 0 6455872 4
202 0 0 6439232 4
201 0 0 6422848 4
201 0 0 6406464 4
201 0 0 6390080 4
201 0 0 6373696 4
868 0 1 47760166504392 8
20 0 1 47760166503848 8
6578 1 0 6357120 4
1889 0 0 6455936 4
202 0 0 6439296 4
201 0 0 6422912 4
201 0 0 6406528 4
201 0 0 6390144 4
201 0 0 6373760 4
7324 1 0 6357184 4
1932 0 0 6456000 4
202 0 0 6439360 4
201 0 0 6422976 4
201 0 0 6406592 4
201 0 0 6390208 4
201 0 0 6373824 4
7342 1 0 6357248 4
1903 0 0 6456064 4
202 0 0 6439424 4
201 0 0 6423040 4
201 0 0 6406656 4
201 0 0 6390272 4
201 0 0 6373888 4
7203 1 0 6357312 4
1696 0 0 6456128 4
202 0 0 6439488 4
201 0 0 6423104 4
201 0 0 6406720 4
201 0 0 6390336 4
201 0 0 6373952 4
7073 1 0 6357376 4
1798 0 0 6456192 4
202 0 0 6439552 4
201 0 0 6423168 4
201 0 0 6406784 4
201 0 0 6390400 4
201 0 0 6374016 4
7197 1 0 6357440 4
1812 0 0 6456256 4
202 0 0 6439616 4
201 0 0 6423232 4
201 0 0 6406848 4
201 0 0 6390464 4
201 0 0 6374080 4
7026 1 0 6357504 4
1895 0 0 6456320 4
202 0 0 6439680 4
201 0 0 6423296 4
201 0 0 6406912 4
201 0 0 6390528 4
201 0 0 6374144 4
7075 1 0 6357568 4
1844 0 0 6456384 4
202 0 0 6439744 4
201 0 0 6423360 4
201 0 0 6406976 4
201 0 0 6390592 4
201 0 0 6374208 4
7239 1 0 6357632 4
1740 0 0 6456448 4
202 0 0 6439808 4
201 0 0 6423424 4
201 0 0 6407040 4
201 0 0 6390656 4
201 0 0 6374272 4
7252 1 0 6357696 4
1853 0 0 6456512 4
202 0 0 6439872 4
201 0 0 6423488 4
201 0 0 6407104 4
201 0 0 6390720 4
201 0 0 6374336 4
7100 1 0 6357760 4
1846 0 0 6456576 4
202 0 0 6439936 4
201 0 0 6423552 4
201 0 0 6407168 4
201 0 0 6390784 4
201 0 0 6374400 4
7016 1 0 6357824 4
1896 0 0 6456640 4
202 0 0 6440000 4
201 0 0 6423616 4
201 0 0 6407232 4
201 0 0 6390848 4
201 0 0 6374464 4
7165 1 0 6357888 4
1746 0 0 6456704 4
202 0 0 6440064 4
201 0 0 6423680 4
201 0 0 6407296 4
201 0 0 6390912 4
201 0 0 6374528 4
7205 1 0 6357952 4
1783 0 0 6456768 4
202 0 0 6440128 4
201 0 0 6423744 4
201 0 0 6407360 4
201 0 0 6390976 4
201 0 0 6374592 4
7132 1 0 6358016 4
1842 0 0 6456832 4
202 0 0 6440192 4
201 0 0 6423808 4
201 0 0 6407424 4
201 0 0 6391040 4
201 0 0 6374656 4
7151 1 0 6358080 4
1910 0 0 6456896 4
202 0 0 6440256 4
201 0 0 6423872 4
201 0 0 6407488 4
201 0 0 6391104 4
201 0 0 6374720 4
6597 0 1 47760166489352 8
632 1 0 6358144 4
1903 0 0 6456960 4
202 0 0 6440320 4
201 0 0 6423936 4
201 0 0 6407552 4
201 0 0 6391168 4
201 0 0 6374784 4
7285 1 0 6358208 4
1761 0 0 6457024 4
202 0 0 6440384 4
201 0 0 6424000 4
201 0 0 6407616 4
201 0 0 6391232 4
201 0 0 6374848 4
7483 1 0 6358272 4
1904 0 0 6457088 4
202 0 0 6440448 4
201 0 0 6424064 4
201 0 0 6407680 4
201 0 0 6391296 4
201 0 0 6374912 4
7179 1 1 6358336 4
1686 0 1 6457152 4
12 0 1 6440512 4
11 0 1 6424128 4
11 0 1 6407744 4
11 0 1 6391360 4
11 0 1 6374976 4
