0 0 1 6345360 4
11 0 0 1157665016 8
201 0 1 6345296 4
50 0 0 6459892 4
202 0 0 6443252 4
201 0 0 6426868 4
201 0 0 6410484 4
201 0 0 6394100 4
201 0 0 6377716 4
225 1 0 1157664928 4
203 0 1 6303960 8
14 0 1 6303728 8
11 1 0 1157664888 8
225 1 0 1157664824 8
208 0 1 47759849328744 8
11 0 1 6303384 8
11 0 1 47759849328888 8
11 0 1 6303512 8
11 0 1 4197516 4
21 0 1 47759849328640 8
15 0 1 4195997 1
12 0 0 47759849329096 8
203 0 1 6303608 8
12 0 0 4196668 2
205 0 1 47759849329376 8
11 0 1 47760170814208 4
13 0 0 1157667176 4
208 0 1 47759849329536 8
19 1 0 1157664760 8
216 1 0 1157664592 8
205 1 0 1157664568 8
203 1 0 1157664472 8
201 0 1 4196164 1
61 0 1 47759837181192 8
13 1 0 1157664696 8
215 0 1 47759849329496 8
56 1 0 1157664440 8
210 1 0 1157664336 8
222 0 1 47759849329336 8
20 1 0 1157664312 8
210 0 1 47760170814096 8
20 0 1 47759849329429 1
12 0 1 47759837178848 1
41 0 1 4195248 8
52 1 0 1157664248 8
207 0 1 47759835060196 1
11 0 1 4196139 1
25 0 1 47759849330008 8
87 0 1 47760162697256 8
18 0 1 47760162698005 1
17 0 1 47760162697964 4
13 0 1 47760162697328 8
11 0 1 47760165811440 8
30 0 1 47760162741120 8
72 0 1 47759849331912 8
50 0 1 47760162698328 8
111 0 0 47760162698464 8
208 0 1 47760162699213 1
17 0 0 47760162699172 4
203 0 1 47760162698536 8
11 0 1 47760168644208 8
30 0 1 47760166212480 8
30 0 1 47760166214548 4
18 0 1 47760166216064 4
43 0 1 47760166223024 8
44 0 1 47760166225392 1
111 0 1 47760166226746 2
17 0 1 47760170814832 4
16 0 1 47760170814200 8
31 0 1 4196584 8
11 0 1 47760166226162 8
29 0 1 47760166226170 8
80 0 1 47759837178920 4
116 0 1 47760162698424 8
85 0 1 47760166492048 8
13 0 1 47760166433688 8
15 0 1 47760166437336 8
13 0 1 47760166504176 8
20 0 0 47760166503632 8
213 0 0 4204472 4
227 0 1 6303880 8
59 0 1 4197276 4
27 0 1 4195757 1
491 0 1 47760162743704 8
280 0 1 47760166213692 4
18 0 1 47760166215616 4
43 0 1 47760166220336 8
141 0 1 47760166226522 2
293 0 1 47760166502888 4
11 0 1 47760166497960 4
25 0 1 47760166502812 4
13 0 1 47760166502684 4
30 0 1 47760166500556 4
37 0 1 4204496 8
17 0 1 4204544 8
100 0 1 47760166502728 4
116 0 1 6303744 8
59 0 0 4196868 4
213 0 1 4196856 8
13 0 1 4195301 1
481 0 1 47760162743232 8
259 0 1 47760166212288 8
30 0 1 47760166214436 4
18 0 0 47760166216016 4
233 0 1 47760166222736 8
56 0 1 47760166224856 8
362 0 1 47760166489640 8
17 0 1 47760166489664 8
21 0 1 47760166489048 8
48 1 0 6361092 4
555 0 1 47760166502652 4
134 0 1 47760166488944 8
27 0 1 47760166489592 8
13 0 1 47760166489336 8
19 0 1 47760166488960 8
195 0 1 47760166504064 8
20 0 1 47760166503520 8
374 0 0 6459904 4
202 0 0 6443264 4
201 0 0 6426880 4
201 0 0 6410496 4
201 0 0 6394112 4
201 0 0 6377728 4
1413 0 1 47760166504392 8
20 0 1 47760166503848 8
5931 1 0 6361152 4
1870 0 0 6459968 4
202 0 0 6443328 4
201 0 0 6426944 4
201 0 0 6410560 4
201 0 0 6394176 4
201 0 0 6377792 4
7471 1 0 6361216 4
1946 0 0 6460032 4
202 0 0 6443392 4
201 0 0 6427008 4
201 0 0 6410624 4
201 0 0 6394240 4
201 0 0 6377856 4
5233 0 1 47760166503576 8
1990 1 0 6361280 4
1372 0 1 47760166504480 8
20 0 1 47760166503936 8
458 0 0 6460096 4
202 0 0 6443456 4
201 0 0 6427072 4
201 0 0 6410688 4
201 0 0 6394304 4
201 0 0 6377920 4
7097 1 0 6361344 4
1725 0 0 6460160 4
202 0 0 6443520 4
201 0 0 6427136 4
201 0 0 6410752 4
201 0 0 6394368 4
201 0 0 6377984 4
7206 1 0 6361408 4
1868 0 0 6460224 4
202 0 0 6443584 4
201 0 0 6427200 4
201 0 0 6410816 4
201 0 0 6394432 4
201 0 0 6378048 4
7026 1 0 6361472 4
1813 0 0 6460288 4
202 0 0 6443648 4
201 0 0 6427264 4
201 0 0 6410880 4
201 0 0 6394496 4
201 0 0 6378112 4
7063 1 0 6361536 4
1852 0 0 6460352 4
202 0 0 6443712 4
201 0 0 6427328 4
201 0 0 6410944 4
201 0 0 6394560 4
201 0 0 6378176 4
7203 1 0 6361600 4
1763 0 0 6460416 4
202 0 0 6443776 4
201 0 0 6427392 4
201 0 0 6411008 4
201 0 0 6394624 4
201 0 0 6378240 4
7246 1 0 6361664 4
1804 0 0 6460480 4
202 0 0 6443840 4
201 0 0 6427456 4
201 0 0 6411072 4
201 0 0 6394688 4
201 0 0 6378304 4
7221 1 0 6361728 4
1867 0 0 6460544 4
202 0 0 6443904 4
201 0 0 6427520 4
201 0 0 6411136 4
201 0 0 6394752 4
201 0 0 6378368 4
6964 1 0 6361792 4
1817 0 0 6460608 4
202 0 0 6443968 4
201 0 0 6427584 4
201 0 0 6411200 4
201 0 0 6394816 4
201 0 0 6378432 4
7221 1 0 6361856 4
1812 0 0 6460672 4
202 0 0 6444032 4
201 0 0 6427648 4
201 0 0 6411264 4
201 0 0 6394880 4
201 0 0 6378496 4
7109 1 0 6361920 4
1783 0 0 6460736 4
202 0 0 6444096 4
201 0 0 6427712 4
201 0 0 6411328 4
201 0 0 6394944 4
201 0 0 6378560 4
7198 1 0 6361984 4
1853 0 0 6460800 4
202 0 0 6444160 4
201 0 0 6427776 4
201 0 0 6411392 4
201 0 0 6395008 4
201 0 0 6378624 4
7118 1 0 6362048 4
1896 0 0 6460864 4
202 0 0 6444224 4
201 0 0 6427840 4
201 0 0 6411456 4
201 0 0 6395072 4
201 0 0 6378688 4
7128 1 0 6362112 4
1867 0 0 6460928 4
202 0 0 6444288 4
201 0 0 6427904 4
201 0 0 6411520 4
201 0 0 6395136 4
201 0 0 6378752 4
2291 0 1 47760166489352 8
5142 1 0 6362176 4
1749 0 0 6460992 4
202 0 0 6444352 4
201 0 0 6427968 4
201 0 0 6411584 4
201 0 0 6395200 4
201 0 0 6378816 4
7236 1 0 6362240 4
1904 0 0 6461056 4
202 0 0 6444416 4
201 0 0 6428032 4
201 0 0 6411648 4
201 0 0 6395264 4
201 0 0 6378880 4
7393 1 0 6362304 4
1875 0 0 6461120 4
202 0 0 6444480 4
201 0 0 6428096 4
201 0 0 6411712 4
201 0 0 6395328 4
201 0 0 6378944 4
7303 1 0 6362368 4
1931 0 0 6461184 4
202 0 0 6444544 4
201 0 0 6428160 4
201 0 0 6411776 4
201 0 0 6395392 4
201 0 0 6379008 4
7236 1 1 6362432 4
1655 0 1 6461248 4
12 0 1 6444608 4
11 0 1 6428224 4
11 0 1 6411840 4
11 0 1 6395456 4
11 0 1 6379072 4
