0 0 1 6345360 4
11 0 0 1149272312 8
201 0 1 6345296 4
50 0 0 6458528 4
202 0 0 6441888 4
201 0 0 6425504 4
201 0 0 6409120 4
201 0 0 6392736 4
201 0 0 6376352 4
225 1 0 1149272224 4
203 0 1 6303960 8
14 0 1 6303728 8
11 1 0 1149272184 8
225 1 0 1149272120 8
208 0 1 47759849328744 8
11 0 1 6303384 8
11 0 1 47759849328888 8
11 0 1 6303512 8
11 0 1 4197516 4
21 0 1 47759849328640 8
15 0 0 4195997 1
202 0 1 47759849329096 8
13 0 1 6303608 8
12 0 1 4196668 2
15 0 0 47759849329376 8
201 0 1 47760170814208 4
13 0 0 1149274472 4
208 0 1 47759849329536 8
19 1 0 1149272056 8
216 1 0 1149271888 8
205 1 0 1149271864 8
203 1 0 1149271768 8
201 0 1 4196164 1
61 0 1 47759837181192 8
13 1 0 1149271992 8
215 0 1 47759849329496 8
56 1 0 1149271736 8
210 1 0 1149271632 8
222 0 1 47759849329336 8
20 1 0 1149271608 8
210 0 1 47760170814096 8
20 0 1 47759849329429 1
12 0 1 47759837178848 1
41 0 1 4195248 8
52 1 0 1149271544 8
207 0 1 47759835060196 1
11 0 1 4196139 1
25 0 1 47759849330008 8
87 0 1 47760162697256 8
18 0 1 47760162698005 1
17 0 1 47760162697964 4
13 0 1 47760162697328 8
11 0 1 47760165811440 8
30 0 1 47760162741120 8
72 0 1 47759849331912 8
50 0 0 47760162698328 8
301 0 1 47760162698464 8
18 0 1 47760162699213 1
17 0 1 47760162699172 4
13 0 0 47760162698536 8
201 0 1 47760168644208 8
30 0 1 47760166212480 8
30 0 1 47760166214548 4
18 0 1 47760166216064 4
43 0 1 47760166223024 8
44 0 1 47760166225392 1
111 0 1 47760166226746 2
17 0 1 47760170814832 4
16 0 1 47760170814200 8
31 0 1 4196584 8
11 0 1 47760166226162 8
29 0 1 47760166226170 8
80 0 1 47759837178920 4
116 0 1 47760162698424 8
85 0 1 47760166492048 8
13 0 1 47760166433688 8
15 0 1 47760166437336 8
13 0 0 47760166504176 8
210 0 1 47760166503632 8
23 0 1 4204472 4
37 0 0 6303880 8
249 0 1 4197276 4
27 0 1 4195757 1
491 0 1 47760162743704 8
280 0 1 47760166213692 4
18 0 1 47760166215616 4
43 0 1 47760166220336 8
141 0 1 47760166226522 2
293 0 1 47760166502888 4
11 0 1 47760166497960 4
25 0 1 47760166502816 4
13 0 0 47760166502688 4
220 0 1 47760166500556 4
37 0 1 4204496 8
17 0 1 4204544 8
100 0 1 47760166502724 4
116 0 1 6303744 8
59 0 1 4196868 4
23 0 1 4196856 8
13 0 1 4195301 1
481 0 1 47760162743232 8
259 0 1 47760166212288 8
30 0 1 47760166214436 4
18 0 1 47760166216016 4
43 0 0 47760166222736 8
246 0 1 47760166224856 8
362 0 1 47760166489640 8
17 0 1 47760166489664 8
21 0 1 47760166489048 8
53 1 0 6359728 4
957 0 1 47760166502640 4
469 0 1 47760166504064 8
20 0 1 47760166503520 8
852 1 0 6359744 4
1676 0 0 6458560 4
202 0 0 6441920 4
201 0 0 6425536 4
201 0 0 6409152 4
201 0 0 6392768 4
201 0 0 6376384 4
808 0 1 47760166504392 8
20 0 1 47760166503848 8
6564 1 0 6359808 4
1676 0 0 6458624 4
202 0 0 6441984 4
201 0 0 6425600 4
201 0 0 6409216 4
201 0 0 6392832 4
201 0 0 6376448 4
5245 0 1 47760166503576 8
2060 1 0 6359872 4
1754 0 0 6458688 4
202 0 0 6442048 4
201 0 0 6425664 4
201 0 0 6409280 4
201 0 0 6392896 4
201 0 0 6376512 4
2791 0 1 47760166504480 8
20 0 1 47760166503936 8
4246 1 0 6359936 4
1853 0 0 6458752 4
202 0 0 6442112 4
201 0 0 6425728 4
201 0 0 6409344 4
201 0 0 6392960 4
201 0 0 6376576 4
6940 1 0 6360000 4
1853 0 0 6458816 4
202 0 0 6442176 4
201 0 0 6425792 4
201 0 0 6409408 4
201 0 0 6393024 4
201 0 0 6376640 4
6990 1 0 6360064 4
1808 0 0 6458880 4
202 0 0 6442240 4
201 0 0 6425856 4
201 0 0 6409472 4
201 0 0 6393088 4
201 0 0 6376704 4
7027 1 0 6360128 4
1875 0 0 6458944 4
202 0 0 6442304 4
201 0 0 6425920 4
201 0 0 6409536 4
201 0 0 6393152 4
201 0 0 6376768 4
6970 1 0 6360192 4
1910 0 0 6459008 4
202 0 0 6442368 4
201 0 0 6425984 4
201 0 0 6409600 4
201 0 0 6393216 4
201 0 0 6376832 4
6986 1 0 6360256 4
1859 0 0 6459072 4
202 0 0 6442432 4
201 0 0 6426048 4
201 0 0 6409664 4
201 0 0 6393280 4
201 0 0 6376896 4
3119 0 1 47760168644536 8
13 0 1 47760168644720 4
16 0 1 47760173002664 8
15 1 0 1149274336 4
4125 1 0 6360320 4
1696 0 0 6459136 4
202 0 0 6442496 4
201 0 0 6426112 4
201 0 0 6409728 4
201 0 0 6393344 4
201 0 0 6376960 4
7206 1 0 6360384 4
1649 0 0 6459200 4
202 0 0 6442560 4
201 0 0 6426176 4
201 0 0 6409792 4
201 0 0 6393408 4
201 0 0 6377024 4
7148 1 0 6360448 4
1748 0 0 6459264 4
202 0 0 6442624 4
201 0 0 6426240 4
201 0 0 6409856 4
201 0 0 6393472 4
201 0 0 6377088 4
7024 1 0 6360512 4
1868 0 0 6459328 4
202 0 0 6442688 4
201 0 0 6426304 4
201 0 0 6409920 4
201 0 0 6393536 4
201 0 0 6377152 4
7008 1 0 6360576 4
1834 0 0 6459392 4
202 0 0 6442752 4
201 0 0 6426368 4
201 0 0 6409984 4
201 0 0 6393600 4
201 0 0 6377216 4
7015 1 0 6360640 4
1827 0 0 6459456 4
202 0 0 6442816 4
201 0 0 6426432 4
201 0 0 6410048 4
201 0 0 6393664 4
201 0 0 6377280 4
6987 1 0 6360704 4
1910 0 0 6459520 4
202 0 0 6442880 4
201 0 0 6426496 4
201 0 0 6410112 4
201 0 0 6393728 4
201 0 0 6377344 4
3331 0 1 47760166488944 8
27 0 1 47760166489592 8
13 0 1 47760166489336 8
19 0 1 47760166488960 8
3821 1 0 6360768 4
1871 0 0 6459584 4
202 0 0 6442944 4
201 0 0 6426560 4
201 0 0 6410176 4
201 0 0 6393792 4
201 0 0 6377408 4
7390 1 0 6360832 4
1889 0 0 6459648 4
202 0 0 6443008 4
201 0 0 6426624 4
201 0 0 6410240 4
201 0 0 6393856 4
201 0 0 6377472 4
7306 1 0 6360896 4
1804 0 0 6459712 4
202 0 0 6443072 4
201 0 0 6426688 4
201 0 0 6410304 4
201 0 0 6393920 4
201 0 0 6377536 4
7257 1 0 6360960 4
1932 0 0 6459776 4
202 0 0 6443136 4
201 0 0 6426752 4
201 0 0 6410368 4
201 0 0 6393984 4
201 0 0 6377600 4
7259 1 0 6361024 4
1782 0 1 6459840 4
12 0 1 6443200 4
11 0 1 6426816 4
11 0 1 6410432 4
11 0 1 6394048 4
11 0 1 6377664 4
7256 1 1 6361088 4
