0 0 1 6345360 4
11 0 0 1082130680 8
201 0 1 6345296 4
43 0 0 6447616 4
202 0 0 6430976 4
201 0 0 6414592 4
201 0 0 6398208 4
201 0 0 6381824 4
201 0 0 6365440 4
225 1 0 1082130592 4
203 0 0 6303960 8
204 0 1 6303728 8
11 1 0 1082130552 8
225 1 0 1082130488 8
208 0 1 47759849328744 8
11 0 1 6303384 8
11 0 1 47759849328888 8
11 0 1 6303512 8
11 0 1 4197516 4
21 0 1 47759849328640 8
15 0 1 4195997 1
12 0 1 47759849329096 8
13 0 0 6303608 8
202 0 1 4196668 2
15 0 1 47759849329376 8
11 0 1 47760170814208 4
13 0 0 1082132840 4
208 0 1 47759849329536 8
19 1 0 1082130424 8
216 1 0 1082130256 8
205 1 0 1082130232 8
203 1 0 1082130136 8
201 0 1 4196164 1
61 0 1 47759837181192 8
13 1 0 1082130360 8
215 0 1 47759849329496 8
56 1 0 1082130104 8
210 1 0 1082130000 8
222 0 1 47759849329336 8
20 1 0 1082129976 8
210 0 1 47760170814096 8
20 0 1 47759849329429 1
12 0 1 47759837178848 1
41 0 1 4195248 8
52 1 0 1082129912 8
207 0 1 47759835060196 1
11 0 0 4196139 1
215 0 1 47759849330008 8
87 0 1 47760162697256 8
18 0 1 47760162698005 1
17 0 1 47760162697964 4
13 0 1 47760162697328 8
11 0 1 47760165811440 8
30 0 1 47760162741120 8
72 0 1 47759849331912 8
50 0 1 47760162698328 8
111 0 1 47760162698464 8
18 0 0 47760162699213 1
207 0 1 47760162699172 4
13 0 1 47760162698536 8
11 0 1 47760168644208 8
30 0 1 47760166212480 8
30 0 1 47760166214548 4
18 0 1 47760166216064 4
43 0 1 47760166223024 8
44 0 1 47760166225392 1
111 0 1 47760166226746 2
17 0 1 47760170814832 4
16 0 0 47760170814200 8
221 0 1 4196584 8
11 0 1 47760166226162 8
29 0 1 47760166226170 8
80 0 1 47759837178920 4
116 0 1 47760162698424 8
85 0 1 47760166492048 8
13 0 1 47760166433688 8
15 0 1 47760166437336 8
13 0 1 47760166504088 8
20 0 0 47760166503544 8
213 0 1 4204472 4
37 0 1 6303880 8
59 0 1 4197276 4
27 0 1 4195757 1
491 0 1 47760162743704 8
280 0 1 47760166213692 4
18 0 1 47760166215616 4
43 0 1 47760166220336 8
141 0 0 47760166226522 2
483 0 1 47760166502888 4
11 0 1 47760166497960 4
25 0 1 47760166502824 4
13 0 1 47760166502696 4
30 0 1 47760166500556 4
37 0 1 4204496 8
17 0 1 4204544 8
207 0 1 6303744 8
59 0 1 4196868 4
23 0 1 4196856 8
13 0 1 4195301 1
481 0 1 47760162743232 8
259 0 0 47760166212288 8
220 0 1 47760166214436 4
18 0 1 47760166216016 4
43 0 1 47760166222736 8
56 0 1 47760166224856 8
362 0 1 47760166489640 8
17 0 1 47760166489664 8
21 0 1 47760166489048 8
48 1 0 6348816 4
957 0 1 47760166502736 4
1014 0 1 47760166504496 8
20 0 1 47760166503952 8
568 0 1 47760166503576 8
1326 0 1 47760166502636 4
134 0 1 47760166488944 8
27 0 1 47760166489592 8
13 0 1 47760166489336 8
19 0 1 47760166488960 8
2866 1 0 6348864 4
1825 0 0 6447680 4
202 0 0 6431040 4
201 0 0 6414656 4
201 0 0 6398272 4
201 0 0 6381888 4
201 0 0 6365504 4
7136 1 0 6348928 4
1880 0 0 6447744 4
202 0 0 6431104 4
201 0 0 6414720 4
201 0 0 6398336 4
201 0 0 6381952 4
201 0 0 6365568 4
7357 1 0 6348992 4
1918 0 0 6447808 4
202 0 0 6431168 4
201 0 0 6414784 4
201 0 0 6398400 4
201 0 0 6382016 4
201 0 0 6365632 4
6230 0 1 47760166504176 8
20 0 1 47760166503632 8
970 1 0 6349056 4
1889 0 0 6447872 4
202 0 0 6431232 4
201 0 0 6414848 4
201 0 0 6398464 4
201 0 0 6382080 4
201 0 0 6365696 4
868 0 1 47760166504392 8
20 0 1 47760166503848 8
6578 1 0 6349120 4
1889 0 0 6447936 4
202 0 0 6431296 4
201 0 0 6414912 4
201 0 0 6398528 4
201 0 0 6382144 4
201 0 0 6365760 4
7324 1 0 6349184 4
1932 0 0 6448000 4
202 0 0 6431360 4
201 0 0 6414976 4
201 0 0 6398592 4
201 0 0 6382208 4
201 0 0 6365824 4
7342 1 0 6349248 4
1903 0 0 6448064 4
202 0 0 6431424 4
201 0 0 6415040 4
201 0 0 6398656 4
201 0 0 6382272 4
201 0 0 6365888 4
7203 1 0 6349312 4
1696 0 0 6448128 4
202 0 0 6431488 4
201 0 0 6415104 4
201 0 0 6398720 4
201 0 0 6382336 4
201 0 0 6365952 4
7073 1 0 6349376 4
1798 0 0 6448192 4
202 0 0 6431552 4
201 0 0 6415168 4
201 0 0 6398784 4
201 0 0 6382400 4
201 0 0 6366016 4
7197 1 0 6349440 4
1812 0 0 6448256 4
202 0 0 6431616 4
201 0 0 6415232 4
201 0 0 6398848 4
201 0 0 6382464 4
201 0 0 6366080 4
7026 1 0 6349504 4
1895 0 0 6448320 4
202 0 0 6431680 4
201 0 0 6415296 4
201 0 0 6398912 4
201 0 0 6382528 4
201 0 0 6366144 4
7075 1 0 6349568 4
1844 0 0 6448384 4
202 0 0 6431744 4
201 0 0 6415360 4
201 0 0 6398976 4
201 0 0 6382592 4
201 0 0 6366208 4
7239 1 0 6349632 4
1740 0 0 6448448 4
202 0 0 6431808 4
201 0 0 6415424 4
201 0 0 6399040 4
201 0 0 6382656 4
201 0 0 6366272 4
7252 1 0 6349696 4
1853 0 0 6448512 4
202 0 0 6431872 4
201 0 0 6415488 4
201 0 0 6399104 4
201 0 0 6382720 4
201 0 0 6366336 4
7100 1 0 6349760 4
1846 0 0 6448576 4
202 0 0 6431936 4
201 0 0 6415552 4
201 0 0 6399168 4
201 0 0 6382784 4
201 0 0 6366400 4
7016 1 0 6349824 4
1896 0 0 6448640 4
202 0 0 6432000 4
201 0 0 6415616 4
201 0 0 6399232 4
201 0 0 6382848 4
201 0 0 6366464 4
7165 1 0 6349888 4
1746 0 0 6448704 4
202 0 0 6432064 4
201 0 0 6415680 4
201 0 0 6399296 4
201 0 0 6382912 4
201 0 0 6366528 4
7205 1 0 6349952 4
1783 0 0 6448768 4
202 0 0 6432128 4
201 0 0 6415744 4
201 0 0 6399360 4
201 0 0 6382976 4
201 0 0 6366592 4
7132 1 0 6350016 4
1842 0 0 6448832 4
202 0 0 6432192 4
201 0 0 6415808 4
201 0 0 6399424 4
201 0 0 6383040 4
201 0 0 6366656 4
7151 1 0 6350080 4
1910 0 0 6448896 4
202 0 0 6432256 4
201 0 0 6415872 4
201 0 0 6399488 4
201 0 0 6383104 4
201 0 0 6366720 4
6597 0 1 47760166489352 8
632 1 1 6350144 4
1713 0 1 6448960 4
12 0 1 6432320 4
11 0 1 6415936 4
11 0 1 6399552 4
11 0 1 6383168 4
11 0 1 6366784 4
