0 0 0 6345360 4
201 0 0 1166057720 8
201 0 1 6345296 4
50 0 0 6461256 4
202 0 0 6444616 4
201 0 0 6428232 4
201 0 0 6411848 4
201 0 0 6395464 4
201 0 0 6379080 4
225 1 0 1166057632 4
203 0 1 6303960 8
14 0 1 6303728 8
11 1 0 1166057592 8
225 1 0 1166057528 8
208 0 1 47759849328744 8
11 0 1 6303384 8
11 0 1 47759849328888 8
11 0 1 6303512 8
11 0 1 4197516 4
21 0 1 47759849328640 8
15 0 1 4195997 1
12 0 1 47759849329096 8
13 0 1 6303608 8
12 0 1 4196668 2
15 0 1 47759849329376 8
11 0 1 47760170814208 4
13 0 0 1166059880 4
208 0 1 47759849329536 8
19 1 0 1166057464 8
216 1 0 1166057296 8
205 1 0 1166057272 8
203 1 0 1166057176 8
201 0 1 4196164 1
61 0 1 47759837181192 8
13 1 0 1166057400 8
215 0 1 47759849329496 8
56 1 0 1166057144 8
210 1 0 1166057040 8
222 0 1 47759849329336 8
20 1 0 1166057016 8
210 0 1 47760170814096 8
20 0 1 47759849329429 1
12 0 1 47759837178848 1
41 0 0 4195248 8
242 1 0 1166056952 8
207 0 1 47759835060196 1
11 0 1 4196139 1
25 0 0 47759849330008 8
277 0 1 47760162697256 8
18 0 1 47760162698005 1
17 0 1 47760162697964 4
13 0 1 47760162697328 8
11 0 1 47760165811440 8
30 0 1 47760162741120 8
72 0 1 47759849331912 8
50 0 1 47760162698328 8
111 0 1 47760162698464 8
18 0 1 47760162699213 1
17 0 1 47760162699172 4
13 0 1 47760162698536 8
11 0 1 47760168644208 8
30 0 1 47760166212480 8
30 0 1 47760166214548 4
18 0 1 47760166216064 4
43 0 1 47760166223024 8
44 0 1 47760166225392 1
111 0 1 47760166226746 2
17 0 0 47760170814832 4
206 0 1 47760170814200 8
31 0 0 4196584 8
201 0 1 47760166226162 8
29 0 1 47760166226170 8
80 0 1 47759837178920 4
116 0 1 47760162698424 8
85 0 1 47760166492048 8
13 0 1 47760166433688 8
15 0 1 47760166437336 8
13 0 1 47760166504176 8
20 0 1 47760166503632 8
23 0 1 4204472 4
37 0 1 6303880 8
59 0 1 4197276 4
27 0 1 4195757 1
491 0 1 47760162743704 8
280 0 1 47760166213692 4
18 0 1 47760166215616 4
43 0 0 47760166220336 8
331 0 1 47760166226522 2
293 0 0 47760166502888 4
201 0 1 47760166497960 4
25 0 1 47760166502768 4
13 0 0 47760166502640 4
220 0 1 47760166500556 4
37 0 1 4204496 8
17 0 1 4204544 8
96 0 1 47760166502804 4
13 0 1 47760166502676 4
116 0 1 6303744 8
59 0 1 4196868 4
23 0 1 4196856 8
13 0 1 4195301 1
481 0 1 47760162743232 8
259 0 1 47760166212288 8
30 0 1 47760166214436 4
18 0 1 47760166216016 4
43 0 1 47760166222736 8
56 0 1 47760166224856 8
362 0 1 47760166489640 8
17 0 1 47760166489664 8
21 0 1 47760166489048 8
53 1 0 6362456 4
1230 0 1 47760166488944 8
31 0 1 47760166489352 8
19 0 1 47760166488960 8
200 0 1 47760166504064 8
20 0 1 47760166503520 8
1684 0 1 47760166504392 8
20 0 1 47760166503848 8
2708 1 0 6362496 4
1799 0 0 6461312 4
202 0 0 6444672 4
201 0 0 6428288 4
201 0 0 6411904 4
201 0 0 6395520 4
201 0 0 6379136 4
7383 1 0 6362560 4
328 0 1 47760166503576 8
1570 0 0 6461376 4
202 0 0 6444736 4
201 0 0 6428352 4
201 0 0 6411968 4
201 0 0 6395584 4
201 0 0 6379200 4
1958 0 1 47760166504480 8
20 0 1 47760166503936 8
5354 1 0 6362624 4
1839 0 0 6461440 4
202 0 0 6444800 4
201 0 0 6428416 4
201 0 0 6412032 4
201 0 0 6395648 4
201 0 0 6379264 4
7257 1 0 6362688 4
1932 0 0 6461504 4
202 0 0 6444864 4
201 0 0 6428480 4
201 0 0 6412096 4
201 0 0 6395712 4
201 0 0 6379328 4
7302 1 0 6362752 4
1782 0 0 6461568 4
202 0 0 6444928 4
201 0 0 6428544 4
201 0 0 6412160 4
201 0 0 6395776 4
201 0 0 6379392 4
7446 1 0 6362816 4
1819 0 0 6461632 4
202 0 0 6444992 4
201 0 0 6428608 4
201 0 0 6412224 4
201 0 0 6395840 4
201 0 0 6379456 4
7311 1 0 6362880 4
1870 0 0 6461696 4
202 0 0 6445056 4
201 0 0 6428672 4
201 0 0 6412288 4
201 0 0 6395904 4
201 0 0 6379520 4
7436 1 0 6362944 4
1946 0 0 6461760 4
202 0 0 6445120 4
201 0 0 6428736 4
201 0 0 6412352 4
201 0 0 6395968 4
201 0 0 6379584 4
7284 1 0 6363008 4
1783 0 0 6461824 4
202 0 0 6445184 4
201 0 0 6428800 4
201 0 0 6412416 4
201 0 0 6396032 4
201 0 0 6379648 4
7128 1 0 6363072 4
1853 0 0 6461888 4
202 0 0 6445248 4
201 0 0 6428864 4
201 0 0 6412480 4
201 0 0 6396096 4
201 0 0 6379712 4
6989 1 0 6363136 4
1853 0 0 6461952 4
202 0 0 6445312 4
201 0 0 6428928 4
201 0 0 6412544 4
201 0 0 6396160 4
201 0 0 6379776 4
6961 1 0 6363200 4
1808 0 0 6462016 4
202 0 0 6445376 4
201 0 0 6428992 4
201 0 0 6412608 4
201 0 0 6396224 4
201 0 0 6379840 4
7067 1 0 6363264 4
1910 0 0 6462080 4
202 0 0 6445440 4
201 0 0 6429056 4
201 0 0 6412672 4
201 0 0 6396288 4
201 0 0 6379904 4
6984 1 0 6363328 4
1910 0 0 6462144 4
202 0 0 6445504 4
201 0 0 6429120 4
201 0 0 6412736 4
201 0 0 6396352 4
201 0 0 6379968 4
7105 1 0 6363392 4
1824 0 0 6462208 4
202 0 0 6445568 4
201 0 0 6429184 4
201 0 0 6412800 4
201 0 0 6396416 4
201 0 0 6380032 4
7096 1 0 6363456 4
1713 0 0 6462272 4
202 0 0 6445632 4
201 0 0 6429248 4
201 0 0 6412864 4
201 0 0 6396480 4
201 0 0 6380096 4
7338 1 0 6363520 4
1661 0 0 6462336 4
202 0 0 6445696 4
201 0 0 6429312 4
201 0 0 6412928 4
201 0 0 6396544 4
201 0 0 6380160 4
7181 1 0 6363584 4
1789 0 0 6462400 4
202 0 0 6445760 4
201 0 0 6429376 4
201 0 0 6412992 4
201 0 0 6396608 4
201 0 0 6380224 4
7133 1 0 6363648 4
1868 0 0 6462464 4
202 0 0 6445824 4
201 0 0 6429440 4
201 0 0 6413056 4
201 0 0 6396672 4
201 0 0 6380288 4
7123 1 0 6363712 4
1868 0 0 6462528 4
202 0 0 6445888 4
201 0 0 6429504 4
201 0 0 6413120 4
201 0 0 6396736 4
201 0 0 6380352 4
7026 1 1 6363776 4
1706 0 1 6462592 4
12 0 1 6445952 4
11 0 1 6429568 4
11 0 1 6413184 4
11 0 1 6396800 4
11 0 1 6380416 4
