0 0 1 6345360 4
11 0 0 1115701496 8
201 0 1 6345296 4
50 0 0 6453076 4
202 0 0 6436436 4
201 0 0 6420052 4
201 0 0 6403668 4
201 0 0 6387284 4
201 0 0 6370900 4
225 1 0 1115701408 4
203 0 1 6303960 8
14 0 1 6303728 8
11 1 0 1115701368 8
225 1 0 1115701304 8
208 0 1 47759849328744 8
11 0 1 6303384 8
11 0 0 47759849328888 8
201 0 1 6303512 8
11 0 1 4197516 4
21 0 1 47759849328640 8
15 0 1 4195997 1
12 0 1 47759849329096 8
13 0 1 6303608 8
12 0 1 4196668 2
15 0 1 47759849329376 8
11 0 1 47760170814208 4
13 0 0 1115703656 4
208 0 1 47759849329536 8
19 1 0 1115701240 8
216 1 0 1115701072 8
205 1 0 1115701048 8
203 1 0 1115700952 8
201 0 1 4196164 1
61 0 0 47759837181192 8
203 1 0 1115701176 8
215 0 1 47759849329496 8
56 1 0 1115700920 8
210 1 0 1115700816 8
222 0 1 47759849329336 8
20 1 0 1115700792 8
210 0 1 47760170814096 8
20 0 1 47759849329429 1
12 0 1 47759837178848 1
41 0 1 4195248 8
52 1 0 1115700728 8
207 0 1 47759835060196 1
11 0 1 4196139 1
25 0 1 47759849330008 8
87 0 1 47760162697256 8
18 0 1 47760162698005 1
17 0 1 47760162697964 4
13 0 0 47760162697328 8
201 0 1 47760165811440 8
30 0 1 47760162741120 8
72 0 1 47759849331912 8
50 0 1 47760162698328 8
111 0 1 47760162698464 8
18 0 1 47760162699213 1
17 0 1 47760162699172 4
13 0 1 47760162698536 8
11 0 1 47760168644208 8
30 0 1 47760166212480 8
30 0 1 47760166214548 4
18 0 0 47760166216064 4
233 0 1 47760166223024 8
44 0 1 47760166225392 1
111 0 1 47760166226746 2
17 0 1 47760170814832 4
16 0 1 47760170814200 8
31 0 1 4196584 8
11 0 1 47760166226162 8
29 0 1 47760166226170 8
80 0 1 47759837178920 4
116 0 0 47760162698424 8
275 0 1 47760166492048 8
13 0 1 47760166433688 8
15 0 1 47760166437336 8
13 0 1 47760166504120 8
20 0 0 47760166503576 8
213 0 1 4204472 4
37 0 1 6303880 8
59 0 1 4197276 4
27 0 1 4195757 1
491 0 1 47760162743704 8
280 0 1 47760166213692 4
18 0 1 47760166215616 4
43 0 1 47760166220336 8
141 0 1 47760166226522 2
293 0 1 47760166502888 4
11 0 1 47760166497960 4
25 0 1 47760166502812 4
13 0 1 47760166502684 4
30 0 1 47760166500556 4
37 0 1 4204496 8
17 0 1 4204544 8
207 0 0 6303744 8
249 0 1 4196868 4
23 0 1 4196856 8
13 0 1 4195301 1
481 0 1 47760162743232 8
259 0 1 47760166212288 8
30 0 0 47760166214436 4
208 0 1 47760166216016 4
43 0 1 47760166222736 8
56 0 1 47760166224856 8
362 0 1 47760166489640 8
17 0 1 47760166489664 8
21 0 1 47760166489048 8
53 1 0 6354276 4
1105 0 1 47760166502720 4
134 0 1 47760166488944 8
31 0 1 47760166489352 8
19 0 1 47760166488960 8
211 0 1 47760166503520 8
1544 0 1 47760166504480 8
20 0 1 47760166503936 8
91 0 1 47760166502644 4
926 1 0 6354304 4
1875 0 0 6453120 4
202 0 0 6436480 4
201 0 0 6420096 4
201 0 0 6403712 4
201 0 0 6387328 4
201 0 0 6370944 4
4079 0 1 47760166504176 8
20 0 1 47760166503632 8
3222 1 0 6354368 4
317 0 1 47760166504392 8
20 0 1 47760166503848 8
1612 0 0 6453184 4
202 0 0 6436544 4
201 0 0 6420160 4
201 0 0 6403776 4
201 0 0 6387392 4
201 0 0 6371008 4
7236 1 0 6354432 4
1845 0 0 6453248 4
202 0 0 6436608 4
201 0 0 6420224 4
201 0 0 6403840 4
201 0 0 6387456 4
201 0 0 6371072 4
7480 1 0 6354496 4
1799 0 0 6453312 4
202 0 0 6436672 4
201 0 0 6420288 4
201 0 0 6403904 4
201 0 0 6387520 4
201 0 0 6371136 4
7383 1 0 6354560 4
1889 0 0 6453376 4
202 0 0 6436736 4
201 0 0 6420352 4
201 0 0 6403968 4
201 0 0 6387584 4
201 0 0 6371200 4
7314 1 0 6354624 4
1839 0 0 6453440 4
202 0 0 6436800 4
201 0 0 6420416 4
201 0 0 6404032 4
201 0 0 6387648 4
201 0 0 6371264 4
7257 1 0 6354688 4
1932 0 0 6453504 4
202 0 0 6436864 4
201 0 0 6420480 4
201 0 0 6404096 4
201 0 0 6387712 4
201 0 0 6371328 4
7302 1 0 6354752 4
1782 0 0 6453568 4
202 0 0 6436928 4
201 0 0 6420544 4
201 0 0 6404160 4
201 0 0 6387776 4
201 0 0 6371392 4
7446 1 0 6354816 4
1819 0 0 6453632 4
202 0 0 6436992 4
201 0 0 6420608 4
201 0 0 6404224 4
201 0 0 6387840 4
201 0 0 6371456 4
7311 1 0 6354880 4
1870 0 0 6453696 4
202 0 0 6437056 4
201 0 0 6420672 4
201 0 0 6404288 4
201 0 0 6387904 4
201 0 0 6371520 4
7436 1 0 6354944 4
1946 0 0 6453760 4
202 0 0 6437120 4
201 0 0 6420736 4
201 0 0 6404352 4
201 0 0 6387968 4
201 0 0 6371584 4
7284 1 0 6355008 4
1783 0 0 6453824 4
202 0 0 6437184 4
201 0 0 6420800 4
201 0 0 6404416 4
201 0 0 6388032 4
201 0 0 6371648 4
7128 1 0 6355072 4
1853 0 0 6453888 4
202 0 0 6437248 4
201 0 0 6420864 4
201 0 0 6404480 4
201 0 0 6388096 4
201 0 0 6371712 4
6989 1 0 6355136 4
1853 0 0 6453952 4
202 0 0 6437312 4
201 0 0 6420928 4
201 0 0 6404544 4
201 0 0 6388160 4
201 0 0 6371776 4
6961 1 0 6355200 4
1808 0 0 6454016 4
202 0 0 6437376 4
201 0 0 6420992 4
201 0 0 6404608 4
201 0 0 6388224 4
201 0 0 6371840 4
7067 1 0 6355264 4
1910 0 0 6454080 4
202 0 0 6437440 4
201 0 0 6421056 4
201 0 0 6404672 4
201 0 0 6388288 4
201 0 0 6371904 4
6984 1 0 6355328 4
1910 0 0 6454144 4
202 0 0 6437504 4
201 0 0 6421120 4
201 0 0 6404736 4
201 0 0 6388352 4
201 0 0 6371968 4
7105 1 0 6355392 4
1824 0 0 6454208 4
202 0 0 6437568 4
201 0 0 6421184 4
201 0 0 6404800 4
201 0 0 6388416 4
201 0 0 6372032 4
7096 1 0 6355456 4
1713 0 0 6454272 4
202 0 0 6437632 4
201 0 0 6421248 4
201 0 0 6404864 4
201 0 0 6388480 4
201 0 0 6372096 4
7338 1 0 6355520 4
1661 0 0 6454336 4
202 0 0 6437696 4
201 0 0 6421312 4
201 0 0 6404928 4
201 0 0 6388544 4
201 0 0 6372160 4
7181 1 1 6355584 4
1599 0 1 6454400 4
12 0 1 6437760 4
11 0 1 6421376 4
11 0 1 6404992 4
11 0 1 6388608 4
11 0 1 6372224 4
