0 0 1 6345360 4
11 0 0 1124094200 8
201 0 1 6345296 4
50 0 0 6454436 4
202 0 0 6437796 4
201 0 0 6421412 4
201 0 0 6405028 4
201 0 0 6388644 4
201 0 0 6372260 4
225 1 0 1124094112 4
203 0 1 6303960 8
14 0 1 6303728 8
11 1 0 1124094072 8
225 1 0 1124094008 8
208 0 1 47759849328744 8
11 0 1 6303384 8
11 0 1 47759849328888 8
11 0 0 6303512 8
201 0 1 4197516 4
21 0 1 47759849328640 8
15 0 1 4195997 1
12 0 1 47759849329096 8
13 0 1 6303608 8
12 0 1 4196668 2
15 0 1 47759849329376 8
11 0 1 47760170814208 4
13 0 0 1124096360 4
208 0 1 47759849329536 8
19 1 0 1124093944 8
216 1 0 1124093776 8
205 1 0 1124093752 8
203 1 0 1124093656 8
201 0 0 4196164 1
251 0 1 47759837181192 8
13 1 0 1124093880 8
215 0 1 47759849329496 8
56 1 0 1124093624 8
210 1 0 1124093520 8
222 0 1 47759849329336 8
20 1 0 1124093496 8
210 0 1 47760170814096 8
20 0 1 47759849329429 1
12 0 1 47759837178848 1
41 0 1 4195248 8
52 1 0 1124093432 8
207 0 1 47759835060196 1
11 0 1 4196139 1
25 0 1 47759849330008 8
87 0 1 47760162697256 8
18 0 1 47760162698005 1
17 0 1 47760162697964 4
13 0 1 47760162697328 8
11 0 0 47760165811440 8
220 0 1 47760162741120 8
72 0 1 47759849331912 8
50 0 1 47760162698328 8
111 0 1 47760162698464 8
18 0 1 47760162699213 1
17 0 1 47760162699172 4
13 0 1 47760162698536 8
11 0 1 47760168644208 8
30 0 1 47760166212480 8
30 0 0 47760166214548 4
208 0 1 47760166216064 4
43 0 1 47760166223024 8
44 0 1 47760166225392 1
111 0 1 47760166226746 2
17 0 1 47760170814832 4
16 0 1 47760170814200 8
31 0 1 4196584 8
11 0 1 47760166226162 8
29 0 1 47760166226170 8
80 0 1 47759837178920 4
116 0 1 47760162698424 8
85 0 0 47760166492048 8
203 0 1 47760166433688 8
15 0 1 47760166437336 8
13 0 0 47760166504392 8
210 0 1 47760166503848 8
23 0 1 4204472 4
28 0 1 4204480 16
21 0 1 6303880 8
59 0 1 4197276 4
27 0 1 4195757 1
491 0 1 47760162743704 8
280 0 1 47760166213692 4
18 0 1 47760166215616 4
43 0 1 47760166220336 8
141 0 1 47760166226522 2
293 0 1 47760166502888 4
11 0 1 47760166497960 4
29 0 1 47760166502736 4
30 0 1 47760166500556 4
45 0 0 4204544 8
295 0 1 47760166502828 4
13 0 1 47760166502700 4
118 0 1 6303744 8
59 0 1 4196868 4
23 0 1 4196856 8
13 0 1 4195301 1
481 0 1 47760162743232 8
259 0 1 47760166212288 8
30 0 1 47760166214436 4
18 0 1 47760166216016 4
43 0 1 47760166222736 8
56 0 1 47760166224856 8
362 0 0 47760166489640 8
207 0 1 47760166489664 8
21 0 1 47760166489048 8
48 1 0 6355636 4
876 0 1 47760166504176 8
20 0 1 47760166503632 8
980 1 0 6355648 4
1868 0 0 6454464 4
202 0 0 6437824 4
201 0 0 6421440 4
201 0 0 6405056 4
201 0 0 6388672 4
201 0 0 6372288 4
837 0 1 47760166504064 8
20 0 1 47760166503520 8
3111 0 1 47760166502648 4
3182 1 0 6355712 4
1868 0 0 6454528 4
202 0 0 6437888 4
201 0 0 6421504 4
201 0 0 6405120 4
201 0 0 6388736 4
201 0 0 6372352 4
7026 1 0 6355776 4
1896 0 0 6454592 4
202 0 0 6437952 4
201 0 0 6421568 4
201 0 0 6405184 4
201 0 0 6388800 4
201 0 0 6372416 4
7068 1 0 6355840 4
1910 0 0 6454656 4
202 0 0 6438016 4
201 0 0 6421632 4
201 0 0 6405248 4
201 0 0 6388864 4
201 0 0 6372480 4
862 0 1 47760166503576 8
6100 1 0 6355904 4
317 0 1 47760166504480 8
20 0 1 47760166503936 8
1576 0 0 6454720 4
202 0 0 6438080 4
201 0 0 6421696 4
201 0 0 6405312 4
201 0 0 6388928 4
201 0 0 6372544 4
6921 1 0 6355968 4
1844 0 0 6454784 4
202 0 0 6438144 4
201 0 0 6421760 4
201 0 0 6405376 4
201 0 0 6388992 4
201 0 0 6372608 4
7077 1 0 6356032 4
1696 0 0 6454848 4
202 0 0 6438208 4
201 0 0 6421824 4
201 0 0 6405440 4
201 0 0 6389056 4
201 0 0 6372672 4
7267 1 0 6356096 4
1664 0 0 6454912 4
202 0 0 6438272 4
201 0 0 6421888 4
201 0 0 6405504 4
201 0 0 6389120 4
201 0 0 6372736 4
7238 1 0 6356160 4
1769 0 0 6454976 4
202 0 0 6438336 4
201 0 0 6421952 4
201 0 0 6405568 4
201 0 0 6389184 4
201 0 0 6372800 4
7104 1 0 6356224 4
1868 0 0 6455040 4
202 0 0 6438400 4
201 0 0 6422016 4
201 0 0 6405632 4
201 0 0 6389248 4
201 0 0 6372864 4
7005 1 0 6356288 4
407 0 1 47760168644536 8
13 0 1 47760168644720 4
16 0 1 47760173002664 8
15 1 0 1124096224 4
1594 0 0 6455104 4
202 0 0 6438464 4
201 0 0 6422080 4
201 0 0 6405696 4
201 0 0 6389312 4
201 0 0 6372928 4
6950 1 0 6356352 4
1812 0 0 6455168 4
202 0 0 6438528 4
201 0 0 6422144 4
201 0 0 6405760 4
201 0 0 6389376 4
201 0 0 6372992 4
6922 1 0 6356416 4
1895 0 0 6455232 4
202 0 0 6438592 4
201 0 0 6422208 4
201 0 0 6405824 4
201 0 0 6389440 4
201 0 0 6373056 4
6873 1 0 6356480 4
1861 0 0 6455296 4
202 0 0 6438656 4
201 0 0 6422272 4
201 0 0 6405888 4
201 0 0 6389504 4
201 0 0 6373120 4
6974 1 0 6356544 4
1825 0 0 6455360 4
202 0 0 6438720 4
201 0 0 6422336 4
201 0 0 6405952 4
201 0 0 6389568 4
201 0 0 6373184 4
7145 1 0 6356608 4
1711 0 0 6455424 4
202 0 0 6438784 4
201 0 0 6422400 4
201 0 0 6406016 4
201 0 0 6389632 4
201 0 0 6373248 4
7271 1 0 6356672 4
1664 0 0 6455488 4
202 0 0 6438848 4
201 0 0 6422464 4
201 0 0 6406080 4
201 0 0 6389696 4
201 0 0 6373312 4
7263 1 0 6356736 4
616 0 1 47760166488944 8
27 0 1 47760166489592 8
13 0 1 47760166489336 8
19 0 1 47760166488960 8
1186 0 0 6455552 4
202 0 0 6438912 4
201 0 0 6422528 4
201 0 0 6406144 4
201 0 0 6389760 4
201 0 0 6373376 4
7298 1 0 6356800 4
1868 0 0 6455616 4
202 0 0 6438976 4
201 0 0 6422592 4
201 0 0 6406208 4
201 0 0 6389824 4
201 0 0 6373440 4
7378 1 0 6356864 4
1825 0 0 6455680 4
202 0 0 6439040 4
201 0 0 6422656 4
201 0 0 6406272 4
201 0 0 6389888 4
201 0 0 6373504 4
7136 1 0 6356928 4
1880 0 1 6455744 4
12 0 1 6439104 4
11 0 1 6422720 4
11 0 1 6406336 4
11 0 1 6389952 4
11 0 1 6373568 4
7167 1 1 6356992 4
