0 0 1 6345360 4
11 0 0 1098916088 8
201 0 1 6345296 4
50 0 0 6450348 4
202 0 0 6433708 4
201 0 0 6417324 4
201 0 0 6400940 4
201 0 0 6384556 4
201 0 0 6368172 4
225 1 0 1098916000 4
203 0 1 6303960 8
14 0 1 6303728 8
11 1 0 1098915960 8
225 1 0 1098915896 8
208 0 0 47759849328744 8
201 0 1 6303384 8
11 0 1 47759849328888 8
11 0 1 6303512 8
11 0 1 4197516 4
21 0 1 47759849328640 8
15 0 1 4195997 1
12 0 1 47759849329096 8
13 0 1 6303608 8
12 0 1 4196668 2
15 0 1 47759849329376 8
11 0 1 47760170814208 4
13 0 0 1098918248 4
208 0 1 47759849329536 8
19 1 0 1098915832 8
216 1 0 1098915664 8
205 1 0 1098915640 8
203 1 0 1098915544 8
201 0 1 4196164 1
61 0 1 47759837181192 8
13 1 0 1098915768 8
215 0 1 47759849329496 8
56 1 0 1098915512 8
210 1 0 1098915408 8
222 0 1 47759849329336 8
20 1 0 1098915384 8
210 0 1 47760170814096 8
20 0 0 47759849329429 1
202 0 1 47759837178848 1
41 0 1 4195248 8
52 1 0 1098915320 8
207 0 1 47759835060196 1
11 0 1 4196139 1
25 0 1 47759849330008 8
87 0 1 47760162697256 8
18 0 0 47760162698005 1
207 0 1 47760162697964 4
13 0 1 47760162697328 8
11 0 1 47760165811440 8
30 0 1 47760162741120 8
72 0 1 47759849331912 8
50 0 1 47760162698328 8
111 0 1 47760162698464 8
18 0 1 47760162699213 1
17 0 1 47760162699172 4
13 0 1 47760162698536 8
11 0 1 47760168644208 8
30 0 1 47760166212480 8
30 0 1 47760166214548 4
18 0 1 47760166216064 4
43 0 1 47760166223024 8
44 0 0 47760166225392 1
301 0 1 47760166226746 2
17 0 1 47760170814832 4
16 0 1 47760170814200 8
31 0 1 4196584 8
11 0 1 47760166226162 8
29 0 0 47760166226170 8
270 0 1 47759837178920 4
116 0 1 47760162698424 8
85 0 1 47760166492048 8
13 0 1 47760166433688 8
15 0 1 47760166437336 8
13 0 1 47760166504392 8
20 0 0 47760166503848 8
213 0 1 4204472 4
28 0 0 4204480 16
211 0 1 6303880 8
59 0 1 4197276 4
27 0 1 4195757 1
491 0 1 47760162743704 8
280 0 1 47760166213692 4
18 0 1 47760166215616 4
43 0 1 47760166220336 8
141 0 1 47760166226522 2
293 0 1 47760166502888 4
11 0 1 47760166497960 4
25 0 1 47760166502816 4
13 0 1 47760166502688 4
30 0 1 47760166500556 4
45 0 1 4204544 8
105 0 1 47760166502780 4
13 0 1 47760166502652 4
118 0 1 6303744 8
59 0 1 4196868 4
23 0 1 4196856 8
13 0 1 4195301 1
481 0 1 47760162743232 8
259 0 1 47760166212288 8
30 0 1 47760166214436 4
18 0 1 47760166216016 4
43 0 1 47760166222736 8
56 0 1 47760166224856 8
362 0 1 47760166489640 8
17 0 1 47760166489664 8
21 0 1 47760166489048 8
48 1 0 6351548 4
758 1 0 6351552 4
1895 0 0 6450368 4
202 0 0 6433728 4
201 0 0 6417344 4
201 0 0 6400960 4
201 0 0 6384576 4
201 0 0 6368192 4
846 0 1 47760166504176 8
20 0 1 47760166503632 8
3268 0 1 47760166504064 8
20 0 1 47760166503520 8
2871 1 0 6351616 4
1895 0 0 6450432 4
202 0 0 6433792 4
201 0 0 6417408 4
201 0 0 6401024 4
201 0 0 6384640 4
201 0 0 6368256 4
7101 1 0 6351680 4
1847 0 0 6450496 4
202 0 0 6433856 4
201 0 0 6417472 4
201 0 0 6401088 4
201 0 0 6384704 4
201 0 0 6368320 4
7261 1 0 6351744 4
1676 0 0 6450560 4
202 0 0 6433920 4
201 0 0 6417536 4
201 0 0 6401152 4
201 0 0 6384768 4
201 0 0 6368384 4
7374 1 0 6351808 4
1676 0 0 6450624 4
202 0 0 6433984 4
201 0 0 6417600 4
201 0 0 6401216 4
201 0 0 6384832 4
201 0 0 6368448 4
5245 0 1 47760166503576 8
2060 1 0 6351872 4
1754 0 0 6450688 4
202 0 0 6434048 4
201 0 0 6417664 4
201 0 0 6401280 4
201 0 0 6384896 4
201 0 0 6368512 4
2791 0 1 47760166504480 8
20 0 1 47760166503936 8
4246 1 0 6351936 4
1853 0 0 6450752 4
202 0 0 6434112 4
201 0 0 6417728 4
201 0 0 6401344 4
201 0 0 6384960 4
201 0 0 6368576 4
6940 1 0 6352000 4
1853 0 0 6450816 4
202 0 0 6434176 4
201 0 0 6417792 4
201 0 0 6401408 4
201 0 0 6385024 4
201 0 0 6368640 4
6990 1 0 6352064 4
1808 0 0 6450880 4
202 0 0 6434240 4
201 0 0 6417856 4
201 0 0 6401472 4
201 0 0 6385088 4
201 0 0 6368704 4
7027 1 0 6352128 4
1875 0 0 6450944 4
202 0 0 6434304 4
201 0 0 6417920 4
201 0 0 6401536 4
201 0 0 6385152 4
201 0 0 6368768 4
6970 1 0 6352192 4
1910 0 0 6451008 4
202 0 0 6434368 4
201 0 0 6417984 4
201 0 0 6401600 4
201 0 0 6385216 4
201 0 0 6368832 4
6986 1 0 6352256 4
1859 0 0 6451072 4
202 0 0 6434432 4
201 0 0 6418048 4
201 0 0 6401664 4
201 0 0 6385280 4
201 0 0 6368896 4
3119 0 1 47760168644536 8
13 0 1 47760168644720 4
16 0 1 47760173002664 8
15 1 0 1098918112 4
4125 1 0 6352320 4
1696 0 0 6451136 4
202 0 0 6434496 4
201 0 0 6418112 4
201 0 0 6401728 4
201 0 0 6385344 4
201 0 0 6368960 4
7206 1 0 6352384 4
1649 0 0 6451200 4
202 0 0 6434560 4
201 0 0 6418176 4
201 0 0 6401792 4
201 0 0 6385408 4
201 0 0 6369024 4
7148 1 0 6352448 4
1748 0 0 6451264 4
202 0 0 6434624 4
201 0 0 6418240 4
201 0 0 6401856 4
201 0 0 6385472 4
201 0 0 6369088 4
7024 1 0 6352512 4
1868 0 0 6451328 4
202 0 0 6434688 4
201 0 0 6418304 4
201 0 0 6401920 4
201 0 0 6385536 4
201 0 0 6369152 4
7008 1 0 6352576 4
1834 0 0 6451392 4
202 0 0 6434752 4
201 0 0 6418368 4
201 0 0 6401984 4
201 0 0 6385600 4
201 0 0 6369216 4
7015 1 0 6352640 4
1827 0 0 6451456 4
202 0 0 6434816 4
201 0 0 6418432 4
201 0 0 6402048 4
201 0 0 6385664 4
201 0 0 6369280 4
6987 1 0 6352704 4
1910 0 0 6451520 4
202 0 0 6434880 4
201 0 0 6418496 4
201 0 0 6402112 4
201 0 0 6385728 4
201 0 0 6369344 4
3331 0 1 47760166488944 8
27 0 1 47760166489592 8
13 0 1 47760166489336 8
19 0 1 47760166488960 8
3821 1 0 6352768 4
1871 0 0 6451584 4
202 0 0 6434944 4
201 0 0 6418560 4
201 0 0 6402176 4
201 0 0 6385792 4
201 0 0 6369408 4
7390 1 0 6352832 4
1889 0 0 6451648 4
202 0 0 6435008 4
201 0 0 6418624 4
201 0 0 6402240 4
201 0 0 6385856 4
201 0 0 6369472 4
7306 1 1 6352896 4
1614 0 1 6451712 4
12 0 1 6435072 4
11 0 1 6418688 4
11 0 1 6402304 4
11 0 1 6385920 4
11 0 1 6369536 4
