0 0 1 6345360 4
11 0 0 1140879608 8
201 0 1 6345296 4
50 0 0 6457164 4
202 0 0 6440524 4
201 0 0 6424140 4
201 0 0 6407756 4
201 0 0 6391372 4
201 0 0 6374988 4
225 1 0 1140879520 4
203 0 1 6303960 8
14 0 1 6303728 8
11 1 0 1140879480 8
225 1 0 1140879416 8
208 0 1 47759849328744 8
11 0 1 6303384 8
11 0 1 47759849328888 8
11 0 1 6303512 8
11 0 1 4197516 4
21 0 0 47759849328640 8
205 0 1 4195997 1
12 0 1 47759849329096 8
13 0 1 6303608 8
12 0 1 4196668 2
15 0 1 47759849329376 8
11 0 0 47760170814208 4
203 0 0 1140881768 4
208 0 1 47759849329536 8
19 1 0 1140879352 8
216 1 0 1140879184 8
205 1 0 1140879160 8
203 1 0 1140879064 8
201 0 1 4196164 1
61 0 1 47759837181192 8
13 1 0 1140879288 8
215 0 1 47759849329496 8
56 1 0 1140879032 8
210 1 0 1140878928 8
222 0 1 47759849329336 8
20 1 0 1140878904 8
210 0 1 47760170814096 8
20 0 1 47759849329429 1
12 0 1 47759837178848 1
41 0 1 4195248 8
52 1 0 1140878840 8
207 0 1 47759835060196 1
11 0 1 4196139 1
25 0 1 47759849330008 8
87 0 1 47760162697256 8
18 0 1 47760162698005 1
17 0 1 47760162697964 4
13 0 1 47760162697328 8
11 0 1 47760165811440 8
30 0 1 47760162741120 8
72 0 0 47759849331912 8
240 0 1 47760162698328 8
111 0 1 47760162698464 8
18 0 1 47760162699213 1
17 0 1 47760162699172 4
13 0 1 47760162698536 8
11 0 0 47760168644208 8
220 0 1 47760166212480 8
30 0 1 47760166214548 4
18 0 1 47760166216064 4
43 0 1 47760166223024 8
44 0 1 47760166225392 1
111 0 1 47760166226746 2
17 0 1 47760170814832 4
16 0 1 47760170814200 8
31 0 1 4196584 8
11 0 1 47760166226162 8
29 0 1 47760166226170 8
80 0 1 47759837178920 4
116 0 1 47760162698424 8
85 0 1 47760166492048 8
13 0 1 47760166433688 8
15 0 0 47760166437336 8
203 0 1 47760166504064 8
20 0 1 47760166503520 8
23 0 1 4204472 4
37 0 1 6303880 8
59 0 1 4197276 4
27 0 0 4195757 1
681 0 1 47760162743704 8
280 0 1 47760166213692 4
18 0 1 47760166215616 4
43 0 1 47760166220336 8
141 0 1 47760166226522 2
293 0 1 47760166502888 4
11 0 1 47760166497960 4
29 0 1 47760166502724 4
30 0 0 47760166500556 4
227 0 1 4204496 8
17 0 1 4204544 8
207 0 1 6303744 8
59 0 1 4196868 4
23 0 1 4196856 8
13 0 0 4195301 1
671 0 1 47760162743232 8
259 0 1 47760166212288 8
30 0 1 47760166214436 4
18 0 1 47760166216016 4
43 0 1 47760166222736 8
56 0 1 47760166224856 8
362 0 1 47760166489640 8
17 0 1 47760166489664 8
21 0 1 47760166489048 8
48 1 0 6358364 4
403 0 1 47760166502824 4
13 0 1 47760166502696 4
282 0 1 47760166488944 8
31 0 1 47760166489352 8
19 0 1 47760166488960 8
195 0 1 47760166504392 8
20 0 1 47760166503848 8
1209 0 1 47760166502624 4
511 0 1 47760166504176 8
20 0 1 47760166503632 8
2536 1 0 6358400 4
1882 0 0 6457216 4
202 0 0 6440576 4
201 0 0 6424192 4
201 0 0 6407808 4
201 0 0 6391424 4
201 0 0 6375040 4
7340 1 0 6358464 4
1904 0 0 6457280 4
202 0 0 6440640 4
201 0 0 6424256 4
201 0 0 6407872 4
201 0 0 6391488 4
201 0 0 6375104 4
7407 1 0 6358528 4
1840 0 0 6457344 4
202 0 0 6440704 4
201 0 0 6424320 4
201 0 0 6407936 4
201 0 0 6391552 4
201 0 0 6375168 4
3061 0 1 47760166503576 8
3340 0 1 47760166504480 8
20 0 1 47760166503936 8
998 1 0 6358592 4
1868 0 0 6457408 4
202 0 0 6440768 4
201 0 0 6424384 4
201 0 0 6408000 4
201 0 0 6391616 4
201 0 0 6375232 4
7136 1 0 6358656 4
1880 0 0 6457472 4
202 0 0 6440832 4
201 0 0 6424448 4
201 0 0 6408064 4
201 0 0 6391680 4
201 0 0 6375296 4
7400 1 0 6358720 4
1883 0 0 6457536 4
202 0 0 6440896 4
201 0 0 6424512 4
201 0 0 6408128 4
201 0 0 6391744 4
201 0 0 6375360 4
7237 1 0 6358784 4
1889 0 0 6457600 4
202 0 0 6440960 4
201 0 0 6424576 4
201 0 0 6408192 4
201 0 0 6391808 4
201 0 0 6375424 4
7413 1 0 6358848 4
1889 0 0 6457664 4
202 0 0 6441024 4
201 0 0 6424640 4
201 0 0 6408256 4
201 0 0 6391872 4
201 0 0 6375488 4
7324 1 0 6358912 4
1932 0 0 6457728 4
202 0 0 6441088 4
201 0 0 6424704 4
201 0 0 6408320 4
201 0 0 6391936 4
201 0 0 6375552 4
7307 1 0 6358976 4
1903 0 0 6457792 4
202 0 0 6441152 4
201 0 0 6424768 4
201 0 0 6408384 4
201 0 0 6392000 4
201 0 0 6375616 4
6986 1 0 6359040 4
1895 0 0 6457856 4
202 0 0 6441216 4
201 0 0 6424832 4
201 0 0 6408448 4
201 0 0 6392064 4
201 0 0 6375680 4
7040 1 0 6359104 4
1774 0 0 6457920 4
202 0 0 6441280 4
201 0 0 6424896 4
201 0 0 6408512 4
201 0 0 6392128 4
201 0 0 6375744 4
7161 1 0 6359168 4
1731 0 0 6457984 4
202 0 0 6441344 4
201 0 0 6424960 4
201 0 0 6408576 4
201 0 0 6392192 4
201 0 0 6375808 4
7226 1 0 6359232 4
1658 0 0 6458048 4
202 0 0 6441408 4
201 0 0 6425024 4
201 0 0 6408640 4
201 0 0 6392256 4
201 0 0 6375872 4
7333 1 0 6359296 4
1804 0 0 6458112 4
202 0 0 6441472 4
201 0 0 6425088 4
201 0 0 6408704 4
201 0 0 6392320 4
201 0 0 6375936 4
7118 1 0 6359360 4
1868 0 0 6458176 4
202 0 0 6441536 4
201 0 0 6425152 4
201 0 0 6408768 4
201 0 0 6392384 4
201 0 0 6376000 4
6976 1 0 6359424 4
1853 0 0 6458240 4
202 0 0 6441600 4
201 0 0 6425216 4
201 0 0 6408832 4
201 0 0 6392448 4
201 0 0 6376064 4
7030 1 0 6359488 4
1881 0 0 6458304 4
202 0 0 6441664 4
201 0 0 6425280 4
201 0 0 6408896 4
201 0 0 6392512 4
201 0 0 6376128 4
6933 1 0 6359552 4
1895 0 0 6458368 4
202 0 0 6441728 4
201 0 0 6425344 4
201 0 0 6408960 4
201 0 0 6392576 4
201 0 0 6376192 4
6989 1 0 6359616 4
1895 0 0 6458432 4
202 0 0 6441792 4
201 0 0 6425408 4
201 0 0 6409024 4
201 0 0 6392640 4
201 0 0 6376256 4
7101 1 1 6359680 4
1657 0 1 6458496 4
12 0 1 6441856 4
11 0 1 6425472 4
11 0 1 6409088 4
11 0 1 6392704 4
11 0 1 6376320 4
