0 0 1 6345360 4
11 0 0 1090523384 8
201 0 1 6345296 4
50 0 0 6448984 4
202 0 0 6432344 4
201 0 0 6415960 4
201 0 0 6399576 4
201 0 0 6383192 4
201 0 0 6366808 4
225 1 0 1090523296 4
203 0 1 6303960 8
14 0 0 6303728 8
201 1 0 1090523256 8
225 1 0 1090523192 8
208 0 1 47759849328744 8
11 0 1 6303384 8
11 0 1 47759849328888 8
11 0 1 6303512 8
11 0 1 4197516 4
21 0 1 47759849328640 8
15 0 1 4195997 1
12 0 1 47759849329096 8
13 0 1 6303608 8
12 0 1 4196668 2
15 0 1 47759849329376 8
11 0 1 47760170814208 4
13 0 0 1090525544 4
208 0 1 47759849329536 8
19 1 0 1090523128 8
216 1 0 1090522960 8
205 1 0 1090522936 8
203 1 0 1090522840 8
201 0 1 4196164 1
61 0 1 47759837181192 8
13 1 0 1090523064 8
215 0 1 47759849329496 8
56 1 0 1090522808 8
210 1 0 1090522704 8
222 0 1 47759849329336 8
20 1 0 1090522680 8
210 0 1 47760170814096 8
20 0 1 47759849329429 1
12 0 0 47759837178848 1
231 0 1 4195248 8
52 1 0 1090522616 8
207 0 1 47759835060196 1
11 0 1 4196139 1
25 0 1 47759849330008 8
87 0 0 47760162697256 8
208 0 1 47760162698005 1
17 0 1 47760162697964 4
13 0 1 47760162697328 8
11 0 1 47760165811440 8
30 0 1 47760162741120 8
72 0 1 47759849331912 8
50 0 1 47760162698328 8
111 0 1 47760162698464 8
18 0 1 47760162699213 1
17 0 1 47760162699172 4
13 0 1 47760162698536 8
11 0 1 47760168644208 8
30 0 1 47760166212480 8
30 0 1 47760166214548 4
18 0 1 47760166216064 4
43 0 1 47760166223024 8
44 0 1 47760166225392 1
111 0 0 47760166226746 2
207 0 1 47760170814832 4
16 0 1 47760170814200 8
31 0 1 4196584 8
11 0 0 47760166226162 8
219 0 1 47760166226170 8
80 0 1 47759837178920 4
116 0 1 47760162698424 8
85 0 1 47760166492048 8
13 0 1 47760166433688 8
15 0 1 47760166437336 8
13 0 1 47760166504064 8
20 0 1 47760166503520 8
23 0 1 4204472 4
37 0 1 6303880 8
59 0 1 4197276 4
27 0 1 4195757 1
491 0 1 47760162743704 8
280 0 1 47760166213692 4
18 0 0 47760166215616 4
233 0 1 47760166220336 8
141 0 1 47760166226522 2
293 0 1 47760166502888 4
11 0 0 47760166497960 4
219 0 1 47760166502744 4
30 0 1 47760166500556 4
37 0 1 4204496 8
17 0 1 4204544 8
83 0 1 47760166489664 8
20 0 1 47760166489048 8
87 0 1 6303744 8
59 0 1 4196868 4
23 0 0 4196856 8
203 0 1 4195301 1
481 0 1 47760162743232 8
259 0 1 47760166212288 8
30 0 1 47760166214436 4
18 0 1 47760166216016 4
43 0 1 47760166222736 8
56 0 1 47760166224856 8
362 0 1 47760166489640 8
68 1 0 6350184 4
645 0 1 47760166488944 8
31 0 0 47760166489352 8
209 0 1 47760166488960 8
195 0 0 47760166504480 8
210 0 1 47760166503936 8
91 0 1 47760166502644 4
1597 0 1 47760166503576 8
84 0 1 47760166502824 4
13 0 1 47760166502696 4
891 1 0 6350208 4
1761 0 0 6449024 4
202 0 0 6432384 4
201 0 0 6416000 4
201 0 0 6399616 4
201 0 0 6383232 4
201 0 0 6366848 4
7483 1 0 6350272 4
1904 0 0 6449088 4
202 0 0 6432448 4
201 0 0 6416064 4
201 0 0 6399680 4
201 0 0 6383296 4
201 0 0 6366912 4
7179 1 0 6350336 4
1430 0 1 47760166504176 8
20 0 1 47760166503632 8
444 0 0 6449152 4
202 0 0 6432512 4
201 0 0 6416128 4
201 0 0 6399744 4
201 0 0 6383360 4
201 0 0 6366976 4
3084 0 1 47760166504392 8
20 0 1 47760166503848 8
4249 1 0 6350400 4
1882 0 0 6449216 4
202 0 0 6432576 4
201 0 0 6416192 4
201 0 0 6399808 4
201 0 0 6383424 4
201 0 0 6367040 4
7340 1 0 6350464 4
1904 0 0 6449280 4
202 0 0 6432640 4
201 0 0 6416256 4
201 0 0 6399872 4
201 0 0 6383488 4
201 0 0 6367104 4
7407 1 0 6350528 4
1840 0 0 6449344 4
202 0 0 6432704 4
201 0 0 6416320 4
201 0 0 6399936 4
201 0 0 6383552 4
201 0 0 6367168 4
7392 1 0 6350592 4
1868 0 0 6449408 4
202 0 0 6432768 4
201 0 0 6416384 4
201 0 0 6400000 4
201 0 0 6383616 4
201 0 0 6367232 4
7136 1 0 6350656 4
1880 0 0 6449472 4
202 0 0 6432832 4
201 0 0 6416448 4
201 0 0 6400064 4
201 0 0 6383680 4
201 0 0 6367296 4
7400 1 0 6350720 4
1883 0 0 6449536 4
202 0 0 6432896 4
201 0 0 6416512 4
201 0 0 6400128 4
201 0 0 6383744 4
201 0 0 6367360 4
7237 1 0 6350784 4
1889 0 0 6449600 4
202 0 0 6432960 4
201 0 0 6416576 4
201 0 0 6400192 4
201 0 0 6383808 4
201 0 0 6367424 4
7413 1 0 6350848 4
1889 0 0 6449664 4
202 0 0 6433024 4
201 0 0 6416640 4
201 0 0 6400256 4
201 0 0 6383872 4
201 0 0 6367488 4
7324 1 0 6350912 4
1932 0 0 6449728 4
202 0 0 6433088 4
201 0 0 6416704 4
201 0 0 6400320 4
201 0 0 6383936 4
201 0 0 6367552 4
7307 1 0 6350976 4
1903 0 0 6449792 4
202 0 0 6433152 4
201 0 0 6416768 4
201 0 0 6400384 4
201 0 0 6384000 4
201 0 0 6367616 4
6986 1 0 6351040 4
1895 0 0 6449856 4
202 0 0 6433216 4
201 0 0 6416832 4
201 0 0 6400448 4
201 0 0 6384064 4
201 0 0 6367680 4
7040 1 0 6351104 4
1774 0 0 6449920 4
202 0 0 6433280 4
201 0 0 6416896 4
201 0 0 6400512 4
201 0 0 6384128 4
201 0 0 6367744 4
7161 1 0 6351168 4
1731 0 0 6449984 4
202 0 0 6433344 4
201 0 0 6416960 4
201 0 0 6400576 4
201 0 0 6384192 4
201 0 0 6367808 4
7226 1 0 6351232 4
1658 0 0 6450048 4
202 0 0 6433408 4
201 0 0 6417024 4
201 0 0 6400640 4
201 0 0 6384256 4
201 0 0 6367872 4
7333 1 0 6351296 4
1804 0 0 6450112 4
202 0 0 6433472 4
201 0 0 6417088 4
201 0 0 6400704 4
201 0 0 6384320 4
201 0 0 6367936 4
7118 1 0 6351360 4
1868 0 0 6450176 4
202 0 0 6433536 4
201 0 0 6417152 4
201 0 0 6400768 4
201 0 0 6384384 4
201 0 0 6368000 4
6976 1 0 6351424 4
1853 0 0 6450240 4
202 0 0 6433600 4
201 0 0 6417216 4
201 0 0 6400832 4
201 0 0 6384448 4
201 0 0 6368064 4
7030 1 1 6351488 4
1691 0 1 6450304 4
12 0 1 6433664 4
11 0 1 6417280 4
11 0 1 6400896 4
11 0 1 6384512 4
11 0 1 6368128 4
