0 0 1 6345360 4
11 0 0 140736258043544 8
201 0 0 6345296 4
240 0 0 6462620 4
202 0 0 6445980 4
201 0 0 6429596 4
201 0 0 6413212 4
201 0 0 6396828 4
201 0 0 6380444 4
209 1 0 140736258043500 4
217 1 0 140736258043432 8
201 0 1 6303960 8
14 0 1 6303728 8
15 1 0 140736258043360 8
230 0 1 47759849328744 8
11 0 1 6303384 8
11 0 1 47759849328888 8
11 0 1 6303512 8
11 0 1 4197516 4
21 0 1 47759849328640 8
15 0 1 4195997 1
12 0 1 47759849329096 8
13 0 1 6303608 8
12 0 1 4196668 2
15 0 1 47759849329376 8
11 0 1 47760170814208 4
13 0 0 47760176518936 4
208 0 1 47759849329536 8
13 1 0 140736258043304 8
215 1 0 140736258043256 8
206 1 0 140736258043120 8
209 1 0 140736258043000 8
201 0 1 4196164 1
61 0 1 47759837181192 8
29 0 0 47759849329496 8
214 1 0 140736258043040 4
242 1 0 140736258042864 8
207 1 0 140736258042904 8
214 0 1 47759849329336 8
31 0 0 47760170814096 8
210 0 1 47759849329429 1
12 0 1 47759837178848 1
41 0 1 4195248 8
41 1 0 140736258042808 8
218 0 0 47759835060196 1
201 0 1 4196139 1
25 0 1 47759849330008 8
18 1 0 140736258042744 8
268 0 1 47760162697256 8
18 0 1 47760162698005 1
17 0 1 47760162697964 4
13 0 1 47760162697328 8
11 0 1 47760165811440 8
30 0 1 47760162741120 8
72 0 1 47759849331912 8
50 0 1 47760162698328 8
111 0 1 47760162698464 8
18 0 1 47760162699213 1
17 0 1 47760162699172 4
13 0 1 47760162698536 8
11 0 1 47760168644208 8
30 0 1 47760166212480 8
30 0 1 47760166214548 4
18 0 1 47760166216064 4
43 0 1 47760166223024 8
44 0 1 47760166225392 1
111 0 1 47760166226746 2
17 0 1 47760170814832 4
16 0 1 47760170814200 8
31 0 1 4196584 8
11 0 1 47760166226162 8
29 0 1 47760166226170 8
80 0 1 47759837178920 4
116 0 1 47760162698424 8
85 0 1 47760166492048 8
13 0 1 47760166433688 8
15 0 1 47760166437336 8
13 0 0 47760166504064 8
210 0 1 47760166503520 8
23 0 1 4204472 4
37 0 1 6303880 8
59 0 0 4197276 4
217 0 1 4195757 1
491 0 1 47760162743704 8
280 0 1 47760166213692 4
18 0 1 47760166215616 4
43 0 1 47760166220336 8
141 0 1 47760166226522 2
298 0 0 47760166489664 8
210 0 0 47760166489048 8
219 0 1 4204496 8
17 0 1 4204544 8
178 0 1 6303744 8
59 0 1 4196868 4
23 0 1 4196856 8
13 0 1 4195301 1
481 0 1 47760162743232 8
259 0 1 47760166212288 8
30 0 1 47760166214436 4
18 0 1 47760166216016 4
43 0 1 47760166222736 8
56 0 1 47760166224856 8
362 0 1 47760166489640 8
73 1 0 6363820 4
385 0 1 47760166502888 4
11 0 1 47760166497960 4
29 0 1 47760166502748 4
30 0 1 47760166500556 4
1461 0 1 47760166504392 8
20 0 1 47760166503848 8
244 0 1 47760166502840 4
13 0 1 47760166502712 4
573 0 1 47760166502644 4
205 1 0 6363840 4
1910 0 0 6462656 4
202 0 0 6446016 4
201 0 0 6429632 4
201 0 0 6413248 4
201 0 0 6396864 4
201 0 0 6380480 4
862 0 1 47760166503576 8
6100 1 0 6363904 4
317 0 1 47760166504480 8
20 0 1 47760166503936 8
1576 0 0 6462720 4
202 0 0 6446080 4
201 0 0 6429696 4
201 0 0 6413312 4
201 0 0 6396928 4
201 0 0 6380544 4
6921 1 0 6363968 4
1844 0 0 6462784 4
202 0 0 6446144 4
201 0 0 6429760 4
201 0 0 6413376 4
201 0 0 6396992 4
201 0 0 6380608 4
7077 1 0 6364032 4
1696 0 0 6462848 4
202 0 0 6446208 4
201 0 0 6429824 4
201 0 0 6413440 4
201 0 0 6397056 4
201 0 0 6380672 4
7267 1 0 6364096 4
1664 0 0 6462912 4
202 0 0 6446272 4
201 0 0 6429888 4
201 0 0 6413504 4
201 0 0 6397120 4
201 0 0 6380736 4
7238 1 0 6364160 4
1769 0 0 6462976 4
202 0 0 6446336 4
201 0 0 6429952 4
201 0 0 6413568 4
201 0 0 6397184 4
201 0 0 6380800 4
7104 1 0 6364224 4
1868 0 0 6463040 4
202 0 0 6446400 4
201 0 0 6430016 4
201 0 0 6413632 4
201 0 0 6397248 4
201 0 0 6380864 4
7005 1 0 6364288 4
317 0 1 47760166504176 8
20 0 1 47760166503632 8
88 0 0 47760168644536 8
203 0 0 47760168644720 4
209 0 0 47760168644592 8
240 0 0 47760162698672 8
201 0 0 47760168644304 8
201 0 0 47760166227396 4
213 0 0 47760166227384 8
203 0 0 47760166216589 1
202 0 0 47760162698880 8
203 0 0 47760168644432 8
210 0 0 47760170814880 4
212 0 0 47760162699320 8
214 1 0 140736258043192 8
223 0 0 47760166224312 1
280 0 0 47760166224320 1
537 1 0 140736258042664 8
312 0 0 47760162740760 8
449 0 0 47760166212376 8
303 0 0 47760162699536 8
301 0 0 47760162699664 8
208 0 0 47760162700413 1
211 0 0 47760162699736 8
201 0 0 47760170806896 8
220 0 0 47760168658264 8
240 0 0 47760162699632 8
262 0 0 47760162700736 8
301 0 0 47760170811432 8
208 0 0 47760170812181 1
207 0 0 47760170812140 4
203 0 0 47760170811504 8
201 0 0 47760173002296 8
220 0 0 47760170816280 8
220 0 0 47760170816908 4
208 0 0 47760170818448 4
233 0 0 47760170822544 8
246 0 0 47760170831141 8
284 0 0 47760170831584 2
207 0 0 47760176504888 4
218 0 0 47760170831205 1
497 0 0 47760173002664 8
205 1 0 47760176518800 4
1594 0 0 6463104 4
202 0 0 6446464 4
201 0 0 6430080 4
201 0 0 6413696 4
201 0 0 6397312 4
201 0 0 6380928 4
6950 1 0 6364352 4
1812 0 0 6463168 4
202 0 0 6446528 4
201 0 0 6430144 4
201 0 0 6413760 4
201 0 0 6397376 4
201 0 0 6380992 4
6922 1 0 6364416 4
1895 0 0 6463232 4
202 0 0 6446592 4
201 0 0 6430208 4
201 0 0 6413824 4
201 0 0 6397440 4
201 0 0 6381056 4
6873 1 0 6364480 4
1861 0 0 6463296 4
202 0 0 6446656 4
201 0 0 6430272 4
201 0 0 6413888 4
201 0 0 6397504 4
201 0 0 6381120 4
6974 1 0 6364544 4
1825 0 0 6463360 4
202 0 0 6446720 4
201 0 0 6430336 4
201 0 0 6413952 4
201 0 0 6397568 4
201 0 0 6381184 4
7145 1 0 6364608 4
1711 0 0 6463424 4
202 0 0 6446784 4
201 0 0 6430400 4
201 0 0 6414016 4
201 0 0 6397632 4
201 0 0 6381248 4
7271 1 0 6364672 4
1664 0 0 6463488 4
202 0 0 6446848 4
201 0 0 6430464 4
201 0 0 6414080 4
201 0 0 6397696 4
201 0 0 6381312 4
7263 1 0 6364736 4
616 0 1 47760166488944 8
27 0 1 47760166489592 8
13 0 1 47760166489336 8
19 0 1 47760166488960 8
1186 0 0 6463552 4
202 0 0 6446912 4
201 0 0 6430528 4
201 0 0 6414144 4
201 0 0 6397760 4
201 0 0 6381376 4
7298 1 0 6364800 4
1868 0 0 6463616 4
202 0 0 6446976 4
201 0 0 6430592 4
201 0 0 6414208 4
201 0 0 6397824 4
201 0 0 6381440 4
7378 1 0 6364864 4
1825 0 0 6463680 4
202 0 0 6447040 4
201 0 0 6430656 4
201 0 0 6414272 4
201 0 0 6397888 4
201 0 0 6381504 4
7136 1 0 6364928 4
1880 0 0 6463744 4
202 0 0 6447104 4
201 0 0 6430720 4
201 0 0 6414336 4
201 0 0 6397952 4
201 0 0 6381568 4
7357 1 0 6364992 4
1918 0 0 6463808 4
202 0 0 6447168 4
201 0 0 6430784 4
201 0 0 6414400 4
201 0 0 6398016 4
201 0 0 6381632 4
7202 1 0 6365056 4
1889 0 0 6463872 4
202 0 0 6447232 4
201 0 0 6430848 4
201 0 0 6414464 4
201 0 0 6398080 4
201 0 0 6381696 4
7448 1 0 6365120 4
1889 0 0 6463936 4
202 0 0 6447296 4
201 0 0 6430912 4
201 0 0 6414528 4
201 0 0 6398144 4
201 0 0 6381760 4
