0 0 1 6345360 4
11 0 0 1107308792 8
201 0 1 6345296 4
50 0 0 6451712 4
202 0 0 6435072 4
201 0 0 6418688 4
201 0 0 6402304 4
201 0 0 6385920 4
201 0 0 6369536 4
225 1 0 1107308704 4
203 0 1 6303960 8
14 0 1 6303728 8
11 1 0 1107308664 8
225 1 0 1107308600 8
208 0 1 47759849328744 8
11 0 0 6303384 8
201 0 1 47759849328888 8
11 0 1 6303512 8
11 0 1 4197516 4
21 0 1 47759849328640 8
15 0 1 4195997 1
12 0 1 47759849329096 8
13 0 1 6303608 8
12 0 1 4196668 2
15 0 1 47759849329376 8
11 0 1 47760170814208 4
13 0 0 1107310952 4
208 0 1 47759849329536 8
19 1 0 1107308536 8
216 1 0 1107308368 8
205 1 0 1107308344 8
203 1 0 1107308248 8
201 0 1 4196164 1
61 0 1 47759837181192 8
13 1 0 1107308472 8
215 0 1 47759849329496 8
56 1 0 1107308216 8
210 1 0 1107308112 8
222 0 0 47759849329336 8
210 1 0 1107308088 8
210 0 1 47760170814096 8
20 0 1 47759849329429 1
12 0 1 47759837178848 1
41 0 1 4195248 8
52 1 0 1107308024 8
207 0 1 47759835060196 1
11 0 1 4196139 1
25 0 1 47759849330008 8
87 0 1 47760162697256 8
18 0 1 47760162698005 1
17 0 0 47760162697964 4
203 0 1 47760162697328 8
11 0 1 47760165811440 8
30 0 1 47760162741120 8
72 0 1 47759849331912 8
50 0 1 47760162698328 8
111 0 1 47760162698464 8
18 0 1 47760162699213 1
17 0 1 47760162699172 4
13 0 1 47760162698536 8
11 0 1 47760168644208 8
30 0 1 47760166212480 8
30 0 1 47760166214548 4
18 0 1 47760166216064 4
43 0 0 47760166223024 8
234 0 1 47760166225392 1
111 0 1 47760166226746 2
17 0 1 47760170814832 4
16 0 1 47760170814200 8
31 0 1 4196584 8
11 0 1 47760166226162 8
29 0 1 47760166226170 8
80 0 0 47759837178920 4
306 0 1 47760162698424 8
85 0 1 47760166492048 8
13 0 1 47760166433688 8
15 0 1 47760166437336 8
13 0 1 47760166504120 8
20 0 1 47760166503576 8
23 0 1 4204472 4
37 0 1 6303880 8
59 0 1 4197276 4
27 0 1 4195757 1
491 0 1 47760162743704 8
280 0 0 47760166213692 4
208 0 1 47760166215616 4
43 0 1 47760166220336 8
141 0 1 47760166226522 2
293 0 1 47760166502888 4
11 0 1 47760166497960 4
25 0 0 47760166502844 4
203 0 1 47760166502716 4
30 0 1 47760166500556 4
37 0 1 4204496 8
17 0 1 4204544 8
100 0 1 47760166502744 4
116 0 1 6303744 8
59 0 1 4196868 4
23 0 1 4196856 8
13 0 1 4195301 1
481 0 1 47760162743232 8
259 0 1 47760166212288 8
30 0 1 47760166214436 4
18 0 1 47760166216016 4
43 0 1 47760166222736 8
56 0 0 47760166224856 8
552 0 1 47760166489640 8
17 0 1 47760166489664 8
21 0 1 47760166489048 8
48 1 0 6352912 4
645 0 1 47760166488944 8
27 0 1 47760166489592 8
13 0 1 47760166489336 8
19 0 1 47760166488960 8
206 0 1 47760166503520 8
1547 0 1 47760166504480 8
20 0 1 47760166503936 8
2998 0 1 47760166502636 4
1339 1 0 6352960 4
1932 0 0 6451776 4
202 0 0 6435136 4
201 0 0 6418752 4
201 0 0 6402368 4
201 0 0 6385984 4
201 0 0 6369600 4
7259 1 0 6353024 4
1782 0 0 6451840 4
202 0 0 6435200 4
201 0 0 6418816 4
201 0 0 6402432 4
201 0 0 6386048 4
201 0 0 6369664 4
1964 0 1 47760166504176 8
20 0 1 47760166503632 8
3340 0 1 47760166504392 8
20 0 1 47760166503848 8
2138 1 0 6353088 4
1819 0 0 6451904 4
202 0 0 6435264 4
201 0 0 6418880 4
201 0 0 6402496 4
201 0 0 6386112 4
201 0 0 6369728 4
7346 1 0 6353152 4
1870 0 0 6451968 4
202 0 0 6435328 4
201 0 0 6418944 4
201 0 0 6402560 4
201 0 0 6386176 4
201 0 0 6369792 4
7471 1 0 6353216 4
1946 0 0 6452032 4
202 0 0 6435392 4
201 0 0 6419008 4
201 0 0 6402624 4
201 0 0 6386240 4
201 0 0 6369856 4
7214 1 0 6353280 4
1832 0 0 6452096 4
202 0 0 6435456 4
201 0 0 6419072 4
201 0 0 6402688 4
201 0 0 6386304 4
201 0 0 6369920 4
7097 1 0 6353344 4
1725 0 0 6452160 4
202 0 0 6435520 4
201 0 0 6419136 4
201 0 0 6402752 4
201 0 0 6386368 4
201 0 0 6369984 4
7206 1 0 6353408 4
1868 0 0 6452224 4
202 0 0 6435584 4
201 0 0 6419200 4
201 0 0 6402816 4
201 0 0 6386432 4
201 0 0 6370048 4
7026 1 0 6353472 4
1813 0 0 6452288 4
202 0 0 6435648 4
201 0 0 6419264 4
201 0 0 6402880 4
201 0 0 6386496 4
201 0 0 6370112 4
7063 1 0 6353536 4
1852 0 0 6452352 4
202 0 0 6435712 4
201 0 0 6419328 4
201 0 0 6402944 4
201 0 0 6386560 4
201 0 0 6370176 4
7203 1 0 6353600 4
1763 0 0 6452416 4
202 0 0 6435776 4
201 0 0 6419392 4
201 0 0 6403008 4
201 0 0 6386624 4
201 0 0 6370240 4
7246 1 0 6353664 4
1804 0 0 6452480 4
202 0 0 6435840 4
201 0 0 6419456 4
201 0 0 6403072 4
201 0 0 6386688 4
201 0 0 6370304 4
7221 1 0 6353728 4
1867 0 0 6452544 4
202 0 0 6435904 4
201 0 0 6419520 4
201 0 0 6403136 4
201 0 0 6386752 4
201 0 0 6370368 4
6964 1 0 6353792 4
1817 0 0 6452608 4
202 0 0 6435968 4
201 0 0 6419584 4
201 0 0 6403200 4
201 0 0 6386816 4
201 0 0 6370432 4
7221 1 0 6353856 4
1812 0 0 6452672 4
202 0 0 6436032 4
201 0 0 6419648 4
201 0 0 6403264 4
201 0 0 6386880 4
201 0 0 6370496 4
7109 1 0 6353920 4
1783 0 0 6452736 4
202 0 0 6436096 4
201 0 0 6419712 4
201 0 0 6403328 4
201 0 0 6386944 4
201 0 0 6370560 4
7198 1 0 6353984 4
1853 0 0 6452800 4
202 0 0 6436160 4
201 0 0 6419776 4
201 0 0 6403392 4
201 0 0 6387008 4
201 0 0 6370624 4
7118 1 0 6354048 4
1896 0 0 6452864 4
202 0 0 6436224 4
201 0 0 6419840 4
201 0 0 6403456 4
201 0 0 6387072 4
201 0 0 6370688 4
7128 1 0 6354112 4
1867 0 0 6452928 4
202 0 0 6436288 4
201 0 0 6419904 4
201 0 0 6403520 4
201 0 0 6387136 4
201 0 0 6370752 4
2291 0 1 47760166489352 8
5142 1 0 6354176 4
1749 0 0 6452992 4
202 0 0 6436352 4
201 0 0 6419968 4
201 0 0 6403584 4
201 0 0 6387200 4
201 0 0 6370816 4
7236 1 1 6354240 4
1714 0 1 6453056 4
12 0 1 6436416 4
11 0 1 6420032 4
11 0 1 6403648 4
11 0 1 6387264 4
11 0 1 6370880 4
