1 0 0 6598193861192 4
0 0 0 6598193861184 4
0 1 0 6598193861192 4
0 0 0 6598193864016 4
0 1 0 6598193860848 4
0 0 0 25776154032 4
0 0 0 6598193864024 4
0 1 0 6598193860720 4
0 1 0 6598193861064 4
0 1 0 6598193861128 4
0 1 0 6598193861120 4
0 0 0 6598193862992 4
0 1 0 6598193861056 4
0 1 0 6598193862872 4
0 0 0 432393317770362848 4
0 1 0 6598193860752 4
0 0 0 432393317770380032 4
0 1 0 6598193861104 4
0 1 0 6598193860904 4
1 1 0 6598193860888 4
1 1 0 6598193861184 4
0 1 0 6598193860728 4
0 1 0 6598193860712 4
0 0 0 6598193863971 4
0 1 0 6598193860840 4
1 1 0 6598193861072 4
0 1 0 6598193861136 4
1 1 0 6598193860880 4
0 0 0 6598193863040 4
0 1 0 6598193860704 4
0 0 0 432486298521462864 4
0 1 0 6598193861176 4
1 1 0 6598193860904 4
0 1 0 6598193861080 4
0 0 0 25776152960 4
1 1 0 6598193860920 4
0 1 0 6598193860872 4
0 1 0 6598193860696 4
1 1 0 6598193861112 4
0 1 0 6598193861088 4
1 0 0 432393317770362968 4
0 1 0 6598193860688 4
0 1 0 6598193860864 4
1 1 0 6598193863984 4
0 1 0 6598193861096 4
1 1 0 6598193860896 4
0 1 0 6598193860856 4
0 1 0 6598193863184 4
0 0 0 6598193863136 4
1 0 0 6598193863972 4
