1 0 0 9896753922632 4
0 0 0 9896753922624 4
0 1 0 9896753922632 4
0 0 0 648566099884163840 4
0 1 0 9896753922496 4
0 0 0 9896753925456 4
0 1 0 9896753924312 4
0 1 0 9896753922560 4
0 0 0 648566099884146656 4
0 0 0 9896753925464 4
0 1 0 9896753922192 4
0 1 0 9896753922544 4
0 1 0 9896753922344 4
0 1 0 9896753922568 4
0 1 0 9896753922288 4
0 1 0 9896753922160 4
0 0 0 38661055920 4
0 0 0 9896753924432 4
0 1 0 9896753922504 4
1 1 0 9896753922328 4
1 1 0 9896753922624 4
0 1 0 9896753922280 4
0 0 0 9896753925411 4
0 1 0 9896753922152 4
0 1 0 9896753922168 4
1 1 0 9896753922576 4
0 1 0 9896753922512 4
1 0 0 9896753924480 4
0 1 0 9896753922616 4
0 1 0 9896753922144 4
0 0 0 648659080635246672 4
0 1 0 9896753922320 4
1 1 0 9896753922344 4
0 0 0 38661054848 4
0 1 0 9896753922520 4
1 1 0 9896753922312 4
0 1 0 9896753922136 4
0 1 0 9896753922360 4
1 1 0 9896753922552 4
0 1 0 9896753922528 4
1 1 0 9896753922128 4
0 0 0 648566099884146776 4
0 1 0 9896753922304 4
1 1 0 9896753922536 4
0 1 0 9896753925424 4
1 1 0 9896753924624 4
0 0 0 9896753924576 4
0 1 0 9896753922296 4
0 1 0 9896753922336 4
1 0 0 9896753925412 4
