1 0 0 2200113779264 4
0 0 0 2200113779272 4
0 1 0 2200113779272 4
0 1 0 2200113778928 4
0 0 0 144162941618651104 4
0 0 0 144162941618668288 4
0 1 0 2200113779208 4
0 0 0 2200113782104 4
0 1 0 2200113778800 4
0 0 0 2200113782096 4
0 0 0 8596284848 4
0 0 0 2200113781072 4
0 1 0 2200113779144 4
0 1 0 2200113778832 4
0 1 0 2200113778984 4
0 1 0 2200113779136 4
0 1 0 2200113780952 4
0 1 0 2200113779200 4
0 1 0 2200113779184 4
1 1 0 2200113778968 4
1 1 0 2200113778920 4
0 1 0 2200113779264 4
0 0 0 2200113782051 4
0 1 0 2200113778808 4
0 1 0 2200113778792 4
1 1 0 2200113779216 4
0 1 0 2200113779152 4
1 0 0 2200113781120 4
0 1 0 2200113779256 4
0 0 0 144255922369751120 4
0 1 0 2200113778960 4
0 1 0 2200113778784 4
1 1 0 2200113778984 4
0 0 0 8596283776 4
0 1 0 2200113779160 4
1 1 0 2200113779000 4
0 1 0 2200113778952 4
0 1 0 2200113778776 4
1 1 0 2200113779168 4
0 1 0 2200113779192 4
1 1 0 2200113778944 4
0 1 0 2200113778768 4
0 0 0 144162941618651224 4
1 1 0 2200113779176 4
0 1 0 2200113782064 4
1 1 0 2200113778976 4
0 1 0 2200113778936 4
0 0 0 2200113781216 4
0 1 0 2200113781264 4
1 0 0 2200113782052 4
