1 1 0 47753211401608 4
0 1 0 47753211401624 4
0 1 0 47753211399592 4
0 1 0 47753211402176 4
0 1 0 140734293895608 4
0 1 0 47753211401600 4
0 1 0 47753211401632 4
0 1 0 47753211401648 4
0 1 0 47753211401760 4
0 1 0 47753211401872 4
0 0 0 47753211399992 4
0 1 0 47753211401664 4
0 1 0 47753211401656 4
0 0 0 47753211399800 4
0 1 0 47753211401688 4
0 1 0 47753211401512 4
0 1 0 47753211401640 4
0 1 0 47753211401616 4
0 1 0 47753211401736 4
0 1 0 47753211401592 4
2 0 0 47753211400120 4
0 1 0 140734293895600 4
0 1 0 47753211401528 4
2 0 0 47753211399752 4
0 1 0 140734293895592 4
3 0 0 47753211399104 4
0 0 0 47753211399928 4
0 0 0 47753211399912 4
0 0 0 47753211399864 4
0 0 0 47753211399960 4
0 0 0 47753211399784 4
0 0 0 47753211399832 4
0 0 0 47753211399896 4
0 0 0 47753211399976 4
0 0 0 47753211399816 4
0 0 0 47753211399944 4
0 0 0 47753211399880 4
0 0 0 47753211399848 4
2 0 0 47753211399768 4
