1 0 0 1100593758784 4
0 0 0 1100593758792 4
0 1 0 1100593758792 4
0 1 0 1100593758480 4
0 0 0 72105347580722744 4
0 1 0 1100593758400 4
0 1 0 1100593758416 4
0 1 0 1100593758728 4
0 1 0 1100593760472 4
0 1 0 1100593758496 4
0 0 0 72105347578531952 4
0 0 0 72105347580722840 4
0 0 0 1100593760592 4
0 1 0 1100593758432 4
0 0 0 72105347580740352 4
0 0 0 72105347580723168 4
0 1 0 1100593758488 4
0 0 0 72105347578532088 4
0 0 0 72105347580722728 4
0 0 0 72105347578554684 4
1 0 0 72105347580723192 4
1 0 0 72105347580723184 4
0 0 0 72105347578554680 4
0 1 0 1100593758408 4
0 1 0 1100593758784 4
1 1 0 1100593758440 4
0 1 0 1100593758736 4
1 1 0 1100593758776 4
1 1 0 1100593758448 4
0 1 0 1100593758504 4
1 0 0 72105347578531944 4
0 1 0 1100593758520 4
1 1 0 1100593758456 4
1 0 0 72105347580723288 4
1 1 0 1100593758464 4
0 1 0 1100593761584 4
1 1 0 1100593758424 4
1 1 0 1100593758472 4
0 0 0 1100593761572 4
