1 0 0 288278129682916576 4
0 0 0 4399153820232 4
0 1 0 4399153820232 4
0 0 0 4399153822032 4
0 0 0 288278129694524160 4
0 0 0 4399153823064 4
0 1 0 4399153821912 4
0 1 0 4399153820096 4
0 1 0 4399153820144 4
0 1 0 4399153819944 4
0 1 0 4399153819792 4
0 1 0 4399153820104 4
0 0 0 4399153823056 4
0 1 0 4399153819760 4
0 1 0 4399153820160 4
0 1 0 4399153820168 4
0 0 0 288278129694506976 4
0 1 0 4399153819888 4
1 1 0 4399153819928 4
1 0 0 4399153820224 4
0 1 0 4399153820224 4
0 1 0 4399153819768 4
0 0 0 17186217968 4
0 0 0 4399153823011 4
0 1 0 4399153819880 4
1 1 0 4399153820112 4
0 1 0 4399153820176 4
1 1 0 4399153819920 4
0 0 0 4399153822080 4
0 0 0 288371110445606992 4
0 1 0 4399153820216 4
1 1 0 4399153819944 4
0 0 0 17186218368 4
0 1 0 4399153820120 4
1 1 0 4399153819960 4
0 1 0 4399153819912 4
1 1 0 4399153820152 4
0 1 0 4399153820128 4
1 0 0 288278129694507096 4
0 1 0 4399153819904 4
1 1 0 4399153820136 4
0 1 0 4399153823024 4
1 1 0 4399153819896 4
0 1 0 4399153819936 4
0 1 0 4399153822224 4
1 0 0 4399153823012 4
