1 0 0 7697713881672 4
0 0 0 7697713881664 4
0 0 0 7697663524472 4
0 1 0 7697713881672 4
0 0 0 504450911808290456 4
0 1 0 7697713881608 4
0 1 0 7697713881376 4
0 0 0 504450911806099704 4
0 1 0 7697713881360 4
0 0 0 504450911808290344 4
0 1 0 7697713883352 4
0 1 0 7697713881312 4
0 0 0 504450911806122300 4
0 0 0 504450911808307968 4
0 1 0 7697713881296 4
0 0 0 7697713883472 4
0 0 0 504450911808290360 4
0 1 0 7697713881368 4
0 0 0 504450911806099568 4
0 0 0 504450911808290784 4
1 0 0 504450911808290808 4
1 1 0 7697713881664 4
0 1 0 7697713881288 4
0 0 0 504450911808290800 4
1 1 0 7697713881616 4
0 1 0 7697713881320 4
1 1 0 7697713881656 4
1 1 0 7697713881384 4
0 1 0 7697713881328 4
1 1 0 7697713881400 4
0 0 0 504450911806099560 4
1 1 0 7697713881336 4
1 0 0 504450911808290904 4
1 1 0 7697713884464 4
0 1 0 7697713881344 4
1 1 0 7697713881304 4
1 1 0 7697713881352 4
0 0 0 7697713884452 4
