1 0 0 17593343709768 4
0 0 0 17593343709760 4
0 1 0 17593343709768 4
0 0 0 68725826992 4
0 1 0 17593343709480 4
0 1 0 17593343709680 4
0 1 0 17593343709696 4
0 1 0 17593343709632 4
0 1 0 17593343709704 4
0 0 0 17593343712600 4
0 0 0 17593343712592 4
0 1 0 17593343711448 4
0 1 0 17593343709640 4
0 1 0 17593343709328 4
0 1 0 17593343709424 4
0 1 0 17593343709296 4
0 0 0 1152969258149642208 4
0 0 0 17593343711568 4
0 0 0 1152969258149659392 4
1 1 0 17593343709464 4
1 1 0 17593343709760 4
0 1 0 17593343709304 4
0 1 0 17593343709416 4
0 0 0 17593343712547 4
0 1 0 17593343709288 4
1 1 0 17593343709648 4
0 1 0 17593343709712 4
1 0 0 17593343711616 4
0 0 0 1153062238900742224 4
0 1 0 17593343709456 4
0 1 0 17593343709752 4
0 1 0 17593343709280 4
1 1 0 17593343709480 4
0 0 0 68725825920 4
0 1 0 17593343709656 4
1 1 0 17593343709272 4
0 1 0 17593343709448 4
0 1 0 17593343709496 4
1 1 0 17593343709664 4
0 1 0 17593343709688 4
1 0 0 1152969258149642328 4
0 1 0 17593343709264 4
0 1 0 17593343709440 4
1 1 0 17593343712560 4
0 1 0 17593343709672 4
1 1 0 17593343709432 4
0 1 0 17593343711760 4
0 0 0 17593343711712 4
0 1 0 17593343709472 4
1 0 0 17593343712548 4
