1 0 0 8797233902152 4
0 0 0 8797233902144 4
0 1 0 8797233902152 4
0 1 0 8797233902024 4
0 0 0 34366088624 4
0 1 0 8797233902064 4
0 1 0 8797233902080 4
0 1 0 8797233902016 4
0 0 0 576508505846235904 4
0 0 0 8797233904976 4
0 0 0 576508505846218720 4
0 1 0 8797233901864 4
0 1 0 8797233901712 4
0 1 0 8797233902088 4
0 1 0 8797233901808 4
0 0 0 8797233903952 4
0 0 0 8797233904984 4
0 1 0 8797233903832 4
0 1 0 8797233901680 4
1 1 0 8797233901848 4
1 1 0 8797233902144 4
0 1 0 8797233901800 4
0 1 0 8797233901672 4
0 1 0 8797233901688 4
0 0 0 8797233904931 4
1 1 0 8797233902032 4
0 1 0 8797233902096 4
1 1 0 8797233901840 4
0 0 0 576601486597318736 4
0 1 0 8797233901664 4
0 1 0 8797233902136 4
0 0 0 8797233904000 4
1 1 0 8797233901864 4
0 1 0 8797233902040 4
0 0 0 34366087552 4
1 1 0 8797233901832 4
0 1 0 8797233901880 4
0 1 0 8797233901656 4
1 1 0 8797233902048 4
0 1 0 8797233902072 4
1 1 0 8797233901824 4
0 0 0 576508505846218840 4
0 1 0 8797233901648 4
1 1 0 8797233902056 4
0 1 0 8797233904944 4
1 0 0 8797233904096 4
0 1 0 8797233901856 4
0 1 0 8797233901816 4
0 1 0 8797233904144 4
1 0 0 8797233904932 4
