1 0 0 5498673840712 4
0 0 0 5498673840704 4
0 1 0 5498673840712 4
0 0 0 360335723732452096 4
0 0 0 5498673843536 4
0 1 0 5498673840272 4
0 1 0 5498673840576 4
0 0 0 360335723732434912 4
0 1 0 5498673840368 4
0 1 0 5498673840584 4
0 1 0 5498673840648 4
0 1 0 5498673840640 4
0 0 0 5498673843544 4
0 1 0 5498673840624 4
0 1 0 5498673840240 4
0 1 0 5498673842392 4
0 1 0 5498673840424 4
0 0 0 21481186736 4
0 0 0 5498673842512 4
1 1 0 5498673840408 4
1 1 0 5498673840704 4
0 0 0 5498673843491 4
0 1 0 5498673840360 4
0 1 0 5498673840248 4
0 1 0 5498673840232 4
1 1 0 5498673840656 4
0 1 0 5498673840592 4
1 1 0 5498673840400 4
0 0 0 360428704483534928 4
0 1 0 5498673840224 4
0 1 0 5498673840696 4
0 0 0 5498673842560 4
1 1 0 5498673840424 4
0 1 0 5498673840600 4
0 0 0 21481185664 4
1 1 0 5498673840392 4
0 1 0 5498673840216 4
0 1 0 5498673840440 4
1 1 0 5498673840608 4
0 1 0 5498673840632 4
1 0 0 360335723732435032 4
0 1 0 5498673840384 4
0 1 0 5498673840208 4
1 1 0 5498673843504 4
0 1 0 5498673840616 4
1 0 0 5498673842656 4
0 1 0 5498673842704 4
0 1 0 5498673840416 4
0 1 0 5498673840376 4
1 0 0 5498673843492 4
