1 0 0 17593343709760 4
0 0 0 1152969484714291968 4
0 0 0 17593343711568 4
0 1 0 17593343709408 4
0 1 0 17593343709480 4
0 0 0 68728619888 4
0 1 0 17593343709680 4
0 1 0 17593343709696 4
0 1 0 17593343709632 4
0 1 0 17593343709704 4
0 0 0 17593343712600 4
0 0 0 17593343712592 4
0 1 0 17593343711448 4
0 0 0 1152969484712152432 4
0 0 0 1152969484714274784 4
0 1 0 17593343709640 4
0 1 0 17593343709768 4
0 1 0 17593343709392 4
1 1 0 17593343709472 4
1 1 0 17593343709760 4
0 1 0 17593343709456 4
0 1 0 17593343709384 4
0 0 0 17593343712547 4
0 1 0 17593343709400 4
1 1 0 17593343709648 4
0 1 0 17593343709712 4
0 1 0 17593343709432 4
1 0 0 17593343711616 4
0 1 0 17593343709752 4
0 1 0 17593343709376 4
1 1 0 17593343709480 4
0 1 0 17593343709656 4
1 0 0 68728611664 4
0 1 0 17593343709368 4
0 1 0 17593343709496 4
1 1 0 17593343709664 4
0 1 0 17593343709688 4
1 1 0 17593343709360 4
0 1 0 17593343709464 4
0 0 0 1152969484714274904 4
1 1 0 17593343712560 4
0 1 0 17593343709672 4
0 1 0 17593343709448 4
1 1 0 17593343709472 4
0 1 0 17593343709416 4
0 1 0 17593343711760 4
0 0 0 17593343711712 4
1 0 0 17593343712548 4
0 0 0 68728620032 4
310 0 0 17593343709768 4
