1 0 0 8797233902144 4
0 0 0 576508732410868480 4
0 0 0 8797233903952 4
0 1 0 8797233902024 4
0 1 0 8797233902064 4
0 1 0 8797233902080 4
0 1 0 8797233901792 4
0 1 0 8797233902016 4
0 0 0 576508732408728944 4
0 0 0 34368881520 4
0 0 0 8797233904976 4
0 1 0 8797233901864 4
0 1 0 8797233901776 4
0 1 0 8797233902088 4
0 1 0 8797233902152 4
0 0 0 8797233904984 4
0 0 0 576508732410851296 4
0 1 0 8797233903832 4
1 1 0 8797233901856 4
1 1 0 8797233901840 4
0 1 0 8797233901784 4
0 1 0 8797233901768 4
0 1 0 8797233902144 4
0 0 0 8797233904931 4
1 1 0 8797233902032 4
0 1 0 8797233901816 4
0 1 0 8797233902096 4
1 1 0 8797233901760 4
0 1 0 8797233902136 4
0 0 0 8797233904000 4
1 1 0 8797233901864 4
0 1 0 8797233902040 4
1 1 0 8797233901752 4
0 1 0 8797233901880 4
0 0 0 34368873296 4
1 1 0 8797233902048 4
0 1 0 8797233902072 4
1 1 0 8797233901848 4
0 1 0 8797233901744 4
0 0 0 576508732410851416 4
1 1 0 8797233901832 4
0 1 0 8797233902056 4
0 1 0 8797233904944 4
1 1 0 8797233901856 4
0 0 0 8797233904096 4
0 1 0 8797233901800 4
0 1 0 8797233904144 4
1 0 0 34368881664 4
0 0 0 8797233904932 4
230 0 0 8797233902152 4
