1 0 0 3299633799744 4
0 0 0 3299633801552 4
0 0 0 216220762221211616 4
0 1 0 3299633799360 4
0 1 0 3299633799688 4
0 1 0 3299633799440 4
0 1 0 3299633799392 4
0 0 0 216220762219020400 4
0 1 0 3299633801432 4
0 1 0 3299633799448 4
0 0 0 216220762221211288 4
0 1 0 3299633799376 4
0 0 0 216220762221211176 4
0 0 0 216220762219043120 4
0 0 0 216220762219020536 4
0 0 0 216220762221211192 4
0 0 0 216220762219020288 4
0 1 0 3299633799456 4
0 0 0 216220762219043132 4
0 0 0 216220762219028365 4
1 0 0 216220762221211640 4
1 0 0 216220762219043128 4
0 1 0 3299633799368 4
0 0 0 216220762221211632 4
1 1 0 3299633799400 4
0 1 0 3299633799696 4
2 1 0 3299633799408 4
0 1 0 3299633799464 4
1 0 0 216220762219020392 4
1 1 0 3299633799416 4
1 0 0 216220762221211736 4
1 1 0 3299633799424 4
1 1 0 3299633799384 4
1 0 0 3299633802532 4
0 1 0 3299633799432 4
120 0 0 3299633799752 4
300 1 0 3299633799752 4
2 1 0 3299633799744 4
2 1 0 3299633799736 4
2 1 0 3299633799480 4
3 1 0 3299633802544 4
6 0 0 216220762221228800 4
