1 0 0 9896753922624 4
0 0 0 648566326448796416 4
0 0 0 9896753924432 4
0 1 0 9896753922632 4
0 1 0 9896753922496 4
0 0 0 9896753925456 4
0 1 0 9896753924312 4
0 1 0 9896753922560 4
0 0 0 648566326448779232 4
0 1 0 9896753922256 4
0 0 0 9896753925464 4
0 1 0 9896753922544 4
0 1 0 9896753922344 4
0 1 0 9896753922272 4
0 1 0 9896753922568 4
0 0 0 38663848816 4
0 0 0 648566326446656880 4
0 1 0 9896753922504 4
1 1 0 9896753922336 4
1 0 0 9896753925411 4
0 1 0 9896753922248 4
0 1 0 9896753922264 4
0 1 0 9896753922320 4
0 1 0 9896753922624 4
1 1 0 9896753922576 4
0 1 0 9896753922512 4
0 1 0 9896753922296 4
1 1 0 9896753922240 4
0 0 0 9896753924480 4
0 1 0 9896753922616 4
1 1 0 9896753922344 4
0 1 0 9896753922520 4
1 0 0 38663840592 4
0 1 0 9896753922232 4
0 1 0 9896753922360 4
1 1 0 9896753922552 4
0 1 0 9896753922528 4
1 0 0 648566326448779352 4
0 1 0 9896753922224 4
0 1 0 9896753922328 4
1 1 0 9896753922312 4
0 1 0 9896753922536 4
0 1 0 9896753925424 4
1 1 0 9896753922336 4
0 1 0 9896753922280 4
0 1 0 9896753924624 4
0 0 0 9896753924576 4
1 0 0 38663848960 4
0 0 0 9896753925412 4
300 0 0 9896753922632 4
