1 1 0 47979772241344 4
0 1 0 47979772241856 4
0 1 0 47979772241288 4
0 1 0 47979772239272 4
0 1 0 47979772241544 4
0 0 0 47979772239480 4
0 1 0 47979772241368 4
0 1 0 47979772241336 4
0 1 0 47979772241320 4
0 1 0 47979772241304 4
0 1 0 140735366320456 4
0 1 0 47979772241280 4
0 1 0 47979772241272 4
0 1 0 47979772241328 4
0 1 0 47979772241552 4
0 1 0 47979772241440 4
0 1 0 47979772241416 4
0 0 0 47979772239672 4
0 1 0 47979772241296 4
0 1 0 47979772241312 4
2 1 0 47979772241208 4
0 1 0 140735366320448 4
2 0 0 47979772239432 4
0 1 0 140735366320440 4
3 0 0 47979772238784 4
0 0 0 47979772239528 4
0 0 0 47979772239640 4
0 0 0 47979772239656 4
0 0 0 47979772239592 4
0 0 0 47979772239464 4
0 0 0 47979772239544 4
0 0 0 47979772239624 4
0 0 0 47979772239576 4
0 0 0 47979772239512 4
0 0 0 47979772239496 4
0 0 0 47979772239560 4
0 0 0 47979772239608 4
2 0 0 47979772239448 4
332 1 0 47979772241192 4
2 0 0 47979772239800 4
