1 0 0 2200113779264 4
0 0 0 2200113781072 4
0 0 0 144163168183283680 4
0 1 0 2200113778896 4
0 1 0 2200113779208 4
0 0 0 144163168181092600 4
0 1 0 2200113778976 4
0 1 0 2200113778912 4
0 0 0 144163168181115196 4
0 0 0 144163168183283240 4
0 0 0 144163168181092464 4
0 0 0 144163168181115184 4
0 1 0 2200113778880 4
0 1 0 2200113778968 4
0 1 0 2200113780952 4
0 0 0 144163168181092352 4
0 0 0 144163168183283256 4
0 1 0 2200113778960 4
0 0 0 144163168183283352 4
0 0 0 144163168181100429 4
1 0 0 144163168183283704 4
1 0 0 144163168183283696 4
0 0 0 144163168181115192 4
0 1 0 2200113778888 4
1 1 0 2200113779216 4
0 1 0 2200113778920 4
2 1 0 2200113778928 4
0 1 0 2200113778984 4
1 0 0 144163168181092456 4
1 1 0 2200113778936 4
1 0 0 144163168183283800 4
1 1 0 2200113778944 4
1 1 0 2200113778904 4
1 1 0 2200113778952 4
0 0 0 2200113782052 4
110 0 0 2200113779272 4
300 1 0 2200113779272 4
2 1 0 2200113779264 4
2 1 0 2200113779256 4
2 1 0 2200113779000 4
3 1 0 2200113782064 4
6 0 0 144163168183300864 4
