1 0 0 18692863730240 4
0 0 0 1225027078752219904 4
0 0 0 1225027078752202720 4
0 1 0 18692863730248 4
0 0 0 18692863732048 4
0 1 0 18692863731928 4
0 1 0 18692863729872 4
0 1 0 18692863730184 4
0 1 0 18692863730112 4
0 1 0 18692863730160 4
0 1 0 18692863729888 4
0 0 0 18692863733080 4
0 1 0 18692863730120 4
0 0 0 18692863733072 4
0 1 0 18692863730176 4
0 1 0 18692863729960 4
0 0 0 1225027078750080368 4
0 0 0 73023587184 4
1 1 0 18692863729952 4
1 1 0 18692863729936 4
0 1 0 18692863729864 4
0 0 0 18692863733027 4
0 1 0 18692863730240 4
0 1 0 18692863729880 4
1 1 0 18692863729912 4
0 1 0 18692863730128 4
0 1 0 18692863730192 4
1 1 0 18692863730232 4
0 0 0 18692863732096 4
0 1 0 18692863729856 4
1 1 0 18692863729960 4
0 1 0 18692863730136 4
1 0 0 73023578960 4
0 1 0 18692863729976 4
0 1 0 18692863729848 4
1 1 0 18692863730168 4
0 1 0 18692863730144 4
1 0 0 1225027078752202840 4
0 1 0 18692863729840 4
0 1 0 18692863729944 4
1 1 0 18692863730152 4
0 1 0 18692863733040 4
0 1 0 18692863729928 4
1 1 0 18692863729952 4
0 1 0 18692863732240 4
0 1 0 18692863729896 4
0 0 0 18692863732192 4
1 0 0 73023587328 4
0 0 0 18692863733028 4
320 0 0 18692863730248 4
