1 0 0 4399153820224 4
0 0 0 4399153822032 4
0 0 0 288278356259139552 4
0 0 0 288278356259139224 4
0 0 0 288278356256948224 4
0 1 0 4399153821912 4
0 1 0 4399153819920 4
0 0 0 288278356259139128 4
0 1 0 4399153819840 4
0 0 0 288278356256971056 4
0 1 0 4399153819872 4
0 0 0 288278356259139112 4
0 1 0 4399153819936 4
0 0 0 288278356256948472 4
0 1 0 4399153820168 4
0 0 0 288278356256948336 4
0 1 0 4399153819856 4
0 0 0 288278356256971068 4
0 1 0 4399153819928 4
0 0 0 288278356256956301 4
1 0 0 288278356259139576 4
1 0 0 288278356259139568 4
0 1 0 4399153819848 4
0 0 0 288278356256971064 4
1 1 0 4399153819880 4
0 1 0 4399153820176 4
2 1 0 4399153819944 4
0 1 0 4399153819888 4
1 0 0 288278356256948328 4
1 1 0 4399153819896 4
1 0 0 288278356259139672 4
1 1 0 4399153819904 4
1 1 0 4399153819864 4
1 0 0 4399153823012 4
0 1 0 4399153819912 4
130 0 0 4399153820232 4
300 1 0 4399153820232 4
2 1 0 4399153820224 4
2 1 0 4399153820216 4
2 1 0 4399153819960 4
3 1 0 4399153823024 4
6 0 0 288278356259156736 4
