1 0 0 7697713881664 4
0 0 0 504451138372940544 4
0 0 0 7697713883472 4
0 0 0 7697713884496 4
0 1 0 7697713881608 4
0 0 0 7697713884504 4
0 1 0 7697713881384 4
0 1 0 7697713883352 4
0 1 0 7697713881584 4
0 1 0 7697713881312 4
0 1 0 7697713881672 4
0 1 0 7697713881296 4
0 1 0 7697713881536 4
0 1 0 7697713881600 4
0 0 0 504451138370801008 4
0 0 0 30073914224 4
0 0 0 504451138372923360 4
0 1 0 7697713881544 4
1 1 0 7697713881376 4
1 1 0 7697713881360 4
0 1 0 7697713881664 4
0 1 0 7697713881288 4
0 1 0 7697713881304 4
0 0 0 7697713884451 4
1 1 0 7697713881552 4
0 1 0 7697713881616 4
0 1 0 7697713881336 4
1 1 0 7697713881656 4
0 0 0 7697713883520 4
0 1 0 7697713881280 4
1 1 0 7697713881384 4
0 1 0 7697713881560 4
1 1 0 7697713881272 4
0 1 0 7697713881400 4
0 0 0 30073906000 4
1 1 0 7697713881592 4
0 1 0 7697713881568 4
1 0 0 504451138372923480 4
0 1 0 7697713881264 4
0 1 0 7697713881368 4
1 1 0 7697713884464 4
0 1 0 7697713881352 4
0 1 0 7697713881576 4
1 1 0 7697713881376 4
0 0 0 7697713883616 4
0 1 0 7697713883664 4
0 1 0 7697713881320 4
1 0 0 30073914368 4
0 0 0 7697713884452 4
220 0 0 7697713881672 4
