1 0 0 1100593758784 4
0 0 0 1100593760592 4
0 0 0 72105574145355744 4
0 1 0 1100593758480 4
0 0 0 72105574143187248 4
0 0 0 72105574143164528 4
0 1 0 1100593758416 4
0 0 0 72105574143164872 4
0 1 0 1100593758728 4
0 1 0 1100593760472 4
0 1 0 1100593758496 4
0 0 0 72105574143164664 4
0 0 0 72105574143164416 4
0 1 0 1100593758432 4
0 0 0 72105574145355304 4
0 0 0 72105574143172493 4
0 0 0 72105574143187260 4
0 1 0 1100593758488 4
0 0 0 72105574145355416 4
1 1 0 1100593758400 4
0 0 0 72105574145355768 4
1 0 0 72105574145355760 4
0 0 0 72105574143187256 4
0 1 0 1100593758408 4
1 1 0 1100593758440 4
0 1 0 1100593758736 4
2 1 0 1100593758448 4
0 1 0 1100593758504 4
1 0 0 72105574143164520 4
1 1 0 1100593758456 4
1 0 0 72105574145355864 4
1 1 0 1100593758464 4
1 1 0 1100593758424 4
1 1 0 1100593758472 4
0 0 0 1100593761572 4
100 0 0 1100593758792 4
300 1 0 1100593758792 4
2 1 0 1100593758784 4
1 1 0 1100593758776 4
2 1 0 1100593758520 4
3 1 0 1100593761584 4
6 0 0 72105574145372928 4
