1 0 0 5498673840688 4
211 0 0 5498673840696 4
300 1 0 5498673840696 4
2 1 0 5498673840688 4
2 1 0 5498673840680 4
2 1 0 5498673840424 4
3 1 0 5498673843504 4
6 0 0 360335970989527808 4
285 0 0 5498673842512 4
300 0 0 360335970989510624 4
300 1 0 5498673842376 4
5 0 0 5498673843492 4
295 1 0 5498673840632 4
3 1 0 5498673840640 4
2 1 0 5498673840408 4
3 0 0 360335970989510744 4
292 1 0 5498673840560 4
4 0 0 5498673842560 4
296 1 0 5498673840568 4
3 1 0 5498673840576 4
2 1 0 5498673840584 4
2 1 0 5498673840592 4
2 1 0 5498673840600 4
5 1 0 5498673840608 4
7 1 0 5498673840616 4
3 1 0 5498673840400 4
4 1 0 5498673840624 4
10 1 0 5498673842704 4
8 0 0 5498673843491 4
254 0 0 5498673843544 4
300 0 0 5498673843536 4
300 1 0 5498673840408 4
1 1 0 5498673840400 4
2 1 0 5498673840392 4
2 1 0 5498673840376 4
4 0 0 21484468296 4
291 1 0 5498673840368 4
2 1 0 5498673840360 4
2 1 0 5498673840352 4
2 1 0 5498673840344 4
2 1 0 5498673840336 4
2 0 0 5498673842656 4
290 0 0 21484511848 4
300 0 0 360335970987388272 4
300 0 0 21484511832 4
300 1 0 21484511832 4
1 1 0 5498673840200 4
5 1 0 5498673840192 4
2 1 0 5498673840184 4
12 1 0 21484511832 4
8 1 0 21484511832 4
9 0 0 21484511840 4
263 0 0 21484511844 4
300 1 0 21484511844 4
1 1 0 21484511840 4
15 0 0 21484511780 4
284 1 0 5498673840376 4
7 0 0 21484467984 4
293 1 0 5498673840368 4
2 0 0 21484511904 4
298 1 0 5498673840312 4
2 1 0 5498673840320 4
2 1 0 21484511904 4
3 0 0 21484511872 4
293 1 0 21484511872 4
4 1 0 5498673840296 4
5 0 0 360335970987389224 4
291 1 0 21484511840 4
8 1 0 21484511832 4
1 1 0 5498673840160 4
5 1 0 5498673840152 4
2 1 0 5498673840144 4
2 1 0 21484511832 4
21 0 0 21484511880 4
261 1 0 21484511880 4
1 0 0 21484511876 4
299 1 0 21484511876 4
1 0 0 21484511912 4
299 1 0 21484511912 4
1 1 0 5498673840296 4
5 1 0 5498673840336 4
2 1 0 5498673840344 4
2 0 0 5498673842696 4
290 1 0 5498673840360 4
2 1 0 5498673842696 4
6 0 0 21484511888 4
292 0 0 21484511916 4
300 1 0 5498673840328 4
2 1 0 5498673840308 4
6 1 0 21484511872 4
1 1 0 5498673840296 4
3 0 0 5498673842712 4
295 1 0 5498673842712 4
10 1 0 5498673840304 4
12 1 0 5498673840296 4
13 1 0 5498673842712 4
11 1 0 21484511872 4
4 0 0 21484511896 4
255 1 0 21484511896 4
3 1 0 21484511912 4
6 1 0 21484511872 4
4 1 0 5498673842696 4
4 1 0 5498673840296 4
2 1 0 5498673840288 4
2 1 0 5498673840280 4
2 1 0 5498673840272 4
2 1 0 5498673840264 4
2 1 0 5498673840256 4
7 0 0 360335970987390028 4
260 1 0 21484511832 4
4 1 0 21484511840 4
24 0 0 21484511816 4
196 1 0 21484511780 4
6 0 0 360334882976622288 4
294 1 0 21484511824 4
2 1 0 21484511816 4
2 0 0 21484511776 4
296 1 0 5498673840376 4
4 0 0 21484466496 4
296 0 0 21484511920 4
300 1 0 21484511920 4
1 0 0 21484511928 4
299 0 0 21484511936 4
293 1 0 21484511920 4
5 1 0 5498673840376 4
3 0 0 21484468496 4
300 1 0 21484511840 4
8 1 0 21484511844 4
3 1 0 21484511832 4
1 1 0 5498673840240 4
5 1 0 5498673840232 4
2 1 0 5498673840224 4
2 1 0 21484511832 4
17 1 0 5498673840376 4
6 0 0 21484468024 4
255 1 0 5498673840352 4
2 1 0 5498673840336 4
2 1 0 5498673840344 4
3 1 0 5498673840360 4
2 1 0 5498673840368 4
3 0 0 360335971013774864 4
288 0 0 360335971013776600 4
307 0 0 360335971013774656 4
293 0 0 5498673842416 4
300 1 0 5498673840328 4
6 1 0 5498673840320 4
2 1 0 5498673840312 4
4 0 0 360335971013795568 4
288 0 0 360335971013781856 4
300 1 0 360335971013781856 4
11 1 0 5498673842416 4
10 0 0 360335971013781952 4
279 0 0 343615892440 4
300 1 0 5498673840328 4
2 1 0 5498673840320 4
2 1 0 5498673840312 4
2 1 0 5498673840304 4
2 1 0 5498673840296 4
3 1 0 5498673840288 4
2 1 0 5498673840280 4
2 1 0 5498673840216 4
7 0 0 360335971013784144 4
278 0 0 360335971013781912 4
300 1 0 5498673840228 4
8 0 0 360335971013782024 4
292 1 0 5498673840208 4
9 1 0 5498673840204 4
2 0 0 360335971013781976 4
289 0 0 343615100360 4
300 0 0 343615100376 4
300 0 0 360335971013784024 4
300 0 0 360335971013781960 4
303 1 0 360335971013781968 4
7 1 0 360335971013781976 4
2 1 0 360335971013781960 4
2 1 0 343615100432 4
2 1 0 343615100440 4
2 1 0 343615100608 4
4 1 0 343615100360 4
10 1 0 343615100424 4
2 0 0 360335971013784152 4
292 1 0 360335971013781856 4
12 1 0 343615100368 4
15 1 0 343615100376 4
2 1 0 343615100384 4
2 1 0 343615100392 4
4 1 0 343615100400 4
2 1 0 343615100408 4
4 1 0 343615100416 4
17 0 0 360334882976622256 4
296 0 0 360334882976622272 4
300 0 0 360334882976622264 4
300 1 0 343615100368 4
2 0 0 360334882976622260 4
288 1 0 343615100400 4
2 0 0 360334882976622280 4
228 1 0 343615100384 4
3 1 0 343615100372 4
7 1 0 5498673840376 4
2 1 0 5498673840368 4
2 1 0 5498673840360 4
2 1 0 5498673840352 4
2 1 0 5498673840344 4
2 1 0 5498673840336 4
2 1 0 5498673840328 4
3 0 0 21484470752 4
275 1 0 5498673840096 4
2 1 0 5498673840088 4
2 1 0 5498673840084 4
2 0 0 21481402872 4
294 1 0 5498673840080 4
2 0 0 21484470760 4
300 0 0 21481400368 4
298 0 0 21481402880 4
310 1 0 5498673840208 4
3 1 0 5498673839880 4
2 1 0 5498673839872 4
2 1 0 5498673839864 4
2 1 0 5498673839856 4
3 1 0 5498673839848 4
3 1 0 5498673839840 4
4 1 0 5498673839832 4
4 0 0 21484466696 4
267 1 0 5498673839816 4
2 1 0 5498673839808 4
2 1 0 5498673839824 4
25 1 0 360335971013781856 4
1 1 0 5498673839800 4
11 1 0 5498673839792 4
2 1 0 5498673839784 4
2 1 0 5498673839776 4
2 1 0 5498673839768 4
3 1 0 5498673839760 4
2 1 0 5498673839752 4
2 1 0 5498673839688 4
15 1 0 5498673839700 4
10 0 0 360335971013781860 4
291 1 0 5498673839680 4
7 1 0 5498673839676 4
16 1 0 360335971013781976 4
8 1 0 360335971013781968 4
2 0 0 360335971013782144 4
287 0 0 360335971013784000 4
290 1 0 360335971013784000 4
1 1 0 343615100440 4
3 1 0 343615100432 4
2 1 0 360335971013782152 4
2 1 0 360335971013782144 4
11 0 0 360335971013782976 4
295 0 0 360335971013784008 4
296 0 0 360335971013783144 4
290 1 0 360335971013784008 4
9 0 0 360335971013783160 4
291 0 0 343615194520 4
300 0 0 343615194528 4
300 0 0 343615194536 4
305 0 0 360335971013783152 4
298 1 0 360335971013783160 4
2 1 0 360335971013783152 4
2 0 0 343615194544 4
293 0 0 360335971013783168 4
300 0 0 343615194552 4
300 1 0 343615194552 4
4 1 0 343615194544 4
7 1 0 343615195576 4
4 1 0 343615195568 4
2 1 0 360335971013781976 4
2 1 0 360335971013781968 4
2 1 0 343615196288 4
6 1 0 343615194520 4
10 1 0 343615195560 4
33 1 0 360335971013781856 4
13 1 0 343615194528 4
6 0 0 343615194664 4
223 0 0 343615194656 4
298 1 0 343615194536 4
5 1 0 343615194544 4
4 1 0 343615194552 4
6 1 0 343615194560 4
4 1 0 343615194568 4
6 1 0 343615194576 4
5 1 0 343615194584 4
3 1 0 343615194592 4
6 0 0 343615194728 4
263 0 0 343615194720 4
298 1 0 343615194600 4
5 1 0 343615194608 4
4 1 0 343615194616 4
6 1 0 343615194624 4
4 1 0 343615194632 4
6 1 0 343615194640 4
5 1 0 343615194648 4
3 1 0 343615194656 4
6 0 0 343615194792 4
263 0 0 343615194784 4
288 1 0 343615194664 4
5 1 0 343615194672 4
4 1 0 343615194680 4
6 1 0 343615194688 4
4 1 0 343615194696 4
