1 0 0 2200113779248 4
121 0 0 2200113779256 4
300 1 0 2200113779256 4
2 1 0 2200113779248 4
2 1 0 2200113779240 4
2 1 0 2200113778984 4
3 1 0 2200113782064 4
6 0 0 144163188875744000 4
285 0 0 2200113781072 4
300 0 0 144163188875726816 4
300 1 0 2200113780936 4
5 0 0 2200113782052 4
295 1 0 2200113779192 4
3 1 0 2200113779200 4
2 1 0 2200113778968 4
3 0 0 144163188875726936 4
292 1 0 2200113779120 4
4 0 0 2200113781120 4
296 1 0 2200113779128 4
3 1 0 2200113779136 4
2 1 0 2200113779144 4
2 1 0 2200113779152 4
2 1 0 2200113779160 4
5 1 0 2200113779168 4
7 1 0 2200113779176 4
3 1 0 2200113778960 4
4 1 0 2200113779184 4
10 1 0 2200113781264 4
8 0 0 2200113782051 4
254 0 0 2200113782104 4
290 0 0 2200113782096 4
300 1 0 2200113778968 4
1 1 0 2200113778960 4
2 1 0 2200113778952 4
2 1 0 2200113778936 4
4 0 0 8599566408 4
291 1 0 2200113778928 4
2 1 0 2200113778920 4
2 1 0 2200113778912 4
2 1 0 2200113778904 4
2 1 0 2200113778896 4
2 0 0 2200113781216 4
290 0 0 8599609960 4
300 0 0 144163188873604464 4
300 0 0 8599609944 4
300 1 0 8599609944 4
1 1 0 2200113778760 4
5 1 0 2200113778752 4
2 1 0 2200113778744 4
10 1 0 8599609944 4
8 1 0 8599609944 4
8 1 0 8599609944 4
9 0 0 8599609952 4
277 0 0 8599609956 4
300 1 0 8599609956 4
1 1 0 8599609952 4
15 0 0 8599609892 4
284 1 0 2200113778936 4
7 0 0 8599566096 4
293 1 0 2200113778928 4
2 0 0 8599610016 4
298 1 0 2200113778872 4
2 1 0 2200113778880 4
2 1 0 8599610016 4
3 0 0 8599609984 4
293 1 0 8599609984 4
4 1 0 2200113778856 4
5 0 0 144163188873605416 4
281 1 0 8599609952 4
8 1 0 8599609944 4
1 1 0 2200113778720 4
5 1 0 2200113778712 4
2 1 0 2200113778704 4
2 1 0 8599609944 4
21 0 0 8599609992 4
271 1 0 8599609992 4
1 0 0 8599609988 4
299 1 0 8599609988 4
1 0 0 8599610024 4
299 1 0 8599610024 4
1 1 0 2200113778856 4
5 1 0 2200113778896 4
2 1 0 2200113778904 4
2 0 0 2200113781256 4
290 1 0 2200113778920 4
2 1 0 2200113781256 4
6 0 0 8599610000 4
292 0 0 8599610028 4
290 1 0 2200113778888 4
2 1 0 2200113778868 4
6 1 0 8599609984 4
1 1 0 2200113778856 4
3 1 0 2200113778848 4
2 1 0 2200113778840 4
2 1 0 8599609984 4
12 1 0 2200113778856 4
3 0 0 2200113781272 4
286 1 0 2200113781272 4
10 1 0 2200113778864 4
12 1 0 2200113778856 4
13 1 0 2200113781272 4
11 1 0 8599609984 4
4 0 0 8599610008 4
255 1 0 8599610008 4
3 1 0 8599610024 4
6 1 0 8599609984 4
4 1 0 2200113781256 4
4 1 0 2200113778856 4
2 1 0 2200113778848 4
2 1 0 2200113778840 4
2 1 0 2200113778832 4
2 1 0 2200113778824 4
2 1 0 2200113778816 4
7 0 0 144163188873606220 4
260 1 0 8599609944 4
4 1 0 8599609952 4
24 0 0 8599609928 4
256 1 0 8599609892 4
6 0 0 144162100862869824 4
294 1 0 8599609936 4
2 1 0 8599609928 4
2 0 0 8599609888 4
296 1 0 2200113778936 4
4 0 0 8599564608 4
296 0 0 8599610032 4
300 1 0 8599610032 4
1 0 0 8599610040 4
289 0 0 8599610048 4
303 1 0 8599610032 4
5 1 0 2200113778936 4
3 0 0 8599566608 4
300 1 0 8599609952 4
8 1 0 8599609956 4
3 1 0 8599609944 4
1 1 0 2200113778800 4
5 1 0 2200113778792 4
2 1 0 2200113778784 4
2 1 0 8599609944 4
17 1 0 2200113778936 4
6 0 0 8599566136 4
255 1 0 2200113778912 4
2 1 0 2200113778896 4
2 1 0 2200113778904 4
3 1 0 2200113778920 4
2 1 0 2200113778928 4
3 0 0 144163188899991056 4
288 0 0 144163188899992792 4
307 0 0 144163188899990848 4
293 0 0 2200113780976 4
300 1 0 2200113778888 4
6 1 0 2200113778880 4
2 1 0 2200113778872 4
4 0 0 144163188900011760 4
288 0 0 144163188899998048 4
300 1 0 144163188899998048 4
11 1 0 2200113780976 4
10 0 0 144163188899998144 4
279 0 0 137456828872 4
300 1 0 2200113778888 4
2 1 0 2200113778880 4
2 1 0 2200113778872 4
2 1 0 2200113778864 4
2 1 0 2200113778856 4
3 1 0 2200113778848 4
2 1 0 2200113778840 4
2 1 0 2200113778776 4
7 0 0 144163188900000336 4
278 0 0 144163188899998104 4
300 1 0 2200113778788 4
8 0 0 144163188899998216 4
292 1 0 2200113778768 4
9 1 0 2200113778764 4
2 0 0 144163188899998168 4
289 0 0 137456691864 4
290 0 0 137456691880 4
300 0 0 144163188900000216 4
300 0 0 144163188899998152 4
303 1 0 144163188899998160 4
7 1 0 144163188899998168 4
2 1 0 144163188899998152 4
2 1 0 137456691936 4
2 1 0 137456691944 4
2 1 0 137456691952 4
3 1 0 137456691960 4
2 1 0 137456828800 4
3 1 0 137456691864 4
10 1 0 137456691928 4
2 0 0 144163188900000344 4
298 1 0 144163188899998048 4
12 1 0 137456691872 4
15 1 0 137456691880 4
2 1 0 137456691888 4
2 1 0 137456691896 4
4 1 0 137456691904 4
2 1 0 137456691912 4
4 1 0 137456691920 4
17 0 0 144162100862869792 4
216 0 0 144162100862869808 4
220 0 0 144162100862869800 4
300 1 0 137456691872 4
2 0 0 144162100862869796 4
288 1 0 137456691904 4
2 0 0 144162100862869816 4
298 1 0 137456691888 4
3 1 0 137456691876 4
7 1 0 2200113778936 4
2 1 0 2200113778928 4
2 1 0 2200113778920 4
2 1 0 2200113778912 4
2 1 0 2200113778904 4
2 1 0 2200113778896 4
2 1 0 2200113778888 4
3 0 0 8599568864 4
275 1 0 2200113778656 4
2 1 0 2200113778648 4
2 1 0 2200113778644 4
2 0 0 8596500984 4
284 1 0 2200113778640 4
2 0 0 8599568872 4
300 0 0 8596498480 4
298 0 0 8596500992 4
310 1 0 2200113778768 4
3 1 0 2200113778440 4
2 1 0 2200113778432 4
2 1 0 2200113778424 4
2 1 0 2200113778416 4
3 1 0 2200113778408 4
3 1 0 2200113778400 4
4 1 0 2200113778392 4
4 0 0 8599564808 4
287 1 0 2200113778376 4
2 1 0 2200113778368 4
2 1 0 2200113778384 4
25 1 0 144163188899998048 4
1 1 0 2200113778360 4
11 1 0 2200113778352 4
2 1 0 2200113778344 4
2 1 0 2200113778336 4
2 1 0 2200113778328 4
3 1 0 2200113778320 4
2 1 0 2200113778312 4
2 1 0 2200113778248 4
15 1 0 2200113778260 4
10 0 0 144163188899998052 4
291 1 0 2200113778240 4
7 1 0 2200113778236 4
16 1 0 144163188899998168 4
8 1 0 144163188899998160 4
2 0 0 144163188900000112 4
277 1 0 137456691960 4
5 1 0 137456691952 4
2 0 0 144163188900000204 4
293 1 0 144163188900000204 4
1 1 0 137456691944 4
3 1 0 137456691936 4
2 1 0 144163188900000120 4
2 1 0 144163188900000112 4
11 0 0 144163188899999168 4
295 0 0 144163188900000200 4
435 1 0 144163188900000120 4
2 1 0 144163188900000112 4
5 0 0 144163188900000128 4
267 1 0 137456691960 4
4 1 0 137456691952 4
7 1 0 137456692984 4
4 1 0 137456692976 4
2 1 0 144163188899998168 4
2 1 0 144163188899998160 4
2 1 0 137456692992 4
5 1 0 137456693000 4
2 1 0 137456828800 4
3 1 0 137456691928 4
10 1 0 137456692968 4
33 1 0 144163188899998048 4
13 1 0 137456691936 4
6 0 0 137456692072 4
286 0 0 137456692064 4
298 1 0 137456691944 4
5 1 0 137456691952 4
4 1 0 137456691960 4
6 1 0 137456691968 4
4 1 0 137456691976 4
6 1 0 137456691984 4
5 1 0 137456691992 4
3 1 0 137456692000 4
6 0 0 137456692136 4
273 0 0 137456692128 4
288 1 0 137456692008 4
5 1 0 137456692016 4
4 1 0 137456692024 4
6 1 0 137456692032 4
4 1 0 137456692040 4
6 1 0 137456692048 4
5 1 0 137456692056 4
3 1 0 137456692064 4
6 0 0 137456692200 4
283 0 0 137456692192 4
298 1 0 137456692072 4
5 1 0 137456692080 4
4 1 0 137456692088 4
