1 0 0 3299633799728 4
131 0 0 3299633799736 4
300 1 0 3299633799736 4
2 1 0 3299633799728 4
2 1 0 3299633799720 4
2 1 0 3299633799464 4
3 1 0 3299633802544 4
6 0 0 216220782913671936 4
285 0 0 3299633801552 4
300 0 0 216220782913654752 4
300 1 0 3299633801416 4
11 0 0 3299633802532 4
289 1 0 3299633799672 4
3 1 0 3299633799680 4
2 1 0 3299633799448 4
3 0 0 216220782913654872 4
292 1 0 3299633799600 4
4 0 0 3299633801600 4
296 1 0 3299633799608 4
3 1 0 3299633799616 4
2 1 0 3299633799624 4
2 1 0 3299633799632 4
2 1 0 3299633799640 4
5 1 0 3299633799648 4
7 1 0 3299633799656 4
3 1 0 3299633799440 4
4 1 0 3299633799664 4
10 1 0 3299633801744 4
8 0 0 3299633802531 4
254 0 0 3299633802584 4
290 0 0 3299633802576 4
300 1 0 3299633799448 4
1 1 0 3299633799440 4
2 1 0 3299633799432 4
2 1 0 3299633799416 4
4 0 0 12894533704 4
291 1 0 3299633799408 4
2 1 0 3299633799400 4
2 1 0 3299633799392 4
2 1 0 3299633799384 4
2 1 0 3299633799376 4
2 0 0 3299633801696 4
290 0 0 12894577256 4
300 0 0 216220782911532400 4
300 0 0 12894577240 4
300 1 0 12894577240 4
1 0 0 12894577248 4
289 0 0 12894577252 4
300 1 0 12894577252 4
1 1 0 12894577248 4
15 0 0 12894577188 4
294 1 0 3299633799416 4
7 0 0 12894533392 4
293 1 0 3299633799408 4
2 0 0 12894531568 4
298 1 0 3299633799400 4
1 0 0 12894531576 4
299 1 0 3299633799344 4
3 1 0 3299633799352 4
2 1 0 3299633799360 4
2 1 0 3299633799368 4
2 1 0 3299633799376 4
2 1 0 3299633799384 4
2 1 0 3299633799392 4
10 1 0 3299633799336 4
2 1 0 3299633799328 4
2 1 0 3299633799320 4
4 0 0 216220782902214760 4
289 0 0 12894531224 4
280 0 0 216220782902214904 4
300 0 0 12894531352 4
300 0 0 12889117588 4
300 0 0 216220782902214768 4
300 0 0 12894531240 4
290 1 0 3299633799312 4
2 0 0 12889117584 4
298 0 0 216220782902214656 4
300 0 0 12889117576 4
230 0 0 12889104837 4
280 0 0 216220782902215112 4
300 0 0 12894531448 4
300 0 0 12889111692 4
300 0 0 216220782902215392 4
290 0 0 216220782934509824 4
300 0 0 3299633801576 4
300 1 0 3299633801580 4
4 0 0 12889104832 4
296 0 0 216220782902215552 4
300 1 0 3299633799288 4
4 1 0 3299633799280 4
2 1 0 3299633799272 4
4 1 0 3299633799264 4
2 1 0 3299633799256 4
3 1 0 3299633799248 4
3 1 0 3299633799240 4
2 1 0 3299633799232 4
2 1 0 3299633799224 4
2 1 0 3299633799104 4
3 1 0 3299633799096 4
2 1 0 3299633799088 4
2 1 0 3299633799080 4
2 1 0 3299633799076 4
2 1 0 3299633798984 4
2 0 0 12889107291 4
273 0 0 12889107292 4
300 0 0 12889107293 4
300 0 0 12889107294 4
300 0 0 12889107295 4
300 0 0 12889107296 4
300 0 0 12889107297 4
300 0 0 12889107298 4
300 0 0 12889107299 4
300 0 0 12889107300 4
300 0 0 12889107301 4
300 0 0 12889107302 4
300 0 0 12889107303 4
300 0 0 12889107304 4
300 0 0 12889107305 4
300 0 0 12889107306 4
300 0 0 12889107307 4
300 0 0 12889107308 4
308 0 0 216220782581949704 4
292 1 0 216220782581949704 4
1 1 0 3299633799208 4
4 1 0 3299633799184 4
2 1 0 3299633799192 4
11 0 0 216220782902215512 4
302 1 0 3299633799024 4
7 1 0 3299633799016 4
4 1 0 3299633798992 4
2 1 0 3299633799000 4
2 1 0 3299633799008 4
9 1 0 3299633799048 4
2 1 0 3299633798984 4
2 1 0 3299633798976 4
2 1 0 3299633798968 4
2 1 0 3299633798960 4
2 1 0 3299633798952 4
3 1 0 3299633798944 4
2 1 0 3299633798936 4
2 0 0 216220782902215360 4
261 1 0 3299633798848 4
2 1 0 3299633798840 4
6 1 0 3299633798888 4
2 1 0 3299633798872 4
4 1 0 3299633798904 4
2 1 0 3299633798916 4
4 1 0 3299633798924 4
2 0 0 216220782902215352 4
276 1 0 3299633798832 4
9 1 0 3299633798824 4
2 1 0 3299633798820 4
2 1 0 3299633798808 4
2 1 0 3299633798912 4
3 1 0 3299633798864 4
2 0 0 216220782934509552 4
280 0 0 216220782902214696 4
290 1 0 3299633798880 4
6 0 0 216220782902215445 4
294 0 0 216220782581947360 4
303 0 0 216220782902215404 4
303 1 0 3299633798856 4
6 1 0 3299633798896 4
2 0 0 216220782902215416 4
290 0 0 216220782902215408 4
286 0 0 216220782902215412 4
300 0 0 12889099320 4
297 1 0 3299633798920 4
15 0 0 216220782934509832 4
302 1 0 3299633798792 4
2 1 0 3299633798784 4
2 1 0 3299633798776 4
3 0 0 216220782902214664 4
279 1 0 3299633798760 4
2 0 0 216220782579828708 4
298 0 0 12889107165 4
308 0 0 216220782902214712 4
282 0 0 216220782902216024 4
300 1 0 3299633798760 4
3 1 0 3299633798728 4
6 1 0 3299633798736 4
2 1 0 3299633798744 4
2 0 0 216220782902216048 4
314 0 0 216220782902216032 4
303 1 0 3299633798912 4
8 1 0 3299633798864 4
2 0 0 216220782934509560 4
280 0 0 216220782902718504 4
300 1 0 3299633798880 4
6 0 0 216220782902719253 4
300 0 0 216220782902719212 4
294 0 0 216220782902718576 4
300 0 0 216220782907821648 4
300 1 0 3299633798856 4
2 0 0 216220782902718568 4
288 0 0 216220782907821632 4
300 1 0 3299633798896 4
2 0 0 216220782902719224 4
302 0 0 216220782902719216 4
296 0 0 216220782902719220 4
300 0 0 216220782905692880 4
297 1 0 3299633798920 4
23 1 0 3299633798792 4
2 1 0 3299633798784 4
2 1 0 3299633798776 4
3 0 0 216220782902718472 4
263 1 0 3299633798760 4
2 1 0 3299633798728 4
6 1 0 3299633798736 4
2 1 0 3299633798744 4
2 0 0 216220782902217928 4
321 0 0 216220782902718520 4
277 0 0 216220782902719576 4
290 1 0 3299633798760 4
3 1 0 3299633798728 4
6 1 0 3299633798736 4
2 1 0 3299633798744 4
2 0 0 216220782902719600 4
338 0 0 216220782902719584 4
289 1 0 3299633798912 4
8 1 0 3299633798864 4
2 0 0 216220782934509568 4
280 0 0 216220782902719712 4
300 1 0 3299633798880 4
6 0 0 216220782902720461 4
280 0 0 216220782902720420 4
284 0 0 216220782902719784 4
300 0 0 216220782911165680 4
300 1 0 3299633798856 4
2 0 0 216220782902719776 4
298 0 0 216220782911165664 4
300 1 0 3299633798896 4
2 0 0 216220782902720432 4
302 0 0 216220782902720424 4
296 0 0 216220782902720428 4
300 0 0 216220782908097552 4
307 1 0 3299633798920 4
23 1 0 3299633798792 4
2 1 0 3299633798784 4
2 1 0 3299633798776 4
3 0 0 216220782902719680 4
283 1 0 3299633798760 4
2 1 0 3299633798728 4
6 1 0 3299633798736 4
2 1 0 3299633798744 4
2 0 0 216220782902719640 4
321 0 0 216220782902719728 4
267 0 0 216220782902720784 4
280 1 0 3299633798760 4
3 1 0 3299633798728 4
6 1 0 3299633798736 4
2 1 0 3299633798744 4
2 0 0 216220782902720808 4
348 0 0 216220782902720792 4
269 1 0 3299633798912 4
8 1 0 3299633798864 4
2 0 0 216220782934509576 4
290 0 0 216220782902720920 4
280 1 0 3299633798880 4
6 0 0 216220782902721669 4
290 0 0 216220782902721628 4
224 0 0 216220782902720992 4
290 0 0 216220782913654328 4
300 1 0 3299633798856 4
2 0 0 216220782902720984 4
288 0 0 216220782913654312 4
300 1 0 3299633798896 4
2 0 0 216220782902721640 4
292 0 0 216220782902721632 4
296 0 0 216220782902721636 4
230 0 0 216220782911468304 4
303 0 0 216220782902721648 4
277 0 0 216220782911469440 4
220 0 0 216220782902721656 4
270 0 0 216220782911470756 4
224 1 0 3299633798920 4
3 1 0 3299633798792 4
5 1 0 3299633798760 4
2 1 0 3299633798776 4
2 1 0 3299633798768 4
3 1 0 3299633798784 4
2 0 0 216220782911476232 4
279 0 0 216220782911476230 4
283 0 0 216220782911476228 4
222 0 0 216220782911476224 4
289 1 0 3299633798744 4
10 0 0 216220782911480756 4
215 0 0 216220782911480757 4
200 0 0 216220782911480758 4
200 0 0 216220782911480759 4
200 0 0 216220782911480760 4
191 1 0 3299633798712 4
10 1 0 3299633798720 4
2 1 0 3299633798728 4
12 0 0 216220782911480761 4
184 0 0 216220782911480769 4
250 0 0 216220782902721696 4
217 0 0 216220782911483754 4
225 0 0 216220782902721616 4
290 0 0 216220782934510736 4
