1 0 0 17593343709744 4
321 0 0 17593343709752 4
300 1 0 17593343709752 4
2 1 0 17593343709744 4
2 1 0 17593343709736 4
2 1 0 17593343709480 4
3 1 0 17593343712560 4
6 0 0 1152969505406735104 4
285 0 0 17593343711568 4
300 0 0 1152969505406717920 4
300 1 0 17593343711432 4
5 0 0 17593343712548 4
295 1 0 17593343709688 4
3 1 0 17593343709696 4
2 1 0 17593343709464 4
3 0 0 1152969505406718040 4
292 1 0 17593343709616 4
4 0 0 17593343711616 4
296 1 0 17593343709624 4
3 1 0 17593343709632 4
2 1 0 17593343709640 4
2 1 0 17593343709648 4
2 1 0 17593343709656 4
5 1 0 17593343709664 4
7 1 0 17593343709672 4
3 1 0 17593343709456 4
4 1 0 17593343709680 4
10 1 0 17593343711760 4
8 0 0 17593343712547 4
264 0 0 17593343712600 4
300 0 0 17593343712592 4
300 1 0 17593343709464 4
1 1 0 17593343709456 4
2 1 0 17593343709448 4
2 1 0 17593343709432 4
4 0 0 68729108552 4
291 1 0 17593343709424 4
2 1 0 17593343709416 4
2 1 0 17593343709408 4
2 1 0 17593343709400 4
2 1 0 17593343709392 4
2 0 0 17593343711712 4
290 0 0 68729152104 4
300 0 0 1152969505404595568 4
300 0 0 68729152088 4
300 1 0 68729152088 4
1 1 0 17593343709256 4
5 1 0 17593343709248 4
2 1 0 17593343709240 4
12 1 0 68729152088 4
9 0 0 68729152096 4
271 0 0 68729152100 4
300 1 0 68729152100 4
1 1 0 68729152096 4
15 0 0 68729152036 4
284 1 0 17593343709432 4
7 0 0 68729108240 4
293 1 0 17593343709424 4
2 0 0 68729152160 4
288 1 0 17593343709368 4
2 1 0 17593343709376 4
2 1 0 68729152160 4
3 0 0 68729152128 4
293 1 0 68729152128 4
4 1 0 17593343709352 4
5 0 0 1152969505404596520 4
281 1 0 68729152096 4
8 1 0 68729152088 4
1 1 0 17593343709216 4
5 1 0 17593343709208 4
2 1 0 17593343709200 4
2 1 0 68729152088 4
21 0 0 68729152136 4
271 1 0 68729152136 4
1 0 0 68729152132 4
299 1 0 68729152132 4
1 0 0 68729152168 4
299 1 0 68729152168 4
1 1 0 17593343709352 4
5 1 0 17593343709392 4
2 1 0 17593343709400 4
2 0 0 17593343711752 4
290 1 0 17593343709416 4
2 1 0 17593343711752 4
6 0 0 68729152144 4
292 0 0 68729152172 4
300 1 0 17593343709384 4
2 1 0 17593343709364 4
6 1 0 68729152128 4
1 1 0 17593343709352 4
3 0 0 17593343711768 4
295 1 0 17593343711768 4
10 1 0 17593343709360 4
12 1 0 17593343709352 4
13 1 0 17593343711768 4
11 1 0 68729152128 4
4 0 0 68729152152 4
255 1 0 68729152152 4
3 1 0 68729152168 4
6 1 0 68729152128 4
4 1 0 17593343711752 4
4 1 0 17593343709352 4
2 1 0 17593343709344 4
2 1 0 17593343709336 4
2 1 0 17593343709328 4
2 1 0 17593343709320 4
2 1 0 17593343709312 4
7 0 0 1152969505404597324 4
270 1 0 68729152088 4
4 1 0 68729152096 4
24 0 0 68729152072 4
266 1 0 68729152036 4
6 0 0 1152968417393829392 4
294 1 0 68729152080 4
2 1 0 68729152072 4
2 0 0 68729152032 4
296 1 0 17593343709432 4
4 0 0 68729106752 4
296 0 0 68729152176 4
300 1 0 68729152176 4
1 0 0 68729152184 4
299 0 0 68729152192 4
303 1 0 68729152176 4
5 1 0 17593343709432 4
3 0 0 68729108752 4
300 1 0 68729152096 4
8 1 0 68729152100 4
3 1 0 68729152088 4
1 1 0 17593343709296 4
5 1 0 17593343709288 4
2 1 0 17593343709280 4
2 1 0 68729152088 4
17 1 0 17593343709432 4
6 0 0 68729108280 4
245 1 0 17593343709408 4
2 1 0 17593343709392 4
2 1 0 17593343709400 4
3 1 0 17593343709416 4
2 1 0 17593343709424 4
3 0 0 1152969505430982160 4
288 0 0 1152969505430983896 4
307 0 0 1152969505430981952 4
293 0 0 17593343711472 4
300 1 0 17593343709384 4
6 1 0 17593343709376 4
2 1 0 17593343709368 4
4 0 0 1152969505431002864 4
288 0 0 1152969505430989152 4
300 1 0 1152969505430989152 4
11 1 0 17593343711472 4
10 0 0 1152969505430989248 4
279 0 0 1099529503176 4
300 1 0 17593343709384 4
2 1 0 17593343709376 4
2 1 0 17593343709368 4
2 1 0 17593343709360 4
2 1 0 17593343709352 4
3 1 0 17593343709344 4
2 1 0 17593343709336 4
2 1 0 17593343709272 4
7 0 0 1152969505430991440 4
278 0 0 1152969505430989208 4
300 1 0 17593343709284 4
8 0 0 1152969505430989320 4
292 1 0 17593343709264 4
9 1 0 17593343709260 4
2 0 0 1152969505430989272 4
289 0 0 1099529365064 4
300 0 0 1099529365080 4
300 0 0 1152969505430991320 4
300 0 0 1152969505430989256 4
303 1 0 1152969505430989264 4
7 1 0 1152969505430989272 4
2 1 0 1152969505430989256 4
2 1 0 1099529365136 4
2 1 0 1099529365144 4
2 1 0 1099529365312 4
4 1 0 1099529365064 4
10 1 0 1099529365128 4
2 0 0 1152969505430991448 4
292 1 0 1152969505430989152 4
12 1 0 1099529365072 4
15 1 0 1099529365080 4
2 1 0 1099529365088 4
2 1 0 1099529365096 4
4 1 0 1099529365104 4
2 1 0 1099529365112 4
4 1 0 1099529365120 4
17 0 0 1152968417393829360 4
216 0 0 1152968417393829376 4
290 0 0 1152968417393829368 4
300 1 0 1099529365072 4
2 0 0 1152968417393829364 4
298 1 0 1099529365104 4
2 0 0 1152968417393829384 4
298 1 0 1099529365088 4
3 1 0 1099529365076 4
7 1 0 17593343709432 4
2 1 0 17593343709424 4
2 1 0 17593343709416 4
2 1 0 17593343709408 4
2 1 0 17593343709400 4
2 1 0 17593343709392 4
2 1 0 17593343709384 4
3 0 0 68729111008 4
295 1 0 17593343709152 4
2 1 0 17593343709144 4
2 1 0 17593343709140 4
2 0 0 68726043128 4
294 1 0 17593343709136 4
2 0 0 68729111016 4
300 0 0 68726040624 4
298 0 0 68726043136 4
290 1 0 17593343709264 4
3 1 0 17593343708936 4
2 1 0 17593343708928 4
2 1 0 17593343708920 4
2 1 0 17593343708912 4
3 1 0 17593343708904 4
3 1 0 17593343708896 4
4 1 0 17593343708888 4
4 0 0 68729106952 4
277 1 0 17593343708872 4
2 1 0 17593343708864 4
2 1 0 17593343708880 4
25 1 0 1152969505430989152 4
1 1 0 17593343708856 4
11 1 0 17593343708848 4
2 1 0 17593343708840 4
2 1 0 17593343708832 4
2 1 0 17593343708824 4
3 1 0 17593343708816 4
2 1 0 17593343708808 4
2 1 0 17593343708744 4
15 1 0 17593343708756 4
10 0 0 1152969505430989156 4
231 1 0 17593343708736 4
7 1 0 17593343708732 4
16 1 0 1152969505430989272 4
8 1 0 1152969505430989264 4
2 0 0 1152969505430989440 4
267 0 0 1152969505430991296 4
300 1 0 1152969505430991296 4
1 1 0 1099529365144 4
3 1 0 1099529365136 4
2 1 0 1152969505430989448 4
2 1 0 1152969505430989440 4
11 0 0 1152969505430990272 4
285 0 0 1152969505430991304 4
296 0 0 1152969505430990456 4
290 1 0 1152969505430991304 4
9 0 0 1152969505430990680 4
291 1 0 1152969505430991304 4
9 0 0 1152969505430991308 4
291 0 0 1152969505430990824 4
290 1 0 1152969505430991308 4
9 0 0 1152969505430990856 4
281 1 0 1152969505430991308 4
9 0 0 1152969505430990888 4
291 1 0 1152969505430991308 4
9 0 0 1152969505430991064 4
291 0 0 1099529464584 4
300 0 0 1099529464592 4
300 0 0 1099529464600 4
235 0 0 1152969505430991056 4
298 1 0 1152969505430991064 4
2 1 0 1152969505430991056 4
2 0 0 1099529464608 4
263 0 0 1152969505430991072 4
300 0 0 1099529464616 4
300 1 0 1099529464616 4
4 1 0 1099529464608 4
7 1 0 1099529465640 4
4 1 0 1099529465632 4
2 1 0 1152969505430989272 4
2 1 0 1152969505430989264 4
2 1 0 1099529465648 4
5 1 0 1099529465656 4
2 1 0 1099529478336 4
3 1 0 1099529464584 4
10 1 0 1099529465624 4
33 1 0 1152969505430989152 4
13 1 0 1099529464592 4
6 0 0 1099529464728 4
239 0 0 1099529464720 4
268 1 0 1099529464600 4
5 1 0 1099529464608 4
4 1 0 1099529464616 4
6 1 0 1099529464624 4
4 1 0 1099529464632 4
6 1 0 1099529464640 4
5 1 0 1099529464648 4
3 1 0 1099529464656 4
6 0 0 1099529464792 4
293 0 0 1099529464784 4
268 1 0 1099529464664 4
5 1 0 1099529464672 4
4 1 0 1099529464680 4
6 1 0 1099529464688 4
4 1 0 1099529464696 4
