1 0 0 1100593758768 4
111 0 0 1100593758776 4
300 1 0 1100593758776 4
2 1 0 1100593758768 4
2 1 0 1100593758760 4
2 1 0 1100593758504 4
3 1 0 1100593761584 4
6 0 0 72105594837816064 4
285 0 0 1100593760592 4
300 0 0 72105594837798880 4
300 1 0 1100593760456 4
11 0 0 1100593761572 4
289 1 0 1100593758712 4
3 1 0 1100593758720 4
2 1 0 1100593758488 4
3 0 0 72105594837799000 4
292 1 0 1100593758480 4
2 0 0 72105594837798896 4
298 1 0 1100593758472 4
1 0 0 72105594837798904 4
299 1 0 1100593758416 4
3 1 0 1100593758424 4
2 1 0 1100593758432 4
2 1 0 1100593758440 4
2 1 0 1100593758448 4
2 1 0 1100593758456 4
2 1 0 1100593758464 4
10 1 0 1100593758408 4
2 1 0 1100593758400 4
2 1 0 1100593758392 4
4 0 0 72105594826865112 4
299 0 0 72105594837798440 4
300 0 0 72105594826865256 4
300 0 0 72105594837798552 4
290 0 0 72105594835630396 4
300 0 0 72105594826865120 4
300 0 0 72105594837798456 4
300 1 0 1100593758384 4
2 0 0 72105594835630392 4
288 0 0 72105594826865008 4
300 0 0 72105594835630384 4
290 0 0 72105594835615629 4
300 0 0 72105594826865464 4
300 0 0 72105594837798712 4
300 0 0 72105594835627488 4
300 0 0 72105594826865744 4
300 0 0 72105594858654984 4
300 0 0 1100593760616 4
300 1 0 1100593760620 4
4 0 0 72105594835615624 4
296 0 0 72105594826865904 4
300 1 0 1100593758360 4
4 1 0 1100593758352 4
2 1 0 1100593758344 4
4 1 0 1100593758336 4
2 1 0 1100593758328 4
3 1 0 1100593758320 4
3 1 0 1100593758312 4
2 1 0 1100593758304 4
2 1 0 1100593758296 4
2 1 0 1100593758176 4
3 1 0 1100593758168 4
2 1 0 1100593758160 4
2 1 0 1100593758152 4
2 1 0 1100593758148 4
2 1 0 1100593758056 4
2 0 0 72105594835623041 4
293 0 0 72105594835623042 4
280 0 0 72105594835623043 4
300 0 0 72105594835623044 4
290 0 0 72105594835623045 4
300 0 0 72105594835623046 4
300 0 0 72105594835623047 4
300 0 0 72105594835623048 4
308 0 0 72105594506093832 4
292 1 0 72105594506093832 4
1 1 0 1100593758280 4
4 1 0 1100593758256 4
2 1 0 1100593758264 4
11 0 0 72105594826865864 4
302 1 0 1100593758096 4
7 1 0 1100593758088 4
4 1 0 1100593758064 4
2 1 0 1100593758072 4
2 1 0 1100593758080 4
9 1 0 1100593758120 4
2 1 0 1100593758056 4
2 1 0 1100593758048 4
2 1 0 1100593758040 4
2 1 0 1100593758032 4
2 1 0 1100593758024 4
3 1 0 1100593758016 4
2 1 0 1100593758008 4
2 0 0 72105594826359488 4
271 1 0 1100593757920 4
2 1 0 1100593757912 4
6 1 0 1100593757960 4
2 1 0 1100593757944 4
4 1 0 1100593757976 4
2 1 0 1100593757988 4
4 1 0 1100593757996 4
2 0 0 72105594826359480 4
276 1 0 1100593757904 4
9 1 0 1100593757896 4
2 1 0 1100593757892 4
2 1 0 1100593757880 4
2 1 0 1100593757984 4
3 1 0 1100593757936 4
2 0 0 72105594858653680 4
250 0 0 72105594826358824 4
300 1 0 1100593757952 4
6 0 0 72105594826359573 4
294 0 0 72105594506091488 4
303 0 0 72105594826359532 4
297 0 0 72105594826358896 4
300 0 0 4304596648 4
300 1 0 1100593757928 4
2 0 0 72105594826358888 4
298 0 0 4304596632 4
300 1 0 1100593757968 4
2 0 0 72105594826359544 4
302 0 0 72105594826359536 4
296 0 0 72105594826359540 4
300 0 0 4299164728 4
307 1 0 1100593757992 4
15 0 0 72105594858654992 4
292 1 0 1100593757864 4
2 1 0 1100593757856 4
2 1 0 1100593757848 4
3 0 0 72105594826358792 4
299 1 0 1100593757832 4
2 0 0 72105594503972836 4
298 0 0 72105594835627318 4
308 0 0 72105594826358840 4
272 0 0 72105594826360152 4
300 1 0 1100593757832 4
3 1 0 1100593757800 4
6 1 0 1100593757808 4
2 1 0 1100593757816 4
2 0 0 72105594826360176 4
314 0 0 72105594826360160 4
303 1 0 1100593757984 4
8 1 0 1100593757936 4
2 0 0 72105594858653688 4
290 0 0 72105594826862632 4
290 1 0 1100593757952 4
6 0 0 72105594826863381 4
290 0 0 72105594826863340 4
284 0 0 72105594826862704 4
300 0 0 72105594831965776 4
300 1 0 1100593757928 4
2 0 0 72105594826862696 4
298 0 0 72105594831965760 4
300 1 0 1100593757968 4
2 0 0 72105594826863352 4
232 0 0 72105594826863344 4
286 0 0 72105594826863348 4
290 0 0 72105594829837032 4
297 1 0 1100593757992 4
23 1 0 1100593757864 4
2 1 0 1100593757856 4
2 1 0 1100593757848 4
3 0 0 72105594826862600 4
283 1 0 1100593757832 4
2 1 0 1100593757800 4
6 1 0 1100593757808 4
2 1 0 1100593757816 4
2 0 0 72105594826362056 4
321 0 0 72105594826862648 4
277 0 0 72105594826863704 4
300 1 0 1100593757832 4
3 1 0 1100593757800 4
6 1 0 1100593757808 4
2 1 0 1100593757816 4
2 0 0 72105594826863728 4
338 0 0 72105594826863712 4
259 1 0 1100593757984 4
8 1 0 1100593757936 4
2 0 0 72105594858653696 4
280 0 0 72105594826863840 4
280 1 0 1100593757952 4
6 0 0 72105594826864589 4
300 0 0 72105594826864548 4
294 0 0 72105594826863912 4
300 0 0 72105594835309808 4
290 1 0 1100593757928 4
2 0 0 72105594826863904 4
298 0 0 72105594835309792 4
300 1 0 1100593757968 4
2 0 0 72105594826864560 4
302 0 0 72105594826864552 4
296 0 0 72105594826864556 4
300 0 0 72105594832238056 4
307 1 0 1100593757992 4
23 1 0 1100593757864 4
2 1 0 1100593757856 4
2 1 0 1100593757848 4
3 0 0 72105594826863808 4
293 1 0 1100593757832 4
2 1 0 1100593757800 4
6 1 0 1100593757808 4
2 1 0 1100593757816 4
2 0 0 72105594826863768 4
301 0 0 72105594826863856 4
287 0 0 72105594826864912 4
270 1 0 1100593757832 4
3 1 0 1100593757800 4
6 1 0 1100593757808 4
2 1 0 1100593757816 4
2 0 0 72105594826864936 4
348 0 0 72105594826864920 4
269 1 0 1100593757984 4
8 1 0 1100593757936 4
2 0 0 72105594858653704 4
280 0 0 72105594826865048 4
280 1 0 1100593757952 4
6 0 0 72105594826865797 4
300 0 0 72105594826865756 4
300 1 0 1100593757928 4
6 1 0 1100593757968 4
2 0 0 72105594826865768 4
220 0 0 72105594826865760 4
276 0 0 72105594826865764 4
290 0 0 72105594835612392 4
307 1 0 1100593757992 4
23 1 0 1100593757864 4
2 1 0 1100593757856 4
2 1 0 1100593757848 4
3 0 0 72105594826865016 4
283 1 0 1100593757832 4
2 1 0 1100593757800 4
6 1 0 1100593757808 4
2 1 0 1100593757816 4
2 0 0 72105594826864984 4
301 0 0 72105594826865064 4
287 0 0 72105594826866120 4
280 1 0 1100593757832 4
3 1 0 1100593757800 4
6 1 0 1100593757808 4
2 1 0 1100593757816 4
2 0 0 72105594826866144 4
338 0 0 72105594826866128 4
269 1 0 1100593757984 4
8 1 0 1100593757936 4
2 0 0 72105594858653712 4
290 0 0 72105594837819432 4
280 1 0 1100593757952 4
6 0 0 72105594837820181 4
300 0 0 72105594837820140 4
224 0 0 72105594837819504 4
280 0 0 72105594840120968 4
290 1 0 1100593757928 4
2 0 0 72105594837819496 4
298 0 0 72105594840120952 4
230 1 0 1100593757968 4
2 0 0 72105594837820152 4
292 0 0 72105594837820144 4
286 0 0 72105594837820148 4
300 0 0 72105594837826400 4
307 1 0 1100593757992 4
23 1 0 1100593757864 4
2 1 0 1100593757856 4
2 1 0 1100593757848 4
3 0 0 72105594837819400 4
273 1 0 1100593757832 4
2 1 0 1100593757800 4
6 1 0 1100593757808 4
2 1 0 1100593757816 4
2 0 0 72105594826866184 4
321 0 0 72105594837819448 4
277 0 0 72105594837820504 4
280 1 0 1100593757832 4
3 1 0 1100593757800 4
6 1 0 1100593757808 4
2 1 0 1100593757816 4
2 0 0 72105594837820528 4
348 0 0 72105594837820512 4
259 1 0 1100593757984 4
8 1 0 1100593757936 4
2 0 0 72105594858653720 4
270 0 0 72105594837820648 4
220 1 0 1100593757952 4
6 0 0 72105594837821397 4
270 0 0 72105594837821356 4
294 0 0 72105594837820720 4
220 0 0 72105594842598832 4
210 1 0 1100593757928 4
2 0 0 72105594837820712 4
288 0 0 72105594842598816 4
210 1 0 1100593757968 4
2 0 0 72105594837821368 4
272 0 0 72105594837821360 4
206 0 0 72105594837821364 4
200 0 0 72105594840140440 4
207 1 0 1100593757992 4
23 1 0 1100593757864 4
2 1 0 1100593757856 4
2 1 0 1100593757848 4
3 0 0 72105594837820616 4
153 1 0 1100593757832 4
