1 0 0 4399153820208 4
141 0 0 4399153820216 4
300 1 0 4399153820216 4
2 1 0 4399153820208 4
2 1 0 4399153820200 4
2 1 0 4399153819944 4
3 1 0 4399153823024 4
6 0 0 288278376951599872 4
285 0 0 4399153822032 4
300 0 0 288278376951582688 4
300 1 0 4399153821896 4
5 0 0 4399153823012 4
295 1 0 4399153820152 4
3 1 0 4399153820160 4
2 1 0 4399153819928 4
3 0 0 288278376951582808 4
292 1 0 4399153820080 4
4 0 0 4399153822080 4
296 1 0 4399153820088 4
3 1 0 4399153820096 4
2 1 0 4399153820104 4
2 1 0 4399153820112 4
2 1 0 4399153820120 4
5 1 0 4399153820128 4
7 1 0 4399153820136 4
3 1 0 4399153819920 4
4 1 0 4399153820144 4
10 1 0 4399153822224 4
8 0 0 4399153823011 4
254 0 0 4399153823064 4
290 0 0 4399153823056 4
300 1 0 4399153819928 4
1 1 0 4399153819920 4
2 1 0 4399153819912 4
2 1 0 4399153819896 4
4 0 0 17189501000 4
291 1 0 4399153819888 4
2 1 0 4399153819880 4
2 1 0 4399153819872 4
2 1 0 4399153819864 4
2 1 0 4399153819856 4
2 0 0 4399153822176 4
300 0 0 17189544552 4
300 0 0 288278376949460336 4
300 0 0 17189544536 4
300 1 0 17189544536 4
1 1 0 4399153819720 4
5 1 0 4399153819712 4
2 1 0 4399153819704 4
10 1 0 17189544536 4
8 1 0 17189544536 4
9 0 0 17189544544 4
265 0 0 17189544548 4
300 1 0 17189544548 4
1 1 0 17189544544 4
15 0 0 17189544484 4
284 1 0 4399153819896 4
7 0 0 17189500688 4
293 1 0 4399153819888 4
2 0 0 17189544608 4
298 1 0 4399153819832 4
2 1 0 4399153819840 4
2 1 0 17189544608 4
3 0 0 17189544576 4
293 1 0 17189544576 4
4 1 0 4399153819816 4
5 0 0 288278376949461288 4
281 1 0 17189544544 4
8 1 0 17189544536 4
1 1 0 4399153819680 4
5 1 0 4399153819672 4
2 1 0 4399153819664 4
2 1 0 17189544536 4
21 0 0 17189544584 4
271 1 0 17189544584 4
1 0 0 17189544580 4
299 1 0 17189544580 4
1 0 0 17189544616 4
299 1 0 17189544616 4
1 1 0 4399153819816 4
5 1 0 4399153819856 4
2 1 0 4399153819864 4
2 0 0 4399153822216 4
290 1 0 4399153819880 4
2 1 0 4399153822216 4
6 0 0 17189544592 4
292 0 0 17189544620 4
290 1 0 4399153819848 4
2 1 0 4399153819828 4
6 1 0 17189544576 4
1 1 0 4399153819816 4
3 1 0 4399153819808 4
2 1 0 4399153819800 4
2 1 0 17189544576 4
12 1 0 4399153819816 4
3 0 0 4399153822232 4
286 1 0 4399153822232 4
10 1 0 4399153819824 4
12 1 0 4399153819816 4
13 1 0 4399153822232 4
11 1 0 17189544576 4
4 0 0 17189544600 4
255 1 0 17189544600 4
3 1 0 17189544616 4
6 1 0 17189544576 4
4 1 0 4399153822216 4
4 1 0 4399153819816 4
2 1 0 4399153819808 4
2 1 0 4399153819800 4
2 1 0 4399153819792 4
2 1 0 4399153819784 4
2 1 0 4399153819776 4
7 0 0 288278376949462092 4
260 1 0 17189544536 4
4 1 0 17189544544 4
24 0 0 17189544520 4
256 1 0 17189544484 4
6 0 0 288277288938729104 4
294 1 0 17189544528 4
2 1 0 17189544520 4
2 0 0 17189544480 4
296 1 0 4399153819896 4
4 0 0 17189499200 4
296 0 0 17189544624 4
300 1 0 17189544624 4
1 0 0 17189544632 4
299 0 0 17189544640 4
293 1 0 17189544624 4
5 1 0 4399153819896 4
3 0 0 17189501200 4
300 1 0 17189544544 4
8 1 0 17189544548 4
3 1 0 17189544536 4
1 1 0 4399153819760 4
5 1 0 4399153819752 4
2 1 0 4399153819744 4
2 1 0 17189544536 4
17 1 0 4399153819896 4
6 0 0 17189500728 4
255 1 0 4399153819872 4
2 1 0 4399153819856 4
2 1 0 4399153819864 4
3 1 0 4399153819880 4
2 1 0 4399153819888 4
3 0 0 288278376975846928 4
288 0 0 288278376975848664 4
307 0 0 288278376975846720 4
293 0 0 4399153821936 4
300 1 0 4399153819848 4
6 1 0 4399153819840 4
2 1 0 4399153819832 4
4 0 0 288278376975867632 4
288 0 0 288278376975853920 4
300 1 0 288278376975853920 4
11 1 0 4399153821936 4
10 0 0 288278376975854016 4
279 0 0 274895782280 4
300 1 0 4399153819848 4
2 1 0 4399153819840 4
2 1 0 4399153819832 4
2 1 0 4399153819824 4
2 1 0 4399153819816 4
3 1 0 4399153819808 4
2 1 0 4399153819800 4
2 1 0 4399153819736 4
7 0 0 288278376975856208 4
278 0 0 288278376975853976 4
300 1 0 4399153819748 4
8 0 0 288278376975854088 4
292 1 0 4399153819728 4
9 1 0 4399153819724 4
2 0 0 288278376975854040 4
295 0 0 288278376975856064 4
294 0 0 288278376975856068 4
290 0 0 288278376975856072 4
300 0 0 288278376975856076 4
311 1 0 4399153819768 4
2 1 0 4399153819776 4
4 1 0 288278376975854016 4
9 1 0 274895782280 4
9 1 0 4399153819776 4
3 1 0 4399153819776 4
3 1 0 274895782344 4
2 0 0 288278376975856216 4
291 1 0 288278376975853920 4
12 1 0 274895782288 4
18 1 0 274895782296 4
2 1 0 274895782304 4
2 1 0 274895782312 4
4 1 0 274895782320 4
2 1 0 274895782328 4
4 1 0 274895782336 4
17 0 0 288277288938729072 4
215 0 0 288277288938729088 4
300 0 0 288277288938729080 4
290 1 0 274895782288 4
2 0 0 288277288938729076 4
298 1 0 274895782320 4
2 0 0 288277288938729096 4
298 1 0 274895782304 4
3 1 0 274895782292 4
7 1 0 4399153819896 4
2 1 0 4399153819888 4
2 1 0 4399153819880 4
2 1 0 4399153819872 4
2 1 0 4399153819864 4
2 1 0 4399153819856 4
2 1 0 4399153819848 4
3 0 0 17189503456 4
285 1 0 4399153819616 4
2 1 0 4399153819608 4
2 1 0 4399153819604 4
2 0 0 17186435576 4
294 1 0 4399153819600 4
2 0 0 17189503464 4
300 0 0 17186433072 4
298 0 0 17186435584 4
310 1 0 4399153819728 4
3 1 0 4399153819400 4
2 1 0 4399153819392 4
2 1 0 4399153819384 4
2 1 0 4399153819376 4
3 1 0 4399153819368 4
3 1 0 4399153819360 4
4 1 0 4399153819352 4
4 0 0 17189499400 4
267 1 0 4399153819336 4
2 1 0 4399153819328 4
2 1 0 4399153819344 4
25 1 0 288278376975853920 4
1 1 0 4399153819320 4
11 1 0 4399153819312 4
2 1 0 4399153819304 4
2 1 0 4399153819296 4
2 1 0 4399153819288 4
3 1 0 4399153819280 4
2 1 0 4399153819272 4
2 1 0 4399153819208 4
15 1 0 4399153819220 4
10 0 0 288278376975853924 4
221 1 0 4399153819200 4
7 1 0 4399153819196 4
12 0 0 288278376975855040 4
316 1 0 4399153819240 4
2 1 0 4399153819248 4
4 1 0 288278376975854016 4
9 1 0 274895782344 4
9 1 0 4399153819248 4
3 1 0 4399153819248 4
3 1 0 274895783384 4
30 1 0 288278376975853920 4
13 1 0 274895782352 4
6 0 0 274895782488 4
298 0 0 274895782480 4
298 1 0 274895782360 4
5 1 0 274895782368 4
4 1 0 274895782376 4
6 1 0 274895782384 4
4 1 0 274895782392 4
6 1 0 274895782400 4
5 1 0 274895782408 4
3 1 0 274895782416 4
6 0 0 274895782552 4
263 0 0 274895782544 4
288 1 0 274895782424 4
5 1 0 274895782432 4
4 1 0 274895782440 4
6 1 0 274895782448 4
4 1 0 274895782456 4
6 1 0 274895782464 4
5 1 0 274895782472 4
3 1 0 274895782480 4
6 0 0 274895782616 4
263 0 0 274895782608 4
298 1 0 274895782488 4
5 1 0 274895782496 4
4 1 0 274895782504 4
6 1 0 274895782512 4
4 1 0 274895782520 4
6 1 0 274895782528 4
5 1 0 274895782536 4
3 1 0 274895782544 4
6 0 0 274895782680 4
273 0 0 274895782672 4
298 1 0 274895782552 4
5 1 0 274895782560 4
4 1 0 274895782568 4
6 1 0 274895782576 4
4 1 0 274895782584 4
6 1 0 274895782592 4
5 1 0 274895782600 4
3 1 0 274895782608 4
6 0 0 274895782744 4
263 0 0 274895782736 4
298 1 0 274895782616 4
5 1 0 274895782624 4
4 1 0 274895782632 4
6 1 0 274895782640 4
4 1 0 274895782648 4
6 1 0 274895782656 4
