1 0 0 9896753922608 4
311 0 0 9896753922616 4
300 1 0 9896753922616 4
2 1 0 9896753922608 4
2 1 0 9896753922600 4
2 1 0 9896753922344 4
3 1 0 9896753925424 4
6 0 0 648566347141239552 4
285 0 0 9896753924432 4
300 0 0 648566347141222368 4
300 1 0 9896753924296 4
5 0 0 9896753925412 4
295 1 0 9896753922552 4
3 1 0 9896753922560 4
2 1 0 9896753922328 4
3 0 0 648566347141222488 4
292 1 0 9896753922480 4
4 0 0 9896753924480 4
296 1 0 9896753922488 4
3 1 0 9896753922496 4
2 1 0 9896753922504 4
2 1 0 9896753922512 4
2 1 0 9896753922520 4
5 1 0 9896753922528 4
7 1 0 9896753922536 4
3 1 0 9896753922320 4
4 1 0 9896753922544 4
10 1 0 9896753924624 4
8 0 0 9896753925411 4
264 0 0 9896753925464 4
300 0 0 9896753925456 4
300 1 0 9896753922328 4
1 1 0 9896753922320 4
2 1 0 9896753922312 4
2 1 0 9896753922296 4
4 0 0 38664337480 4
291 1 0 9896753922288 4
2 1 0 9896753922280 4
2 1 0 9896753922272 4
2 1 0 9896753922264 4
2 1 0 9896753922256 4
2 0 0 9896753924576 4
290 0 0 38664381032 4
300 0 0 648566347139100016 4
300 0 0 38664381016 4
300 1 0 38664381016 4
1 1 0 9896753922120 4
5 1 0 9896753922112 4
2 1 0 9896753922104 4
12 1 0 38664381016 4
9 0 0 38664381024 4
271 0 0 38664381028 4
290 1 0 38664381028 4
1 1 0 38664381024 4
15 0 0 38664380964 4
284 1 0 9896753922296 4
7 0 0 38664337168 4
293 1 0 9896753922288 4
2 0 0 38664381088 4
298 1 0 9896753922232 4
2 1 0 9896753922240 4
2 1 0 38664381088 4
3 0 0 38664381056 4
293 1 0 38664381056 4
1 1 0 9896753922216 4
3 1 0 9896753922208 4
2 1 0 9896753922200 4
10 1 0 38664381056 4
8 1 0 38664381056 4
12 1 0 9896753922216 4
5 0 0 648566347139100968 4
289 1 0 38664381024 4
8 1 0 38664381016 4
1 1 0 9896753922080 4
5 1 0 9896753922072 4
2 1 0 9896753922064 4
2 1 0 38664381016 4
21 0 0 38664381064 4
261 1 0 38664381064 4
1 0 0 38664381060 4
299 1 0 38664381060 4
1 0 0 38664381096 4
299 1 0 38664381096 4
1 1 0 9896753922216 4
5 1 0 9896753922256 4
2 1 0 9896753922264 4
2 0 0 9896753924616 4
290 1 0 9896753922280 4
2 1 0 9896753924616 4
6 0 0 38664381072 4
292 0 0 38664381100 4
300 1 0 9896753922248 4
2 1 0 9896753922228 4
6 1 0 38664381056 4
1 1 0 9896753922216 4
3 1 0 9896753922208 4
2 1 0 9896753922200 4
2 1 0 38664381056 4
12 1 0 9896753922216 4
3 0 0 9896753924632 4
276 1 0 9896753924632 4
10 1 0 9896753922224 4
12 1 0 9896753922216 4
13 1 0 9896753924632 4
11 1 0 38664381056 4
1 1 0 9896753922216 4
3 1 0 9896753922208 4
2 1 0 9896753922200 4
12 1 0 38664381056 4
8 1 0 38664381056 4
12 0 0 38664381080 4
301 1 0 38664381056 4
1 1 0 9896753922216 4
3 1 0 9896753922208 4
2 1 0 9896753922200 4
2 1 0 38664381056 4
12 1 0 9896753922216 4
13 1 0 9896753924632 4
10 1 0 9896753922224 4
12 1 0 9896753922216 4
13 1 0 9896753924632 4
11 1 0 38664381056 4
18 1 0 38664381080 4
3 1 0 38664381096 4
6 1 0 38664381056 4
4 1 0 9896753924616 4
4 1 0 9896753922216 4
2 1 0 9896753922208 4
2 1 0 9896753922200 4
2 1 0 9896753922192 4
2 1 0 9896753922184 4
2 1 0 9896753922176 4
7 0 0 648566347139101772 4
263 1 0 38664381016 4
4 1 0 38664381024 4
24 0 0 38664381000 4
286 1 0 38664380964 4
6 0 0 648565259128334080 4
294 1 0 38664381008 4
2 1 0 38664381000 4
2 0 0 38664380960 4
296 1 0 9896753922296 4
4 0 0 38664335680 4
296 0 0 38664381104 4
300 1 0 38664381104 4
1 0 0 38664381112 4
299 0 0 38664381120 4
293 1 0 38664381104 4
5 1 0 9896753922296 4
3 0 0 38664337680 4
280 1 0 38664381024 4
8 1 0 38664381028 4
3 1 0 38664381016 4
1 1 0 9896753922160 4
5 1 0 9896753922152 4
2 1 0 9896753922144 4
2 1 0 38664381016 4
17 1 0 9896753922296 4
6 0 0 38664337208 4
275 1 0 9896753922272 4
2 1 0 9896753922256 4
2 1 0 9896753922264 4
3 1 0 9896753922280 4
2 1 0 9896753922288 4
3 0 0 648566347165486608 4
288 0 0 648566347165488344 4
307 0 0 648566347165486400 4
293 0 0 9896753924336 4
290 1 0 9896753922248 4
6 1 0 9896753922240 4
2 1 0 9896753922232 4
4 0 0 648566347165507312 4
298 0 0 648566347165493600 4
280 1 0 648566347165493600 4
11 1 0 9896753924336 4
10 0 0 648566347165493696 4
299 0 0 618493799384 4
280 1 0 9896753922248 4
2 1 0 9896753922240 4
2 1 0 9896753922232 4
2 1 0 9896753922224 4
2 1 0 9896753922216 4
3 1 0 9896753922208 4
2 1 0 9896753922200 4
2 1 0 9896753922136 4
7 0 0 648566347165495888 4
298 0 0 648566347165493656 4
300 1 0 9896753922148 4
8 0 0 648566347165493768 4
292 1 0 9896753922128 4
9 1 0 9896753922124 4
2 0 0 648566347165493720 4
289 0 0 618492944664 4
300 0 0 618492944680 4
290 0 0 648566347165495768 4
290 0 0 648566347165493704 4
293 1 0 648566347165493720 4
4 1 0 648566347165493712 4
2 0 0 648566347165493776 4
221 0 0 648566347165495744 4
300 1 0 648566347165495744 4
1 1 0 618492944680 4
3 1 0 618492944672 4
2 1 0 648566347165493784 4
2 1 0 648566347165493776 4
50 1 0 648566347165493784 4
2 1 0 648566347165493776 4
2 0 0 618492944744 4
238 1 0 618492944744 4
1 0 0 648566347165495896 4
315 1 0 648566347165493600 4
12 1 0 618492944672 4
15 1 0 618492944680 4
2 1 0 618492944688 4
2 1 0 618492944696 4
4 1 0 618492944704 4
2 1 0 618492944712 4
4 1 0 618492944720 4
2 1 0 618492944728 4
3 1 0 618492944736 4
17 0 0 648565259128334048 4
291 0 0 648565259128334064 4
300 0 0 648565259128334056 4
300 1 0 618492944672 4
2 0 0 648565259128334052 4
298 1 0 618492944704 4
2 0 0 648565259128334072 4
298 1 0 618492944688 4
3 1 0 618492944676 4
7 1 0 9896753922296 4
2 1 0 9896753922288 4
2 1 0 9896753922280 4
2 1 0 9896753922272 4
2 1 0 9896753922264 4
2 1 0 9896753922256 4
2 1 0 9896753922248 4
3 0 0 38664339936 4
285 1 0 9896753922016 4
2 1 0 9896753922008 4
2 1 0 9896753922004 4
2 0 0 38661272056 4
294 1 0 9896753922000 4
2 0 0 38664339944 4
300 0 0 38661269552 4
288 0 0 38661272064 4
240 1 0 9896753922128 4
3 1 0 9896753921800 4
2 1 0 9896753921792 4
2 1 0 9896753921784 4
2 1 0 9896753921776 4
3 1 0 9896753921768 4
3 1 0 9896753921760 4
4 1 0 9896753921752 4
4 0 0 38664335880 4
267 1 0 9896753921736 4
2 1 0 9896753921728 4
2 1 0 9896753921744 4
25 1 0 648566347165493600 4
1 1 0 9896753921720 4
11 1 0 9896753921712 4
2 1 0 9896753921704 4
2 1 0 9896753921696 4
2 1 0 9896753921688 4
3 1 0 9896753921680 4
2 1 0 9896753921672 4
2 1 0 9896753921608 4
15 1 0 9896753921620 4
10 0 0 648566347165493604 4
291 1 0 9896753921600 4
7 1 0 9896753921596 4
12 0 0 648566347165494720 4
285 0 0 648566347165495752 4
296 0 0 648566347165495756 4
300 0 0 648566347165495448 4
300 0 0 618493101464 4
300 0 0 618493101472 4
300 0 0 618493101480 4
305 0 0 648566347165495440 4
298 1 0 648566347165495448 4
2 1 0 648566347165495440 4
2 0 0 618493101488 4
293 0 0 648566347165495456 4
300 0 0 618493101496 4
300 1 0 618493101496 4
4 1 0 618493101488 4
7 1 0 618493102520 4
4 1 0 618493102512 4
2 1 0 648566347165493720 4
2 1 0 648566347165493712 4
2 1 0 618493102528 4
5 1 0 618493102536 4
2 1 0 618493111024 4
3 1 0 618493101464 4
10 1 0 618493102504 4
33 1 0 648566347165493600 4
13 1 0 618493101472 4
6 0 0 618493101608 4
239 0 0 618493101600 4
298 1 0 618493101480 4
5 1 0 618493101488 4
