1 0 0 6598193861168 4
221 0 0 6598193861176 4
300 1 0 6598193861176 4
2 1 0 6598193861168 4
2 1 0 6598193861160 4
2 1 0 6598193860904 4
3 1 0 6598193863984 4
6 0 0 432393565027455744 4
285 0 0 6598193862992 4
300 0 0 432393565027438560 4
300 1 0 6598193862856 4
11 0 0 6598193863972 4
289 1 0 6598193861112 4
3 1 0 6598193861120 4
2 1 0 6598193860888 4
3 0 0 432393565027438680 4
292 1 0 6598193861040 4
4 0 0 6598193863040 4
296 1 0 6598193861048 4
3 1 0 6598193861056 4
2 1 0 6598193861064 4
2 1 0 6598193861072 4
2 1 0 6598193861080 4
5 1 0 6598193861088 4
7 1 0 6598193861096 4
3 1 0 6598193860880 4
4 1 0 6598193861104 4
10 1 0 6598193863184 4
8 0 0 6598193863971 4
254 0 0 6598193864024 4
300 0 0 6598193864016 4
300 1 0 6598193860888 4
1 1 0 6598193860880 4
2 1 0 6598193860872 4
2 1 0 6598193860856 4
4 0 0 25779435592 4
291 1 0 6598193860848 4
2 1 0 6598193860840 4
2 1 0 6598193860832 4
2 1 0 6598193860824 4
2 1 0 6598193860816 4
2 0 0 6598193863136 4
290 0 0 25779479144 4
300 0 0 432393565025316208 4
300 0 0 25779479128 4
300 1 0 25779479128 4
1 1 0 6598193860680 4
5 1 0 6598193860672 4
2 1 0 6598193860664 4
12 1 0 25779479128 4
8 1 0 25779479128 4
9 0 0 25779479136 4
263 0 0 25779479140 4
300 1 0 25779479140 4
1 1 0 25779479136 4
15 0 0 25779479076 4
284 1 0 6598193860856 4
7 0 0 25779435280 4
293 1 0 6598193860848 4
2 0 0 25779479200 4
298 1 0 6598193860792 4
2 1 0 6598193860800 4
2 1 0 25779479200 4
3 0 0 25779479168 4
293 1 0 25779479168 4
1 1 0 6598193860776 4
3 1 0 6598193860768 4
2 1 0 6598193860760 4
12 1 0 25779479168 4
12 1 0 6598193860776 4
5 0 0 432393565025317160 4
275 1 0 25779479136 4
8 1 0 25779479128 4
1 1 0 6598193860640 4
5 1 0 6598193860632 4
2 1 0 6598193860624 4
2 1 0 25779479128 4
21 0 0 25779479176 4
261 1 0 25779479176 4
1 0 0 25779479172 4
299 1 0 25779479172 4
1 0 0 25779479208 4
299 1 0 25779479208 4
1 1 0 6598193860776 4
5 1 0 6598193860816 4
2 1 0 6598193860824 4
2 0 0 6598193863176 4
290 1 0 6598193860840 4
2 1 0 6598193863176 4
6 0 0 25779479184 4
292 0 0 25779479212 4
300 1 0 6598193860808 4
2 1 0 6598193860788 4
6 1 0 25779479168 4
1 1 0 6598193860776 4
3 1 0 6598193860768 4
2 1 0 6598193860760 4
2 1 0 25779479168 4
12 1 0 6598193860776 4
3 0 0 6598193863192 4
276 1 0 6598193863192 4
10 1 0 6598193860784 4
12 1 0 6598193860776 4
13 1 0 6598193863192 4
11 1 0 25779479168 4
4 0 0 25779479192 4
255 1 0 25779479192 4
3 1 0 25779479208 4
6 1 0 25779479168 4
4 1 0 6598193863176 4
4 1 0 6598193860776 4
2 1 0 6598193860768 4
2 1 0 6598193860760 4
2 1 0 6598193860752 4
2 1 0 6598193860744 4
2 1 0 6598193860736 4
7 0 0 432393565025317964 4
260 1 0 25779479128 4
4 1 0 25779479136 4
24 0 0 25779479112 4
266 1 0 25779479076 4
6 0 0 432392477014549824 4
284 1 0 25779479120 4
2 1 0 25779479112 4
2 0 0 25779479072 4
296 1 0 6598193860856 4
4 0 0 25779433792 4
296 0 0 25779479216 4
300 1 0 25779479216 4
1 0 0 25779479224 4
299 0 0 25779479232 4
303 1 0 25779479216 4
5 1 0 6598193860856 4
3 0 0 25779435792 4
300 1 0 25779479136 4
8 1 0 25779479140 4
3 1 0 25779479128 4
1 1 0 6598193860720 4
5 1 0 6598193860712 4
2 1 0 6598193860704 4
2 1 0 25779479128 4
17 1 0 6598193860856 4
6 0 0 25779435320 4
255 1 0 6598193860832 4
2 1 0 6598193860816 4
2 1 0 6598193860824 4
3 1 0 6598193860840 4
2 1 0 6598193860848 4
3 0 0 432393565051702800 4
278 0 0 432393565051704536 4
307 0 0 432393565051702592 4
293 0 0 6598193862896 4
300 1 0 6598193860808 4
6 1 0 6598193860800 4
2 1 0 6598193860792 4
4 0 0 432393565051723504 4
288 0 0 432393565051709792 4
300 1 0 432393565051709792 4
11 1 0 6598193862896 4
10 0 0 432393565051709888 4
289 0 0 412335369176 4
290 1 0 6598193860808 4
2 1 0 6598193860800 4
2 1 0 6598193860792 4
2 1 0 6598193860784 4
2 1 0 6598193860776 4
3 1 0 6598193860768 4
2 1 0 6598193860760 4
2 1 0 6598193860696 4
7 0 0 432393565051712080 4
288 0 0 432393565051709848 4
290 1 0 6598193860708 4
8 0 0 432393565051709960 4
292 1 0 6598193860688 4
9 1 0 6598193860684 4
2 0 0 432393565051709912 4
299 0 0 412334669592 4
300 0 0 412334669608 4
300 0 0 432393565051711960 4
280 0 0 432393565051709896 4
303 1 0 432393565051709904 4
7 1 0 432393565051709912 4
2 1 0 432393565051709896 4
2 1 0 412334669664 4
2 1 0 412334669672 4
2 1 0 412334669840 4
4 1 0 412334669592 4
10 1 0 412334669656 4
2 0 0 432393565051712088 4
322 1 0 432393565051709792 4
12 1 0 412334669600 4
15 1 0 412334669608 4
2 1 0 412334669616 4
2 1 0 412334669624 4
4 1 0 412334669632 4
2 1 0 412334669640 4
4 1 0 412334669648 4
17 0 0 432392477014549792 4
286 0 0 432392477014549808 4
300 0 0 432392477014549800 4
300 1 0 412334669600 4
2 0 0 432392477014549796 4
298 1 0 412334669632 4
2 0 0 432392477014549816 4
298 1 0 412334669616 4
3 1 0 412334669604 4
7 1 0 6598193860856 4
2 1 0 6598193860848 4
2 1 0 6598193860840 4
2 1 0 6598193860832 4
2 1 0 6598193860824 4
2 1 0 6598193860816 4
2 1 0 6598193860808 4
3 0 0 25779438048 4
275 1 0 6598193860576 4
2 1 0 6598193860568 4
2 1 0 6598193860564 4
2 0 0 25776370168 4
294 1 0 6598193860560 4
2 0 0 25779438056 4
300 0 0 25776367664 4
298 0 0 25776370176 4
240 1 0 6598193860688 4
3 1 0 6598193860360 4
2 1 0 6598193860352 4
2 1 0 6598193860344 4
2 1 0 6598193860336 4
3 1 0 6598193860328 4
3 1 0 6598193860320 4
4 1 0 6598193860312 4
4 0 0 25779433992 4
267 1 0 6598193860296 4
2 1 0 6598193860288 4
2 1 0 6598193860304 4
25 1 0 432393565051709792 4
1 1 0 6598193860280 4
11 1 0 6598193860272 4
2 1 0 6598193860264 4
2 1 0 6598193860256 4
2 1 0 6598193860248 4
3 1 0 6598193860240 4
2 1 0 6598193860232 4
2 1 0 6598193860168 4
15 1 0 6598193860180 4
10 0 0 432393565051709796 4
291 1 0 6598193860160 4
7 1 0 6598193860156 4
16 1 0 432393565051709912 4
8 1 0 432393565051709904 4
2 0 0 432393565051710080 4
287 0 0 432393565051711936 4
290 1 0 432393565051711936 4
1 1 0 412334669672 4
3 1 0 412334669664 4
2 1 0 432393565051710088 4
2 1 0 432393565051710080 4
11 0 0 432393565051710912 4
275 0 0 432393565051711944 4
296 0 0 432393565051711948 4
300 0 0 432393565051711432 4
230 0 0 412334726376 4
300 0 0 412334726384 4
290 0 0 412334726392 4
305 0 0 432393565051711424 4
298 1 0 432393565051711432 4
2 1 0 432393565051711424 4
2 0 0 412334726400 4
293 0 0 432393565051711440 4
300 0 0 412334726408 4
300 1 0 412334726408 4
4 1 0 412334726400 4
7 1 0 412334727432 4
4 1 0 412334727424 4
2 1 0 432393565051709912 4
2 1 0 432393565051709904 4
2 1 0 412334727440 4
5 1 0 412334727448 4
2 1 0 412334729440 4
3 1 0 412334726376 4
10 1 0 412334727416 4
33 1 0 432393565051709792 4
13 1 0 412334726384 4
6 0 0 412334726520 4
299 0 0 412334726512 4
298 1 0 412334726392 4
5 1 0 412334726400 4
4 1 0 412334726408 4
6 1 0 412334726416 4
4 1 0 412334726424 4
6 1 0 412334726432 4
5 1 0 412334726440 4
3 1 0 412334726448 4
6 0 0 412334726584 4
273 0 0 412334726576 4
298 1 0 412334726456 4
5 1 0 412334726464 4
4 1 0 412334726472 4
6 1 0 412334726480 4
4 1 0 412334726488 4
6 1 0 412334726496 4
