1 0 0 8797233902128 4
241 0 0 8797233902136 4
300 1 0 8797233902136 4
2 1 0 8797233902128 4
2 1 0 8797233902120 4
2 1 0 8797233901864 4
3 1 0 8797233904944 4
6 0 0 576508753103311616 4
285 0 0 8797233903952 4
300 0 0 576508753103294432 4
300 1 0 8797233903816 4
11 0 0 8797233904932 4
289 1 0 8797233902072 4
3 1 0 8797233902080 4
2 1 0 8797233901848 4
3 0 0 576508753103294552 4
292 1 0 8797233902000 4
4 0 0 8797233904000 4
296 1 0 8797233902008 4
3 1 0 8797233902016 4
2 1 0 8797233902024 4
2 1 0 8797233902032 4
2 1 0 8797233902040 4
5 1 0 8797233902048 4
7 1 0 8797233902056 4
3 1 0 8797233901840 4
4 1 0 8797233902064 4
10 1 0 8797233904144 4
8 0 0 8797233904931 4
254 0 0 8797233904984 4
300 0 0 8797233904976 4
300 1 0 8797233901848 4
1 1 0 8797233901840 4
2 1 0 8797233901832 4
2 1 0 8797233901816 4
4 0 0 34369370184 4
291 1 0 8797233901808 4
2 1 0 8797233901800 4
2 1 0 8797233901792 4
2 1 0 8797233901784 4
2 1 0 8797233901776 4
2 0 0 8797233904096 4
290 0 0 34369413736 4
300 0 0 576508753101172080 4
300 0 0 34369413720 4
300 1 0 34369413720 4
1 1 0 8797233901640 4
5 1 0 8797233901632 4
2 1 0 8797233901624 4
12 1 0 34369413720 4
9 0 0 34369413728 4
271 0 0 34369413732 4
300 1 0 34369413732 4
1 1 0 34369413728 4
15 0 0 34369413668 4
284 1 0 8797233901816 4
7 0 0 34369369872 4
293 1 0 8797233901808 4
2 0 0 34369413792 4
298 1 0 8797233901752 4
2 1 0 8797233901760 4
2 1 0 34369413792 4
3 0 0 34369413760 4
293 1 0 34369413760 4
1 1 0 8797233901736 4
3 1 0 8797233901728 4
2 1 0 8797233901720 4
12 1 0 34369413760 4
12 1 0 8797233901736 4
5 0 0 576508753101173032 4
265 1 0 34369413728 4
8 1 0 34369413720 4
1 1 0 8797233901600 4
5 1 0 8797233901592 4
2 1 0 8797233901584 4
2 1 0 34369413720 4
21 0 0 34369413768 4
261 1 0 34369413768 4
1 0 0 34369413764 4
299 1 0 34369413764 4
1 0 0 34369413800 4
299 1 0 34369413800 4
1 1 0 8797233901736 4
5 1 0 8797233901776 4
2 1 0 8797233901784 4
2 0 0 8797233904136 4
290 1 0 8797233901800 4
2 1 0 8797233904136 4
6 0 0 34369413776 4
292 0 0 34369413804 4
300 1 0 8797233901768 4
2 1 0 8797233901748 4
6 1 0 34369413760 4
1 1 0 8797233901736 4
3 1 0 8797233901728 4
2 1 0 8797233901720 4
2 1 0 34369413760 4
12 1 0 8797233901736 4
3 0 0 8797233904152 4
276 1 0 8797233904152 4
10 1 0 8797233901744 4
12 1 0 8797233901736 4
13 1 0 8797233904152 4
11 1 0 34369413760 4
4 0 0 34369413784 4
255 1 0 34369413784 4
3 1 0 34369413800 4
6 1 0 34369413760 4
4 1 0 8797233904136 4
4 1 0 8797233901736 4
2 1 0 8797233901728 4
2 1 0 8797233901720 4
2 1 0 8797233901712 4
2 1 0 8797233901704 4
2 1 0 8797233901696 4
7 0 0 576508753101173836 4
260 1 0 34369413720 4
4 1 0 34369413728 4
24 0 0 34369413704 4
266 1 0 34369413668 4
6 0 0 576507665090438320 4
284 1 0 34369413712 4
2 1 0 34369413704 4
2 0 0 34369413664 4
296 1 0 8797233901816 4
4 0 0 34369368384 4
296 0 0 34369413808 4
300 1 0 34369413808 4
1 0 0 34369413816 4
299 0 0 34369413824 4
303 1 0 34369413808 4
5 1 0 8797233901816 4
3 0 0 34369370384 4
310 1 0 34369413728 4
8 1 0 34369413732 4
3 1 0 34369413720 4
1 1 0 8797233901680 4
5 1 0 8797233901672 4
2 1 0 8797233901664 4
2 1 0 34369413720 4
17 1 0 8797233901816 4
6 0 0 34369369912 4
245 1 0 8797233901792 4
2 1 0 8797233901776 4
2 1 0 8797233901784 4
3 1 0 8797233901800 4
2 1 0 8797233901808 4
3 0 0 576508753127558672 4
278 0 0 576508753127560408 4
307 0 0 576508753127558464 4
293 0 0 8797233903856 4
300 1 0 8797233901768 4
6 1 0 8797233901760 4
2 1 0 8797233901752 4
4 0 0 576508753127579376 4
298 0 0 576508753127565664 4
290 1 0 576508753127565664 4
11 1 0 8797233903856 4
10 0 0 576508753127565760 4
289 0 0 549773689288 4
290 1 0 8797233901768 4
2 1 0 8797233901760 4
2 1 0 8797233901752 4
2 1 0 8797233901744 4
2 1 0 8797233901736 4
3 1 0 8797233901728 4
2 1 0 8797233901720 4
2 1 0 8797233901656 4
7 0 0 576508753127567952 4
288 0 0 576508753127565720 4
290 1 0 8797233901668 4
8 0 0 576508753127565832 4
292 0 0 549773466632 4
290 0 0 549773466680 4
300 1 0 549773466680 4
1 1 0 576508753127565832 4
2 1 0 576508753127565824 4
2 0 0 576508753127567960 4
321 1 0 576508753127565664 4
1 0 0 549773466616 4
298 1 0 549773466624 4
15 1 0 549773466632 4
2 1 0 549773466640 4
2 1 0 549773466648 4
4 1 0 549773466656 4
2 1 0 549773466664 4
4 1 0 549773466672 4
17 0 0 576507665090438288 4
249 0 0 576507665090438304 4
290 0 0 576507665090438296 4
300 1 0 549773466624 4
2 0 0 576507665090438292 4
298 1 0 549773466656 4
2 0 0 576507665090438312 4
298 1 0 549773466640 4
3 1 0 549773466628 4
7 1 0 8797233901816 4
2 1 0 8797233901808 4
2 1 0 8797233901800 4
2 1 0 8797233901792 4
2 1 0 8797233901784 4
2 1 0 8797233901776 4
2 1 0 8797233901768 4
3 0 0 34369372640 4
285 1 0 8797233901536 4
2 1 0 8797233901528 4
2 1 0 8797233901524 4
2 0 0 34366304760 4
294 1 0 8797233901520 4
2 0 0 34369372648 4
300 0 0 34366302256 4
298 0 0 34366304768 4
310 1 0 8797233901648 4
3 1 0 8797233901320 4
2 1 0 8797233901312 4
2 1 0 8797233901304 4
2 1 0 8797233901296 4
3 1 0 8797233901288 4
3 1 0 8797233901280 4
4 1 0 8797233901272 4
4 0 0 34369368584 4
267 1 0 8797233901256 4
2 1 0 8797233901248 4
2 1 0 8797233901264 4
25 1 0 576508753127565664 4
1 1 0 8797233901240 4
11 1 0 8797233901232 4
2 1 0 8797233901224 4
2 1 0 8797233901216 4
2 1 0 8797233901208 4
3 1 0 8797233901200 4
2 1 0 8797233901192 4
2 1 0 8797233901128 4
15 1 0 8797233901140 4
10 0 0 576508753127565668 4
291 1 0 8797233901120 4
7 1 0 8797233901116 4
2 0 0 576508753127565784 4
297 0 0 576508753127566784 4
228 0 0 576508753127567816 4
296 0 0 576508753127566920 4
290 0 0 549773685000 4
290 0 0 549773685008 4
300 0 0 549773685016 4
225 0 0 576508753127566912 4
298 1 0 576508753127566920 4
2 1 0 576508753127566912 4
2 0 0 549773685024 4
293 0 0 576508753127566928 4
300 0 0 549773685032 4
290 1 0 549773685032 4
4 1 0 549773685024 4
2 0 0 576508753127565776 4
294 1 0 549773686056 4
4 1 0 549773686048 4
2 1 0 576508753127565784 4
2 1 0 576508753127565776 4
2 1 0 549773686544 4
6 1 0 549773685000 4
10 1 0 549773686040 4
33 1 0 576508753127565664 4
13 1 0 549773685008 4
6 0 0 549773685144 4
234 0 0 549773685136 4
298 1 0 549773685016 4
5 1 0 549773685024 4
4 1 0 549773685032 4
6 1 0 549773685040 4
4 1 0 549773685048 4
6 1 0 549773685056 4
5 1 0 549773685064 4
3 1 0 549773685072 4
6 0 0 549773685208 4
263 0 0 549773685200 4
298 1 0 549773685080 4
5 1 0 549773685088 4
4 1 0 549773685096 4
6 1 0 549773685104 4
4 1 0 549773685112 4
6 1 0 549773685120 4
5 1 0 549773685128 4
3 1 0 549773685136 4
6 0 0 549773685272 4
253 0 0 549773685264 4
298 1 0 549773685144 4
5 1 0 549773685152 4
4 1 0 549773685160 4
6 1 0 549773685168 4
4 1 0 549773685176 4
6 1 0 549773685184 4
5 1 0 549773685192 4
3 1 0 549773685200 4
6 0 0 549773685336 4
263 0 0 549773685328 4
298 1 0 549773685208 4
5 1 0 549773685216 4
4 1 0 549773685224 4
6 1 0 549773685232 4
4 1 0 549773685240 4
6 1 0 549773685248 4
