1 1 0 140736145230152 4
2 1 0 140736145230144 4
2 1 0 140736145230136 4
3 0 0 48000468163520 4
334 1 0 48000468165928 4
2 0 0 48000468164536 4
298 1 0 48000468164008 4
2 1 0 48000468165944 4
2 0 0 48000468164168 4
286 1 0 48000468166104 4
9 0 0 48000468164184 4
291 1 0 48000468166024 4
7 0 0 48000468164200 4
293 1 0 48000468166592 4
26 0 0 48000468164216 4
284 1 0 48000468166032 4
7 0 0 48000468164232 4
293 1 0 48000468166040 4
7 0 0 48000468164248 4
293 1 0 48000468166072 4
7 0 0 48000468164264 4
263 1 0 48000468166080 4
7 0 0 48000468164280 4
293 1 0 48000468166016 4
7 0 0 48000468164296 4
293 1 0 48000468166008 4
7 0 0 48000468164312 4
293 1 0 48000468166152 4
7 0 0 48000468164328 4
293 1 0 48000468166176 4
7 0 0 48000468164344 4
293 1 0 48000468166048 4
7 0 0 48000468164360 4
293 1 0 48000468166056 4
7 0 0 48000468164376 4
293 1 0 48000468166064 4
7 0 0 48000468164392 4
293 1 0 48000468166288 4
13 0 0 48000468164408 4
297 1 0 48000468166280 4
13 0 0 48000468164424 4
287 1 0 48000468166384 4
13 0 0 48000468164440 4
287 1 0 48000468166312 4
13 0 0 48000468164456 4
306 0 0 48000468164192 4
291 1 0 48000468164192 4
3 0 0 48000468164288 4
287 1 0 48000468164288 4
3 0 0 48000468164224 4
287 1 0 48000468164224 4
3 0 0 48000468164240 4
297 1 0 48000468164240 4
3 0 0 48000468164352 4
297 1 0 48000468164352 4
3 0 0 48000468164336 4
297 1 0 48000468164336 4
3 0 0 48000468164432 4
297 1 0 48000468164432 4
3 0 0 48000468164208 4
297 1 0 48000468164208 4
3 0 0 48000468164320 4
304 0 0 48000468164384 4
293 0 0 48000468166296 4
300 0 0 48000468166232 4
300 0 0 48000468166224 4
300 0 0 48000468166112 4
311 0 0 48000468164368 4
309 0 0 48000468164304 4
300 0 0 48000468164448 4
290 0 0 48000465954896 4
300 0 0 48000465954888 4
300 0 0 48000465954904 4
290 1 0 48000468163520 4
5 0 0 48000465954920 4
295 0 0 48000465954912 4
300 0 0 48000465954928 4
300 1 0 48000468163776 4
5 0 0 48000465954944 4
295 0 0 48000465954936 4
300 0 0 48000465954952 4
300 1 0 48000468163784 4
5 0 0 48000465954968 4
295 0 0 48000465954960 4
300 0 0 48000465954976 4
300 1 0 48000468163792 4
5 0 0 48000465954992 4
295 0 0 48000465954984 4
300 0 0 48000465955000 4
300 1 0 48000468163800 4
5 0 0 48000465955016 4
295 0 0 48000465955008 4
300 0 0 48000465955024 4
300 1 0 48000468163808 4
5 0 0 48000465955040 4
295 0 0 48000465955032 4
300 0 0 48000465955048 4
230 1 0 48000468163816 4
5 0 0 48000465955064 4
295 0 0 48000465955056 4
300 0 0 48000465955072 4
290 1 0 48000468163824 4
5 0 0 48000465955088 4
295 0 0 48000465955080 4
300 0 0 48000465955096 4
300 1 0 48000468163832 4
5 0 0 48000465955112 4
295 0 0 48000465955104 4
290 0 0 48000465955120 4
290 1 0 48000468164536 4
5 0 0 48000465955136 4
295 0 0 48000465955128 4
230 0 0 48000465955144 4
270 1 0 48000468164544 4
5 0 0 48000465955160 4
295 0 0 48000465955152 4
300 0 0 48000465955168 4
300 1 0 48000468167416 4
8 0 0 48000465955184 4
292 0 0 48000465955176 4
311 0 0 48000465954192 4
299 0 0 48000465955192 4
300 1 0 48000468164552 4
2 0 0 48000465955208 4
298 0 0 48000465955200 4
311 0 0 48000465953808 4
289 0 0 48000465955216 4
300 1 0 48000468164560 4
2 0 0 48000465955232 4
298 0 0 48000465955224 4
311 0 0 48000465953880 4
279 0 0 48000465955240 4
300 1 0 48000468164608 4
2 0 0 48000465955256 4
298 0 0 48000465955248 4
311 0 0 48000465954144 4
289 0 0 48000465955264 4
300 1 0 48000468164616 4
2 0 0 48000465955280 4
298 0 0 48000465955272 4
311 0 0 48000465953928 4
289 0 0 48000465955288 4
300 1 0 48000468164624 4
2 0 0 48000465955304 4
298 0 0 48000465955296 4
311 0 0 48000465953760 4
289 0 0 48000465955312 4
300 1 0 48000468164632 4
2 0 0 48000465955328 4
298 0 0 48000465955320 4
311 0 0 48000465953736 4
289 0 0 48000465955336 4
300 1 0 48000468164640 4
2 0 0 48000468166716 4
298 1 0 48000468166716 4
1 0 0 48000468163752 4
299 1 0 48000468163752 4
3 1 0 48000468163752 4
84 1 0 140736145230104 4
10 0 0 48000465953360 4
233 1 0 48000468166676 4
2 0 0 48000465953368 4
288 0 0 48000465953364 4
280 1 0 48000468166680 4
5 0 0 48000465953372 4
225 1 0 48000468166688 4
3 1 0 48000468166684 4
7 1 0 48000468166696 4
2 1 0 48000468166704 4
9 1 0 48000468165968 4
4 1 0 48000468166760 4
2 1 0 48000468166768 4
4 1 0 48000468166776 4
2 1 0 48000468164152 4
8 1 0 48000468165880 4
2 1 0 140736145230104 4
2 1 0 140736145230096 4
2 1 0 140736145230088 4
3 1 0 140736145230080 4
2 1 0 140736145230072 4
2 1 0 48000468164152 4
3 0 0 140736145230160 4
243 1 0 48000468163528 4
3 1 0 48000468164040 4
2 1 0 48000468167728 4
5 0 0 140736145230240 4
290 0 0 140736145230248 4
280 0 0 140736145230256 4
300 0 0 140736145230264 4
290 0 0 140736145230272 4
230 0 0 140736145230280 4
280 0 0 140736145230288 4
300 0 0 140736145230296 4
300 0 0 140736145230304 4
300 0 0 140736145230312 4
220 0 0 140736145230320 4
300 0 0 140736145230328 4
290 0 0 140736145230336 4
290 0 0 140736145230344 4
300 0 0 140736145230352 4
290 0 0 140736145230360 4
300 0 0 140736145230368 4
300 0 0 140736145230376 4
230 0 0 140736145230384 4
300 0 0 140736145230392 4
280 0 0 140736145230400 4
290 0 0 140736145230408 4
220 0 0 140736145230416 4
210 0 0 140736145230424 4
300 0 0 140736145230432 4
280 0 0 140736145230440 4
210 0 0 140736145230448 4
290 0 0 140736145230456 4
210 0 0 140736145230464 4
210 0 0 140736145230472 4
270 0 0 140736145230480 4
200 0 0 140736145230488 4
200 0 0 140736145230496 4
130 0 0 140736145230504 4
190 0 0 140736145230512 4
200 0 0 140736145230520 4
280 0 0 140736145230528 4
230 0 0 140736145230536 4
290 0 0 140736145230544 4
280 0 0 140736145230552 4
230 0 0 140736145230560 4
200 0 0 140736145230568 4
280 0 0 140736145230576 4
200 0 0 140736145230584 4
190 0 0 140736145230592 4
200 0 0 140736145230600 4
130 0 0 140736145230608 4
170 0 0 140736145230616 4
200 0 0 140736145230624 4
200 0 0 140736145230632 4
220 0 0 140736145230640 4
290 0 0 140736145230648 4
220 0 0 140736145230656 4
200 0 0 140736145230664 4
190 0 0 140736145230672 4
190 0 0 140736145230680 4
120 0 0 140736145230688 4
190 0 0 140736145230696 4
180 0 0 140736145230704 4
130 0 0 140736145230712 4
180 0 0 140736145230720 4
190 0 0 140736145230728 4
130 0 0 140736145230736 4
190 0 0 140736145230744 4
180 0 0 140736145230752 4
111 0 0 140736145230760 4
114 0 0 140736145230768 4
111 0 0 140736145230776 4
116 0 0 140736145230784 4
118 0 0 140736145230792 4
111 0 0 140736145230800 4
111 0 0 140736145230808 4
111 0 0 140736145230816 4
147 0 0 140736145230824 4
153 0 0 140736145230832 4
189 0 0 140736145230840 4
158 0 0 140736145230848 4
168 0 0 140736145230856 4
185 0 0 140736145230864 4
189 0 0 140736145230872 4
158 0 0 140736145230880 4
168 0 0 140736145230888 4
185 0 0 140736145230896 4
189 0 0 140736145230904 4
158 0 0 140736145230912 4
168 0 0 140736145230920 4
185 0 0 140736145230928 4
189 0 0 140736145230936 4
158 0 0 140736145230944 4
153 0 0 140736145230952 4
189 0 0 140736145230960 4
158 0 0 140736145230968 4
168 0 0 140736145230976 4
185 0 0 140736145230984 4
147 0 0 140736145230992 4
168 0 0 140736145231000 4
185 0 0 140736145231008 4
189 0 0 140736145231016 4
158 0 0 140736145231024 4
168 0 0 140736145231032 4
185 0 0 140736145231040 4
189 0 0 140736145231048 4
158 0 0 140736145231056 4
153 0 0 140736145231064 4
189 0 0 140736145231072 4
158 0 0 140736145231080 4
168 0 0 140736145231088 4
185 0 0 140736145231096 4
189 0 0 140736145231104 4
158 0 0 140736145231112 4
168 1 0 48000468163560 4
4 1 0 48000468164160 4
4 1 0 140736145230064 4
3 0 0 140736145231120 4
174 0 0 48000466043124 4
