1 0 0 7697713881648 4
231 0 0 7697713881656 4
300 1 0 7697713881656 4
2 1 0 7697713881648 4
2 1 0 7697713881640 4
2 1 0 7697713881384 4
3 1 0 7697713884464 4
6 0 0 504451159065383680 4
285 0 0 7697713883472 4
300 0 0 504451159065366496 4
300 1 0 7697713883336 4
5 0 0 7697713884452 4
295 1 0 7697713881592 4
3 1 0 7697713881600 4
2 1 0 7697713881368 4
3 0 0 504451159065366616 4
292 1 0 7697713881520 4
4 0 0 7697713883520 4
296 1 0 7697713881528 4
3 1 0 7697713881536 4
2 1 0 7697713881544 4
2 1 0 7697713881552 4
2 1 0 7697713881560 4
5 1 0 7697713881568 4
7 1 0 7697713881576 4
3 1 0 7697713881360 4
4 1 0 7697713881584 4
10 1 0 7697713883664 4
8 0 0 7697713884451 4
254 0 0 7697713884504 4
300 0 0 7697713884496 4
300 1 0 7697713881368 4
1 1 0 7697713881360 4
2 1 0 7697713881352 4
2 1 0 7697713881336 4
4 0 0 30074402888 4
291 1 0 7697713881328 4
2 1 0 7697713881320 4
2 1 0 7697713881312 4
2 1 0 7697713881304 4
2 1 0 7697713881296 4
2 0 0 7697713883616 4
290 0 0 30074446440 4
300 0 0 504451159063244144 4
300 0 0 30074446424 4
300 1 0 30074446424 4
1 1 0 7697713881160 4
5 1 0 7697713881152 4
2 1 0 7697713881144 4
12 1 0 30074446424 4
8 1 0 30074446424 4
9 0 0 30074446432 4
263 0 0 30074446436 4
300 1 0 30074446436 4
1 1 0 30074446432 4
15 0 0 30074446372 4
284 1 0 7697713881336 4
7 0 0 30074402576 4
293 1 0 7697713881328 4
2 0 0 30074446496 4
298 1 0 7697713881272 4
2 1 0 7697713881280 4
2 1 0 30074446496 4
3 0 0 30074446464 4
293 1 0 30074446464 4
4 1 0 7697713881256 4
5 0 0 504451159063245096 4
281 1 0 30074446432 4
8 1 0 30074446424 4
1 1 0 7697713881120 4
5 1 0 7697713881112 4
2 1 0 7697713881104 4
2 1 0 30074446424 4
21 0 0 30074446472 4
261 1 0 30074446472 4
1 0 0 30074446468 4
299 1 0 30074446468 4
1 0 0 30074446504 4
299 1 0 30074446504 4
1 1 0 7697713881256 4
5 1 0 7697713881296 4
2 1 0 7697713881304 4
2 0 0 7697713883656 4
290 1 0 7697713881320 4
2 1 0 7697713883656 4
6 0 0 30074446480 4
292 0 0 30074446508 4
300 1 0 7697713881288 4
2 1 0 7697713881268 4
6 1 0 30074446464 4
1 1 0 7697713881256 4
3 0 0 7697713883672 4
295 1 0 7697713883672 4
10 1 0 7697713881264 4
12 1 0 7697713881256 4
13 1 0 7697713883672 4
11 1 0 30074446464 4
4 0 0 30074446488 4
255 1 0 30074446488 4
3 1 0 30074446504 4
6 1 0 30074446464 4
4 1 0 7697713883656 4
4 1 0 7697713881256 4
2 1 0 7697713881248 4
2 1 0 7697713881240 4
2 1 0 7697713881232 4
2 1 0 7697713881224 4
2 1 0 7697713881216 4
7 0 0 504451159063245900 4
260 1 0 30074446424 4
4 1 0 30074446432 4
24 0 0 30074446408 4
256 1 0 30074446372 4
6 0 0 504450071052510736 4
294 1 0 30074446416 4
2 1 0 30074446408 4
2 0 0 30074446368 4
296 1 0 7697713881336 4
4 0 0 30074401088 4
296 0 0 30074446512 4
300 1 0 30074446512 4
1 0 0 30074446520 4
299 0 0 30074446528 4
303 1 0 30074446512 4
5 1 0 7697713881336 4
3 0 0 30074403088 4
300 1 0 30074446432 4
8 1 0 30074446436 4
3 1 0 30074446424 4
1 1 0 7697713881200 4
5 1 0 7697713881192 4
2 1 0 7697713881184 4
2 1 0 30074446424 4
17 1 0 7697713881336 4
6 0 0 30074402616 4
255 1 0 7697713881312 4
2 1 0 7697713881296 4
2 1 0 7697713881304 4
3 1 0 7697713881320 4
2 1 0 7697713881328 4
3 0 0 504451159089630736 4
278 0 0 504451159089632472 4
307 0 0 504451159089630528 4
293 0 0 7697713883376 4
300 1 0 7697713881288 4
6 1 0 7697713881280 4
2 1 0 7697713881272 4
4 0 0 504451159089651440 4
288 0 0 504451159089637728 4
300 1 0 504451159089637728 4
11 1 0 7697713883376 4
10 0 0 504451159089637824 4
279 0 0 481055626232 4
300 1 0 7697713881288 4
2 1 0 7697713881280 4
2 1 0 7697713881272 4
2 1 0 7697713881264 4
2 1 0 7697713881256 4
3 1 0 7697713881248 4
2 1 0 7697713881240 4
2 1 0 7697713881176 4
7 0 0 504451159089640016 4
278 0 0 504451159089637784 4
300 1 0 7697713881188 4
8 0 0 504451159089637896 4
292 0 0 481053989736 4
300 0 0 481053989784 4
300 1 0 481053989784 4
1 1 0 504451159089637896 4
2 1 0 504451159089637888 4
2 0 0 504451159089640024 4
321 1 0 504451159089637728 4
1 0 0 481053989720 4
288 1 0 481053989728 4
15 1 0 481053989736 4
2 1 0 481053989744 4
2 1 0 481053989752 4
4 1 0 481053989760 4
2 1 0 481053989768 4
4 1 0 481053989776 4
17 0 0 504450071052510704 4
259 0 0 504450071052510720 4
290 0 0 504450071052510712 4
290 1 0 481053989728 4
2 0 0 504450071052510708 4
298 1 0 481053989760 4
2 0 0 504450071052510728 4
298 1 0 481053989744 4
3 1 0 481053989732 4
7 1 0 7697713881336 4
2 1 0 7697713881328 4
2 1 0 7697713881320 4
2 1 0 7697713881312 4
2 1 0 7697713881304 4
2 1 0 7697713881296 4
2 1 0 7697713881288 4
3 0 0 30074405344 4
285 1 0 7697713881056 4
2 1 0 7697713881048 4
2 1 0 7697713881044 4
2 0 0 30071337464 4
294 1 0 7697713881040 4
2 0 0 30074405352 4
300 0 0 30071334960 4
298 0 0 30071337472 4
310 1 0 7697713881168 4
3 1 0 7697713880840 4
2 1 0 7697713880832 4
2 1 0 7697713880824 4
2 1 0 7697713880816 4
3 1 0 7697713880808 4
3 1 0 7697713880800 4
4 1 0 7697713880792 4
4 0 0 30074401288 4
277 1 0 7697713880776 4
2 1 0 7697713880768 4
2 1 0 7697713880784 4
25 1 0 504451159089637728 4
1 1 0 7697713880760 4
11 1 0 7697713880752 4
2 1 0 7697713880744 4
2 1 0 7697713880736 4
2 1 0 7697713880728 4
3 1 0 7697713880720 4
2 1 0 7697713880712 4
2 1 0 7697713880648 4
15 1 0 7697713880660 4
10 0 0 504451159089637732 4
221 1 0 7697713880640 4
7 1 0 7697713880636 4
2 0 0 504451159089637848 4
297 0 0 504451159089638848 4
294 0 0 481054060280 4
290 0 0 481054060312 4
293 0 0 504451159089638856 4
297 0 0 481054060288 4
230 0 0 481054060296 4
299 1 0 504451159089638856 4
2 1 0 504451159089638848 4
2 0 0 481054060304 4
287 0 0 504451159089638864 4
303 1 0 481054060312 4
4 1 0 481054060304 4
2 0 0 504451159089637840 4
291 1 0 481054061336 4
4 1 0 481054061328 4
2 1 0 504451159089637848 4
2 1 0 504451159089637840 4
2 1 0 481054061344 4
4 1 0 481054060280 4
10 1 0 481054061320 4
33 1 0 504451159089637728 4
13 1 0 481054060288 4
6 0 0 481054060424 4
236 0 0 481054060416 4
298 1 0 481054060296 4
5 1 0 481054060304 4
4 1 0 481054060312 4
6 1 0 481054060320 4
4 1 0 481054060328 4
6 1 0 481054060336 4
5 1 0 481054060344 4
3 1 0 481054060352 4
6 0 0 481054060488 4
253 0 0 481054060480 4
298 1 0 481054060360 4
5 1 0 481054060368 4
4 1 0 481054060376 4
6 1 0 481054060384 4
4 1 0 481054060392 4
6 1 0 481054060400 4
5 1 0 481054060408 4
3 1 0 481054060416 4
6 0 0 481054060552 4
263 0 0 481054060544 4
298 1 0 481054060424 4
5 1 0 481054060432 4
4 1 0 481054060440 4
6 1 0 481054060448 4
4 1 0 481054060456 4
6 1 0 481054060464 4
5 1 0 481054060472 4
3 1 0 481054060480 4
6 0 0 481054060616 4
253 0 0 481054060608 4
298 1 0 481054060488 4
5 1 0 481054060496 4
4 1 0 481054060504 4
6 1 0 481054060512 4
4 1 0 481054060520 4
6 1 0 481054060528 4
5 1 0 481054060536 4
3 1 0 481054060544 4
6 0 0 481054060680 4
263 0 0 481054060672 4
298 1 0 481054060552 4
5 1 0 481054060560 4
4 1 0 481054060568 4
6 1 0 481054060576 4
4 1 0 481054060584 4
