1 0 0 18692863730224 4
331 0 0 18692863730232 4
300 1 0 18692863730232 4
2 1 0 18692863730224 4
2 1 0 18692863730216 4
2 1 0 18692863729960 4
3 1 0 18692863733040 4
6 0 0 1225027099444663040 4
295 0 0 18692863732048 4
300 0 0 1225027099444645856 4
300 1 0 18692863731912 4
11 0 0 18692863733028 4
279 1 0 18692863730168 4
3 1 0 18692863730176 4
2 1 0 18692863729944 4
3 0 0 1225027099444645976 4
292 1 0 18692863730096 4
4 0 0 18692863732096 4
296 1 0 18692863730104 4
3 1 0 18692863730112 4
2 1 0 18692863730120 4
2 1 0 18692863730128 4
2 1 0 18692863730136 4
5 1 0 18692863730144 4
7 1 0 18692863730152 4
3 1 0 18692863729936 4
4 1 0 18692863730160 4
10 1 0 18692863732240 4
8 0 0 18692863733027 4
264 0 0 18692863733080 4
300 0 0 18692863733072 4
300 1 0 18692863729944 4
1 1 0 18692863729936 4
2 1 0 18692863729928 4
2 1 0 18692863729912 4
4 0 0 73024075848 4
291 1 0 18692863729904 4
2 1 0 18692863729896 4
2 1 0 18692863729888 4
2 1 0 18692863729880 4
2 1 0 18692863729872 4
2 0 0 18692863732192 4
290 0 0 73024119400 4
300 0 0 1225027099442523504 4
300 0 0 73024119384 4
300 1 0 73024119384 4
1 1 0 18692863729736 4
5 1 0 18692863729728 4
2 1 0 18692863729720 4
12 1 0 73024119384 4
9 0 0 73024119392 4
271 0 0 73024119396 4
300 1 0 73024119396 4
1 1 0 73024119392 4
15 0 0 73024119332 4
284 1 0 18692863729912 4
7 0 0 73024075536 4
293 1 0 18692863729904 4
2 0 0 73024119456 4
298 1 0 18692863729848 4
2 1 0 18692863729856 4
2 1 0 73024119456 4
3 0 0 73024119424 4
293 1 0 73024119424 4
4 1 0 18692863729832 4
5 0 0 1225027099442524456 4
281 1 0 73024119392 4
8 1 0 73024119384 4
1 1 0 18692863729696 4
5 1 0 18692863729688 4
2 1 0 18692863729680 4
2 1 0 73024119384 4
21 0 0 73024119432 4
261 1 0 73024119432 4
1 0 0 73024119428 4
299 1 0 73024119428 4
1 0 0 73024119464 4
299 1 0 73024119464 4
1 1 0 18692863729832 4
5 1 0 18692863729872 4
2 1 0 18692863729880 4
2 0 0 18692863732232 4
290 1 0 18692863729896 4
2 1 0 18692863732232 4
6 0 0 73024119440 4
292 0 0 73024119468 4
300 1 0 18692863729864 4
2 1 0 18692863729844 4
6 1 0 73024119424 4
1 1 0 18692863729832 4
3 0 0 18692863732248 4
295 1 0 18692863732248 4
10 1 0 18692863729840 4
12 1 0 18692863729832 4
13 1 0 18692863732248 4
11 1 0 73024119424 4
4 0 0 73024119448 4
255 1 0 73024119448 4
3 1 0 73024119464 4
6 1 0 73024119424 4
4 1 0 18692863732232 4
4 1 0 18692863729832 4
2 1 0 18692863729824 4
2 1 0 18692863729816 4
2 1 0 18692863729808 4
2 1 0 18692863729800 4
2 1 0 18692863729792 4
7 0 0 1225027099442525260 4
270 1 0 73024119384 4
4 1 0 73024119392 4
24 0 0 73024119368 4
266 1 0 73024119332 4
6 0 0 1225026011431757472 4
294 1 0 73024119376 4
2 1 0 73024119368 4
2 0 0 73024119328 4
296 1 0 18692863729912 4
4 0 0 73024074048 4
296 0 0 73024119472 4
300 1 0 73024119472 4
1 0 0 73024119480 4
299 0 0 73024119488 4
303 1 0 73024119472 4
5 1 0 18692863729912 4
3 0 0 73024076048 4
300 1 0 73024119392 4
8 1 0 73024119396 4
3 1 0 73024119384 4
1 1 0 18692863729776 4
5 1 0 18692863729768 4
2 1 0 18692863729760 4
2 1 0 73024119384 4
17 1 0 18692863729912 4
6 0 0 73024075576 4
245 1 0 18692863729888 4
2 1 0 18692863729872 4
2 1 0 18692863729880 4
3 1 0 18692863729896 4
2 1 0 18692863729904 4
3 0 0 1225027099468910096 4
288 0 0 1225027099468911832 4
307 0 0 1225027099468909888 4
293 0 0 18692863731952 4
300 1 0 18692863729864 4
6 1 0 18692863729856 4
2 1 0 18692863729848 4
4 0 0 1225027099468930800 4
288 0 0 1225027099468917088 4
300 1 0 1225027099468917088 4
11 1 0 18692863731952 4
10 0 0 1225027099468917184 4
279 0 0 1168248979912 4
300 1 0 18692863729864 4
2 1 0 18692863729856 4
2 1 0 18692863729848 4
2 1 0 18692863729840 4
2 1 0 18692863729832 4
3 1 0 18692863729824 4
2 1 0 18692863729816 4
2 1 0 18692863729752 4
7 0 0 1225027099468919376 4
278 0 0 1225027099468917144 4
300 1 0 18692863729764 4
8 0 0 1225027099468917256 4
292 1 0 18692863729744 4
9 1 0 18692863729740 4
2 0 0 1225027099468917208 4
289 0 0 1168248764504 4
300 0 0 1168248764520 4
300 0 0 1225027099468919256 4
300 0 0 1225027099468917192 4
303 1 0 1225027099468917200 4
7 1 0 1225027099468917208 4
2 1 0 1225027099468917192 4
2 1 0 1168248764576 4
2 1 0 1168248764584 4
2 1 0 1168248764992 4
4 1 0 1168248764504 4
10 1 0 1168248764568 4
2 0 0 1225027099468919384 4
292 1 0 1225027099468917088 4
12 1 0 1168248764512 4
15 1 0 1168248764520 4
2 1 0 1168248764528 4
2 1 0 1168248764536 4
4 1 0 1168248764544 4
2 1 0 1168248764552 4
4 1 0 1168248764560 4
17 0 0 1225026011431757440 4
296 0 0 1225026011431757456 4
290 0 0 1225026011431757448 4
300 1 0 1168248764512 4
2 0 0 1225026011431757444 4
298 1 0 1168248764544 4
2 0 0 1225026011431757464 4
298 1 0 1168248764528 4
3 1 0 1168248764516 4
7 1 0 18692863729912 4
2 1 0 18692863729904 4
2 1 0 18692863729896 4
2 1 0 18692863729888 4
2 1 0 18692863729880 4
2 1 0 18692863729872 4
2 1 0 18692863729864 4
3 0 0 73024078304 4
285 1 0 18692863729632 4
2 1 0 18692863729624 4
2 1 0 18692863729620 4
2 0 0 73021010424 4
294 1 0 18692863729616 4
2 0 0 73024078312 4
300 0 0 73021007920 4
298 0 0 73021010432 4
310 1 0 18692863729744 4
3 1 0 18692863729416 4
2 1 0 18692863729408 4
2 1 0 18692863729400 4
2 1 0 18692863729392 4
3 1 0 18692863729384 4
3 1 0 18692863729376 4
4 1 0 18692863729368 4
4 0 0 73024074248 4
267 1 0 18692863729352 4
2 1 0 18692863729344 4
2 1 0 18692863729360 4
25 1 0 1225027099468917088 4
1 1 0 18692863729336 4
11 1 0 18692863729328 4
2 1 0 18692863729320 4
2 1 0 18692863729312 4
2 1 0 18692863729304 4
3 1 0 18692863729296 4
2 1 0 18692863729288 4
2 1 0 18692863729224 4
15 1 0 18692863729236 4
10 0 0 1225027099468917092 4
241 1 0 18692863729216 4
7 1 0 18692863729212 4
16 1 0 1225027099468917208 4
8 1 0 1225027099468917200 4
2 0 0 1225027099468917616 4
257 0 0 1225027099468919232 4
290 1 0 1225027099468919232 4
1 1 0 1168248764584 4
3 1 0 1168248764576 4
2 1 0 1225027099468917624 4
2 1 0 1225027099468917616 4
11 0 0 1225027099468918208 4
295 0 0 1225027099468919240 4
286 0 0 1225027099468919244 4
300 0 0 1225027099468918856 4
290 0 0 1168248835112 4
300 0 0 1168248835120 4
300 0 0 1168248835128 4
305 0 0 1225027099468918848 4
298 1 0 1225027099468918856 4
2 1 0 1225027099468918848 4
2 0 0 1168248835136 4
293 0 0 1225027099468918864 4
300 0 0 1168248835144 4
300 1 0 1168248835144 4
4 1 0 1168248835136 4
7 1 0 1168248836168 4
4 1 0 1168248836160 4
2 1 0 1225027099468917208 4
2 1 0 1225027099468917200 4
2 1 0 1168248836176 4
5 1 0 1168248836184 4
2 1 0 1168248842048 4
3 1 0 1168248835112 4
10 1 0 1168248836152 4
33 1 0 1225027099468917088 4
13 1 0 1168248835120 4
6 0 0 1168248835256 4
239 0 0 1168248835248 4
298 1 0 1168248835128 4
5 1 0 1168248835136 4
4 1 0 1168248835144 4
6 1 0 1168248835152 4
4 1 0 1168248835160 4
6 1 0 1168248835168 4
5 1 0 1168248835176 4
3 1 0 1168248835184 4
6 0 0 1168248835320 4
263 0 0 1168248835312 4
298 1 0 1168248835192 4
5 1 0 1168248835200 4
4 1 0 1168248835208 4
6 1 0 1168248835216 4
4 1 0 1168248835224 4
6 1 0 1168248835232 4
5 1 0 1168248835240 4
3 1 0 1168248835248 4
6 0 0 1168248835384 4
263 0 0 1168248835376 4
298 1 0 1168248835256 4
5 1 0 1168248835264 4
4 1 0 1168248835272 4
6 1 0 1168248835280 4
4 1 0 1168248835288 4
