1 0 0 8797233902152 4
0 0 0 8797233902144 4
0 0 0 576508569987817440 4
0 1 0 8797233902040 4
0 1 0 8797233902088 4
0 1 0 8797233902024 4
0 1 0 8797233902152 4
0 1 0 8797233902064 4
0 1 0 8797233902080 4
0 0 0 8797233903952 4
0 1 0 8797233902016 4
0 1 0 8797233901856 4
0 0 0 576508569987834624 4
0 0 0 8797233904932 4
0 1 0 8797233903832 4
0 1 0 8797233904944 4
0 0 0 8797233904000 4
0 1 0 8797233902056 4
0 1 0 8797233901864 4
2 1 0 8797233902144 4
0 1 0 8797233902048 4
0 1 0 8797233902072 4
1 0 0 576508569987817560 4
0 1 0 8797233902032 4
0 1 0 8797233902096 4
1 1 0 8797233902136 4
2 1 0 8797233901880 4
