1 0 0 6598193861192 4
0 0 0 6598193861184 4
0 0 0 432393381911978752 4
0 1 0 6598193860896 4
0 1 0 6598193860808 4
0 1 0 6598193861128 4
0 1 0 6598193861192 4
0 0 0 6598193862992 4
0 1 0 6598193860864 4
0 0 0 6598193863972 4
0 1 0 6598193862872 4
0 1 0 6598193860888 4
0 0 0 432393381911961568 4
0 1 0 6598193863984 4
0 1 0 6598193860880 4
0 1 0 6598193860824 4
0 1 0 6598193860904 4
0 1 0 6598193860848 4
0 1 0 6598193860832 4
1 0 0 432393381911961592 4
1 1 0 6598193861184 4
0 1 0 6598193860856 4
0 1 0 6598193860872 4
0 0 0 432393381911961584 4
0 1 0 6598193860816 4
1 1 0 6598193860840 4
0 1 0 6598193861136 4
0 0 0 432393381911961688 4
1 1 0 6598193861176 4
2 1 0 6598193860920 4
