1 0 0 17593343709768 4
0 0 0 17593343709760 4
0 1 0 17593343711448 4
0 0 0 1152969322291240928 4
0 1 0 17593343709640 4
0 1 0 17593343709768 4
0 0 0 17593343712548 4
0 0 0 1152969322291258112 4
0 1 0 17593343712560 4
0 1 0 17593343709672 4
0 0 0 17593343711616 4
0 1 0 17593343709480 4
0 1 0 17593343709656 4
0 1 0 17593343709680 4
0 1 0 17593343709696 4
0 0 0 17593343711568 4
0 1 0 17593343709632 4
0 1 0 17593343709704 4
0 1 0 17593343709472 4
2 1 0 17593343709760 4
0 1 0 17593343709664 4
0 1 0 17593343709688 4
1 1 0 17593343709648 4
0 1 0 17593343709712 4
0 0 0 1152969322291241048 4
1 1 0 17593343709752 4
2 1 0 17593343709496 4
