1 0 0 3299633799744 4
0 0 0 3299633799752 4
0 1 0 3299633799448 4
0 0 0 3299633802532 4
0 1 0 3299633799688 4
0 1 0 3299633799440 4
0 1 0 3299633799384 4
0 0 0 216220599798194944 4
0 0 0 3299633801552 4
0 1 0 3299633799408 4
0 1 0 3299633799392 4
0 1 0 3299633799368 4
0 1 0 3299633799456 4
0 0 0 216220599798177760 4
0 1 0 3299633799464 4
0 1 0 3299633802544 4
0 1 0 3299633799752 4
0 1 0 3299633799424 4
0 1 0 3299633801432 4
1 0 0 216220599798177776 4
0 0 0 216220599798177784 4
1 1 0 3299633799744 4
0 1 0 3299633799416 4
0 1 0 3299633799376 4
0 1 0 3299633799432 4
1 1 0 3299633799400 4
0 0 0 216220599798177880 4
0 1 0 3299633799696 4
1 1 0 3299633799736 4
2 1 0 3299633799480 4
