1 0 0 5498673840712 4
0 0 0 5498673840704 4
0 1 0 5498673840712 4
0 1 0 5498673840400 4
0 0 0 360335787874033632 4
0 1 0 5498673840352 4
0 1 0 5498673840344 4
0 1 0 5498673843504 4
0 1 0 5498673840408 4
0 1 0 5498673842392 4
0 1 0 5498673840424 4
0 1 0 5498673840328 4
0 1 0 5498673840368 4
0 0 0 5498673843492 4
0 0 0 5498673842512 4
0 1 0 5498673840416 4
0 1 0 5498673840384 4
0 1 0 5498673840648 4
0 0 0 360335787874050816 4
1 0 0 360335787874033656 4
1 1 0 5498673840704 4
0 1 0 5498673840376 4
0 1 0 5498673840336 4
0 0 0 360335787874033648 4
0 1 0 5498673840392 4
1 0 0 360335787874033752 4
0 1 0 5498673840360 4
0 1 0 5498673840656 4
1 1 0 5498673840696 4
2 1 0 5498673840440 4
