1 0 0 4399153820232 4
0 0 0 4399153820224 4
0 0 0 4399153822032 4
0 1 0 4399153821912 4
0 0 0 288278193836105696 4
0 1 0 4399153819920 4
0 1 0 4399153819936 4
0 0 0 4399153823012 4
0 1 0 4399153819944 4
0 1 0 4399153820232 4
0 1 0 4399153820168 4
0 1 0 4399153819864 4
0 0 0 288278193836122880 4
0 1 0 4399153819872 4
0 1 0 4399153819928 4
0 1 0 4399153819848 4
0 1 0 4399153819888 4
0 1 0 4399153823024 4
0 1 0 4399153819904 4
1 0 0 288278193836105720 4
1 1 0 4399153820224 4
0 1 0 4399153819896 4
0 1 0 4399153819856 4
0 0 0 288278193836105712 4
0 1 0 4399153819912 4
1 1 0 4399153819880 4
0 1 0 4399153820176 4
0 0 0 288278193836105816 4
1 1 0 4399153820216 4
2 1 0 4399153819960 4
