1 0 0 9896753922632 4
0 0 0 9896753922624 4
0 1 0 9896753922544 4
0 1 0 9896753922632 4
0 1 0 9896753922496 4
0 0 0 648566164025745376 4
0 1 0 9896753922344 4
0 0 0 9896753925412 4
0 1 0 9896753922336 4
0 0 0 648566164025762560 4
0 1 0 9896753922568 4
0 1 0 9896753922520 4
0 1 0 9896753924312 4
0 1 0 9896753922560 4
0 0 0 9896753924480 4
0 0 0 9896753924432 4
0 1 0 9896753925424 4
0 1 0 9896753922504 4
0 1 0 9896753922536 4
2 1 0 9896753922624 4
0 1 0 9896753922528 4
0 1 0 9896753922552 4
1 1 0 9896753922576 4
0 1 0 9896753922512 4
0 0 0 648566164025745496 4
1 1 0 9896753922616 4
2 1 0 9896753922360 4
