1 0 0 7697713881672 4
0 0 0 7697713881664 4
0 1 0 7697713881608 4
0 1 0 7697713881376 4
0 1 0 7697713881384 4
0 0 0 504450975949889504 4
0 1 0 7697713883352 4
0 1 0 7697713881536 4
0 0 0 504450975949906688 4
0 1 0 7697713881600 4
0 0 0 7697713883520 4
0 1 0 7697713881576 4
0 0 0 7697713884452 4
0 1 0 7697713881560 4
0 1 0 7697713881584 4
0 0 0 7697713883472 4
0 1 0 7697713884464 4
0 1 0 7697713881544 4
0 1 0 7697713881672 4
2 1 0 7697713881664 4
0 1 0 7697713881592 4
0 1 0 7697713881568 4
1 1 0 7697713881616 4
0 0 0 504450975949889624 4
0 1 0 7697713881552 4
1 1 0 7697713881656 4
2 1 0 7697713881400 4
