1 0 0 47817351851608 4
0 1 0 47817351853496 4
0 0 0 47817351851704 4
0 0 0 47817351851688 4
0 0 0 47817351851672 4
0 1 0 47817351854016 4
0 1 0 47817351853352 4
0 1 0 47817351853448 4
0 1 0 47817351851432 4
0 0 0 47817351851640 4
0 1 0 47817351853456 4
0 1 0 47817351853528 4
0 1 0 47817351853464 4
0 1 0 47817351853440 4
0 1 0 47817351853432 4
0 0 0 47817351851656 4
0 1 0 47817351853504 4
0 0 0 47817351851720 4
0 1 0 140734577950584 4
0 0 0 47817351851624 4
2 0 0 47817351851960 4
0 1 0 140734577950576 4
0 1 0 47817351853368 4
2 0 0 47817351851592 4
0 1 0 140734577950568 4
3 0 0 47817351850944 4
