1 0 0 8797217116736 4
0 1 0 576507665023298752 4
0 1 0 8797217115568 4
2 1 0 8797217115360 4
1 1 0 8797217115384 4
1 1 0 8797217115288 4
0 1 0 8797217115376 4
5 1 0 576507665023298880 4
1 1 0 8797217115384 4
0 1 0 8797217115368 4
0 1 0 8797217115376 4
1 1 0 8797217115288 4
230 0 0 8797217116744 4
300 1 0 8797217116744 4
2 1 0 8797217116736 4
2 1 0 8797217116728 4
2 1 0 8797217116472 4
3 1 0 8797217119536 4
6 0 0 576507668521612032 4
285 0 0 8797217118544 4
300 0 0 576507668521594848 4
300 1 0 8797217118424 4
11 0 0 8797217119524 4
289 1 0 8797217116680 4
3 1 0 8797217116688 4
2 1 0 8797217116456 4
3 0 0 576507668521594968 4
292 1 0 8797217116608 4
4 0 0 8797217118592 4
296 1 0 8797217116616 4
3 1 0 8797217116624 4
2 1 0 8797217116632 4
2 1 0 8797217116640 4
2 1 0 8797217116648 4
5 1 0 8797217116656 4
7 1 0 8797217116664 4
3 1 0 8797217116448 4
4 1 0 8797217116672 4
10 1 0 8797217118736 4
8 0 0 8797217119523 4
254 0 0 8797217119576 4
300 0 0 8797217119568 4
300 1 0 8797217116456 4
1 1 0 8797217116448 4
2 1 0 8797217116440 4
2 1 0 8797217116432 4
2 1 0 8797217116424 4
2 0 0 34366079192 4
291 0 0 34366079188 4
300 0 0 576601486403298532 4
300 0 0 34366079232 4
300 0 0 34366079184 4
300 0 0 34366084640 4
300 0 0 34366084632 4
300 0 0 34366084624 4
300 0 0 34366084608 4
300 0 0 34366084616 4
300 0 0 34366084600 4
300 0 0 34366084592 4
300 0 0 34366084584 4
300 0 0 34366084576 4
300 0 0 34366084568 4
300 1 0 8797217116368 4
2 1 0 8797217116384 4
3 1 0 8797217116376 4
2 1 0 8797217116360 4
2 1 0 8797217116352 4
2 1 0 8797217116344 4
4 1 0 8797217116336 4
2 1 0 8797217116328 4
2 1 0 8797217116320 4
2 1 0 8797217116312 4
2 1 0 8797217116040 4
3 1 0 8797217116064 4
2 1 0 8797217116028 4
2 1 0 8797217116024 4
3 1 0 8797217116048 4
2 1 0 8797217116056 4
3 1 0 8797217116032 4
3 1 0 8797217116008 4
2 1 0 8797217116016 4
2 1 0 8797217116000 4
2 1 0 8797217116296 4
2 1 0 8797217116144 4
4 1 0 8797217116072 4
3 1 0 8797217116136 4
3 0 0 34363976744 4
251 1 0 8797217116084 4
7 1 0 8797217115672 4
6 1 0 8797217115664 4
2 1 0 8797217115656 4
3 1 0 8797217115648 4
2 1 0 8797217115640 4
2 1 0 8797217115632 4
3 1 0 8797217115624 4
5 1 0 8797217115608 4
6 0 0 34366079032 4
254 1 0 8797217115592 4
2 1 0 8797217115584 4
2 1 0 8797217115600 4
3 0 0 576507668525022736 4
293 0 0 576507668525024472 4
304 0 0 576507668525022528 4
296 0 0 8797217118464 4
300 1 0 8797217115576 4
6 1 0 8797217115568 4
2 1 0 8797217115560 4
4 0 0 576507668525043440 4
288 0 0 576507668525029728 4
300 1 0 576507668525029728 4
1 0 0 576507668525031888 4
296 0 0 576507664889020448 4
293 1 0 576507664889020448 4
11 1 0 8797217118464 4
10 1 0 8797217115576 4
8 1 0 8797217115568 4
2 1 0 8797217115560 4
2 1 0 8797217115552 4
2 1 0 8797217115544 4
3 1 0 8797217115536 4
2 1 0 8797217115528 4
2 1 0 8797217115464 4
7 0 0 576507668525032016 4
261 1 0 8797217115476 4
7 0 0 576507664889020664 4
293 1 0 8797217115456 4
9 1 0 8797217115452 4
2 0 0 576507664889020568 4
295 0 0 576507664889022592 4
294 0 0 576507664889022596 4
300 0 0 576507664889022600 4
300 0 0 576507664889022604 4
300 0 0 576507664889020544 4
302 0 0 576507664889045272 4
268 1 0 8797217115496 4
2 1 0 8797217115504 4
4 1 0 576507664889020544 4
9 1 0 576507664889045272 4
9 1 0 8797217115504 4
3 1 0 8797217115504 4
3 1 0 576507664889045384 4
2 0 0 576507668525032024 4
304 1 0 576507664889020448 4
13 1 0 8797217115616 4
11 1 0 8797217115608 4
6 1 0 8797217115592 4
2 1 0 8797217115584 4
2 1 0 8797217115600 4
25 1 0 576507664889020448 4
1 1 0 8797217115576 4
11 1 0 8797217115568 4
2 1 0 8797217115560 4
2 1 0 8797217115552 4
2 1 0 8797217115544 4
3 1 0 8797217115536 4
2 1 0 8797217115528 4
2 1 0 8797217115464 4
15 1 0 8797217115476 4
18 0 0 576507664889020452 4
247 1 0 8797217115456 4
7 1 0 8797217115452 4
12 0 0 576507664889022352 4
318 1 0 8797217115496 4
2 1 0 8797217115504 4
4 1 0 576507664889020544 4
9 1 0 576507664889045384 4
9 1 0 8797217115504 4
3 1 0 8797217115504 4
3 1 0 576507664889060888 4
30 1 0 576507664889020448 4
13 1 0 576507664889045288 4
5 1 0 576507664889045288 4
26 0 0 576507664889045448 4
179 0 0 576507664889045456 4
290 1 0 576507664889045296 4
5 1 0 576507664889045304 4
5 1 0 576507664889045312 4
4 1 0 576507664889045320 4
3 1 0 576507664889045328 4
3 1 0 576507664889045336 4
3 1 0 576507664889045344 4
3 1 0 576507664889045352 4
16 1 0 576507664889045360 4
12 1 0 576507664889045368 4
22 1 0 8797217116160 4
4 1 0 8797217115672 4
2 1 0 8797217115664 4
3 1 0 8797217115656 4
6 1 0 8797217115640 4
2 1 0 8797217115632 4
2 1 0 8797217115648 4
25 1 0 576507664889020448 4
1 1 0 8797217115624 4
11 1 0 8797217115616 4
2 1 0 8797217115608 4
2 1 0 8797217115600 4
2 1 0 8797217115592 4
3 1 0 8797217115584 4
2 1 0 8797217115576 4
2 1 0 8797217115512 4
15 1 0 8797217115524 4
12 1 0 8797217115504 4
9 1 0 8797217115500 4
59 1 0 8797217115544 4
2 1 0 8797217115552 4
4 1 0 576507664889020544 4
9 1 0 576507664889060888 4
9 1 0 8797217115552 4
3 1 0 8797217115552 4
3 1 0 576507664889061000 4
30 1 0 576507664889020448 4
27 1 0 8797217116168 4
3 1 0 8797217115672 4
8 1 0 8797217115664 4
2 1 0 8797217115656 4
3 1 0 8797217115648 4
2 1 0 8797217115640 4
2 1 0 8797217115632 4
3 1 0 8797217115624 4
5 1 0 8797217115608 4
8 1 0 8797217115592 4
2 1 0 8797217115584 4
2 1 0 8797217115600 4
25 1 0 576507664889020448 4
1 1 0 8797217115576 4
11 1 0 8797217115568 4
2 1 0 8797217115560 4
2 1 0 8797217115552 4
2 1 0 8797217115544 4
3 1 0 8797217115536 4
2 1 0 8797217115528 4
2 1 0 8797217115464 4
15 0 0 576507664889020488 4
188 1 0 8797217115476 4
8 0 0 576507664889020600 4
192 1 0 8797217115456 4
9 1 0 8797217115452 4
59 1 0 8797217115496 4
2 1 0 8797217115504 4
4 1 0 576507664889020544 4
9 1 0 576507664889061000 4
9 1 0 8797217115504 4
3 1 0 8797217115504 4
3 1 0 576507664889061048 4
30 1 0 576507664889020448 4
13 1 0 8797217115616 4
11 1 0 8797217115608 4
6 1 0 8797217115592 4
2 1 0 8797217115584 4
2 1 0 8797217115600 4
25 1 0 576507664889020448 4
1 1 0 8797217115576 4
11 1 0 8797217115568 4
2 1 0 8797217115560 4
2 1 0 8797217115552 4
2 1 0 8797217115544 4
3 1 0 8797217115536 4
2 1 0 8797217115528 4
2 1 0 8797217115464 4
15 1 0 8797217115476 4
7 0 0 576507664889020808 4
146 1 0 8797217115456 4
9 1 0 8797217115452 4
59 1 0 8797217115496 4
2 1 0 8797217115504 4
4 1 0 576507664889020544 4
9 1 0 576507664889061048 4
9 1 0 8797217115504 4
3 1 0 8797217115504 4
3 1 0 576507664889061304 4
30 1 0 576507664889020448 4
13 1 0 576507664889061016 4
5 1 0 576507664889061016 4
25 1 0 576507664889061024 4
12 1 0 576507664889061032 4
22 1 0 8797217116176 4
4 1 0 8797217115672 4
2 1 0 8797217115664 4
3 1 0 8797217115656 4
6 1 0 8797217115640 4
2 1 0 8797217115632 4
2 1 0 8797217115648 4
25 1 0 576507664889020448 4
1 1 0 8797217115624 4
11 1 0 8797217115616 4
2 1 0 8797217115608 4
2 1 0 8797217115600 4
2 1 0 8797217115592 4
3 1 0 8797217115584 4
2 1 0 8797217115576 4
2 1 0 8797217115512 4
15 1 0 8797217115524 4
7 0 0 576507664889020648 4
121 1 0 8797217115504 4
9 1 0 8797217115500 4
59 1 0 8797217115544 4
2 1 0 8797217115552 4
4 1 0 576507664889020544 4
9 1 0 576507664889061304 4
9 1 0 8797217115552 4
