1 0 0 17593343709760 4
0 1 0 17593343708624 4
2 1 0 17593343708608 4
0 1 0 17593343708624 4
0 1 0 1152968417326696720 4
0 1 0 17593343708624 4
1 1 0 17593343708620 4
1 1 0 17593343708608 4
0 1 0 1152968417326696848 4
0 1 0 1152968417326696976 4
0 1 0 17593343708608 4
1 1 0 17593343708620 4
0 1 0 17593343708620 4
316 0 0 17593343709768 4
300 1 0 17593343709768 4
2 1 0 17593343709760 4
2 1 0 17593343709752 4
2 1 0 17593343709496 4
3 1 0 17593343712560 4
6 0 0 1152968420825035520 4
285 0 0 17593343711568 4
300 0 0 1152968420825018336 4
300 1 0 17593343711448 4
5 0 0 17593343712548 4
295 1 0 17593343709704 4
3 1 0 17593343709712 4
2 1 0 17593343709480 4
3 0 0 1152968420825018456 4
292 1 0 17593343709632 4
4 0 0 17593343711616 4
296 1 0 17593343709640 4
3 1 0 17593343709648 4
2 1 0 17593343709656 4
2 1 0 17593343709664 4
2 1 0 17593343709672 4
5 1 0 17593343709680 4
7 1 0 17593343709688 4
3 1 0 17593343709472 4
4 1 0 17593343709696 4
10 1 0 17593343711760 4
8 0 0 17593343712547 4
264 0 0 17593343712600 4
300 0 0 17593343712592 4
300 1 0 17593343709480 4
1 1 0 17593343709472 4
2 1 0 17593343709464 4
2 1 0 17593343709456 4
2 1 0 17593343709448 4
2 0 0 68725817560 4
291 0 0 68725817556 4
300 0 0 1153062238706722036 4
300 0 0 68725817600 4
300 0 0 68725817552 4
300 0 0 68725823840 4
300 0 0 68725823832 4
300 0 0 68725823824 4
290 0 0 68725823808 4
300 0 0 68725823816 4
300 0 0 68725823800 4
300 0 0 68725823792 4
300 0 0 68725823784 4
300 0 0 68725823776 4
300 0 0 68725823768 4
300 1 0 17593343709392 4
2 1 0 17593343709408 4
3 1 0 17593343709400 4
2 1 0 17593343709384 4
2 1 0 17593343709376 4
2 1 0 17593343709368 4
4 1 0 17593343709360 4
2 1 0 17593343709352 4
2 1 0 17593343709344 4
2 1 0 17593343709336 4
2 1 0 17593343709064 4
3 1 0 17593343709088 4
2 1 0 17593343709052 4
2 1 0 17593343709048 4
3 1 0 17593343709072 4
2 1 0 17593343709080 4
3 1 0 17593343709056 4
3 1 0 17593343709032 4
2 1 0 17593343709040 4
2 1 0 17593343709024 4
2 1 0 17593343709320 4
2 1 0 17593343709168 4
4 1 0 17593343709096 4
3 1 0 17593343709160 4
3 0 0 68723715112 4
261 1 0 17593343709108 4
7 1 0 17593343708696 4
6 1 0 17593343708688 4
2 1 0 17593343708680 4
3 1 0 17593343708672 4
2 1 0 17593343708664 4
2 1 0 17593343708656 4
3 1 0 17593343708648 4
5 1 0 17593343708632 4
6 0 0 68725817400 4
254 1 0 17593343708616 4
2 1 0 17593343708608 4
2 1 0 17593343708624 4
3 0 0 1152968420828446224 4
293 0 0 1152968420828447960 4
304 0 0 1152968420828446016 4
296 0 0 17593343711488 4
300 1 0 17593343708600 4
6 1 0 17593343708592 4
2 1 0 17593343708584 4
4 0 0 1152968420828466928 4
288 0 0 1152968420828453216 4
300 1 0 1152968420828453216 4
1 0 0 1152968420828455376 4
296 0 0 1152968417326661664 4
293 1 0 1152968417326661664 4
11 1 0 17593343711488 4
10 1 0 17593343708600 4
8 1 0 17593343708592 4
2 1 0 17593343708584 4
2 1 0 17593343708576 4
2 1 0 17593343708568 4
3 1 0 17593343708560 4
2 1 0 17593343708552 4
2 1 0 17593343708488 4
7 0 0 1152968420828455504 4
261 1 0 17593343708500 4
7 0 0 1152968417326661880 4
293 1 0 17593343708480 4
9 1 0 17593343708476 4
2 0 0 1152968417326661784 4
295 0 0 1152968417326663808 4
294 0 0 1152968417326663812 4
300 0 0 1152968417326663816 4
300 0 0 1152968417326663820 4
300 0 0 1152968417326661760 4
292 0 0 1152968417326690952 4
298 1 0 17593343708520 4
2 1 0 17593343708528 4
4 1 0 1152968417326661760 4
9 1 0 1152968417326690952 4
9 1 0 17593343708528 4
3 1 0 17593343708528 4
3 1 0 1152968417326691064 4
2 0 0 1152968420828455512 4
304 1 0 1152968417326661664 4
13 1 0 17593343708640 4
11 1 0 17593343708632 4
6 1 0 17593343708616 4
2 1 0 17593343708608 4
2 1 0 17593343708624 4
25 1 0 1152968417326661664 4
1 1 0 17593343708600 4
11 1 0 17593343708592 4
2 1 0 17593343708584 4
2 1 0 17593343708576 4
2 1 0 17593343708568 4
3 1 0 17593343708560 4
2 1 0 17593343708552 4
2 1 0 17593343708488 4
15 1 0 17593343708500 4
18 0 0 1152968417326661668 4
257 1 0 17593343708480 4
7 1 0 17593343708476 4
12 0 0 1152968417326663568 4
218 1 0 17593343708520 4
2 1 0 17593343708528 4
4 1 0 1152968417326661760 4
9 1 0 1152968417326691064 4
9 1 0 17593343708528 4
3 1 0 17593343708528 4
3 1 0 1152968417326706568 4
30 1 0 1152968417326661664 4
13 1 0 1152968417326690968 4
5 1 0 1152968417326690968 4
26 0 0 1152968417326691128 4
239 0 0 1152968417326691136 4
220 1 0 1152968417326690976 4
5 1 0 1152968417326690984 4
5 1 0 1152968417326690992 4
4 1 0 1152968417326691000 4
3 1 0 1152968417326691008 4
3 1 0 1152968417326691016 4
3 1 0 1152968417326691024 4
3 1 0 1152968417326691032 4
16 1 0 1152968417326691040 4
12 1 0 1152968417326691048 4
22 1 0 17593343709184 4
4 1 0 17593343708696 4
2 1 0 17593343708688 4
3 1 0 17593343708680 4
6 1 0 17593343708664 4
2 1 0 17593343708656 4
2 1 0 17593343708672 4
25 1 0 1152968417326661664 4
1 1 0 17593343708648 4
11 1 0 17593343708640 4
2 1 0 17593343708632 4
2 1 0 17593343708624 4
2 1 0 17593343708616 4
3 1 0 17593343708608 4
2 1 0 17593343708600 4
2 1 0 17593343708536 4
15 1 0 17593343708548 4
12 1 0 17593343708528 4
9 1 0 17593343708524 4
59 1 0 17593343708568 4
2 1 0 17593343708576 4
4 1 0 1152968417326661760 4
9 1 0 1152968417326706568 4
9 1 0 17593343708576 4
3 1 0 17593343708576 4
3 1 0 1152968417326706680 4
30 1 0 1152968417326661664 4
27 1 0 17593343709192 4
3 1 0 17593343708696 4
8 1 0 17593343708688 4
2 1 0 17593343708680 4
3 1 0 17593343708672 4
2 1 0 17593343708664 4
2 1 0 17593343708656 4
3 1 0 17593343708648 4
5 1 0 17593343708632 4
8 1 0 17593343708616 4
2 1 0 17593343708608 4
2 1 0 17593343708624 4
25 1 0 1152968417326661664 4
1 1 0 17593343708600 4
11 1 0 17593343708592 4
2 1 0 17593343708584 4
2 1 0 17593343708576 4
2 1 0 17593343708568 4
3 1 0 17593343708560 4
2 1 0 17593343708552 4
2 1 0 17593343708488 4
15 0 0 1152968417326661704 4
248 1 0 17593343708500 4
8 0 0 1152968417326661816 4
202 1 0 17593343708480 4
9 1 0 17593343708476 4
59 1 0 17593343708520 4
2 1 0 17593343708528 4
4 1 0 1152968417326661760 4
9 1 0 1152968417326706680 4
9 1 0 17593343708528 4
3 1 0 17593343708528 4
3 1 0 1152968417326706728 4
30 1 0 1152968417326661664 4
13 1 0 17593343708640 4
11 1 0 17593343708632 4
6 1 0 17593343708616 4
2 1 0 17593343708608 4
2 1 0 17593343708624 4
25 1 0 1152968417326661664 4
1 1 0 17593343708600 4
11 1 0 17593343708592 4
2 1 0 17593343708584 4
2 1 0 17593343708576 4
2 1 0 17593343708568 4
3 1 0 17593343708560 4
2 1 0 17593343708552 4
2 1 0 17593343708488 4
15 1 0 17593343708500 4
7 0 0 1152968417326662024 4
166 1 0 17593343708480 4
9 1 0 17593343708476 4
59 1 0 17593343708520 4
2 1 0 17593343708528 4
4 1 0 1152968417326661760 4
9 1 0 1152968417326706728 4
9 1 0 17593343708528 4
3 1 0 17593343708528 4
3 1 0 1152968417326706984 4
30 1 0 1152968417326661664 4
13 1 0 1152968417326706696 4
5 1 0 1152968417326706696 4
25 1 0 1152968417326706704 4
12 1 0 1152968417326706712 4
22 1 0 17593343709200 4
4 1 0 17593343708696 4
2 1 0 17593343708688 4
3 1 0 17593343708680 4
6 1 0 17593343708664 4
2 1 0 17593343708656 4
2 1 0 17593343708672 4
25 1 0 1152968417326661664 4
1 1 0 17593343708648 4
11 1 0 17593343708640 4
2 1 0 17593343708632 4
2 1 0 17593343708624 4
2 1 0 17593343708616 4
3 1 0 17593343708608 4
2 1 0 17593343708600 4
2 1 0 17593343708536 4
15 1 0 17593343708548 4
7 0 0 1152968417326661864 4
132 1 0 17593343708528 4
9 1 0 17593343708524 4
59 1 0 17593343708568 4
2 1 0 17593343708576 4
4 1 0 1152968417326661760 4
9 1 0 1152968417326706984 4
