1 0 0 4399145427520 4
0 1 0 4399145426168 4
0 1 0 4399145426168 4
0 1 0 4399145426404 4
0 1 0 4399145426168 4
0 1 0 4399145426168 4
0 1 0 4399145426404 4
0 1 0 4399145426404 4
2 1 0 4399145427080 4
0 1 0 4399145427080 4
2 1 0 288277288938678312 4
0 1 0 288277288938678184 4
1 1 0 4399145427080 4
0 1 0 4399145427080 4
0 1 0 4399145427080 4
0 1 0 4399145427080 4
1 1 0 288277288938676776 4
0 1 0 288277288938676904 4
1 1 0 4399145426396 4
0 1 0 4399145426396 4
0 1 0 4399145426396 4
0 1 0 288277288938679464 4
0 1 0 288277288938679720 4
0 1 0 288277288938679592 4
4 1 0 4399145426168 4
0 1 0 4399145426168 4
130 0 0 4399145427528 4
300 1 0 4399145427528 4
2 1 0 4399145427520 4
2 1 0 4399145427512 4
2 1 0 4399145427256 4
3 1 0 4399145430320 4
6 0 0 288277292369900288 4
285 0 0 4399145429328 4
300 0 0 288277292369883104 4
300 1 0 4399145429208 4
11 0 0 4399145430308 4
289 1 0 4399145427464 4
3 1 0 4399145427472 4
2 1 0 4399145427240 4
3 0 0 288277292369883224 4
292 1 0 4399145427392 4
4 0 0 4399145429376 4
296 1 0 4399145427400 4
3 1 0 4399145427408 4
2 1 0 4399145427416 4
2 1 0 4399145427424 4
2 1 0 4399145427432 4
5 1 0 4399145427440 4
7 1 0 4399145427448 4
3 1 0 4399145427232 4
4 1 0 4399145427456 4
10 1 0 4399145429520 4
8 0 0 4399145430307 4
254 0 0 4399145430360 4
290 0 0 4399145430352 4
300 1 0 4399145427240 4
1 1 0 4399145427232 4
2 1 0 4399145427224 4
2 1 0 4399145427216 4
2 1 0 4399145427208 4
2 0 0 17186210008 4
291 0 0 17186210004 4
300 0 0 288371110251586776 4
300 0 0 17186210048 4
300 0 0 17186210000 4
300 0 0 17186214832 4
300 0 0 17186214824 4
300 0 0 17186214816 4
300 0 0 17186214800 4
300 0 0 17186214808 4
300 0 0 17186214792 4
300 0 0 17186214784 4
300 0 0 17186214776 4
300 0 0 17186214768 4
300 0 0 17186214760 4
300 1 0 4399145427152 4
2 1 0 4399145427168 4
3 1 0 4399145427160 4
2 1 0 4399145427144 4
2 1 0 4399145427136 4
2 1 0 4399145427128 4
4 1 0 4399145427120 4
2 1 0 4399145427112 4
2 1 0 4399145427104 4
2 1 0 4399145427096 4
2 1 0 4399145426824 4
3 1 0 4399145426848 4
2 1 0 4399145426812 4
2 1 0 4399145426808 4
3 1 0 4399145426832 4
2 1 0 4399145426840 4
3 1 0 4399145426816 4
3 1 0 4399145426792 4
2 1 0 4399145426800 4
2 1 0 4399145426784 4
2 1 0 4399145427080 4
2 1 0 4399145426928 4
4 1 0 4399145426856 4
3 1 0 4399145426920 4
3 0 0 17184107560 4
261 1 0 4399145426868 4
7 1 0 4399145426456 4
6 1 0 4399145426448 4
2 1 0 4399145426440 4
3 1 0 4399145426432 4
2 1 0 4399145426424 4
2 1 0 4399145426416 4
3 1 0 4399145426408 4
5 1 0 4399145426392 4
6 0 0 17186209848 4
254 1 0 4399145426376 4
2 1 0 4399145426368 4
2 1 0 4399145426384 4
3 0 0 288277292373310992 4
293 0 0 288277292373312728 4
304 0 0 288277292373310784 4
296 0 0 4399145429248 4
300 1 0 4399145426360 4
6 1 0 4399145426352 4
2 1 0 4399145426344 4
4 0 0 288277292373331696 4
288 0 0 288277292373317984 4
300 1 0 288277292373317984 4
11 1 0 4399145429248 4
10 1 0 4399145426360 4
8 1 0 4399145426352 4
2 1 0 4399145426344 4
2 1 0 4399145426336 4
2 1 0 4399145426328 4
3 1 0 4399145426320 4
2 1 0 4399145426312 4
2 1 0 4399145426248 4
7 0 0 288277292373320272 4
251 1 0 4399145426260 4
7 0 0 288277292373318200 4
293 1 0 4399145426240 4
9 1 0 4399145426236 4
2 0 0 288277292373318104 4
285 0 0 288277292373320128 4
294 0 0 288277292373320132 4
290 0 0 288277292373320136 4
300 0 0 288277292373320140 4
300 0 0 288277292373318080 4
302 0 0 17186248104 4
298 1 0 4399145426280 4
2 1 0 4399145426288 4
4 1 0 288277292373318080 4
9 1 0 17186248104 4
9 1 0 4399145426288 4
3 1 0 4399145426288 4
3 1 0 17186248216 4
2 0 0 288277292373320280 4
304 1 0 288277292373317984 4
13 1 0 4399145426400 4
11 1 0 4399145426392 4
6 1 0 4399145426376 4
2 1 0 4399145426368 4
2 1 0 4399145426384 4
25 1 0 288277292373317984 4
1 1 0 4399145426360 4
11 1 0 4399145426352 4
2 1 0 4399145426344 4
2 1 0 4399145426336 4
2 1 0 4399145426328 4
3 1 0 4399145426320 4
2 1 0 4399145426312 4
2 1 0 4399145426248 4
15 1 0 4399145426260 4
18 0 0 288277292373317988 4
257 1 0 4399145426240 4
7 1 0 4399145426236 4
12 0 0 288277292373319888 4
308 1 0 4399145426280 4
2 1 0 4399145426288 4
4 1 0 288277292373318080 4
9 1 0 17186248216 4
9 1 0 4399145426288 4
3 1 0 4399145426288 4
3 1 0 17186263720 4
30 1 0 288277292373317984 4
13 1 0 17186248120 4
5 1 0 17186248120 4
17 0 0 17186248280 4
188 0 0 17186248288 4
300 1 0 17186248128 4
5 1 0 17186248136 4
5 1 0 17186248144 4
4 1 0 17186248152 4
3 1 0 17186248160 4
3 1 0 17186248168 4
3 1 0 17186248176 4
3 1 0 17186248184 4
16 1 0 17186248192 4
12 1 0 17186248200 4
22 1 0 4399145426944 4
4 1 0 4399145426456 4
2 1 0 4399145426448 4
3 1 0 4399145426440 4
6 1 0 4399145426424 4
2 1 0 4399145426416 4
2 1 0 4399145426432 4
25 1 0 288277292373317984 4
1 1 0 4399145426408 4
11 1 0 4399145426400 4
2 1 0 4399145426392 4
2 1 0 4399145426384 4
2 1 0 4399145426376 4
3 1 0 4399145426368 4
2 1 0 4399145426360 4
2 1 0 4399145426296 4
15 1 0 4399145426308 4
12 1 0 4399145426288 4
9 1 0 4399145426284 4
57 0 0 17186295064 4
242 1 0 4399145426328 4
2 1 0 4399145426336 4
4 1 0 288277292373318080 4
9 1 0 17186295064 4
9 1 0 4399145426336 4
3 1 0 4399145426336 4
3 1 0 17186295176 4
30 1 0 288277292373317984 4
27 1 0 4399145426952 4
3 1 0 4399145426456 4
8 1 0 4399145426448 4
2 1 0 4399145426440 4
3 1 0 4399145426432 4
2 1 0 4399145426424 4
2 1 0 4399145426416 4
3 1 0 4399145426408 4
5 1 0 4399145426392 4
8 1 0 4399145426376 4
2 1 0 4399145426368 4
2 1 0 4399145426384 4
25 1 0 288277292373317984 4
1 1 0 4399145426360 4
11 1 0 4399145426352 4
2 1 0 4399145426344 4
2 1 0 4399145426336 4
2 1 0 4399145426328 4
3 1 0 4399145426320 4
2 1 0 4399145426312 4
2 1 0 4399145426248 4
15 0 0 288277292373318024 4
198 1 0 4399145426260 4
8 0 0 288277292373318136 4
122 1 0 4399145426240 4
9 1 0 4399145426236 4
57 0 0 17186295288 4
204 1 0 4399145426280 4
2 1 0 4399145426288 4
4 1 0 288277292373318080 4
9 1 0 17186295288 4
9 1 0 4399145426288 4
3 1 0 4399145426288 4
3 1 0 17186295336 4
30 1 0 288277292373317984 4
13 1 0 4399145426400 4
11 1 0 4399145426392 4
6 1 0 4399145426376 4
2 1 0 4399145426368 4
2 1 0 4399145426384 4
25 1 0 288277292373317984 4
1 1 0 4399145426360 4
11 1 0 4399145426352 4
2 1 0 4399145426344 4
2 1 0 4399145426336 4
2 1 0 4399145426328 4
3 1 0 4399145426320 4
2 1 0 4399145426312 4
2 1 0 4399145426248 4
15 1 0 4399145426260 4
7 0 0 288277292373318344 4
244 1 0 4399145426240 4
9 1 0 4399145426236 4
59 1 0 4399145426280 4
2 1 0 4399145426288 4
4 1 0 288277292373318080 4
9 1 0 17186295336 4
9 1 0 4399145426288 4
3 1 0 4399145426288 4
3 1 0 17186295592 4
30 1 0 288277292373317984 4
13 1 0 17186295304 4
5 1 0 17186295304 4
25 1 0 17186295312 4
12 1 0 17186295320 4
22 1 0 4399145426960 4
4 1 0 4399145426456 4
2 1 0 4399145426448 4
3 1 0 4399145426440 4
6 1 0 4399145426424 4
2 1 0 4399145426416 4
2 1 0 4399145426432 4
25 1 0 288277292373317984 4
1 1 0 4399145426408 4
11 1 0 4399145426400 4
2 1 0 4399145426392 4
2 1 0 4399145426384 4
