1 0 0 1100593758784 4
0 1 0 4301453608 4
0 1 0 1100593757616 4
2 1 0 1100593757408 4
0 1 0 1100593757336 4
0 1 0 1100593757416 4
1 1 0 1100593757432 4
1 1 0 1100593757336 4
2 1 0 1100593757408 4
2 1 0 1100593757416 4
0 1 0 1100593757336 4
2 1 0 1100593757424 4
1 1 0 1100593757336 4
100 0 0 1100593758792 4
300 1 0 1100593758792 4
2 1 0 1100593758784 4
2 1 0 1100593758776 4
2 1 0 1100593758520 4
3 1 0 1100593761584 4
6 0 0 72104510256116480 4
285 0 0 1100593760592 4
300 0 0 72104510256099296 4
300 1 0 1100593760472 4
11 0 0 1100593761572 4
289 1 0 1100593758728 4
3 1 0 1100593758736 4
2 1 0 1100593758504 4
3 0 0 72104510256099416 4
292 1 0 1100593758496 4
2 0 0 72104510256099312 4
298 1 0 1100593758488 4
1 0 0 72104510256099320 4
299 1 0 1100593758432 4
3 1 0 1100593758440 4
2 1 0 1100593758448 4
2 1 0 1100593758456 4
2 1 0 1100593758464 4
2 1 0 1100593758472 4
2 1 0 1100593758480 4
10 1 0 1100593758424 4
2 1 0 1100593758416 4
2 1 0 1100593758408 4
4 0 0 72104510253908072 4
299 0 0 72104510256098856 4
300 0 0 72104510253908216 4
300 0 0 72104510256098968 4
300 0 0 72104510253930812 4
300 0 0 72104510253908080 4
300 0 0 72104510256098872 4
300 1 0 1100593758400 4
2 0 0 72104510253930808 4
298 0 0 72104510253907968 4
300 0 0 72104510253930800 4
300 0 0 72104510253916045 4
300 0 0 72104510253908424 4
300 0 0 72104510256099128 4
300 0 0 72104510253927904 4
300 0 0 72104510253908704 4
300 0 0 72104510259581152 4
300 0 0 1100593760616 4
300 1 0 1100593760620 4
4 0 0 72104510253916040 4
266 0 0 72104510253908864 4
300 1 0 1100593758376 4
4 1 0 1100593758368 4
2 1 0 1100593758360 4
4 1 0 1100593758352 4
2 1 0 1100593758344 4
3 1 0 1100593758336 4
3 1 0 1100593758328 4
2 1 0 1100593758320 4
2 1 0 1100593758312 4
2 1 0 1100593758192 4
3 1 0 1100593758184 4
2 1 0 1100593758176 4
2 1 0 1100593758168 4
2 1 0 1100593758164 4
2 1 0 1100593758072 4
2 0 0 72104510253923457 4
283 0 0 72104510253923458 4
300 0 0 72104510253923459 4
300 0 0 72104510253923460 4
300 0 0 72104510253923461 4
290 0 0 72104510253923462 4
300 0 0 72104510253923463 4
290 0 0 72104510253923464 4
308 0 0 72104509924717832 4
292 1 0 72104509924717832 4
1 1 0 1100593758296 4
4 1 0 1100593758272 4
2 1 0 1100593758280 4
11 0 0 72104510253908824 4
302 1 0 1100593758112 4
7 1 0 1100593758104 4
4 1 0 1100593758080 4
2 1 0 1100593758088 4
2 1 0 1100593758096 4
9 1 0 1100593758136 4
2 1 0 1100593758072 4
2 1 0 1100593758064 4
2 1 0 1100593758056 4
2 1 0 1100593758048 4
2 1 0 1100593758040 4
3 1 0 1100593758032 4
2 1 0 1100593758024 4
2 0 0 72104510245003968 4
271 1 0 1100593757936 4
2 1 0 1100593757928 4
6 1 0 1100593757976 4
2 1 0 1100593757960 4
4 1 0 1100593757992 4
2 1 0 1100593758004 4
4 1 0 1100593758012 4
2 0 0 72104510245003960 4
276 1 0 1100593757920 4
9 1 0 1100593757912 4
2 1 0 1100593757908 4
2 1 0 1100593757896 4
2 1 0 1100593758000 4
3 1 0 1100593757952 4
2 0 0 72104510253910672 4
280 0 0 72104510245003304 4
300 1 0 1100593757968 4
6 0 0 72104510245004053 4
294 0 0 72104509924715488 4
273 0 0 72104510245004012 4
297 0 0 72104510245003376 4
230 0 0 4301307560 4
280 1 0 1100593757944 4
2 0 0 72104510245003368 4
198 0 0 4301307544 4
300 1 0 1100593757984 4
2 0 0 72104510245004024 4
222 0 0 72104510245004016 4
176 0 0 72104510245004020 4
290 0 0 4299162512 4
137 1 0 1100593758008 4
15 0 0 72104510259581160 4
172 1 0 1100593757880 4
2 1 0 1100593757872 4
2 1 0 1100593757864 4
3 0 0 72104510245003272 4
189 1 0 1100593757848 4
2 0 0 72104509922596836 4
208 0 0 72104510253927734 4
208 0 0 72104510245003320 4
192 0 0 72104510245004632 4
170 1 0 1100593757848 4
3 1 0 1100593757816 4
6 1 0 1100593757824 4
2 1 0 1100593757832 4
2 0 0 72104510245004656 4
214 0 0 72104510245004640 4
121 1 0 1100593758000 4
8 1 0 1100593757952 4
2 0 0 72104510253910680 4
142 0 0 72104510244528168 4
138 1 0 1100593757968 4
6 0 0 72104510244528917 4
177 0 0 72104510244528876 4
194 0 0 72104510244528240 4
111 0 0 72104510248424688 4
113 1 0 1100593757944 4
2 0 0 72104510244528232 4
124 0 0 72104510248424672 4
111 1 0 1100593757984 4
2 0 0 72104510244528888 4
115 0 0 72104510244528880 4
117 0 0 72104510244528884 4
111 0 0 72104510245352936 4
118 1 0 1100593758008 4
23 1 0 1100593757880 4
2 1 0 1100593757872 4
2 1 0 1100593757864 4
3 0 0 72104510244528136 4
111 1 0 1100593757848 4
2 1 0 1100593757816 4
6 1 0 1100593757824 4
2 1 0 1100593757832 4
2 0 0 72104510245006536 4
190 0 0 72104510244528184 4
298 0 0 72104510244529240 4
269 1 0 1100593757848 4
3 1 0 1100593757816 4
6 1 0 1100593757824 4
2 1 0 1100593757832 4
2 0 0 72104510244529264 4
338 0 0 72104510244529248 4
290 1 0 1100593758000 4
8 1 0 1100593757952 4
2 0 0 72104510253910688 4
290 0 0 72104510244529376 4
259 1 0 1100593757968 4
6 0 0 72104510244530125 4
251 0 0 72104510244530084 4
284 0 0 72104510244529448 4
300 0 0 72104510251744880 4
290 1 0 1100593757944 4
2 0 0 72104510244529440 4
298 0 0 72104510251744864 4
300 1 0 1100593757984 4
2 0 0 72104510244530096 4
271 0 0 72104510244530088 4
296 0 0 72104510244530092 4
251 0 0 72104510249313000 4
307 1 0 1100593758008 4
23 1 0 1100593757880 4
2 1 0 1100593757872 4
2 1 0 1100593757864 4
3 0 0 72104510244529344 4
263 1 0 1100593757848 4
2 1 0 1100593757816 4
6 1 0 1100593757824 4
2 1 0 1100593757832 4
2 0 0 72104510244529312 4
321 0 0 72104510244529392 4
267 0 0 72104510244530448 4
300 1 0 1100593757848 4
3 1 0 1100593757816 4
6 1 0 1100593757824 4
2 1 0 1100593757832 4
2 0 0 72104510244530472 4
338 0 0 72104510244530456 4
259 1 0 1100593758000 4
8 1 0 1100593757952 4
2 0 0 72104510253910696 4
280 0 0 72104510244530576 4
300 1 0 1100593757968 4
6 0 0 72104510244531325 4
300 0 0 72104510244531284 4
294 0 0 72104510244530648 4
280 0 0 72104510253903472 4
300 1 0 1100593757944 4
2 0 0 72104510244530640 4
298 0 0 72104510253903456 4
300 1 0 1100593757984 4
2 0 0 72104510244531296 4
302 0 0 72104510244531288 4
265 0 0 72104510244531292 4
300 0 0 72104510251754792 4
307 1 0 1100593758008 4
23 1 0 1100593757880 4
2 1 0 1100593757872 4
2 1 0 1100593757864 4
3 0 0 72104510244530544 4
263 1 0 1100593757848 4
2 1 0 1100593757816 4
6 1 0 1100593757824 4
2 1 0 1100593757832 4
2 0 0 72104510244530512 4
321 0 0 72104510244530592 4
218 0 0 72104510244531648 4
249 1 0 1100593757848 4
3 1 0 1100593757816 4
6 1 0 1100593757824 4
2 1 0 1100593757832 4
2 0 0 72104510244531672 4
338 0 0 72104510244531656 4
290 1 0 1100593758000 4
8 1 0 1100593757952 4
2 0 0 72104510253910704 4
280 0 0 72104510253908008 4
269 1 0 1100593757968 4
6 0 0 72104510253908757 4
241 0 0 72104510253908716 4
290 1 0 1100593757944 4
6 1 0 1100593757984 4
2 0 0 72104510253908728 4
190 0 0 72104510253908720 4
216 0 0 72104510253908724 4
290 0 0 72104510253912808 4
297 1 0 1100593758008 4
23 1 0 1100593757880 4
2 1 0 1100593757872 4
2 1 0 1100593757864 4
3 0 0 72104510253907976 4
273 1 0 1100593757848 4
2 1 0 1100593757816 4
6 1 0 1100593757824 4
2 1 0 1100593757832 4
2 0 0 72104510244531712 4
321 0 0 72104510253908024 4
267 0 0 72104510253909080 4
210 1 0 1100593757848 4
3 1 0 1100593757816 4
6 1 0 1100593757824 4
2 1 0 1100593757832 4
2 0 0 72104510253909104 4
318 0 0 72104510253909088 4
269 1 0 1100593758000 4
8 1 0 1100593757952 4
2 0 0 72104510253910712 4
270 0 0 72104510253909208 4
220 1 0 1100593757968 4
6 0 0 72104510253909957 4
290 0 0 72104510253909916 4
253 0 0 72104510253909280 4
251 0 0 72104510259526632 4
290 1 0 1100593757944 4
2 0 0 72104510253909272 4
