1 0 0 6598210646592 4
0 1 0 6598210645440 4
0 1 0 6598210645452 4
0 1 0 432392476813171464 4
2 1 0 6598210645456 4
0 1 0 6598210645456 4
2 1 0 6598210645440 4
0 1 0 432392476813171720 4
0 1 0 6598210645440 4
0 1 0 432392476813171592 4
1 1 0 6598210645452 4
0 1 0 6598210645452 4
5 1 0 6598210645456 4
211 0 0 6598210646600 4
300 1 0 6598210646600 4
2 1 0 6598210646592 4
2 1 0 6598210646584 4
2 1 0 6598210646328 4
3 1 0 6598210649392 4
6 0 0 432392480445756160 4
285 0 0 6598210648400 4
300 0 0 432392480445738976 4
300 1 0 6598210648280 4
11 0 0 6598210649380 4
289 1 0 6598210646536 4
3 1 0 6598210646544 4
2 1 0 6598210646312 4
3 0 0 432392480445739096 4
292 1 0 6598210646464 4
4 0 0 6598210648448 4
296 1 0 6598210646472 4
3 1 0 6598210646480 4
2 1 0 6598210646488 4
2 1 0 6598210646496 4
2 1 0 6598210646504 4
5 1 0 6598210646512 4
7 1 0 6598210646520 4
3 1 0 6598210646304 4
4 1 0 6598210646528 4
10 1 0 6598210648592 4
8 0 0 6598210649379 4
254 0 0 6598210649432 4
300 0 0 6598210649424 4
300 1 0 6598210646312 4
1 1 0 6598210646304 4
2 1 0 6598210646296 4
2 1 0 6598210646288 4
2 1 0 6598210646280 4
2 0 0 25776144600 4
291 0 0 25776144596 4
300 0 0 432486298327442668 4
300 0 0 25776144640 4
300 0 0 25776144592 4
300 0 0 25776150464 4
300 0 0 25776150456 4
300 0 0 25776150448 4
300 0 0 25776150432 4
300 0 0 25776150440 4
300 0 0 25776150424 4
300 0 0 25776150416 4
300 0 0 25776150408 4
300 0 0 25776150400 4
300 0 0 25776150392 4
300 1 0 6598210646224 4
2 1 0 6598210646240 4
3 1 0 6598210646232 4
2 1 0 6598210646216 4
2 1 0 6598210646208 4
2 1 0 6598210646200 4
4 1 0 6598210646192 4
2 1 0 6598210646184 4
2 1 0 6598210646176 4
2 1 0 6598210646168 4
2 1 0 6598210645896 4
3 1 0 6598210645920 4
2 1 0 6598210645884 4
2 1 0 6598210645880 4
3 1 0 6598210645904 4
2 1 0 6598210645912 4
3 1 0 6598210645888 4
3 1 0 6598210645864 4
2 1 0 6598210645872 4
2 1 0 6598210645856 4
2 1 0 6598210646152 4
2 1 0 6598210646000 4
4 1 0 6598210645928 4
3 1 0 6598210645992 4
3 0 0 25774042152 4
251 1 0 6598210645940 4
7 1 0 6598210645528 4
6 1 0 6598210645520 4
2 1 0 6598210645512 4
3 1 0 6598210645504 4
2 1 0 6598210645496 4
2 1 0 6598210645488 4
3 1 0 6598210645480 4
5 1 0 6598210645464 4
6 0 0 25776144440 4
254 1 0 6598210645448 4
2 1 0 6598210645440 4
2 1 0 6598210645456 4
3 0 0 432392480449166864 4
293 0 0 432392480449168600 4
304 0 0 432392480449166656 4
296 0 0 6598210648320 4
300 1 0 6598210645432 4
6 1 0 6598210645424 4
2 1 0 6598210645416 4
4 0 0 432392480449187568 4
288 0 0 432392480449173856 4
300 1 0 432392480449173856 4
1 0 0 432392480449176016 4
296 0 0 432392476813164576 4
293 1 0 432392476813164576 4
11 1 0 6598210648320 4
10 1 0 6598210645432 4
8 1 0 6598210645424 4
2 1 0 6598210645416 4
2 1 0 6598210645408 4
2 1 0 6598210645400 4
3 1 0 6598210645392 4
2 1 0 6598210645384 4
2 1 0 6598210645320 4
7 0 0 432392480449176144 4
261 1 0 6598210645332 4
7 0 0 432392476813164792 4
293 1 0 6598210645312 4
9 1 0 6598210645308 4
2 0 0 432392476813164696 4
295 0 0 432392476813166720 4
294 0 0 432392476813166724 4
300 0 0 432392476813166728 4
300 0 0 432392476813166732 4
300 0 0 432392476813164672 4
302 0 0 432392476813167992 4
208 1 0 6598210645352 4
2 1 0 6598210645360 4
4 1 0 432392476813164672 4
9 1 0 432392476813167992 4
9 1 0 6598210645360 4
3 1 0 6598210645360 4
3 1 0 432392476813168104 4
2 0 0 432392480449176152 4
284 1 0 432392476813164576 4
13 1 0 6598210645472 4
11 1 0 6598210645464 4
6 1 0 6598210645448 4
2 1 0 6598210645440 4
2 1 0 6598210645456 4
25 1 0 432392476813164576 4
1 1 0 6598210645432 4
11 1 0 6598210645424 4
2 1 0 6598210645416 4
2 1 0 6598210645408 4
2 1 0 6598210645400 4
3 1 0 6598210645392 4
2 1 0 6598210645384 4
2 1 0 6598210645320 4
15 1 0 6598210645332 4
18 0 0 432392476813164580 4
167 1 0 6598210645312 4
7 1 0 6598210645308 4
12 0 0 432392476813166480 4
288 1 0 6598210645352 4
2 1 0 6598210645360 4
4 1 0 432392476813164672 4
9 1 0 432392476813168104 4
9 1 0 6598210645360 4
3 1 0 6598210645360 4
3 1 0 432392476813183608 4
30 1 0 432392476813164576 4
13 1 0 432392476813168008 4
5 1 0 432392476813168008 4
26 0 0 432392476813168168 4
269 0 0 432392476813168176 4
220 1 0 432392476813168016 4
5 1 0 432392476813168024 4
5 1 0 432392476813168032 4
4 1 0 432392476813168040 4
3 1 0 432392476813168048 4
3 1 0 432392476813168056 4
3 1 0 432392476813168064 4
3 1 0 432392476813168072 4
16 1 0 432392476813168080 4
12 1 0 432392476813168088 4
22 1 0 6598210646016 4
4 1 0 6598210645528 4
2 1 0 6598210645520 4
3 1 0 6598210645512 4
6 1 0 6598210645496 4
2 1 0 6598210645488 4
2 1 0 6598210645504 4
25 1 0 432392476813164576 4
1 1 0 6598210645480 4
11 1 0 6598210645472 4
2 1 0 6598210645464 4
2 1 0 6598210645456 4
2 1 0 6598210645448 4
3 1 0 6598210645440 4
2 1 0 6598210645432 4
2 1 0 6598210645368 4
15 1 0 6598210645380 4
12 1 0 6598210645360 4
9 1 0 6598210645356 4
59 1 0 6598210645400 4
2 1 0 6598210645408 4
4 1 0 432392476813164672 4
9 1 0 432392476813183608 4
9 1 0 6598210645408 4
3 1 0 6598210645408 4
3 1 0 432392476813183720 4
30 1 0 432392476813164576 4
27 1 0 6598210646024 4
3 1 0 6598210645528 4
8 1 0 6598210645520 4
2 1 0 6598210645512 4
3 1 0 6598210645504 4
2 1 0 6598210645496 4
2 1 0 6598210645488 4
3 1 0 6598210645480 4
5 1 0 6598210645464 4
8 1 0 6598210645448 4
2 1 0 6598210645440 4
2 1 0 6598210645456 4
25 1 0 432392476813164576 4
1 1 0 6598210645432 4
11 1 0 6598210645424 4
2 1 0 6598210645416 4
2 1 0 6598210645408 4
2 1 0 6598210645400 4
3 1 0 6598210645392 4
2 1 0 6598210645384 4
2 1 0 6598210645320 4
15 0 0 432392476813164616 4
168 1 0 6598210645332 4
8 0 0 432392476813164728 4
182 1 0 6598210645312 4
9 1 0 6598210645308 4
59 1 0 6598210645352 4
2 1 0 6598210645360 4
4 1 0 432392476813164672 4
9 1 0 432392476813183720 4
9 1 0 6598210645360 4
3 1 0 6598210645360 4
3 1 0 432392476813183768 4
30 1 0 432392476813164576 4
13 1 0 6598210645472 4
11 1 0 6598210645464 4
6 1 0 6598210645448 4
2 1 0 6598210645440 4
2 1 0 6598210645456 4
25 1 0 432392476813164576 4
1 1 0 6598210645432 4
11 1 0 6598210645424 4
2 1 0 6598210645416 4
2 1 0 6598210645408 4
2 1 0 6598210645400 4
3 1 0 6598210645392 4
2 1 0 6598210645384 4
2 1 0 6598210645320 4
15 1 0 6598210645332 4
7 0 0 432392476813164936 4
186 1 0 6598210645312 4
9 1 0 6598210645308 4
59 1 0 6598210645352 4
2 1 0 6598210645360 4
4 1 0 432392476813164672 4
9 1 0 432392476813183768 4
9 1 0 6598210645360 4
3 1 0 6598210645360 4
3 1 0 432392476813184024 4
30 1 0 432392476813164576 4
13 1 0 432392476813183736 4
5 1 0 432392476813183736 4
25 1 0 432392476813183744 4
12 1 0 432392476813183752 4
22 1 0 6598210646032 4
4 1 0 6598210645528 4
2 1 0 6598210645520 4
3 1 0 6598210645512 4
6 1 0 6598210645496 4
2 1 0 6598210645488 4
2 1 0 6598210645504 4
25 1 0 432392476813164576 4
1 1 0 6598210645480 4
11 1 0 6598210645472 4
2 1 0 6598210645464 4
2 1 0 6598210645456 4
2 1 0 6598210645448 4
3 1 0 6598210645440 4
2 1 0 6598210645432 4
2 1 0 6598210645368 4
15 1 0 6598210645380 4
7 0 0 432392476813164776 4
184 1 0 6598210645360 4
9 1 0 6598210645356 4
59 1 0 6598210645400 4
2 1 0 6598210645408 4
4 1 0 432392476813164672 4
9 1 0 432392476813184024 4
