1 0 0 9896753922624 4
0 1 0 9896753921272 4
0 1 0 9896753921272 4
0 1 0 9896753921508 4
0 1 0 9896753921272 4
0 1 0 9896753921272 4
0 1 0 9896753921508 4
0 1 0 9896753921508 4
2 1 0 9896753922184 4
0 1 0 9896753922184 4
2 1 0 648565258927042904 4
0 1 0 648565258927042776 4
1 1 0 9896753922184 4
0 1 0 9896753922184 4
0 1 0 9896753922184 4
0 1 0 9896753922184 4
1 1 0 648565258927041368 4
0 1 0 648565258927041496 4
1 1 0 9896753921500 4
0 1 0 9896753921500 4
0 1 0 9896753921500 4
0 1 0 648565258927044184 4
0 1 0 648565258927044056 4
0 1 0 648565258927044312 4
4 1 0 9896753921272 4
0 1 0 9896753921272 4
300 0 0 9896753922632 4
300 1 0 9896753922632 4
2 1 0 9896753922624 4
2 1 0 9896753922616 4
2 1 0 9896753922360 4
3 1 0 9896753925424 4
6 0 0 648565262559539968 4
285 0 0 9896753924432 4
300 0 0 648565262559522784 4
300 1 0 9896753924312 4
11 0 0 9896753925412 4
289 1 0 9896753922568 4
3 1 0 9896753922576 4
2 1 0 9896753922344 4
3 0 0 648565262559522904 4
292 1 0 9896753922496 4
4 0 0 9896753924480 4
296 1 0 9896753922504 4
3 1 0 9896753922512 4
2 1 0 9896753922520 4
2 1 0 9896753922528 4
2 1 0 9896753922536 4
5 1 0 9896753922544 4
7 1 0 9896753922552 4
3 1 0 9896753922336 4
4 1 0 9896753922560 4
10 1 0 9896753924624 4
8 0 0 9896753925411 4
264 0 0 9896753925464 4
300 0 0 9896753925456 4
300 1 0 9896753922344 4
1 1 0 9896753922336 4
2 1 0 9896753922328 4
2 1 0 9896753922320 4
2 1 0 9896753922312 4
2 0 0 38661046488 4
291 0 0 38661046484 4
300 0 0 648659080441226480 4
300 0 0 38661046528 4
300 0 0 38661046480 4
300 0 0 38661052560 4
300 0 0 38661052552 4
290 0 0 38661052544 4
300 0 0 38661052528 4
300 0 0 38661052536 4
300 0 0 38661052520 4
300 0 0 38661052512 4
300 0 0 38661052504 4
300 0 0 38661052496 4
300 0 0 38661052488 4
300 1 0 9896753922256 4
2 1 0 9896753922272 4
3 1 0 9896753922264 4
2 1 0 9896753922248 4
2 1 0 9896753922240 4
2 1 0 9896753922232 4
4 1 0 9896753922224 4
2 1 0 9896753922216 4
2 1 0 9896753922208 4
2 1 0 9896753922200 4
2 1 0 9896753921928 4
3 1 0 9896753921952 4
2 1 0 9896753921916 4
2 1 0 9896753921912 4
3 1 0 9896753921936 4
2 1 0 9896753921944 4
3 1 0 9896753921920 4
3 1 0 9896753921896 4
2 1 0 9896753921904 4
2 1 0 9896753921888 4
2 1 0 9896753922184 4
2 1 0 9896753922032 4
4 1 0 9896753921960 4
3 1 0 9896753922024 4
3 0 0 38658944040 4
261 1 0 9896753921972 4
7 1 0 9896753921560 4
6 1 0 9896753921552 4
2 1 0 9896753921544 4
3 1 0 9896753921536 4
2 1 0 9896753921528 4
2 1 0 9896753921520 4
3 1 0 9896753921512 4
5 1 0 9896753921496 4
6 0 0 38661046328 4
254 1 0 9896753921480 4
2 1 0 9896753921472 4
2 1 0 9896753921488 4
3 0 0 648565262562950672 4
293 0 0 648565262562952408 4
304 0 0 648565262562950464 4
296 0 0 9896753924352 4
300 1 0 9896753921464 4
6 1 0 9896753921456 4
2 1 0 9896753921448 4
4 0 0 648565262562971376 4
288 0 0 648565262562957664 4
300 1 0 648565262562957664 4
11 1 0 9896753924352 4
10 1 0 9896753921464 4
8 1 0 9896753921456 4
2 1 0 9896753921448 4
2 1 0 9896753921440 4
2 1 0 9896753921432 4
3 1 0 9896753921424 4
2 1 0 9896753921416 4
2 1 0 9896753921352 4
7 0 0 648565262562959952 4
271 1 0 9896753921364 4
7 0 0 648565262562957880 4
293 1 0 9896753921344 4
9 1 0 9896753921340 4
2 0 0 648565262562957784 4
275 0 0 648565262562959808 4
294 0 0 648565262562959812 4
300 0 0 648565262562959816 4
300 0 0 648565262562959820 4
300 0 0 648565262562957760 4
302 0 0 38661170328 4
298 1 0 9896753921384 4
2 1 0 9896753921392 4
4 1 0 648565262562957760 4
9 1 0 38661170328 4
9 1 0 9896753921392 4
3 1 0 9896753921392 4
3 1 0 38661170440 4
2 0 0 648565262562959960 4
314 1 0 648565262562957664 4
13 1 0 9896753921504 4
11 1 0 9896753921496 4
6 1 0 9896753921480 4
2 1 0 9896753921472 4
2 1 0 9896753921488 4
25 1 0 648565262562957664 4
1 1 0 9896753921464 4
11 1 0 9896753921456 4
2 1 0 9896753921448 4
2 1 0 9896753921440 4
2 1 0 9896753921432 4
3 1 0 9896753921424 4
2 1 0 9896753921416 4
2 1 0 9896753921352 4
15 1 0 9896753921364 4
18 0 0 648565262562957668 4
257 1 0 9896753921344 4
7 1 0 9896753921340 4
12 0 0 648565262562959568 4
278 1 0 9896753921384 4
2 1 0 9896753921392 4
7 0 0 648565262562959912 4
194 0 0 648565262562959888 4
290 1 0 9896753921368 4
2 0 0 648565262562959880 4
209 1 0 9896753921408 4
8 0 0 648565262562950936 4
281 0 0 648565262562954592 4
190 1 0 9896753921320 4
1 1 0 9896753921304 4
3 1 0 9896753921288 4
2 1 0 9896753921296 4
2 0 0 648565262562950752 4
182 0 0 648565262562961904 4
200 0 0 648565262562951232 4
216 1 0 9896753921272 4
11 1 0 648565262562961904 4
23 0 0 648565262562950584 4
250 0 0 648565262562957648 4
200 0 0 648565262562959944 4
141 1 0 648565262562959944 4
3 0 0 648565262562959832 4
183 1 0 648565262562959832 4
8 1 0 38661170440 4
7 0 0 648565262562959840 4
168 1 0 648565262562959840 4
10 1 0 648565262562957760 4
9 1 0 38661170440 4
8 1 0 38661185944 4
31 1 0 648565262562957664 4
13 1 0 38661170344 4
5 1 0 38661170344 4
26 0 0 38661170504 4
203 0 0 38661170512 4
123 1 0 38661170352 4
5 1 0 38661170360 4
5 1 0 38661170368 4
4 1 0 38661170376 4
3 1 0 38661170384 4
3 1 0 38661170392 4
3 1 0 38661170400 4
3 1 0 38661170408 4
16 1 0 38661170416 4
12 1 0 38661170424 4
22 1 0 9896753922048 4
4 1 0 9896753921560 4
2 1 0 9896753921552 4
3 1 0 9896753921544 4
6 1 0 9896753921528 4
2 1 0 9896753921520 4
2 1 0 9896753921536 4
25 1 0 648565262562957664 4
1 1 0 9896753921512 4
11 1 0 9896753921504 4
2 1 0 9896753921496 4
2 1 0 9896753921488 4
2 1 0 9896753921480 4
3 1 0 9896753921472 4
2 1 0 9896753921464 4
2 1 0 9896753921400 4
15 1 0 9896753921412 4
12 1 0 9896753921392 4
9 1 0 9896753921388 4
59 1 0 9896753921432 4
2 1 0 9896753921440 4
4 1 0 648565262562957760 4
9 1 0 38661185944 4
9 1 0 9896753921440 4
3 1 0 9896753921440 4
3 1 0 38661186056 4
30 1 0 648565262562957664 4
27 1 0 9896753922056 4
3 1 0 9896753921560 4
8 1 0 9896753921552 4
2 1 0 9896753921544 4
3 1 0 9896753921536 4
2 1 0 9896753921528 4
2 1 0 9896753921520 4
3 1 0 9896753921512 4
5 1 0 9896753921496 4
8 1 0 9896753921480 4
2 1 0 9896753921472 4
2 1 0 9896753921488 4
25 1 0 648565262562957664 4
1 1 0 9896753921464 4
11 1 0 9896753921456 4
2 1 0 9896753921448 4
2 1 0 9896753921440 4
2 1 0 9896753921432 4
3 1 0 9896753921424 4
2 1 0 9896753921416 4
2 1 0 9896753921352 4
15 0 0 648565262562957704 4
159 1 0 9896753921364 4
8 0 0 648565262562957816 4
111 1 0 9896753921344 4
9 1 0 9896753921340 4
59 1 0 9896753921384 4
2 1 0 9896753921392 4
4 1 0 648565262562957760 4
9 1 0 38661186056 4
9 1 0 9896753921392 4
3 1 0 9896753921392 4
3 1 0 38661186104 4
30 1 0 648565262562957664 4
13 1 0 9896753921504 4
11 1 0 9896753921496 4
6 1 0 9896753921480 4
2 1 0 9896753921472 4
2 1 0 9896753921488 4
25 1 0 648565262562957664 4
1 1 0 9896753921464 4
11 1 0 9896753921456 4
2 1 0 9896753921448 4
2 1 0 9896753921440 4
2 1 0 9896753921432 4
3 1 0 9896753921424 4
2 1 0 9896753921416 4
2 1 0 9896753921352 4
15 1 0 9896753921364 4
7 0 0 648565262562958024 4
111 1 0 9896753921344 4
9 1 0 9896753921340 4
59 1 0 9896753921384 4
2 1 0 9896753921392 4
4 1 0 648565262562957760 4
