1 0 0 18692863730240 4
0 1 0 18692863728888 4
0 1 0 18692863728888 4
0 1 0 18692863728888 4
2 1 0 18692863728888 4
2 1 0 1225026011431730000 4
0 1 0 1225026011431730256 4
0 1 0 1225026011431729872 4
2 1 0 18692863728880 4
0 1 0 18692863728880 4
0 1 0 18692863728880 4
0 1 0 1225026011431730128 4
2 1 0 18692863728880 4
323 0 0 18692863730248 4
300 1 0 18692863730248 4
2 1 0 18692863730240 4
2 1 0 18692863730232 4
2 1 0 18692863729976 4
3 1 0 18692863733040 4
6 0 0 1225026014862963456 4
295 0 0 18692863732048 4
300 0 0 1225026014862946272 4
300 1 0 18692863731928 4
11 0 0 18692863733028 4
279 1 0 18692863730184 4
3 1 0 18692863730192 4
2 1 0 18692863729960 4
3 0 0 1225026014862946392 4
292 1 0 18692863730112 4
4 0 0 18692863732096 4
296 1 0 18692863730120 4
3 1 0 18692863730128 4
2 1 0 18692863730136 4
2 1 0 18692863730144 4
2 1 0 18692863730152 4
5 1 0 18692863730160 4
7 1 0 18692863730168 4
3 1 0 18692863729952 4
4 1 0 18692863730176 4
10 1 0 18692863732240 4
8 0 0 18692863733027 4
264 0 0 18692863733080 4
300 0 0 18692863733072 4
300 1 0 18692863729960 4
1 1 0 18692863729952 4
2 1 0 18692863729944 4
2 1 0 18692863729936 4
2 1 0 18692863729928 4
2 0 0 73020784856 4
291 0 0 73020784852 4
300 0 0 1225119832744649976 4
300 0 0 73020784896 4
300 0 0 73020784848 4
300 0 0 73020791344 4
300 0 0 73020791336 4
300 0 0 73020791328 4
300 0 0 73020791312 4
290 0 0 73020791320 4
300 0 0 73020791304 4
300 0 0 73020791296 4
300 0 0 73020791288 4
300 0 0 73020791280 4
300 0 0 73020791272 4
300 1 0 18692863729872 4
2 1 0 18692863729888 4
3 1 0 18692863729880 4
2 1 0 18692863729864 4
2 1 0 18692863729856 4
2 1 0 18692863729848 4
4 1 0 18692863729840 4
2 1 0 18692863729832 4
2 1 0 18692863729824 4
2 1 0 18692863729816 4
2 1 0 18692863729544 4
3 1 0 18692863729568 4
2 1 0 18692863729532 4
2 1 0 18692863729528 4
3 1 0 18692863729552 4
2 1 0 18692863729560 4
3 1 0 18692863729536 4
3 1 0 18692863729512 4
2 1 0 18692863729520 4
2 1 0 18692863729504 4
2 1 0 18692863729800 4
2 1 0 18692863729648 4
4 1 0 18692863729576 4
3 1 0 18692863729640 4
3 0 0 73018682408 4
261 1 0 18692863729588 4
7 1 0 18692863729176 4
6 1 0 18692863729168 4
2 1 0 18692863729160 4
3 1 0 18692863729152 4
2 1 0 18692863729144 4
2 1 0 18692863729136 4
3 1 0 18692863729128 4
5 1 0 18692863729112 4
6 0 0 73020784696 4
254 1 0 18692863729096 4
2 1 0 18692863729088 4
2 1 0 18692863729104 4
3 0 0 1225026014866374160 4
293 0 0 1225026014866375896 4
304 0 0 1225026014866373952 4
296 0 0 18692863731968 4
300 1 0 18692863729080 4
6 1 0 18692863729072 4
2 1 0 18692863729064 4
4 0 0 1225026014866394864 4
288 0 0 1225026014866381152 4
300 1 0 1225026014866381152 4
1 0 0 1225026014866383312 4
296 0 0 1225026011364589600 4
293 1 0 1225026011364589600 4
11 1 0 18692863731968 4
10 1 0 18692863729080 4
8 1 0 18692863729072 4
2 1 0 18692863729064 4
2 1 0 18692863729056 4
2 1 0 18692863729048 4
3 1 0 18692863729040 4
2 1 0 18692863729032 4
2 1 0 18692863728968 4
7 0 0 1225026014866383440 4
261 1 0 18692863728980 4
7 0 0 1225026011364589816 4
293 1 0 18692863728960 4
9 1 0 18692863728956 4
2 0 0 1225026011364589720 4
295 0 0 1225026011364591744 4
294 0 0 1225026011364591748 4
300 0 0 1225026011364591752 4
300 0 0 1225026011364591756 4
300 0 0 1225026011364589696 4
292 0 0 1225026011364597480 4
298 1 0 18692863729000 4
2 1 0 18692863729008 4
4 1 0 1225026011364589696 4
9 1 0 1225026011364597480 4
9 1 0 18692863729008 4
3 1 0 18692863729008 4
3 1 0 1225026011364597592 4
2 0 0 1225026014866383448 4
304 1 0 1225026011364589600 4
13 1 0 18692863729120 4
11 1 0 18692863729112 4
6 1 0 18692863729096 4
2 1 0 18692863729088 4
2 1 0 18692863729104 4
25 1 0 1225026011364589600 4
1 1 0 18692863729080 4
11 1 0 18692863729072 4
2 1 0 18692863729064 4
2 1 0 18692863729056 4
2 1 0 18692863729048 4
3 1 0 18692863729040 4
2 1 0 18692863729032 4
2 1 0 18692863728968 4
15 1 0 18692863728980 4
18 0 0 1225026011364589604 4
257 1 0 18692863728960 4
7 1 0 18692863728956 4
12 0 0 1225026011364591504 4
278 1 0 18692863729000 4
2 1 0 18692863729008 4
4 1 0 1225026011364589696 4
9 1 0 1225026011364597592 4
9 1 0 18692863729008 4
3 1 0 18692863729008 4
3 1 0 1225026011364613096 4
30 1 0 1225026011364589600 4
13 1 0 1225026011364597496 4
5 1 0 1225026011364597496 4
26 0 0 1225026011364597656 4
269 0 0 1225026011364597664 4
200 1 0 1225026011364597504 4
5 1 0 1225026011364597512 4
5 1 0 1225026011364597520 4
4 1 0 1225026011364597528 4
3 1 0 1225026011364597536 4
3 1 0 1225026011364597544 4
3 1 0 1225026011364597552 4
3 1 0 1225026011364597560 4
16 1 0 1225026011364597568 4
12 1 0 1225026011364597576 4
22 1 0 18692863729664 4
4 1 0 18692863729176 4
2 1 0 18692863729168 4
3 1 0 18692863729160 4
6 1 0 18692863729144 4
2 1 0 18692863729136 4
2 1 0 18692863729152 4
25 1 0 1225026011364589600 4
1 1 0 18692863729128 4
11 1 0 18692863729120 4
2 1 0 18692863729112 4
2 1 0 18692863729104 4
2 1 0 18692863729096 4
3 1 0 18692863729088 4
2 1 0 18692863729080 4
2 1 0 18692863729016 4
15 1 0 18692863729028 4
12 1 0 18692863729008 4
9 1 0 18692863729004 4
59 1 0 18692863729048 4
2 1 0 18692863729056 4
4 1 0 1225026011364589696 4
9 1 0 1225026011364613096 4
9 1 0 18692863729056 4
3 1 0 18692863729056 4
3 1 0 1225026011364613208 4
30 1 0 1225026011364589600 4
27 1 0 18692863729672 4
3 1 0 18692863729176 4
8 1 0 18692863729168 4
2 1 0 18692863729160 4
3 1 0 18692863729152 4
2 1 0 18692863729144 4
2 1 0 18692863729136 4
3 1 0 18692863729128 4
5 1 0 18692863729112 4
8 1 0 18692863729096 4
2 1 0 18692863729088 4
2 1 0 18692863729104 4
25 1 0 1225026011364589600 4
1 1 0 18692863729080 4
11 1 0 18692863729072 4
2 1 0 18692863729064 4
2 1 0 18692863729056 4
2 1 0 18692863729048 4
3 1 0 18692863729040 4
2 1 0 18692863729032 4
2 1 0 18692863728968 4
15 0 0 1225026011364589640 4
268 1 0 18692863728980 4
8 0 0 1225026011364589752 4
212 1 0 18692863728960 4
9 1 0 18692863728956 4
59 1 0 18692863729000 4
2 1 0 18692863729008 4
4 1 0 1225026011364589696 4
9 1 0 1225026011364613208 4
9 1 0 18692863729008 4
3 1 0 18692863729008 4
3 1 0 1225026011364613256 4
30 1 0 1225026011364589600 4
13 1 0 18692863729120 4
11 1 0 18692863729112 4
6 1 0 18692863729096 4
2 1 0 18692863729088 4
2 1 0 18692863729104 4
25 1 0 1225026011364589600 4
1 1 0 18692863729080 4
11 1 0 18692863729072 4
2 1 0 18692863729064 4
2 1 0 18692863729056 4
2 1 0 18692863729048 4
3 1 0 18692863729040 4
2 1 0 18692863729032 4
2 1 0 18692863728968 4
15 1 0 18692863728980 4
7 0 0 1225026011364589960 4
156 1 0 18692863728960 4
9 1 0 18692863728956 4
59 1 0 18692863729000 4
2 1 0 18692863729008 4
4 1 0 1225026011364589696 4
9 1 0 1225026011364613256 4
9 1 0 18692863729008 4
3 1 0 18692863729008 4
3 1 0 1225026011364613512 4
30 1 0 1225026011364589600 4
13 1 0 1225026011364613224 4
5 1 0 1225026011364613224 4
25 1 0 1225026011364613232 4
12 1 0 1225026011364613240 4
22 1 0 18692863729680 4
4 1 0 18692863729176 4
2 1 0 18692863729168 4
3 1 0 18692863729160 4
6 1 0 18692863729144 4
2 1 0 18692863729136 4
2 1 0 18692863729152 4
25 1 0 1225026011364589600 4
1 1 0 18692863729128 4
11 1 0 18692863729120 4
2 1 0 18692863729112 4
2 1 0 18692863729104 4
2 1 0 18692863729096 4
3 1 0 18692863729088 4
2 1 0 18692863729080 4
2 1 0 18692863729016 4
15 1 0 18692863729028 4
7 0 0 1225026011364589800 4
121 1 0 18692863729008 4
9 1 0 18692863729004 4
59 1 0 18692863729048 4
2 1 0 18692863729056 4
4 1 0 1225026011364589696 4
9 1 0 1225026011364613512 4
