1 0 0 2200113779264 4
0 1 0 2200113777912 4
0 1 0 2200113777816 4
0 1 0 2200113777912 4
2 1 0 2200113777896 4
0 1 0 2200113777816 4
2 1 0 2200113777896 4
0 1 0 144162100862810664 4
2 1 0 2200113777904 4
0 1 0 2200113777888 4
0 1 0 144162100862810536 4
0 1 0 2200113777904 4
1 1 0 2200113777816 4
1 1 0 2200113777816 4
3 1 0 2200113777888 4
110 0 0 2200113779272 4
300 1 0 2200113779272 4
2 1 0 2200113779264 4
2 1 0 2200113779256 4
2 1 0 2200113779000 4
3 1 0 2200113782064 4
6 0 0 144162104294044416 4
285 0 0 2200113781072 4
300 0 0 144162104294027232 4
300 1 0 2200113780952 4
5 0 0 2200113782052 4
295 1 0 2200113779208 4
3 1 0 2200113779216 4
2 1 0 2200113778984 4
3 0 0 144162104294027352 4
292 1 0 2200113779136 4
4 0 0 2200113781120 4
296 1 0 2200113779144 4
3 1 0 2200113779152 4
2 1 0 2200113779160 4
2 1 0 2200113779168 4
2 1 0 2200113779176 4
5 1 0 2200113779184 4
7 1 0 2200113779192 4
3 1 0 2200113778976 4
4 1 0 2200113779200 4
10 1 0 2200113781264 4
8 0 0 2200113782051 4
254 0 0 2200113782104 4
290 0 0 2200113782096 4
300 1 0 2200113778984 4
1 1 0 2200113778976 4
2 1 0 2200113778968 4
2 1 0 2200113778960 4
2 1 0 2200113778952 4
2 0 0 8596275416 4
291 0 0 8596275412 4
300 0 0 144255922175730900 4
300 0 0 8596275456 4
300 0 0 8596275408 4
300 0 0 8596280032 4
300 0 0 8596280024 4
300 0 0 8596280016 4
300 0 0 8596280000 4
300 0 0 8596280008 4
300 0 0 8596279992 4
300 0 0 8596279984 4
300 0 0 8596279976 4
300 0 0 8596279968 4
300 0 0 8596279960 4
300 1 0 2200113778896 4
2 1 0 2200113778912 4
3 1 0 2200113778904 4
2 1 0 2200113778888 4
2 1 0 2200113778880 4
2 1 0 2200113778872 4
4 1 0 2200113778864 4
2 1 0 2200113778856 4
2 1 0 2200113778848 4
2 1 0 2200113778840 4
2 1 0 2200113778568 4
3 1 0 2200113778592 4
2 1 0 2200113778556 4
2 1 0 2200113778552 4
3 1 0 2200113778576 4
2 1 0 2200113778584 4
3 1 0 2200113778560 4
3 1 0 2200113778536 4
2 1 0 2200113778544 4
2 1 0 2200113778528 4
2 1 0 2200113778824 4
2 1 0 2200113778672 4
4 1 0 2200113778600 4
3 1 0 2200113778664 4
3 0 0 8594172968 4
261 1 0 2200113778612 4
7 1 0 2200113778200 4
6 1 0 2200113778192 4
2 1 0 2200113778184 4
3 1 0 2200113778176 4
2 1 0 2200113778168 4
2 1 0 2200113778160 4
3 1 0 2200113778152 4
5 1 0 2200113778136 4
6 0 0 8596275256 4
254 1 0 2200113778120 4
2 1 0 2200113778112 4
2 1 0 2200113778128 4
3 0 0 144162104297455120 4
283 0 0 144162104297456856 4
304 0 0 144162104297454912 4
296 0 0 2200113780992 4
300 1 0 2200113778104 4
6 1 0 2200113778096 4
2 1 0 2200113778088 4
4 0 0 144162104297475824 4
288 0 0 144162104297462112 4
300 1 0 144162104297462112 4
11 1 0 2200113780992 4
10 1 0 2200113778104 4
8 1 0 2200113778096 4
2 1 0 2200113778088 4
2 1 0 2200113778080 4
2 1 0 2200113778072 4
3 1 0 2200113778064 4
2 1 0 2200113778056 4
2 1 0 2200113777992 4
7 0 0 144162104297464400 4
271 1 0 2200113778004 4
7 0 0 144162104297462328 4
293 1 0 2200113777984 4
9 1 0 2200113777980 4
2 0 0 144162104297462232 4
285 0 0 144162104297464256 4
284 0 0 144162104297464260 4
300 0 0 144162104297464264 4
300 0 0 144162104297464268 4
300 0 0 144162104297462208 4
302 0 0 8596344744 4
298 1 0 2200113778024 4
2 1 0 2200113778032 4
4 1 0 144162104297462208 4
9 1 0 8596344744 4
9 1 0 2200113778032 4
3 1 0 2200113778032 4
3 1 0 8596344856 4
2 0 0 144162104297464408 4
304 1 0 144162104297462112 4
13 1 0 2200113778144 4
11 1 0 2200113778136 4
6 1 0 2200113778120 4
2 1 0 2200113778112 4
2 1 0 2200113778128 4
25 1 0 144162104297462112 4
1 1 0 2200113778104 4
11 1 0 2200113778096 4
2 1 0 2200113778088 4
2 1 0 2200113778080 4
2 1 0 2200113778072 4
3 1 0 2200113778064 4
2 1 0 2200113778056 4
2 1 0 2200113777992 4
15 1 0 2200113778004 4
18 0 0 144162104297462116 4
257 1 0 2200113777984 4
7 1 0 2200113777980 4
12 0 0 144162104297464016 4
298 1 0 2200113778024 4
2 1 0 2200113778032 4
4 1 0 144162104297462208 4
9 1 0 8596344856 4
9 1 0 2200113778032 4
3 1 0 2200113778032 4
3 1 0 8596360360 4
30 1 0 144162104297462112 4
13 1 0 8596344760 4
5 1 0 8596344760 4
26 0 0 8596344920 4
189 0 0 8596344928 4
300 1 0 8596344768 4
5 1 0 8596344776 4
5 1 0 8596344784 4
4 1 0 8596344792 4
3 1 0 8596344800 4
3 1 0 8596344808 4
3 1 0 8596344816 4
3 1 0 8596344824 4
16 1 0 8596344832 4
12 1 0 8596344840 4
22 1 0 2200113778688 4
4 1 0 2200113778200 4
2 1 0 2200113778192 4
3 1 0 2200113778184 4
6 1 0 2200113778168 4
2 1 0 2200113778160 4
2 1 0 2200113778176 4
25 1 0 144162104297462112 4
1 1 0 2200113778152 4
11 1 0 2200113778144 4
2 1 0 2200113778136 4
2 1 0 2200113778128 4
2 1 0 2200113778120 4
3 1 0 2200113778112 4
2 1 0 2200113778104 4
2 1 0 2200113778040 4
15 1 0 2200113778052 4
12 1 0 2200113778032 4
9 1 0 2200113778028 4
57 0 0 8596360584 4
172 1 0 2200113778072 4
2 1 0 2200113778080 4
4 1 0 144162104297462208 4
9 1 0 8596360584 4
9 1 0 2200113778080 4
3 1 0 2200113778080 4
3 1 0 8596360696 4
30 1 0 144162104297462112 4
27 1 0 2200113778696 4
3 1 0 2200113778200 4
8 1 0 2200113778192 4
2 1 0 2200113778184 4
3 1 0 2200113778176 4
2 1 0 2200113778168 4
2 1 0 2200113778160 4
3 1 0 2200113778152 4
5 1 0 2200113778136 4
8 1 0 2200113778120 4
2 1 0 2200113778112 4
2 1 0 2200113778128 4
25 1 0 144162104297462112 4
1 1 0 2200113778104 4
8 1 0 2200113778096 4
2 1 0 2200113778088 4
4 0 0 144162104297464272 4
144 1 0 144162104297462112 4
14 0 0 144162104297464412 4
155 1 0 144162104297464412 4
11 1 0 144162104297464412 4
1 1 0 2200113777944 4
5 1 0 2200113777936 4
2 1 0 2200113777928 4
12 1 0 144162104297464412 4
21 1 0 144162104297462112 4
12 1 0 144162104297464412 4
1 1 0 2200113777944 4
5 1 0 2200113777936 4
2 1 0 2200113777928 4
2 1 0 144162104297464412 4
19 1 0 2200113780992 4
10 1 0 2200113778104 4
8 1 0 2200113778096 4
2 1 0 2200113778088 4
2 1 0 2200113778080 4
2 1 0 2200113778072 4
3 1 0 2200113778064 4
2 1 0 2200113778056 4
2 1 0 2200113777992 4
15 0 0 144162104297462152 4
181 1 0 2200113778004 4
8 0 0 144162104297462264 4
272 1 0 2200113777984 4
9 1 0 2200113777980 4
57 0 0 8596393576 4
234 1 0 2200113778024 4
2 1 0 2200113778032 4
4 1 0 144162104297462208 4
9 1 0 8596393576 4
9 1 0 2200113778032 4
3 1 0 2200113778032 4
3 1 0 8596393624 4
30 1 0 144162104297462112 4
13 1 0 2200113778144 4
11 1 0 2200113778136 4
6 1 0 2200113778120 4
2 1 0 2200113778112 4
2 1 0 2200113778128 4
25 1 0 144162104297462112 4
1 1 0 2200113778104 4
11 1 0 2200113778096 4
2 1 0 2200113778088 4
2 1 0 2200113778080 4
2 1 0 2200113778072 4
3 1 0 2200113778064 4
2 1 0 2200113778056 4
2 1 0 2200113777992 4
15 1 0 2200113778004 4
7 0 0 144162104297462472 4
151 1 0 2200113777984 4
9 1 0 2200113777980 4
59 1 0 2200113778024 4
2 1 0 2200113778032 4
4 1 0 144162104297462208 4
9 1 0 8596393624 4
9 1 0 2200113778032 4
3 1 0 2200113778032 4
3 1 0 8596393880 4
30 1 0 144162104297462112 4
13 1 0 8596393592 4
5 1 0 8596393592 4
25 1 0 8596393600 4
12 1 0 8596393608 4
22 1 0 2200113778704 4
4 1 0 2200113778200 4
2 1 0 2200113778192 4
3 1 0 2200113778184 4
