1 0 0 5498673840704 4
0 1 0 5498673839352 4
0 1 0 5498673839352 4
0 1 0 5498673839352 4
0 1 0 5498673839588 4
0 1 0 5498673839352 4
0 1 0 5498673839352 4
0 1 0 5498673839588 4
2 1 0 5498673840264 4
0 1 0 5498673840264 4
2 1 0 360334882976597328 4
0 1 0 360334882976597584 4
0 1 0 360334882976597456 4
1 1 0 5498673840264 4
0 1 0 5498673840264 4
0 1 0 5498673840264 4
0 1 0 5498673840264 4
0 1 0 5498673840264 4
1 1 0 360334882976596176 4
0 1 0 360334882976596048 4
0 1 0 360334882976595920 4
1 1 0 5498673839580 4
0 1 0 5498673839580 4
0 1 0 360334882976598864 4
0 1 0 360334882976598736 4
4 1 0 5498673839352 4
0 1 0 5498673839352 4
0 1 0 5498673839352 4
200 0 0 5498673840712 4
300 1 0 5498673840712 4
2 1 0 5498673840704 4
2 1 0 5498673840696 4
2 1 0 5498673840440 4
3 1 0 5498673843504 4
6 0 0 360334886407828224 4
285 0 0 5498673842512 4
300 0 0 360334886407811040 4
300 1 0 5498673842392 4
5 0 0 5498673843492 4
295 1 0 5498673840648 4
3 1 0 5498673840656 4
2 1 0 5498673840424 4
3 0 0 360334886407811160 4
292 1 0 5498673840576 4
4 0 0 5498673842560 4
296 1 0 5498673840584 4
3 1 0 5498673840592 4
2 1 0 5498673840600 4
2 1 0 5498673840608 4
2 1 0 5498673840616 4
5 1 0 5498673840624 4
7 1 0 5498673840632 4
3 1 0 5498673840416 4
4 1 0 5498673840640 4
10 1 0 5498673842704 4
8 0 0 5498673843491 4
254 0 0 5498673843544 4
300 0 0 5498673843536 4
300 1 0 5498673840424 4
1 1 0 5498673840416 4
2 1 0 5498673840408 4
2 1 0 5498673840400 4
2 1 0 5498673840392 4
2 0 0 21481177304 4
291 0 0 21481177300 4
300 0 0 360428704289514720 4
300 0 0 21481177344 4
300 0 0 21481177296 4
300 0 0 21481182544 4
300 0 0 21481182536 4
300 0 0 21481182528 4
300 0 0 21481182512 4
300 0 0 21481182520 4
300 0 0 21481182504 4
300 0 0 21481182496 4
300 0 0 21481182488 4
300 0 0 21481182480 4
300 0 0 21481182472 4
300 1 0 5498673840336 4
2 1 0 5498673840352 4
3 1 0 5498673840344 4
2 1 0 5498673840328 4
2 1 0 5498673840320 4
2 1 0 5498673840312 4
4 1 0 5498673840304 4
2 1 0 5498673840296 4
2 1 0 5498673840288 4
2 1 0 5498673840280 4
2 1 0 5498673840008 4
3 1 0 5498673840032 4
2 1 0 5498673839996 4
2 1 0 5498673839992 4
3 1 0 5498673840016 4
2 1 0 5498673840024 4
3 1 0 5498673840000 4
3 1 0 5498673839976 4
2 1 0 5498673839984 4
2 1 0 5498673839968 4
2 1 0 5498673840264 4
2 1 0 5498673840112 4
4 1 0 5498673840040 4
3 1 0 5498673840104 4
3 0 0 21479074856 4
251 1 0 5498673840052 4
7 1 0 5498673839640 4
6 1 0 5498673839632 4
2 1 0 5498673839624 4
3 1 0 5498673839616 4
2 1 0 5498673839608 4
2 1 0 5498673839600 4
3 1 0 5498673839592 4
5 1 0 5498673839576 4
6 0 0 21481177144 4
254 1 0 5498673839560 4
2 1 0 5498673839552 4
2 1 0 5498673839568 4
3 0 0 360334886411238928 4
293 0 0 360334886411240664 4
304 0 0 360334886411238720 4
296 0 0 5498673842432 4
300 1 0 5498673839544 4
6 1 0 5498673839536 4
2 1 0 5498673839528 4
4 0 0 360334886411259632 4
288 0 0 360334886411245920 4
300 1 0 360334886411245920 4
11 1 0 5498673842432 4
10 1 0 5498673839544 4
8 1 0 5498673839536 4
2 1 0 5498673839528 4
2 1 0 5498673839520 4
2 1 0 5498673839512 4
3 1 0 5498673839504 4
2 1 0 5498673839496 4
2 1 0 5498673839432 4
7 0 0 360334886411248208 4
281 1 0 5498673839444 4
7 0 0 360334886411246136 4
293 1 0 5498673839424 4
9 1 0 5498673839420 4
2 0 0 360334886411246040 4
195 0 0 360334886411248064 4
294 0 0 360334886411248068 4
290 0 0 360334886411248072 4
300 0 0 360334886411248076 4
300 0 0 360334886411246016 4
302 0 0 21481231016 4
298 1 0 5498673839464 4
2 1 0 5498673839472 4
4 1 0 360334886411246016 4
9 1 0 21481231016 4
9 1 0 5498673839472 4
3 1 0 5498673839472 4
3 1 0 21481231128 4
2 0 0 360334886411248216 4
304 1 0 360334886411245920 4
13 1 0 5498673839584 4
11 1 0 5498673839576 4
6 1 0 5498673839560 4
2 1 0 5498673839552 4
2 1 0 5498673839568 4
25 1 0 360334886411245920 4
1 1 0 5498673839544 4
11 1 0 5498673839536 4
2 1 0 5498673839528 4
2 1 0 5498673839520 4
2 1 0 5498673839512 4
3 1 0 5498673839504 4
2 1 0 5498673839496 4
2 1 0 5498673839432 4
15 1 0 5498673839444 4
18 0 0 360334886411245924 4
257 1 0 5498673839424 4
7 1 0 5498673839420 4
12 0 0 360334886411247824 4
308 1 0 5498673839464 4
2 1 0 5498673839472 4
4 1 0 360334886411246016 4
9 1 0 21481231128 4
9 1 0 5498673839472 4
3 1 0 5498673839472 4
3 1 0 21481246632 4
30 1 0 360334886411245920 4
13 1 0 21481231032 4
5 1 0 21481231032 4
26 0 0 21481231192 4
249 0 0 21481231200 4
290 1 0 21481231040 4
5 1 0 21481231048 4
5 1 0 21481231056 4
4 1 0 21481231064 4
3 1 0 21481231072 4
3 1 0 21481231080 4
3 1 0 21481231088 4
3 1 0 21481231096 4
16 1 0 21481231104 4
12 1 0 21481231112 4
22 1 0 5498673840128 4
4 1 0 5498673839640 4
2 1 0 5498673839632 4
3 1 0 5498673839624 4
6 1 0 5498673839608 4
2 1 0 5498673839600 4
2 1 0 5498673839616 4
25 1 0 360334886411245920 4
1 1 0 5498673839592 4
11 1 0 5498673839584 4
2 1 0 5498673839576 4
2 1 0 5498673839568 4
2 1 0 5498673839560 4
3 1 0 5498673839552 4
2 1 0 5498673839544 4
2 1 0 5498673839480 4
15 1 0 5498673839492 4
12 1 0 5498673839472 4
9 1 0 5498673839468 4
57 0 0 21481262984 4
272 1 0 5498673839512 4
2 1 0 5498673839520 4
4 1 0 360334886411246016 4
9 1 0 21481262984 4
9 1 0 5498673839520 4
3 1 0 5498673839520 4
3 1 0 21481263096 4
30 1 0 360334886411245920 4
27 1 0 5498673840136 4
3 1 0 5498673839640 4
8 1 0 5498673839632 4
2 1 0 5498673839624 4
3 1 0 5498673839616 4
2 1 0 5498673839608 4
2 1 0 5498673839600 4
3 1 0 5498673839592 4
5 1 0 5498673839576 4
8 1 0 5498673839560 4
2 1 0 5498673839552 4
2 1 0 5498673839568 4
25 1 0 360334886411245920 4
1 1 0 5498673839544 4
11 1 0 5498673839536 4
2 1 0 5498673839528 4
2 1 0 5498673839520 4
2 1 0 5498673839512 4
3 1 0 5498673839504 4
2 1 0 5498673839496 4
2 1 0 5498673839432 4
15 0 0 360334886411245960 4
128 1 0 5498673839444 4
8 0 0 360334886411246072 4
172 1 0 5498673839424 4
9 1 0 5498673839420 4
59 1 0 5498673839464 4
2 1 0 5498673839472 4
4 1 0 360334886411246016 4
9 1 0 21481263096 4
9 1 0 5498673839472 4
3 1 0 5498673839472 4
3 1 0 21481263144 4
30 1 0 360334886411245920 4
13 1 0 5498673839584 4
11 1 0 5498673839576 4
6 1 0 5498673839560 4
2 1 0 5498673839552 4
2 1 0 5498673839568 4
25 1 0 360334886411245920 4
1 1 0 5498673839544 4
11 1 0 5498673839536 4
2 1 0 5498673839528 4
2 1 0 5498673839520 4
2 1 0 5498673839512 4
3 1 0 5498673839504 4
2 1 0 5498673839496 4
2 1 0 5498673839432 4
15 1 0 5498673839444 4
7 0 0 360334886411246280 4
256 1 0 5498673839424 4
9 1 0 5498673839420 4
59 1 0 5498673839464 4
2 1 0 5498673839472 4
4 1 0 360334886411246016 4
9 1 0 21481263144 4
9 1 0 5498673839472 4
3 1 0 5498673839472 4
3 1 0 21481263400 4
30 1 0 360334886411245920 4
13 1 0 21481263112 4
5 1 0 21481263112 4
25 1 0 21481263120 4
12 1 0 21481263128 4
22 1 0 5498673840144 4
4 1 0 5498673839640 4
2 1 0 5498673839632 4
3 1 0 5498673839624 4
6 1 0 5498673839608 4
2 1 0 5498673839600 4
2 1 0 5498673839616 4
25 1 0 360334886411245920 4
1 1 0 5498673839592 4
11 1 0 5498673839584 4
2 1 0 5498673839576 4
