1 1 0 140734099875464 4
2 1 0 140734099875456 4
2 1 0 140734099875448 4
3 0 0 46915886787520 4
334 1 0 46915886789928 4
2 0 0 46915886788536 4
298 1 0 46915886788008 4
2 1 0 46915886789944 4
2 0 0 46915886788168 4
286 1 0 46915886790104 4
9 0 0 46915886788184 4
291 1 0 46915886790024 4
7 0 0 46915886788200 4
293 1 0 46915886790592 4
26 0 0 46915886788216 4
284 1 0 46915886790032 4
7 0 0 46915886788232 4
293 1 0 46915886790040 4
7 0 0 46915886788248 4
293 1 0 46915886790072 4
7 0 0 46915886788264 4
263 1 0 46915886790080 4
7 0 0 46915886788280 4
293 1 0 46915886790016 4
7 0 0 46915886788296 4
293 1 0 46915886790008 4
7 0 0 46915886788312 4
293 1 0 46915886790152 4
7 0 0 46915886788328 4
293 1 0 46915886790176 4
7 0 0 46915886788344 4
293 1 0 46915886790048 4
7 0 0 46915886788360 4
293 1 0 46915886790056 4
7 0 0 46915886788376 4
293 1 0 46915886790064 4
7 0 0 46915886788392 4
293 1 0 46915886790288 4
13 0 0 46915886788408 4
297 1 0 46915886790280 4
13 0 0 46915886788424 4
297 1 0 46915886790384 4
13 0 0 46915886788440 4
297 1 0 46915886790312 4
13 0 0 46915886788456 4
296 0 0 46915886788192 4
291 1 0 46915886788192 4
3 0 0 46915886788288 4
297 1 0 46915886788288 4
3 0 0 46915886788224 4
297 1 0 46915886788224 4
3 0 0 46915886788240 4
297 1 0 46915886788240 4
3 0 0 46915886788352 4
297 1 0 46915886788352 4
3 0 0 46915886788336 4
267 1 0 46915886788336 4
3 0 0 46915886788432 4
297 1 0 46915886788432 4
3 0 0 46915886788208 4
297 1 0 46915886788208 4
3 0 0 46915886788320 4
304 0 0 46915886788384 4
293 0 0 46915886790296 4
300 0 0 46915886790232 4
300 0 0 46915886790224 4
300 0 0 46915886790112 4
311 0 0 46915886788368 4
299 0 0 46915886788304 4
300 0 0 46915886788448 4
290 0 0 46915884578896 4
300 0 0 46915884578888 4
300 0 0 46915884578904 4
300 1 0 46915886787520 4
5 0 0 46915884578920 4
295 0 0 46915884578912 4
300 0 0 46915884578928 4
300 1 0 46915886787776 4
5 0 0 46915884578944 4
295 0 0 46915884578936 4
300 0 0 46915884578952 4
200 1 0 46915886787784 4
5 0 0 46915884578968 4
295 0 0 46915884578960 4
220 0 0 46915884578976 4
180 1 0 46915886787792 4
5 0 0 46915884578992 4
225 0 0 46915884578984 4
190 0 0 46915884579000 4
190 1 0 46915886787800 4
5 0 0 46915884579016 4
195 0 0 46915884579008 4
210 0 0 46915884579024 4
200 1 0 46915886787808 4
5 0 0 46915884579040 4
195 0 0 46915884579032 4
117 0 0 46915884579048 4
163 1 0 46915886787816 4
5 0 0 46915884579064 4
195 0 0 46915884579056 4
127 0 0 46915884579072 4
188 1 0 46915886787824 4
5 0 0 46915884579088 4
180 0 0 46915884579080 4
127 0 0 46915884579096 4
111 1 0 46915886787832 4
5 0 0 46915884579112 4
111 0 0 46915884579104 4
111 0 0 46915884579120 4
129 1 0 46915886788536 4
5 0 0 46915884579136 4
111 0 0 46915884579128 4
138 0 0 46915884579144 4
111 1 0 46915886788544 4
5 0 0 46915884579160 4
111 0 0 46915884579152 4
125 0 0 46915884579168 4
180 1 0 46915886791416 4
8 0 0 46915884579184 4
192 0 0 46915884579176 4
280 0 0 46915884578192 4
289 0 0 46915884579192 4
251 1 0 46915886788552 4
2 0 0 46915884579208 4
288 0 0 46915884579200 4
301 0 0 46915884577808 4
289 0 0 46915884579216 4
269 1 0 46915886788560 4
2 0 0 46915884579232 4
298 0 0 46915884579224 4
262 0 0 46915884577880 4
279 0 0 46915884579240 4
300 1 0 46915886788608 4
2 0 0 46915884579256 4
298 0 0 46915884579248 4
301 0 0 46915884578144 4
289 0 0 46915884579264 4
269 1 0 46915886788616 4
2 0 0 46915884579280 4
298 0 0 46915884579272 4
311 0 0 46915884577928 4
289 0 0 46915884579288 4
300 1 0 46915886788624 4
2 0 0 46915884579304 4
298 0 0 46915884579296 4
311 0 0 46915884577760 4
289 0 0 46915884579312 4
300 1 0 46915886788632 4
2 0 0 46915884579328 4
298 0 0 46915884579320 4
311 0 0 46915884577736 4
289 0 0 46915884579336 4
300 1 0 46915886788640 4
2 0 0 46915886790716 4
249 1 0 46915886790716 4
1 0 0 46915886787752 4
289 1 0 46915886787752 4
3 1 0 46915886787752 4
84 1 0 140734099875416 4
10 0 0 46915884577360 4
262 1 0 46915886790676 4
2 0 0 46915884577368 4
298 0 0 46915884577364 4
300 1 0 46915886790680 4
5 0 0 46915884577372 4
295 1 0 46915886790688 4
3 1 0 46915886790684 4
7 1 0 46915886790696 4
2 1 0 46915886790704 4
9 1 0 46915886789968 4
4 1 0 46915886790760 4
2 1 0 46915886790768 4
4 1 0 46915886790776 4
2 1 0 46915886788152 4
8 1 0 46915886789880 4
2 1 0 140734099875416 4
2 1 0 140734099875408 4
2 1 0 140734099875400 4
3 1 0 140734099875392 4
2 1 0 140734099875384 4
2 1 0 46915886788152 4
3 0 0 140734099875472 4
284 1 0 46915886787528 4
3 1 0 46915886788040 4
2 1 0 46915886791728 4
5 0 0 140734099875544 4
249 0 0 140734099875552 4
251 0 0 140734099875560 4
280 0 0 140734099875568 4
300 0 0 140734099875576 4
220 0 0 140734099875584 4
249 0 0 140734099875592 4
251 0 0 140734099875600 4
280 0 0 140734099875608 4
220 0 0 140734099875616 4
249 0 0 140734099875624 4
251 0 0 140734099875632 4
280 0 0 140734099875640 4
300 0 0 140734099875648 4
269 0 0 140734099875656 4
251 0 0 140734099875664 4
290 0 0 140734099875672 4
290 0 0 140734099875680 4
269 0 0 140734099875688 4
300 0 0 140734099875696 4
251 0 0 140734099875704 4
249 0 0 140734099875712 4
251 0 0 140734099875720 4
280 0 0 140734099875728 4
300 0 0 140734099875736 4
269 0 0 140734099875744 4
241 0 0 140734099875752 4
259 0 0 140734099875760 4
251 0 0 140734099875768 4
249 0 0 140734099875776 4
251 0 0 140734099875784 4
249 0 0 140734099875792 4
251 0 0 140734099875800 4
280 0 0 140734099875808 4
269 0 0 140734099875816 4
241 0 0 140734099875824 4
210 0 0 140734099875832 4
290 0 0 140734099875840 4
259 0 0 140734099875848 4
251 0 0 140734099875856 4
290 0 0 140734099875864 4
290 0 0 140734099875872 4
300 0 0 140734099875880 4
300 0 0 140734099875888 4
269 0 0 140734099875896 4
241 0 0 140734099875904 4
259 0 0 140734099875912 4
300 0 0 140734099875920 4
251 0 0 140734099875928 4
280 0 0 140734099875936 4
300 0 0 140734099875944 4
220 0 0 140734099875952 4
249 0 0 140734099875960 4
241 0 0 140734099875968 4
210 0 0 140734099875976 4
180 0 0 140734099875984 4
300 0 0 140734099875992 4
269 0 0 140734099876000 4
241 0 0 140734099876008 4
259 0 0 140734099876016 4
251 0 0 140734099876024 4
280 0 0 140734099876032 4
269 0 0 140734099876040 4
251 0 0 140734099876048 4
280 0 0 140734099876056 4
269 0 0 140734099876064 4
241 0 0 140734099876072 4
210 0 0 140734099876080 4
249 0 0 140734099876088 4
241 0 0 140734099876096 4
259 0 0 140734099876104 4
241 0 0 140734099876112 4
210 0 0 140734099876120 4
190 0 0 140734099876128 4
200 0 0 140734099876136 4
190 0 0 140734099876144 4
200 0 0 140734099876152 4
200 0 0 140734099876160 4
210 0 0 140734099876168 4
210 0 0 140734099876176 4
200 0 0 140734099876184 4
249 0 0 140734099876192 4
241 0 0 140734099876200 4
200 0 0 140734099876208 4
190 0 0 140734099876216 4
169 0 0 140734099876224 4
231 0 0 140734099876232 4
200 0 0 140734099876240 4
120 0 0 140734099876248 4
149 0 0 140734099876256 4
141 0 0 140734099876264 4
111 0 0 140734099876272 4
179 0 0 140734099876280 4
170 0 0 140734099876288 4
179 0 0 140734099876296 4
121 0 0 140734099876304 4
130 0 0 140734099876312 4
166 0 0 140734099876320 4
111 0 0 140734099876328 4
115 0 0 140734099876336 4
111 0 0 140734099876344 4
130 0 0 140734099876352 4
111 0 0 140734099876360 4
111 0 0 140734099876368 4
111 0 0 140734099876376 4
111 0 0 140734099876384 4
111 0 0 140734099876392 4
114 0 0 140734099876400 4
118 0 0 140734099876408 4
116 0 0 140734099876416 4
113 1 0 46915886787560 4
4 1 0 46915886788160 4
4 1 0 140734099875376 4
3 0 0 140734099876424 4
111 0 0 46915884667124 4
