1 0 0 7697713881664 4
0 1 0 7697713880304 4
0 1 0 7697713880312 4
0 1 0 7697713880312 4
2 1 0 7697713880312 4
0 1 0 7697713880288 4
2 1 0 7697713880216 4
0 1 0 504450070985363216 4
0 1 0 504450070985363088 4
2 1 0 7697713880304 4
0 1 0 7697713880304 4
0 1 0 504450070985363344 4
2 1 0 7697713880312 4
0 1 0 7697713880304 4
1 1 0 7697713880296 4
2 1 0 504450070985362960 4
0 1 0 7697713880216 4
220 0 0 7697713881672 4
300 1 0 7697713881672 4
2 1 0 7697713881664 4
2 1 0 7697713881656 4
2 1 0 7697713881400 4
3 1 0 7697713884464 4
6 0 0 504450074483684096 4
285 0 0 7697713883472 4
300 0 0 504450074483666912 4
300 1 0 7697713883352 4
11 0 0 7697713884452 4
289 1 0 7697713881608 4
3 1 0 7697713881616 4
2 1 0 7697713881384 4
3 0 0 504450074483667032 4
292 1 0 7697713881536 4
4 0 0 7697713883520 4
296 1 0 7697713881544 4
3 1 0 7697713881552 4
2 1 0 7697713881560 4
2 1 0 7697713881568 4
2 1 0 7697713881576 4
5 1 0 7697713881584 4
7 1 0 7697713881592 4
3 1 0 7697713881376 4
4 1 0 7697713881600 4
10 1 0 7697713883664 4
8 0 0 7697713884451 4
254 0 0 7697713884504 4
300 0 0 7697713884496 4
300 1 0 7697713881384 4
1 1 0 7697713881376 4
2 1 0 7697713881368 4
2 1 0 7697713881360 4
2 1 0 7697713881352 4
2 0 0 30071111896 4
291 0 0 30071111892 4
300 0 0 504543892365370600 4
300 0 0 30071111936 4
300 0 0 30071111888 4
300 0 0 30071117552 4
300 0 0 30071117544 4
300 0 0 30071117536 4
300 0 0 30071117520 4
300 0 0 30071117528 4
300 0 0 30071117512 4
300 0 0 30071117504 4
300 0 0 30071117496 4
300 0 0 30071117488 4
300 0 0 30071117480 4
300 1 0 7697713881296 4
2 1 0 7697713881312 4
3 1 0 7697713881304 4
2 1 0 7697713881288 4
2 1 0 7697713881280 4
2 1 0 7697713881272 4
4 1 0 7697713881264 4
2 1 0 7697713881256 4
2 1 0 7697713881248 4
2 1 0 7697713881240 4
2 1 0 7697713880968 4
3 1 0 7697713880992 4
2 1 0 7697713880956 4
2 1 0 7697713880952 4
3 1 0 7697713880976 4
2 1 0 7697713880984 4
3 1 0 7697713880960 4
3 1 0 7697713880936 4
2 1 0 7697713880944 4
2 1 0 7697713880928 4
2 1 0 7697713881224 4
2 1 0 7697713881072 4
4 1 0 7697713881000 4
3 1 0 7697713881064 4
3 0 0 30069009448 4
251 1 0 7697713881012 4
7 1 0 7697713880600 4
6 1 0 7697713880592 4
2 1 0 7697713880584 4
3 1 0 7697713880576 4
2 1 0 7697713880568 4
2 1 0 7697713880560 4
3 1 0 7697713880552 4
5 1 0 7697713880536 4
6 0 0 30071111736 4
254 1 0 7697713880520 4
2 1 0 7697713880512 4
2 1 0 7697713880528 4
3 0 0 504450074487094800 4
293 0 0 504450074487096536 4
304 0 0 504450074487094592 4
296 0 0 7697713883392 4
300 1 0 7697713880504 4
6 1 0 7697713880496 4
2 1 0 7697713880488 4
4 0 0 504450074487115504 4
288 0 0 504450074487101792 4
300 1 0 504450074487101792 4
1 0 0 504450074487103952 4
293 0 0 504450070851092512 4
296 1 0 504450070851092512 4
11 1 0 7697713883392 4
10 1 0 7697713880504 4
8 1 0 7697713880496 4
2 1 0 7697713880488 4
2 1 0 7697713880480 4
2 1 0 7697713880472 4
3 1 0 7697713880464 4
2 1 0 7697713880456 4
2 1 0 7697713880392 4
7 0 0 504450074487104080 4
261 1 0 7697713880404 4
7 0 0 504450070851092728 4
293 1 0 7697713880384 4
9 1 0 7697713880380 4
2 0 0 504450070851092632 4
295 0 0 504450070851094656 4
294 0 0 504450070851094660 4
300 0 0 504450070851094664 4
300 0 0 504450070851094668 4
300 0 0 504450070851092608 4
302 0 0 504450070851139048 4
208 1 0 7697713880424 4
2 1 0 7697713880432 4
4 1 0 504450070851092608 4
9 1 0 504450070851139048 4
9 1 0 7697713880432 4
3 1 0 7697713880432 4
3 1 0 504450070851139160 4
2 0 0 504450074487104088 4
284 1 0 504450070851092512 4
13 1 0 7697713880544 4
11 1 0 7697713880536 4
6 1 0 7697713880520 4
2 1 0 7697713880512 4
2 1 0 7697713880528 4
25 1 0 504450070851092512 4
1 1 0 7697713880504 4
11 1 0 7697713880496 4
2 1 0 7697713880488 4
2 1 0 7697713880480 4
2 1 0 7697713880472 4
3 1 0 7697713880464 4
2 1 0 7697713880456 4
2 1 0 7697713880392 4
15 1 0 7697713880404 4
18 0 0 504450070851092516 4
167 1 0 7697713880384 4
7 1 0 7697713880380 4
12 0 0 504450070851094416 4
288 1 0 7697713880424 4
2 1 0 7697713880432 4
4 1 0 504450070851092608 4
9 1 0 504450070851139160 4
9 1 0 7697713880432 4
3 1 0 7697713880432 4
3 1 0 504450070851154664 4
30 1 0 504450070851092512 4
13 1 0 504450070851139064 4
5 1 0 504450070851139064 4
26 0 0 504450070851139224 4
269 0 0 504450070851139232 4
220 1 0 504450070851139072 4
5 1 0 504450070851139080 4
5 1 0 504450070851139088 4
4 1 0 504450070851139096 4
3 1 0 504450070851139104 4
3 1 0 504450070851139112 4
3 1 0 504450070851139120 4
3 1 0 504450070851139128 4
16 1 0 504450070851139136 4
12 1 0 504450070851139144 4
22 1 0 7697713881088 4
4 1 0 7697713880600 4
2 1 0 7697713880592 4
3 1 0 7697713880584 4
6 1 0 7697713880568 4
2 1 0 7697713880560 4
2 1 0 7697713880576 4
25 1 0 504450070851092512 4
1 1 0 7697713880552 4
11 1 0 7697713880544 4
2 1 0 7697713880536 4
2 1 0 7697713880528 4
2 1 0 7697713880520 4
3 1 0 7697713880512 4
2 1 0 7697713880504 4
2 1 0 7697713880440 4
15 1 0 7697713880452 4
12 1 0 7697713880432 4
9 1 0 7697713880428 4
59 1 0 7697713880472 4
2 1 0 7697713880480 4
4 1 0 504450070851092608 4
9 1 0 504450070851154664 4
9 1 0 7697713880480 4
3 1 0 7697713880480 4
3 1 0 504450070851154776 4
30 1 0 504450070851092512 4
27 1 0 7697713881096 4
3 1 0 7697713880600 4
8 1 0 7697713880592 4
2 1 0 7697713880584 4
3 1 0 7697713880576 4
2 1 0 7697713880568 4
2 1 0 7697713880560 4
3 1 0 7697713880552 4
5 1 0 7697713880536 4
8 1 0 7697713880520 4
2 1 0 7697713880512 4
2 1 0 7697713880528 4
25 1 0 504450070851092512 4
1 1 0 7697713880504 4
11 1 0 7697713880496 4
2 1 0 7697713880488 4
2 1 0 7697713880480 4
2 1 0 7697713880472 4
3 1 0 7697713880464 4
2 1 0 7697713880456 4
2 1 0 7697713880392 4
15 0 0 504450070851092552 4
168 1 0 7697713880404 4
8 0 0 504450070851092664 4
182 1 0 7697713880384 4
9 1 0 7697713880380 4
59 1 0 7697713880424 4
2 1 0 7697713880432 4
4 1 0 504450070851092608 4
9 1 0 504450070851154776 4
9 1 0 7697713880432 4
3 1 0 7697713880432 4
3 1 0 504450070851154824 4
30 1 0 504450070851092512 4
13 1 0 7697713880544 4
11 1 0 7697713880536 4
6 1 0 7697713880520 4
2 1 0 7697713880512 4
2 1 0 7697713880528 4
25 1 0 504450070851092512 4
1 1 0 7697713880504 4
11 1 0 7697713880496 4
2 1 0 7697713880488 4
2 1 0 7697713880480 4
2 1 0 7697713880472 4
3 1 0 7697713880464 4
2 1 0 7697713880456 4
2 1 0 7697713880392 4
15 1 0 7697713880404 4
7 0 0 504450070851092872 4
246 1 0 7697713880384 4
9 1 0 7697713880380 4
59 1 0 7697713880424 4
2 1 0 7697713880432 4
4 1 0 504450070851092608 4
9 1 0 504450070851154824 4
9 1 0 7697713880432 4
3 1 0 7697713880432 4
3 1 0 504450070851155080 4
30 1 0 504450070851092512 4
13 1 0 504450070851154792 4
5 1 0 504450070851154792 4
25 1 0 504450070851154800 4
12 1 0 504450070851154808 4
22 1 0 7697713881104 4
4 1 0 7697713880600 4
2 1 0 7697713880592 4
3 1 0 7697713880584 4
6 1 0 7697713880568 4
2 1 0 7697713880560 4
2 1 0 7697713880576 4
25 1 0 504450070851092512 4
1 1 0 7697713880552 4
11 1 0 7697713880544 4
2 1 0 7697713880536 4
2 1 0 7697713880528 4
2 1 0 7697713880520 4
3 1 0 7697713880512 4
2 1 0 7697713880504 4
2 1 0 7697713880440 4
15 1 0 7697713880452 4
7 0 0 504450070851092712 4
141 1 0 7697713880432 4
9 1 0 7697713880428 4
