1 0 0 3299642192448 4
0 1 0 3299642191000 4
0 1 0 216219695034952104 4
2 1 0 3299642191000 4
0 1 0 3299642191080 4
2 1 0 3299642191088 4
1 1 0 3299642191080 4
1 1 0 3299642191072 4
1 1 0 3299642191000 4
1 1 0 3299642191000 4
2 1 0 3299642191072 4
0 1 0 3299642191096 4
121 0 0 3299642192456 4
300 1 0 3299642192456 4
2 1 0 3299642192448 4
2 1 0 3299642192440 4
2 1 0 3299642192184 4
3 1 0 3299642195248 4
6 0 0 216219698331972352 4
285 0 0 3299642194256 4
300 0 0 216219698331955168 4
300 1 0 3299642194136 4
11 0 0 3299642195236 4
289 1 0 3299642192392 4
3 1 0 3299642192400 4
2 1 0 3299642192168 4
3 0 0 216219698331955288 4
292 1 0 3299642192320 4
4 0 0 3299642194304 4
296 1 0 3299642192328 4
3 1 0 3299642192336 4
2 1 0 3299642192344 4
2 1 0 3299642192352 4
2 1 0 3299642192360 4
5 1 0 3299642192368 4
7 1 0 3299642192376 4
3 1 0 3299642192160 4
4 1 0 3299642192384 4
10 1 0 3299642194448 4
8 0 0 3299642195235 4
254 0 0 3299642195288 4
290 0 0 3299642195280 4
300 1 0 3299642192168 4
1 1 0 3299642192160 4
2 1 0 3299642192152 4
2 1 0 3299642192144 4
2 1 0 3299642192136 4
2 0 0 12891242712 4
291 0 0 12891242708 4
300 0 0 216313516213658844 4
300 0 0 12891242752 4
300 0 0 12891242704 4
300 0 0 12891247744 4
300 0 0 12891247736 4
300 0 0 12891247728 4
300 0 0 12891247712 4
300 0 0 12891247720 4
300 0 0 12891247704 4
300 0 0 12891247696 4
300 0 0 12891247688 4
300 0 0 12891247680 4
300 0 0 12891247672 4
300 1 0 3299642192080 4
2 1 0 3299642192096 4
3 1 0 3299642192088 4
2 1 0 3299642192072 4
2 1 0 3299642192064 4
2 1 0 3299642192056 4
4 1 0 3299642192048 4
2 1 0 3299642192040 4
2 1 0 3299642192032 4
2 1 0 3299642192024 4
2 1 0 3299642191752 4
3 1 0 3299642191776 4
2 1 0 3299642191740 4
2 1 0 3299642191736 4
3 1 0 3299642191760 4
2 1 0 3299642191768 4
3 1 0 3299642191744 4
3 1 0 3299642191720 4
2 1 0 3299642191728 4
2 1 0 3299642191712 4
2 1 0 3299642192008 4
2 1 0 3299642191856 4
4 1 0 3299642191784 4
3 1 0 3299642191848 4
3 0 0 12889140264 4
261 1 0 3299642191796 4
7 1 0 3299642191384 4
6 1 0 3299642191376 4
2 1 0 3299642191368 4
3 1 0 3299642191360 4
2 1 0 3299642191352 4
2 1 0 3299642191344 4
3 1 0 3299642191336 4
5 1 0 3299642191320 4
6 0 0 12891242552 4
254 1 0 3299642191304 4
2 1 0 3299642191296 4
2 1 0 3299642191312 4
3 0 0 216219698335383056 4
283 0 0 216219698335384792 4
304 0 0 216219698335382848 4
296 0 0 3299642194176 4
300 1 0 3299642191288 4
6 1 0 3299642191280 4
2 1 0 3299642191272 4
4 0 0 216219698335403760 4
298 0 0 216219698335390048 4
300 1 0 216219698335390048 4
1 0 0 216219698335392208 4
296 0 0 216219698335392348 4
293 1 0 216219698335392348 4
11 1 0 216219698335392348 4
1 1 0 3299642191128 4
5 1 0 3299642191120 4
2 1 0 3299642191112 4
10 1 0 216219698335392348 4
8 1 0 216219698335392348 4
21 1 0 216219698335390048 4
12 1 0 216219698335392348 4
1 1 0 3299642191128 4
5 1 0 3299642191120 4
2 1 0 3299642191112 4
2 1 0 216219698335392348 4
19 1 0 3299642194176 4
10 1 0 3299642191288 4
8 1 0 3299642191280 4
2 1 0 3299642191272 4
2 1 0 3299642191264 4
2 1 0 3299642191256 4
3 1 0 3299642191248 4
2 1 0 3299642191240 4
2 1 0 3299642191176 4
7 0 0 216219698335392336 4
253 1 0 3299642191188 4
7 0 0 216219698335390264 4
293 1 0 3299642191168 4
9 1 0 3299642191164 4
2 0 0 216219698335390168 4
295 0 0 216219698335392192 4
294 0 0 216219698335392196 4
300 0 0 216219698335392200 4
300 0 0 216219698335392204 4
300 0 0 216219698335390144 4
302 0 0 12891334184 4
208 1 0 3299642191208 4
2 1 0 3299642191216 4
4 1 0 216219698335390144 4
9 1 0 12891334184 4
9 1 0 3299642191216 4
3 1 0 3299642191216 4
3 1 0 12891334296 4
2 0 0 216219698335392344 4
284 1 0 216219698335390048 4
13 1 0 3299642191328 4
11 1 0 3299642191320 4
6 1 0 3299642191304 4
2 1 0 3299642191296 4
2 1 0 3299642191312 4
25 1 0 216219698335390048 4
1 1 0 3299642191288 4
11 1 0 3299642191280 4
2 1 0 3299642191272 4
2 1 0 3299642191264 4
2 1 0 3299642191256 4
3 1 0 3299642191248 4
2 1 0 3299642191240 4
2 1 0 3299642191176 4
15 1 0 3299642191188 4
18 0 0 216219698335390052 4
167 1 0 3299642191168 4
7 1 0 3299642191164 4
12 0 0 216219698335391952 4
218 1 0 3299642191208 4
2 1 0 3299642191216 4
4 1 0 216219698335390144 4
9 1 0 12891334296 4
9 1 0 3299642191216 4
3 1 0 3299642191216 4
3 1 0 12891349800 4
30 1 0 216219698335390048 4
13 1 0 12891334200 4
5 1 0 12891334200 4
26 0 0 12891334360 4
259 0 0 12891334368 4
120 1 0 12891334208 4
5 1 0 12891334216 4
5 1 0 12891334224 4
4 1 0 12891334232 4
3 1 0 12891334240 4
3 1 0 12891334248 4
3 1 0 12891334256 4
3 1 0 12891334264 4
16 1 0 12891334272 4
12 1 0 12891334280 4
22 1 0 3299642191872 4
4 1 0 3299642191384 4
2 1 0 3299642191376 4
3 1 0 3299642191368 4
6 1 0 3299642191352 4
2 1 0 3299642191344 4
2 1 0 3299642191360 4
25 1 0 216219698335390048 4
1 1 0 3299642191336 4
11 1 0 3299642191328 4
2 1 0 3299642191320 4
2 1 0 3299642191312 4
2 1 0 3299642191304 4
3 1 0 3299642191296 4
2 1 0 3299642191288 4
2 1 0 3299642191224 4
15 1 0 3299642191236 4
12 1 0 3299642191216 4
9 1 0 3299642191212 4
59 1 0 3299642191256 4
2 1 0 3299642191264 4
4 1 0 216219698335390144 4
9 1 0 12891349800 4
9 1 0 3299642191264 4
3 1 0 3299642191264 4
3 1 0 12891349912 4
30 1 0 216219698335390048 4
27 1 0 3299642191880 4
3 1 0 3299642191384 4
8 1 0 3299642191376 4
2 1 0 3299642191368 4
3 1 0 3299642191360 4
2 1 0 3299642191352 4
2 1 0 3299642191344 4
3 1 0 3299642191336 4
5 1 0 3299642191320 4
8 1 0 3299642191304 4
2 1 0 3299642191296 4
2 1 0 3299642191312 4
25 1 0 216219698335390048 4
1 1 0 3299642191288 4
11 1 0 3299642191280 4
2 1 0 3299642191272 4
2 1 0 3299642191264 4
2 1 0 3299642191256 4
3 1 0 3299642191248 4
2 1 0 3299642191240 4
2 1 0 3299642191176 4
15 0 0 216219698335390088 4
158 1 0 3299642191188 4
8 0 0 216219698335390200 4
172 1 0 3299642191168 4
9 1 0 3299642191164 4
59 1 0 3299642191208 4
2 1 0 3299642191216 4
4 1 0 216219698335390144 4
9 1 0 12891349912 4
9 1 0 3299642191216 4
3 1 0 3299642191216 4
3 1 0 12891349960 4
30 1 0 216219698335390048 4
13 1 0 3299642191328 4
11 1 0 3299642191320 4
6 1 0 3299642191304 4
2 1 0 3299642191296 4
2 1 0 3299642191312 4
25 1 0 216219698335390048 4
1 1 0 3299642191288 4
11 1 0 3299642191280 4
2 1 0 3299642191272 4
2 1 0 3299642191264 4
2 1 0 3299642191256 4
3 1 0 3299642191248 4
2 1 0 3299642191240 4
2 1 0 3299642191176 4
15 1 0 3299642191188 4
7 0 0 216219698335390408 4
186 1 0 3299642191168 4
9 1 0 3299642191164 4
59 1 0 3299642191208 4
2 1 0 3299642191216 4
4 1 0 216219698335390144 4
9 1 0 12891349960 4
9 1 0 3299642191216 4
3 1 0 3299642191216 4
3 1 0 12891350216 4
30 1 0 216219698335390048 4
13 1 0 12891349928 4
5 1 0 12891349928 4
25 1 0 12891349936 4
12 1 0 12891349944 4
22 1 0 3299642191888 4
4 1 0 3299642191384 4
2 1 0 3299642191376 4
3 1 0 3299642191368 4
6 1 0 3299642191352 4
2 1 0 3299642191344 4
2 1 0 3299642191360 4
25 1 0 216219698335390048 4
1 1 0 3299642191336 4
11 1 0 3299642191328 4
2 1 0 3299642191320 4
2 1 0 3299642191312 4
2 1 0 3299642191304 4
