1 0 0 18692794524240 4
331 0 0 18692794524248 4
300 1 0 18692794524248 4
2 1 0 18692794524240 4
2 1 0 18692794524232 4
2 1 0 18692794523976 4
3 1 0 18692794527024 4
6 0 0 1225027054190113536 4
295 0 0 18692794526032 4
300 0 0 1225027054190096352 4
300 1 0 18692794525928 4
11 0 0 18692794527012 4
279 1 0 18692794524184 4
3 1 0 18692794524192 4
2 1 0 18692794523960 4
3 0 0 1225027054190096472 4
292 1 0 18692794524112 4
4 0 0 18692794526080 4
296 1 0 18692794524120 4
3 1 0 18692794524128 4
2 1 0 18692794524136 4
2 1 0 18692794524144 4
2 1 0 18692794524152 4
5 1 0 18692794524160 4
7 1 0 18692794524168 4
3 1 0 18692794523952 4
4 1 0 18692794524176 4
10 1 0 18692794526224 4
8 0 0 18692794527011 4
264 0 0 18692794527064 4
300 0 0 18692794527056 4
300 1 0 18692794523960 4
1 1 0 18692794523952 4
2 1 0 18692794523944 4
2 0 0 73023650624 4
295 0 0 73023650712 4
300 0 0 73023419464 4
300 1 0 18692794523928 4
1 0 0 73024085024 4
299 0 0 73023357080 4
300 1 0 18692794523896 4
2 1 0 18692794523912 4
2 1 0 18692794523904 4
3 1 0 18692794523920 4
2 0 0 18692794526048 4
291 0 0 1225027054190097024 4
300 1 0 18692794527008 4
7 1 0 18692794526248 4
3 1 0 18692794526240 4
16 0 0 73023419336 4
274 0 0 73023419368 4
300 1 0 18692794523928 4
5 0 0 73023358352 4
295 1 0 18692794523920 4
2 1 0 18692794523912 4
2 1 0 18692794523904 4
2 1 0 18692794523896 4
2 1 0 18692794523888 4
2 0 0 18692794526176 4
290 0 0 73023650680 4
300 0 0 1225027054187974000 4
300 0 0 73023650664 4
300 1 0 73023650664 4
1 0 0 73023650672 4
299 0 0 73023650676 4
300 1 0 73023650676 4
1 1 0 73023650672 4
21 0 0 73023419384 4
278 1 0 18692794523928 4
5 0 0 73023358472 4
299 0 0 1225027054187974952 4
296 1 0 73023650672 4
8 1 0 73023650676 4
3 1 0 73023650664 4
5 0 0 73024276840 4
284 0 0 73024276832 4
300 1 0 18692794523928 4
1 1 0 18692794523920 4
2 1 0 18692794523912 4
2 1 0 18692794523904 4
2 1 0 18692794523896 4
2 1 0 18692794523888 4
5 0 0 73024276456 4
286 0 0 73024276448 4
300 1 0 18692794523880 4
4 1 0 18692794523872 4
2 0 0 73024276736 4
294 0 0 73024119880 4
302 1 0 18692794523864 4
3 1 0 18692794523856 4
2 1 0 18692794523848 4
2 1 0 18692794523840 4
2 1 0 18692794523832 4
2 1 0 18692794523824 4
5 0 0 73024120032 4
288 0 0 73024120016 4
294 1 0 73024120016 4
1 0 0 73024120024 4
299 0 0 73024120028 4
300 1 0 73024120028 4
1 1 0 73024120024 4
15 0 0 73024276792 4
284 0 0 73024276808 4
300 1 0 18692794523864 4
4 1 0 18692794523848 4
2 1 0 18692794523856 4
9 0 0 73023419456 4
285 1 0 18692794523832 4
5 0 0 73023356976 4
295 1 0 18692794523824 4
39 1 0 73024276792 4
26 1 0 73024120024 4
8 1 0 73024120028 4
3 1 0 73024120016 4
7 1 0 18692794523880 4
5 1 0 18692794523872 4
2 1 0 18692794523864 4
6 0 0 73024276488 4
206 1 0 18692794523848 4
3 1 0 18692794523840 4
2 1 0 18692794523832 4
2 1 0 18692794523824 4
2 1 0 18692794523816 4
2 1 0 18692794523808 4
5 0 0 73024276640 4
288 0 0 73024276624 4
294 1 0 73024276624 4
1 0 0 73024276632 4
299 0 0 73024276636 4
300 1 0 73024276636 4
1 1 0 73024276632 4
15 0 0 73024276480 4
289 1 0 73024276480 4
8 1 0 18692794523848 4
14 1 0 73024276632 4
8 1 0 73024276636 4
3 1 0 73024276624 4
13 0 0 73024276504 4
249 0 0 73024276464 4
300 1 0 18692794523880 4
2 1 0 18692794523864 4
2 1 0 18692794523872 4
11 1 0 18692794523848 4
8 1 0 18692794523840 4
41 0 0 73024268584 4
236 0 0 73024276536 4
290 0 0 73024276512 4
300 0 0 73024276540 4
282 1 0 18692794523880 4
2 1 0 18692794523840 4
2 1 0 18692794523848 4
2 1 0 18692794523856 4
3 1 0 18692794523864 4
2 1 0 18692794523872 4
3 1 0 18692794523832 4
5 0 0 73024119768 4
299 0 0 73024278480 4
300 0 0 73024278448 4
300 0 0 73024119696 4
292 0 0 73024119688 4
300 1 0 18692794523812 4
3 1 0 18692794523808 4
2 0 0 73024119680 4
293 1 0 18692794523816 4
3 0 0 73024119684 4
287 1 0 18692794523820 4
2 1 0 18692794523656 4
5 0 0 73024276520 4
295 0 0 73024276524 4
208 0 0 73024276528 4
302 1 0 18692794523776 4
2 1 0 18692794523780 4
2 0 0 73024276532 4
296 1 0 18692794523784 4
2 1 0 18692794523788 4
17 1 0 18692794523792 4
3 1 0 18692794523796 4
7 1 0 18692794523800 4
5 1 0 18692794523804 4
2 1 0 18692794523656 4
2 0 0 73024278456 4
272 0 0 73024278460 4
290 0 0 73024278464 4
300 0 0 73024278468 4
295 1 0 18692794523656 4
26 1 0 18692794523760 4
2 1 0 18692794523764 4
11 1 0 18692794523768 4
2 1 0 18692794523772 4
24 1 0 18692794523756 4
2 1 0 18692794523752 4
4 1 0 18692794523744 4
2 1 0 18692794523748 4
6 1 0 18692794523656 4
13 0 0 73024119772 4
231 1 0 18692794523656 4
13 1 0 18692794523608 4
2 1 0 18692794523616 4
2 1 0 18692794523624 4
3 1 0 18692794523632 4
2 1 0 18692794523640 4
3 1 0 18692794523648 4
5 0 0 73024119848 4
270 1 0 18692794523544 4
3 1 0 18692794523496 4
2 1 0 18692794523512 4
2 1 0 18692794523520 4
3 1 0 18692794523528 4
2 1 0 18692794523536 4
3 1 0 18692794523504 4
13 0 0 73024119692 4
274 1 0 18692794523400 4
4 1 0 18692794523384 4
2 1 0 18692794523392 4
11 1 0 18692794523368 4
8 1 0 18692794523360 4
46 1 0 18692794523476 4
2 1 0 18692794523472 4
5 1 0 18692794523480 4
6 1 0 18692794523484 4
2 1 0 18692794523400 4
20 1 0 18692794523440 4
2 1 0 18692794523444 4
11 1 0 18692794523448 4
2 1 0 18692794523452 4
20 1 0 18692794523464 4
3 1 0 18692794523468 4
4 1 0 18692794523456 4
2 1 0 18692794523460 4
5 1 0 18692794523400 4
29 1 0 18692794523400 4
25 1 0 18692794523424 4
2 1 0 18692794523428 4
11 1 0 18692794523432 4
2 1 0 18692794523436 4
25 1 0 18692794523408 4
2 1 0 18692794523412 4
2 1 0 18692794523416 4
2 1 0 18692794523420 4
2 1 0 18692794523400 4
13 0 0 73024276800 4
238 0 0 73024278488 4
296 1 0 73024276744 4
2 1 0 73024276752 4
4 1 0 73024276776 4
6 1 0 73024276760 4
11 1 0 73024276768 4
28 1 0 18692794523568 4
2 1 0 18692794523544 4
2 1 0 18692794523536 4
2 1 0 18692794523528 4
2 0 0 73024276784 4
238 0 0 73024119840 4
306 1 0 18692794523512 4
3 1 0 18692794523504 4
2 1 0 18692794523496 4
2 1 0 18692794523488 4
2 1 0 18692794523480 4
2 1 0 18692794523472 4
19 1 0 73024120016 4
8 1 0 73024120028 4
1 1 0 73024120024 4
15 0 0 73024119872 4
237 0 0 73024119864 4
303 1 0 18692794523512 4
1 1 0 18692794523504 4
2 1 0 18692794523496 4
2 1 0 18692794523488 4
3 1 0 18692794523480 4
2 1 0 18692794523472 4
2 1 0 18692794523464 4
3 0 0 73024267152 4
272 1 0 18692794523460 4
5 1 0 18692794523460 4
1 0 0 73024267160 4
278 1 0 18692794523448 4
6 1 0 18692794523424 4
2 1 0 18692794523432 4
2 1 0 18692794523440 4
3 1 0 18692794523416 4
5 0 0 73023357264 4
298 1 0 18692794523400 4
2 1 0 18692794523392 4
2 1 0 18692794523408 4
3 0 0 1225027054204079632 4
293 0 0 1225027054204081368 4
294 0 0 1225027054204079424 4
286 0 0 18692794525968 4
300 1 0 18692794523384 4
6 1 0 18692794523376 4
2 1 0 18692794523368 4
4 0 0 1225027054204100336 4
208 0 0 1225027054204086624 4
200 1 0 1225027054204086624 4
11 1 0 18692794525968 4
10 1 0 18692794523384 4
8 1 0 18692794523376 4
2 1 0 18692794523368 4
2 1 0 18692794523360 4
2 1 0 18692794523352 4
