1 0 0 8797183570512 4
241 0 0 8797183570520 4
300 1 0 8797183570520 4
2 1 0 8797183570512 4
2 1 0 8797183570504 4
2 1 0 8797183570248 4
3 1 0 8797183573296 4
6 0 0 576508707848762112 4
285 0 0 8797183572304 4
300 0 0 576508707848744928 4
300 1 0 8797183572200 4
11 0 0 8797183573284 4
289 1 0 8797183570456 4
3 1 0 8797183570464 4
2 1 0 8797183570232 4
3 0 0 576508707848745048 4
292 1 0 8797183570384 4
4 0 0 8797183572352 4
296 1 0 8797183570392 4
3 1 0 8797183570400 4
2 1 0 8797183570408 4
2 1 0 8797183570416 4
2 1 0 8797183570424 4
5 1 0 8797183570432 4
7 1 0 8797183570440 4
3 1 0 8797183570224 4
4 1 0 8797183570448 4
10 1 0 8797183572496 4
8 0 0 8797183573283 4
254 0 0 8797183573336 4
300 0 0 8797183573328 4
300 1 0 8797183570232 4
1 1 0 8797183570224 4
2 1 0 8797183570216 4
2 0 0 34368944960 4
295 0 0 34368945048 4
300 0 0 34368713800 4
300 1 0 8797183570200 4
1 0 0 34369379360 4
299 0 0 34368651416 4
300 1 0 8797183570168 4
2 1 0 8797183570184 4
2 1 0 8797183570176 4
3 1 0 8797183570192 4
2 0 0 8797183572320 4
291 0 0 576508707848745600 4
300 1 0 8797183573280 4
7 1 0 8797183572520 4
3 1 0 8797183572512 4
16 0 0 34368713672 4
274 0 0 34368713704 4
300 1 0 8797183570200 4
5 0 0 34368652688 4
295 1 0 8797183570192 4
2 1 0 8797183570184 4
2 1 0 8797183570176 4
2 1 0 8797183570168 4
2 1 0 8797183570160 4
2 0 0 8797183572448 4
290 0 0 34368945016 4
300 0 0 576508707846622576 4
300 0 0 34368945000 4
300 1 0 34368945000 4
1 1 0 8797183570024 4
5 1 0 8797183570016 4
2 1 0 8797183570008 4
10 1 0 34368945000 4
8 1 0 34368945000 4
9 0 0 34368945008 4
265 0 0 34368945012 4
300 1 0 34368945012 4
1 1 0 34368945008 4
21 0 0 34368713720 4
278 1 0 8797183570200 4
5 0 0 34368652808 4
299 0 0 576508707846623528 4
296 1 0 34368945008 4
8 1 0 34368945012 4
3 1 0 34368945000 4
1 1 0 8797183570064 4
5 1 0 8797183570056 4
2 1 0 8797183570048 4
2 1 0 34368945000 4
17 0 0 34369568968 4
262 0 0 34369568960 4
300 1 0 8797183570200 4
1 1 0 8797183570192 4
2 1 0 8797183570184 4
2 1 0 8797183570176 4
2 1 0 8797183570168 4
2 1 0 8797183570160 4
5 0 0 34369568584 4
286 0 0 34369568576 4
300 1 0 8797183570152 4
4 1 0 8797183570144 4
2 0 0 34369568864 4
294 0 0 34369414216 4
302 1 0 8797183570136 4
3 1 0 8797183570128 4
2 1 0 8797183570120 4
2 1 0 8797183570112 4
2 1 0 8797183570104 4
2 1 0 8797183570096 4
5 0 0 34369414368 4
288 0 0 34369414352 4
294 1 0 34369414352 4
1 0 0 34369414360 4
299 0 0 34369414364 4
300 1 0 34369414364 4
1 1 0 34369414360 4
15 0 0 34369568920 4
284 0 0 34369568936 4
300 1 0 8797183570136 4
4 1 0 8797183570120 4
2 1 0 8797183570128 4
9 0 0 34368713792 4
285 1 0 8797183570104 4
5 0 0 34368651312 4
295 1 0 8797183570096 4
39 1 0 34369568920 4
26 1 0 34369414360 4
8 1 0 34369414364 4
3 1 0 34369414352 4
7 1 0 8797183570152 4
5 1 0 8797183570144 4
2 1 0 8797183570136 4
6 0 0 34369568616 4
206 1 0 8797183570120 4
3 1 0 8797183570112 4
2 1 0 8797183570104 4
2 1 0 8797183570096 4
2 1 0 8797183570088 4
2 1 0 8797183570080 4
5 0 0 34369568768 4
288 0 0 34369568752 4
294 1 0 34369568752 4
1 0 0 34369568760 4
299 0 0 34369568764 4
300 1 0 34369568764 4
1 1 0 34369568760 4
15 0 0 34369568608 4
292 0 0 34369568624 4
292 0 0 34368713760 4
300 1 0 8797183570120 4
1 0 0 34368652416 4
299 1 0 8797183570112 4
2 0 0 34369568832 4
298 1 0 8797183570056 4
2 1 0 8797183570064 4
2 1 0 34369568832 4
3 0 0 34369568800 4
293 1 0 34369568800 4
4 1 0 8797183570040 4
12 1 0 34369568760 4
8 1 0 34369568752 4
9 0 0 34369568808 4
267 1 0 34369568808 4
1 0 0 34369568804 4
299 1 0 34369568804 4
1 0 0 34369568840 4
299 1 0 34369568840 4
1 1 0 8797183570040 4
5 1 0 8797183570080 4
2 1 0 8797183570088 4
2 0 0 8797183572488 4
290 1 0 8797183570104 4
2 1 0 8797183572488 4
6 0 0 34369568816 4
292 0 0 34369568844 4
300 1 0 8797183570072 4
2 1 0 8797183570052 4
6 1 0 34369568800 4
1 1 0 8797183570040 4
3 0 0 8797183572504 4
295 1 0 8797183572504 4
10 1 0 8797183570048 4
12 1 0 8797183570040 4
13 1 0 8797183572504 4
11 1 0 34369568800 4
4 0 0 34369568824 4
255 1 0 34369568824 4
3 1 0 34369568840 4
6 1 0 34369568800 4
4 1 0 8797183572488 4
4 1 0 8797183570040 4
2 1 0 8797183570032 4
2 1 0 8797183570024 4
2 1 0 8797183570016 4
2 1 0 8797183570008 4
2 1 0 8797183570000 4
7 0 0 576508707846624332 4
260 1 0 34369568752 4
4 1 0 34369568760 4
30 1 0 34369568608 4
8 1 0 8797183570120 4
14 1 0 34369568760 4
8 1 0 34369568764 4
3 1 0 34369568752 4
1 1 0 8797183569984 4
5 1 0 8797183569976 4
2 1 0 8797183569968 4
2 1 0 34369568752 4
25 0 0 34369568632 4
272 0 0 34369568592 4
300 1 0 8797183570152 4
2 1 0 8797183570136 4
2 1 0 8797183570144 4
11 1 0 8797183570120 4
8 1 0 8797183570112 4
41 0 0 34369562920 4
256 0 0 34369568664 4
300 0 0 34369568640 4
300 0 0 34369568668 4
292 1 0 8797183570152 4
2 1 0 8797183570112 4
2 1 0 8797183570120 4
2 1 0 8797183570128 4
3 1 0 8797183570136 4
2 1 0 8797183570144 4
3 1 0 8797183570104 4
5 0 0 34369414104 4
289 0 0 34369572816 4
300 0 0 34369572784 4
300 0 0 34369414032 4
302 0 0 34369414024 4
290 1 0 8797183570084 4
3 1 0 8797183570080 4
2 0 0 34369414016 4
293 1 0 8797183570088 4
3 0 0 34369414020 4
297 1 0 8797183570092 4
2 1 0 8797183569928 4
5 0 0 34369568648 4
295 0 0 34369568652 4
298 0 0 34369568656 4
302 1 0 8797183570048 4
2 1 0 8797183570052 4
2 0 0 34369568660 4
286 1 0 8797183570056 4
2 1 0 8797183570060 4
17 1 0 8797183570064 4
3 1 0 8797183570068 4
7 1 0 8797183570072 4
5 1 0 8797183570076 4
2 1 0 8797183569928 4
2 0 0 34369572792 4
282 0 0 34369572796 4
300 0 0 34369572800 4
300 0 0 34369572804 4
285 1 0 8797183569928 4
26 1 0 8797183570032 4
2 1 0 8797183570036 4
11 1 0 8797183570040 4
2 1 0 8797183570044 4
24 1 0 8797183570028 4
2 1 0 8797183570024 4
4 1 0 8797183570016 4
2 1 0 8797183570020 4
6 1 0 8797183569928 4
13 0 0 34369414108 4
221 1 0 8797183569928 4
13 1 0 8797183569880 4
2 1 0 8797183569888 4
2 1 0 8797183569896 4
3 1 0 8797183569904 4
2 1 0 8797183569912 4
3 1 0 8797183569920 4
5 0 0 34369414184 4
270 1 0 8797183569816 4
3 1 0 8797183569768 4
2 1 0 8797183569784 4
2 1 0 8797183569792 4
3 1 0 8797183569800 4
2 1 0 8797183569808 4
3 1 0 8797183569776 4
13 0 0 34369414028 4
264 1 0 8797183569672 4
4 1 0 8797183569656 4
2 1 0 8797183569664 4
11 1 0 8797183569640 4
8 1 0 8797183569632 4
46 1 0 8797183569748 4
2 1 0 8797183569744 4
5 1 0 8797183569752 4
6 1 0 8797183569756 4
2 1 0 8797183569672 4
20 1 0 8797183569712 4
2 1 0 8797183569716 4
11 1 0 8797183569720 4
2 1 0 8797183569724 4
20 1 0 8797183569736 4
3 1 0 8797183569740 4
4 1 0 8797183569728 4
2 1 0 8797183569732 4
5 1 0 8797183569672 4
29 1 0 8797183569672 4
25 1 0 8797183569696 4
2 1 0 8797183569700 4
11 1 0 8797183569704 4
2 1 0 8797183569708 4
