1 1 0 140734149178328 4
2 1 0 140734149178320 4
2 1 0 140734149178312 4
3 0 0 47955219577792 4
334 1 0 47955219580200 4
2 0 0 47955219578808 4
298 1 0 47955219578280 4
2 1 0 47955219580216 4
2 0 0 47955219578440 4
286 1 0 47955219580376 4
9 0 0 47955219578456 4
291 1 0 47955219580296 4
7 0 0 47955219578472 4
293 1 0 47955219580864 4
26 0 0 47955219578488 4
284 1 0 47955219580304 4
7 0 0 47955219578504 4
293 1 0 47955219580312 4
7 0 0 47955219578520 4
293 1 0 47955219580344 4
7 0 0 47955219578536 4
263 1 0 47955219580352 4
7 0 0 47955219578552 4
293 1 0 47955219580288 4
7 0 0 47955219578568 4
293 1 0 47955219580280 4
7 0 0 47955219578584 4
293 1 0 47955219580424 4
7 0 0 47955219578600 4
293 1 0 47955219580448 4
7 0 0 47955219578616 4
293 1 0 47955219580320 4
7 0 0 47955219578632 4
293 1 0 47955219580328 4
7 0 0 47955219578648 4
293 1 0 47955219580336 4
7 0 0 47955219578664 4
293 1 0 47955219580560 4
13 0 0 47955219578680 4
297 1 0 47955219580552 4
13 0 0 47955219578696 4
277 1 0 47955219580656 4
13 0 0 47955219578712 4
297 1 0 47955219580584 4
13 0 0 47955219578728 4
296 0 0 47955219578464 4
291 1 0 47955219578464 4
3 0 0 47955219578560 4
297 1 0 47955219578560 4
3 0 0 47955219578496 4
297 1 0 47955219578496 4
3 0 0 47955219578512 4
297 1 0 47955219578512 4
3 0 0 47955219578624 4
297 1 0 47955219578624 4
3 0 0 47955219578608 4
297 1 0 47955219578608 4
3 0 0 47955219578704 4
287 1 0 47955219578704 4
3 0 0 47955219578480 4
297 1 0 47955219578480 4
3 0 0 47955219578592 4
304 0 0 47955219578656 4
293 0 0 47955219580568 4
300 0 0 47955219580504 4
300 0 0 47955219580496 4
300 0 0 47955219580384 4
311 0 0 47955219578640 4
309 0 0 47955219578576 4
300 0 0 47955219578720 4
290 0 0 47955217369168 4
300 0 0 47955217369160 4
300 0 0 47955217369176 4
290 1 0 47955219577792 4
5 0 0 47955217369192 4
295 0 0 47955217369184 4
300 0 0 47955217369200 4
300 1 0 47955219578048 4
5 0 0 47955217369216 4
205 0 0 47955217369208 4
290 0 0 47955217369224 4
300 1 0 47955219578056 4
5 0 0 47955217369240 4
295 0 0 47955217369232 4
300 0 0 47955217369248 4
300 1 0 47955219578064 4
5 0 0 47955217369264 4
295 0 0 47955217369256 4
300 0 0 47955217369272 4
300 1 0 47955219578072 4
5 0 0 47955217369288 4
295 0 0 47955217369280 4
300 0 0 47955217369296 4
300 1 0 47955219578080 4
5 0 0 47955217369312 4
295 0 0 47955217369304 4
300 0 0 47955217369320 4
300 1 0 47955219578088 4
5 0 0 47955217369336 4
295 0 0 47955217369328 4
300 0 0 47955217369344 4
300 1 0 47955219578096 4
5 0 0 47955217369360 4
295 0 0 47955217369352 4
300 0 0 47955217369368 4
210 1 0 47955219578104 4
5 0 0 47955217369384 4
205 0 0 47955217369376 4
300 0 0 47955217369392 4
280 1 0 47955219578808 4
5 0 0 47955217369408 4
295 0 0 47955217369400 4
300 0 0 47955217369416 4
300 1 0 47955219578816 4
5 0 0 47955217369432 4
295 0 0 47955217369424 4
300 0 0 47955217369440 4
300 1 0 47955219581688 4
8 0 0 47955217369456 4
292 0 0 47955217369448 4
241 0 0 47955217368464 4
289 0 0 47955217369464 4
300 1 0 47955219578824 4
2 0 0 47955217369480 4
298 0 0 47955217369472 4
311 0 0 47955217368080 4
289 0 0 47955217369488 4
300 1 0 47955219578832 4
2 0 0 47955217369504 4
288 0 0 47955217369496 4
301 0 0 47955217368152 4
289 0 0 47955217369512 4
300 1 0 47955219578880 4
2 0 0 47955217369528 4
298 0 0 47955217369520 4
231 0 0 47955217368416 4
279 0 0 47955217369536 4
210 1 0 47955219578888 4
2 0 0 47955217369552 4
198 0 0 47955217369544 4
191 0 0 47955217368200 4
289 0 0 47955217369560 4
300 1 0 47955219578896 4
2 0 0 47955217369576 4
298 0 0 47955217369568 4
311 0 0 47955217368032 4
289 0 0 47955217369584 4
300 1 0 47955219578904 4
2 0 0 47955217369600 4
288 0 0 47955217369592 4
311 0 0 47955217368008 4
289 0 0 47955217369608 4
300 1 0 47955219578912 4
2 0 0 47955219580988 4
298 1 0 47955219580988 4
1 0 0 47955219578024 4
299 1 0 47955219578024 4
3 1 0 47955219578024 4
84 1 0 140734149178280 4
10 0 0 47955217367632 4
233 1 0 47955219580948 4
2 0 0 47955217367640 4
268 0 0 47955217367636 4
230 1 0 47955219580952 4
5 0 0 47955217367644 4
275 1 0 47955219580960 4
3 1 0 47955219580956 4
7 1 0 47955219580968 4
2 1 0 47955219580976 4
9 1 0 47955219580240 4
4 1 0 47955219581032 4
2 1 0 47955219581040 4
4 1 0 47955219581048 4
2 1 0 47955219578424 4
8 1 0 47955219580152 4
2 1 0 140734149178280 4
2 1 0 140734149178272 4
2 1 0 140734149178264 4
3 1 0 140734149178256 4
2 1 0 140734149178248 4
2 1 0 47955219578424 4
3 0 0 140734149178336 4
263 1 0 47955219577800 4
3 1 0 47955219578312 4
2 1 0 47955219582000 4
5 0 0 140734149178384 4
290 0 0 140734149178392 4
290 0 0 140734149178400 4
290 0 0 140734149178408 4
300 0 0 140734149178416 4
300 0 0 140734149178424 4
300 0 0 140734149178432 4
300 0 0 140734149178440 4
300 0 0 140734149178448 4
220 0 0 140734149178456 4
280 0 0 140734149178464 4
300 0 0 140734149178472 4
290 0 0 140734149178480 4
300 0 0 140734149178488 4
300 0 0 140734149178496 4
300 0 0 140734149178504 4
300 0 0 140734149178512 4
300 0 0 140734149178520 4
300 0 0 140734149178528 4
300 0 0 140734149178536 4
300 0 0 140734149178544 4
300 0 0 140734149178552 4
300 0 0 140734149178560 4
300 0 0 140734149178568 4
300 0 0 140734149178576 4
300 0 0 140734149178584 4
300 0 0 140734149178592 4
300 0 0 140734149178600 4
300 0 0 140734149178608 4
300 0 0 140734149178616 4
300 0 0 140734149178624 4
300 0 0 140734149178632 4
300 0 0 140734149178640 4
300 0 0 140734149178648 4
300 0 0 140734149178656 4
300 0 0 140734149178664 4
300 0 0 140734149178672 4
300 0 0 140734149178680 4
300 0 0 140734149178688 4
300 0 0 140734149178696 4
300 0 0 140734149178704 4
300 0 0 140734149178712 4
300 0 0 140734149178720 4
300 0 0 140734149178728 4
300 0 0 140734149178736 4
300 0 0 140734149178744 4
300 0 0 140734149178752 4
300 0 0 140734149178760 4
300 0 0 140734149178768 4
300 0 0 140734149178776 4
300 0 0 140734149178784 4
300 0 0 140734149178792 4
300 0 0 140734149178800 4
300 0 0 140734149178808 4
300 0 0 140734149178816 4
300 0 0 140734149178824 4
300 0 0 140734149178832 4
300 0 0 140734149178840 4
300 0 0 140734149178848 4
300 0 0 140734149178856 4
300 0 0 140734149178864 4
300 0 0 140734149178872 4
300 0 0 140734149178880 4
300 0 0 140734149178888 4
300 0 0 140734149178896 4
300 0 0 140734149178904 4
300 0 0 140734149178912 4
300 0 0 140734149178920 4
300 0 0 140734149178928 4
300 0 0 140734149178936 4
300 0 0 140734149178944 4
300 0 0 140734149178952 4
300 0 0 140734149178960 4
300 0 0 140734149178968 4
300 0 0 140734149178976 4
300 0 0 140734149178984 4
300 0 0 140734149178992 4
300 0 0 140734149179000 4
300 0 0 140734149179008 4
230 0 0 140734149179016 4
290 0 0 140734149179024 4
300 0 0 140734149179032 4
300 0 0 140734149179040 4
300 0 0 140734149179048 4
290 0 0 140734149179056 4
300 0 0 140734149179064 4
290 0 0 140734149179072 4
300 0 0 140734149179080 4
300 0 0 140734149179088 4
300 0 0 140734149179096 4
230 0 0 140734149179104 4
270 0 0 140734149179112 4
300 0 0 140734149179120 4
300 0 0 140734149179128 4
300 0 0 140734149179136 4
300 0 0 140734149179144 4
210 0 0 140734149179152 4
190 0 0 140734149179160 4
230 0 0 140734149179168 4
280 0 0 140734149179176 4
290 0 0 140734149179184 4
300 0 0 140734149179192 4
300 0 0 140734149179200 4
300 0 0 140734149179208 4
300 0 0 140734149179216 4
300 0 0 140734149179224 4
300 0 0 140734149179232 4
230 0 0 140734149179240 4
290 0 0 140734149179248 4
280 0 0 140734149179256 4
230 0 0 140734149179264 4
280 1 0 47955219577832 4
4 1 0 47955219578432 4
4 1 0 140734149178240 4
3 0 0 140734149179272 4
