1 0 0 5498642383440 4
211 0 0 5498642383448 4
300 1 0 5498642383448 4
2 1 0 5498642383440 4
2 1 0 5498642383432 4
2 1 0 5498642383176 4
3 1 0 5498642386224 4
6 0 0 360335925734978304 4
285 0 0 5498642385232 4
300 0 0 360335925734961120 4
300 1 0 5498642385128 4
11 0 0 5498642386212 4
289 1 0 5498642383384 4
3 1 0 5498642383392 4
2 1 0 5498642383160 4
3 0 0 360335925734961240 4
292 1 0 5498642383312 4
4 0 0 5498642385280 4
296 1 0 5498642383320 4
3 1 0 5498642383328 4
2 1 0 5498642383336 4
2 1 0 5498642383344 4
2 1 0 5498642383352 4
5 1 0 5498642383360 4
7 1 0 5498642383368 4
3 1 0 5498642383152 4
4 1 0 5498642383376 4
10 1 0 5498642385424 4
8 0 0 5498642386211 4
254 0 0 5498642386264 4
300 0 0 5498642386256 4
300 1 0 5498642383160 4
1 1 0 5498642383152 4
2 1 0 5498642383144 4
2 0 0 21484043072 4
295 0 0 21484043160 4
300 0 0 21483811912 4
300 1 0 5498642383128 4
1 0 0 21484477472 4
299 0 0 21483749528 4
300 1 0 5498642383096 4
2 1 0 5498642383112 4
2 1 0 5498642383104 4
3 1 0 5498642383120 4
2 0 0 5498642385248 4
291 0 0 360335925734961792 4
300 1 0 5498642386208 4
7 1 0 5498642385448 4
3 1 0 5498642385440 4
16 0 0 21483811784 4
274 0 0 21483811816 4
300 1 0 5498642383128 4
5 0 0 21483750800 4
295 1 0 5498642383120 4
2 1 0 5498642383112 4
2 1 0 5498642383104 4
2 1 0 5498642383096 4
2 1 0 5498642383088 4
2 0 0 5498642385376 4
290 0 0 21484043128 4
300 0 0 360335925732838768 4
300 0 0 21484043112 4
300 1 0 21484043112 4
1 1 0 5498642382952 4
5 1 0 5498642382944 4
2 1 0 5498642382936 4
12 1 0 21484043112 4
9 0 0 21484043120 4
281 0 0 21484043124 4
300 1 0 21484043124 4
1 1 0 21484043120 4
21 0 0 21483811832 4
278 1 0 5498642383128 4
5 0 0 21483750920 4
299 0 0 360335925732839720 4
296 1 0 21484043120 4
8 1 0 21484043124 4
3 1 0 21484043112 4
1 1 0 5498642382992 4
5 1 0 5498642382984 4
2 1 0 5498642382976 4
2 1 0 21484043112 4
17 0 0 21484664872 4
262 0 0 21484664864 4
300 1 0 5498642383128 4
1 1 0 5498642383120 4
2 1 0 5498642383112 4
2 1 0 5498642383104 4
2 1 0 5498642383096 4
2 1 0 5498642383088 4
5 0 0 21484664488 4
286 0 0 21484664480 4
300 1 0 5498642383080 4
4 1 0 5498642383072 4
2 0 0 21484664768 4
294 0 0 21484512328 4
302 1 0 5498642383064 4
3 1 0 5498642383056 4
2 1 0 5498642383048 4
2 1 0 5498642383040 4
2 1 0 5498642383032 4
2 1 0 5498642383024 4
5 0 0 21484512480 4
288 0 0 21484512464 4
294 1 0 21484512464 4
1 0 0 21484512472 4
299 0 0 21484512476 4
300 1 0 21484512476 4
1 1 0 21484512472 4
15 0 0 21484664824 4
284 0 0 21484664840 4
300 1 0 5498642383064 4
4 1 0 5498642383048 4
2 1 0 5498642383056 4
9 0 0 21483811904 4
285 1 0 5498642383032 4
5 0 0 21483749424 4
295 1 0 5498642383024 4
39 1 0 21484664824 4
26 1 0 21484512472 4
8 1 0 21484512476 4
3 1 0 21484512464 4
1 1 0 5498642382944 4
5 1 0 5498642382936 4
2 1 0 5498642382928 4
2 1 0 21484512464 4
19 1 0 5498642383080 4
5 1 0 5498642383072 4
2 1 0 5498642383064 4
6 0 0 21484664520 4
274 1 0 5498642383048 4
3 1 0 5498642383040 4
2 1 0 5498642383032 4
2 1 0 5498642383024 4
2 1 0 5498642383016 4
2 1 0 5498642383008 4
5 0 0 21484664672 4
298 0 0 21484664656 4
294 1 0 21484664656 4
1 0 0 21484664664 4
299 0 0 21484664668 4
300 1 0 21484664668 4
1 1 0 21484664664 4
15 0 0 21484664512 4
292 0 0 21484664528 4
292 0 0 21483811872 4
300 1 0 5498642383048 4
1 0 0 21483750528 4
289 1 0 5498642383040 4
2 0 0 21484664736 4
298 1 0 5498642382984 4
2 1 0 5498642382992 4
2 1 0 21484664736 4
3 0 0 21484664704 4
293 1 0 21484664704 4
4 1 0 5498642382968 4
12 1 0 21484664664 4
8 1 0 21484664656 4
9 0 0 21484664712 4
287 1 0 21484664712 4
1 0 0 21484664708 4
289 1 0 21484664708 4
1 0 0 21484664744 4
299 1 0 21484664744 4
1 1 0 5498642382968 4
5 1 0 5498642383008 4
2 1 0 5498642383016 4
2 0 0 5498642385416 4
290 1 0 5498642383032 4
2 1 0 5498642385416 4
6 0 0 21484664720 4
282 0 0 21484664748 4
300 1 0 5498642383000 4
2 1 0 5498642382980 4
6 1 0 21484664704 4
1 1 0 5498642382968 4
3 0 0 5498642385432 4
295 1 0 5498642385432 4
10 1 0 5498642382976 4
12 1 0 5498642382968 4
13 1 0 5498642385432 4
11 1 0 21484664704 4
4 0 0 21484664728 4
275 1 0 21484664728 4
3 1 0 21484664744 4
6 1 0 21484664704 4
4 1 0 5498642385416 4
4 1 0 5498642382968 4
2 1 0 5498642382960 4
2 1 0 5498642382952 4
2 1 0 5498642382944 4
2 1 0 5498642382936 4
2 1 0 5498642382928 4
7 0 0 360335925732840524 4
260 1 0 21484664656 4
4 1 0 21484664664 4
30 1 0 21484664512 4
8 1 0 5498642383048 4
14 1 0 21484664664 4
8 1 0 21484664668 4
3 1 0 21484664656 4
1 1 0 5498642382912 4
5 1 0 5498642382904 4
2 1 0 5498642382896 4
2 1 0 21484664656 4
25 0 0 21484664536 4
272 0 0 21484664496 4
300 1 0 5498642383080 4
2 1 0 5498642383064 4
2 1 0 5498642383072 4
11 1 0 5498642383048 4
8 1 0 5498642383040 4
41 0 0 21484661032 4
256 0 0 21484664568 4
300 0 0 21484664544 4
300 0 0 21484664572 4
282 1 0 5498642383080 4
2 1 0 5498642383040 4
2 1 0 5498642383048 4
2 1 0 5498642383056 4
3 1 0 5498642383064 4
2 1 0 5498642383072 4
3 1 0 5498642383032 4
5 0 0 21484512216 4
289 0 0 21484670928 4
300 0 0 21484670896 4
300 0 0 21484512144 4
302 0 0 21484512136 4
290 1 0 5498642383012 4
3 1 0 5498642383008 4
2 0 0 21484512128 4
293 1 0 5498642383016 4
3 0 0 21484512132 4
297 1 0 5498642383020 4
2 1 0 5498642382856 4
5 0 0 21484664552 4
295 0 0 21484664556 4
298 0 0 21484664560 4
302 1 0 5498642382976 4
2 1 0 5498642382980 4
2 0 0 21484664564 4
296 1 0 5498642382984 4
2 1 0 5498642382988 4
17 1 0 5498642382992 4
3 1 0 5498642382996 4
7 1 0 5498642383000 4
5 1 0 5498642383004 4
2 1 0 5498642382856 4
2 0 0 21484670904 4
282 0 0 21484670908 4
290 0 0 21484670912 4
300 0 0 21484670916 4
295 1 0 5498642382856 4
26 1 0 5498642382960 4
2 1 0 5498642382964 4
11 1 0 5498642382968 4
2 1 0 5498642382972 4
24 1 0 5498642382956 4
2 1 0 5498642382952 4
4 1 0 5498642382944 4
2 1 0 5498642382948 4
6 1 0 5498642382856 4
13 0 0 21484512220 4
221 1 0 5498642382856 4
13 1 0 5498642382808 4
2 1 0 5498642382816 4
2 1 0 5498642382824 4
3 1 0 5498642382832 4
2 1 0 5498642382840 4
3 1 0 5498642382848 4
5 0 0 21484512296 4
280 1 0 5498642382744 4
3 1 0 5498642382696 4
2 1 0 5498642382712 4
2 1 0 5498642382720 4
3 1 0 5498642382728 4
2 1 0 5498642382736 4
3 1 0 5498642382704 4
13 0 0 21484512140 4
254 1 0 5498642382600 4
4 1 0 5498642382584 4
2 1 0 5498642382592 4
11 1 0 5498642382568 4
8 1 0 5498642382560 4
46 1 0 5498642382676 4
2 1 0 5498642382672 4
5 1 0 5498642382680 4
6 1 0 5498642382684 4
2 1 0 5498642382600 4
20 1 0 5498642382640 4
2 1 0 5498642382644 4
11 1 0 5498642382648 4
2 1 0 5498642382652 4
20 1 0 5498642382664 4
3 1 0 5498642382668 4
4 1 0 5498642382656 4
2 1 0 5498642382660 4
5 1 0 5498642382600 4
29 1 0 5498642382600 4
25 1 0 5498642382624 4
