1 0 0 3299614925392 4
131 0 0 3299614925400 4
300 1 0 3299614925400 4
2 1 0 3299614925392 4
2 1 0 3299614925384 4
2 1 0 3299614925128 4
3 1 0 3299614928176 4
6 0 0 216220737659122432 4
285 0 0 3299614927184 4
300 0 0 216220737659105248 4
300 1 0 3299614927080 4
11 0 0 3299614928164 4
289 1 0 3299614925336 4
3 1 0 3299614925344 4
2 1 0 3299614925112 4
3 0 0 216220737659105368 4
292 1 0 3299614925264 4
4 0 0 3299614927232 4
296 1 0 3299614925272 4
3 1 0 3299614925280 4
2 1 0 3299614925288 4
2 1 0 3299614925296 4
2 1 0 3299614925304 4
5 1 0 3299614925312 4
7 1 0 3299614925320 4
3 1 0 3299614925104 4
4 1 0 3299614925328 4
10 1 0 3299614927376 4
8 0 0 3299614928163 4
254 0 0 3299614928216 4
290 0 0 3299614928208 4
300 1 0 3299614925112 4
1 1 0 3299614925104 4
2 1 0 3299614925096 4
2 0 0 12894108480 4
295 0 0 12894108568 4
300 0 0 12893877320 4
300 1 0 3299614925080 4
1 0 0 12894542880 4
299 0 0 12893814936 4
300 1 0 3299614925048 4
2 1 0 3299614925064 4
2 1 0 3299614925056 4
3 1 0 3299614925072 4
2 0 0 3299614927200 4
291 0 0 216220737659105920 4
300 1 0 3299614928160 4
7 1 0 3299614927400 4
3 1 0 3299614927392 4
16 0 0 12893877192 4
284 0 0 12893877224 4
300 1 0 3299614925080 4
5 0 0 12893816208 4
295 1 0 3299614925072 4
2 1 0 3299614925064 4
2 1 0 3299614925056 4
2 1 0 3299614925048 4
2 1 0 3299614925040 4
2 0 0 3299614927328 4
290 0 0 12894108536 4
300 0 0 216220737656982896 4
300 0 0 12894108520 4
300 1 0 12894108520 4
1 0 0 12894108528 4
299 0 0 12894108532 4
300 1 0 12894108532 4
1 1 0 12894108528 4
21 0 0 12893877240 4
278 1 0 3299614925080 4
5 0 0 12893816328 4
289 0 0 216220737656983848 4
296 1 0 12894108528 4
8 1 0 12894108532 4
3 1 0 12894108520 4
5 0 0 12894728808 4
284 0 0 12894728800 4
300 1 0 3299614925080 4
1 1 0 3299614925072 4
2 1 0 3299614925064 4
2 1 0 3299614925056 4
2 1 0 3299614925048 4
2 1 0 3299614925040 4
5 0 0 12894728424 4
296 0 0 12894728416 4
300 1 0 3299614925032 4
4 1 0 3299614925024 4
2 0 0 12894728704 4
294 0 0 12894577736 4
302 1 0 3299614925016 4
3 1 0 3299614925008 4
2 1 0 3299614925000 4
2 1 0 3299614924992 4
2 1 0 3299614924984 4
2 1 0 3299614924976 4
5 0 0 12894577888 4
288 0 0 12894577872 4
294 1 0 12894577872 4
1 0 0 12894577880 4
289 0 0 12894577884 4
300 1 0 12894577884 4
1 1 0 12894577880 4
15 0 0 12894728760 4
284 0 0 12894728776 4
300 1 0 3299614925016 4
4 1 0 3299614925000 4
2 1 0 3299614925008 4
9 0 0 12893877312 4
285 1 0 3299614924984 4
5 0 0 12893814832 4
295 1 0 3299614924976 4
39 1 0 12894728760 4
26 1 0 12894577880 4
8 1 0 12894577884 4
3 1 0 12894577872 4
7 1 0 3299614925032 4
5 1 0 3299614925024 4
2 1 0 3299614925016 4
6 0 0 12894728456 4
216 1 0 3299614925000 4
3 1 0 3299614924992 4
2 1 0 3299614924984 4
2 1 0 3299614924976 4
2 1 0 3299614924968 4
2 1 0 3299614924960 4
5 0 0 12894728608 4
288 0 0 12894728592 4
284 1 0 12894728592 4
1 0 0 12894728600 4
299 0 0 12894728604 4
300 1 0 12894728604 4
1 1 0 12894728600 4
15 0 0 12894728448 4
302 0 0 12894728464 4
292 0 0 12893877280 4
300 1 0 3299614925000 4
1 0 0 12893815936 4
299 1 0 3299614924992 4
2 0 0 12894728672 4
298 1 0 3299614924936 4
2 1 0 3299614924944 4
2 1 0 12894728672 4
3 0 0 12894728640 4
293 1 0 12894728640 4
4 1 0 3299614924920 4
12 1 0 12894728600 4
8 1 0 12894728592 4
9 0 0 12894728648 4
267 1 0 12894728648 4
1 0 0 12894728644 4
289 1 0 12894728644 4
1 0 0 12894728680 4
299 1 0 12894728680 4
1 1 0 3299614924920 4
5 1 0 3299614924960 4
2 1 0 3299614924968 4
2 0 0 3299614927368 4
290 1 0 3299614924984 4
2 1 0 3299614927368 4
6 0 0 12894728656 4
292 0 0 12894728684 4
300 1 0 3299614924952 4
2 1 0 3299614924932 4
6 1 0 12894728640 4
1 1 0 3299614924920 4
3 0 0 3299614927384 4
295 1 0 3299614927384 4
10 1 0 3299614924928 4
5 1 0 3299614924920 4
13 1 0 3299614927384 4
11 1 0 12894728640 4
4 0 0 12894728664 4
272 1 0 12894728664 4
3 1 0 12894728680 4
6 1 0 12894728640 4
4 1 0 3299614927368 4
4 1 0 3299614924920 4
2 1 0 3299614924912 4
2 1 0 3299614924904 4
2 1 0 3299614924896 4
2 1 0 3299614924888 4
2 1 0 3299614924880 4
7 0 0 216220737656984652 4
260 1 0 12894728592 4
4 1 0 12894728600 4
30 1 0 12894728448 4
8 1 0 3299614925000 4
14 1 0 12894728600 4
8 1 0 12894728604 4
3 1 0 12894728592 4
1 1 0 3299614924864 4
5 1 0 3299614924856 4
2 1 0 3299614924848 4
2 1 0 12894728592 4
25 0 0 12894728472 4
202 0 0 12894728432 4
280 1 0 3299614925032 4
2 1 0 3299614925016 4
2 1 0 3299614925024 4
11 1 0 3299614925000 4
8 1 0 3299614924992 4
41 0 0 12894726440 4
246 0 0 12894728504 4
280 0 0 12894728480 4
300 0 0 12894728508 4
302 1 0 3299614925032 4
2 1 0 3299614924992 4
2 1 0 3299614925000 4
2 1 0 3299614925008 4
3 1 0 3299614925016 4
2 1 0 3299614925024 4
3 1 0 3299614924984 4
5 0 0 12894577624 4
289 0 0 12894736336 4
290 0 0 12894736304 4
300 0 0 12894577552 4
302 0 0 12894577544 4
300 1 0 3299614924964 4
3 1 0 3299614924960 4
2 0 0 12894577536 4
223 1 0 3299614924968 4
3 0 0 12894577540 4
297 1 0 3299614924972 4
2 1 0 3299614924808 4
5 0 0 12894728488 4
295 0 0 12894728492 4
298 0 0 12894728496 4
302 1 0 3299614924928 4
2 1 0 3299614924932 4
2 0 0 12894728500 4
296 1 0 3299614924936 4
2 1 0 3299614924940 4
17 1 0 3299614924944 4
3 1 0 3299614924948 4
7 1 0 3299614924952 4
5 1 0 3299614924956 4
2 1 0 3299614924808 4
2 0 0 12894736312 4
262 0 0 12894736316 4
280 0 0 12894736320 4
300 0 0 12894736324 4
305 1 0 3299614924808 4
26 1 0 3299614924912 4
2 1 0 3299614924916 4
11 1 0 3299614924920 4
2 1 0 3299614924924 4
24 1 0 3299614924908 4
2 1 0 3299614924904 4
4 1 0 3299614924896 4
2 1 0 3299614924900 4
6 1 0 3299614924808 4
13 0 0 12894577628 4
221 1 0 3299614924808 4
13 1 0 3299614924760 4
2 1 0 3299614924768 4
2 1 0 3299614924776 4
3 1 0 3299614924784 4
2 1 0 3299614924792 4
3 1 0 3299614924800 4
5 0 0 12894577704 4
250 1 0 3299614924696 4
3 1 0 3299614924648 4
2 1 0 3299614924664 4
2 1 0 3299614924672 4
3 1 0 3299614924680 4
2 1 0 3299614924688 4
3 1 0 3299614924656 4
13 0 0 12894577548 4
284 1 0 3299614924552 4
4 1 0 3299614924536 4
2 1 0 3299614924544 4
11 1 0 3299614924520 4
8 1 0 3299614924512 4
46 1 0 3299614924628 4
2 1 0 3299614924624 4
5 1 0 3299614924632 4
6 1 0 3299614924636 4
2 1 0 3299614924552 4
20 1 0 3299614924592 4
2 1 0 3299614924596 4
11 1 0 3299614924600 4
2 1 0 3299614924604 4
20 1 0 3299614924616 4
3 1 0 3299614924620 4
4 1 0 3299614924608 4
2 1 0 3299614924612 4
5 1 0 3299614924552 4
29 1 0 3299614924552 4
25 1 0 3299614924576 4
2 1 0 3299614924580 4
11 1 0 3299614924584 4
2 1 0 3299614924588 4
25 1 0 3299614924560 4
2 1 0 3299614924564 4
2 1 0 3299614924568 4
2 1 0 3299614924572 4
2 1 0 3299614924552 4
13 0 0 12894728768 4
228 0 0 12894736344 4
186 1 0 12894728712 4
2 1 0 12894728720 4
