1 0 0 9896697299536 4
311 0 0 9896697299544 4
300 1 0 9896697299544 4
2 1 0 9896697299536 4
2 1 0 9896697299528 4
2 1 0 9896697299272 4
3 1 0 9896697302320 4
6 0 0 648566301886690048 4
285 0 0 9896697301328 4
300 0 0 648566301886672864 4
300 1 0 9896697301224 4
11 0 0 9896697302308 4
289 1 0 9896697299480 4
3 1 0 9896697299488 4
2 1 0 9896697299256 4
3 0 0 648566301886672984 4
292 1 0 9896697299408 4
4 0 0 9896697301376 4
296 1 0 9896697299416 4
3 1 0 9896697299424 4
2 1 0 9896697299432 4
2 1 0 9896697299440 4
2 1 0 9896697299448 4
5 1 0 9896697299456 4
7 1 0 9896697299464 4
3 1 0 9896697299248 4
4 1 0 9896697299472 4
10 1 0 9896697301520 4
8 0 0 9896697302307 4
264 0 0 9896697302360 4
300 0 0 9896697302352 4
300 1 0 9896697299256 4
1 1 0 9896697299248 4
2 1 0 9896697299240 4
2 0 0 38663912256 4
295 0 0 38663912344 4
300 0 0 38663681096 4
300 1 0 9896697299224 4
1 0 0 38664346656 4
299 0 0 38663618712 4
300 1 0 9896697299192 4
2 1 0 9896697299208 4
2 1 0 9896697299200 4
3 1 0 9896697299216 4
2 0 0 9896697301344 4
291 0 0 648566301886673536 4
290 1 0 9896697302304 4
7 1 0 9896697301544 4
3 1 0 9896697301536 4
16 0 0 38663680968 4
284 0 0 38663681000 4
290 1 0 9896697299224 4
5 0 0 38663619984 4
295 1 0 9896697299216 4
2 1 0 9896697299208 4
2 1 0 9896697299200 4
2 1 0 9896697299192 4
2 1 0 9896697299184 4
2 0 0 9896697301472 4
290 0 0 38663912312 4
300 0 0 648566301884550512 4
300 0 0 38663912296 4
300 1 0 38663912296 4
1 0 0 38663912304 4
299 0 0 38663912308 4
300 1 0 38663912308 4
1 1 0 38663912304 4
21 0 0 38663681016 4
288 1 0 9896697299224 4
5 0 0 38663620104 4
299 0 0 648566301884551464 4
296 1 0 38663912304 4
8 1 0 38663912308 4
3 1 0 38663912296 4
5 0 0 38664537000 4
284 0 0 38664536992 4
300 1 0 9896697299224 4
1 1 0 9896697299216 4
2 1 0 9896697299208 4
2 1 0 9896697299200 4
2 1 0 9896697299192 4
2 1 0 9896697299184 4
5 0 0 38664536616 4
286 0 0 38664536608 4
300 1 0 9896697299176 4
4 1 0 9896697299168 4
2 0 0 38664536896 4
294 0 0 38664381512 4
292 1 0 9896697299160 4
3 1 0 9896697299152 4
2 1 0 9896697299144 4
2 1 0 9896697299136 4
2 1 0 9896697299128 4
2 1 0 9896697299120 4
5 0 0 38664381664 4
288 0 0 38664381648 4
294 1 0 38664381648 4
1 0 0 38664381656 4
299 0 0 38664381660 4
300 1 0 38664381660 4
1 1 0 38664381656 4
15 0 0 38664536952 4
294 0 0 38664536968 4
300 1 0 9896697299160 4
4 1 0 9896697299144 4
2 1 0 9896697299152 4
9 0 0 38663681088 4
285 1 0 9896697299128 4
5 0 0 38663618608 4
295 1 0 9896697299120 4
39 1 0 38664536952 4
26 1 0 38664381656 4
8 1 0 38664381660 4
3 1 0 38664381648 4
1 1 0 9896697299040 4
5 1 0 9896697299032 4
2 1 0 9896697299024 4
2 1 0 38664381648 4
19 1 0 9896697299176 4
5 1 0 9896697299168 4
2 1 0 9896697299160 4
6 0 0 38664536648 4
284 1 0 9896697299144 4
3 1 0 9896697299136 4
2 1 0 9896697299128 4
2 1 0 9896697299120 4
2 1 0 9896697299112 4
2 1 0 9896697299104 4
5 0 0 38664536800 4
298 0 0 38664536784 4
294 1 0 38664536784 4
1 0 0 38664536792 4
299 0 0 38664536796 4
290 1 0 38664536796 4
1 1 0 38664536792 4
15 0 0 38664536640 4
292 0 0 38664536656 4
292 0 0 38663681056 4
300 1 0 9896697299144 4
1 0 0 38663619712 4
299 1 0 9896697299136 4
2 0 0 38664536864 4
298 1 0 9896697299080 4
2 1 0 9896697299088 4
2 1 0 38664536864 4
3 0 0 38664536832 4
283 1 0 38664536832 4
4 1 0 9896697299064 4
12 1 0 38664536792 4
8 1 0 38664536784 4
9 0 0 38664536840 4
297 1 0 38664536840 4
1 0 0 38664536836 4
299 1 0 38664536836 4
1 0 0 38664536872 4
299 1 0 38664536872 4
1 1 0 9896697299064 4
5 1 0 9896697299104 4
2 1 0 9896697299112 4
2 0 0 9896697301512 4
290 1 0 9896697299128 4
2 1 0 9896697301512 4
6 0 0 38664536848 4
292 0 0 38664536876 4
290 1 0 9896697299096 4
2 1 0 9896697299076 4
6 1 0 38664536832 4
1 1 0 9896697299064 4
3 0 0 9896697301528 4
275 1 0 9896697301528 4
10 1 0 9896697299072 4
12 1 0 9896697299064 4
13 1 0 9896697301528 4
11 1 0 38664536832 4
4 0 0 38664536856 4
265 1 0 38664536856 4
3 1 0 38664536872 4
6 1 0 38664536832 4
4 1 0 9896697301512 4
4 1 0 9896697299064 4
2 1 0 9896697299056 4
2 1 0 9896697299048 4
2 1 0 9896697299040 4
2 1 0 9896697299032 4
2 1 0 9896697299024 4
7 0 0 648566301884552268 4
250 1 0 38664536784 4
4 1 0 38664536792 4
30 1 0 38664536640 4
8 1 0 9896697299144 4
14 1 0 38664536792 4
8 1 0 38664536796 4
3 1 0 38664536784 4
1 1 0 9896697299008 4
5 1 0 9896697299000 4
2 1 0 9896697298992 4
2 1 0 38664536784 4
25 0 0 38664536664 4
292 0 0 38664536624 4
300 1 0 9896697299176 4
2 1 0 9896697299160 4
2 1 0 9896697299168 4
11 1 0 9896697299144 4
8 1 0 9896697299136 4
41 0 0 38664530216 4
266 0 0 38664536696 4
290 0 0 38664536672 4
300 0 0 38664536700 4
292 1 0 9896697299176 4
2 1 0 9896697299136 4
2 1 0 9896697299144 4
2 1 0 9896697299152 4
3 1 0 9896697299160 4
2 1 0 9896697299168 4
3 1 0 9896697299128 4
5 0 0 38664381400 4
289 0 0 38664540112 4
290 0 0 38664540080 4
300 0 0 38664381328 4
302 0 0 38664381320 4
300 1 0 9896697299108 4
3 1 0 9896697299104 4
2 0 0 38664381312 4
293 1 0 9896697299112 4
3 0 0 38664381316 4
297 1 0 9896697299116 4
2 1 0 9896697298952 4
5 0 0 38664536680 4
295 0 0 38664536684 4
298 0 0 38664536688 4
302 1 0 9896697299072 4
2 1 0 9896697299076 4
2 0 0 38664536692 4
286 1 0 9896697299080 4
2 1 0 9896697299084 4
17 1 0 9896697299088 4
3 1 0 9896697299092 4
7 1 0 9896697299096 4
5 1 0 9896697299100 4
2 1 0 9896697298952 4
2 0 0 38664540088 4
292 0 0 38664540092 4
300 0 0 38664540096 4
300 0 0 38664540100 4
295 1 0 9896697298952 4
26 1 0 9896697299056 4
2 1 0 9896697299060 4
11 1 0 9896697299064 4
2 1 0 9896697299068 4
24 1 0 9896697299052 4
2 1 0 9896697299048 4
4 1 0 9896697299040 4
2 1 0 9896697299044 4
6 1 0 9896697298952 4
13 0 0 38664381404 4
211 1 0 9896697298952 4
13 1 0 9896697298904 4
2 1 0 9896697298912 4
2 1 0 9896697298920 4
3 1 0 9896697298928 4
2 1 0 9896697298936 4
3 1 0 9896697298944 4
5 0 0 38664381480 4
270 1 0 9896697298840 4
3 1 0 9896697298792 4
2 1 0 9896697298808 4
2 1 0 9896697298816 4
3 1 0 9896697298824 4
2 1 0 9896697298832 4
3 1 0 9896697298800 4
13 0 0 38664381324 4
184 1 0 9896697298696 4
4 1 0 9896697298680 4
2 1 0 9896697298688 4
11 1 0 9896697298664 4
8 1 0 9896697298656 4
46 1 0 9896697298772 4
2 1 0 9896697298768 4
5 1 0 9896697298776 4
6 1 0 9896697298780 4
2 1 0 9896697298696 4
20 1 0 9896697298736 4
2 1 0 9896697298740 4
11 1 0 9896697298744 4
2 1 0 9896697298748 4
20 1 0 9896697298760 4
3 1 0 9896697298764 4
4 1 0 9896697298752 4
2 1 0 9896697298756 4
5 1 0 9896697298696 4
29 1 0 9896697298696 4
25 1 0 9896697298720 4
2 1 0 9896697298724 4
11 1 0 9896697298728 4
2 1 0 9896697298732 4
25 1 0 9896697298704 4
2 1 0 9896697298708 4
2 1 0 9896697298712 4
2 1 0 9896697298716 4
2 1 0 9896697298696 4
