1 0 0 2200101196368 4
121 0 0 2200101196376 4
300 1 0 2200101196376 4
2 1 0 2200101196368 4
2 1 0 2200101196360 4
2 1 0 2200101196104 4
3 1 0 2200101199152 4
6 0 0 144163143621194496 4
285 0 0 2200101198160 4
300 0 0 144163143621177312 4
300 1 0 2200101198056 4
11 0 0 2200101199140 4
289 1 0 2200101196312 4
3 1 0 2200101196320 4
2 1 0 2200101196088 4
3 0 0 144163143621177432 4
292 1 0 2200101196240 4
4 0 0 2200101198208 4
296 1 0 2200101196248 4
3 1 0 2200101196256 4
2 1 0 2200101196264 4
2 1 0 2200101196272 4
2 1 0 2200101196280 4
5 1 0 2200101196288 4
7 1 0 2200101196296 4
3 1 0 2200101196080 4
4 1 0 2200101196304 4
10 1 0 2200101198352 4
8 0 0 2200101199139 4
254 0 0 2200101199192 4
290 0 0 2200101199184 4
300 1 0 2200101196088 4
1 1 0 2200101196080 4
2 1 0 2200101196072 4
2 0 0 8599141184 4
295 0 0 8599141272 4
300 0 0 8598910024 4
300 1 0 2200101196056 4
1 0 0 8599575584 4
299 0 0 8598847640 4
300 1 0 2200101196024 4
2 1 0 2200101196040 4
2 1 0 2200101196032 4
3 1 0 2200101196048 4
2 0 0 2200101198176 4
291 0 0 144163143621177984 4
300 1 0 2200101199136 4
7 1 0 2200101198376 4
3 1 0 2200101198368 4
16 0 0 8598909896 4
274 0 0 8598909928 4
300 1 0 2200101196056 4
5 0 0 8598848912 4
295 1 0 2200101196048 4
2 1 0 2200101196040 4
2 1 0 2200101196032 4
2 1 0 2200101196024 4
2 1 0 2200101196016 4
2 0 0 2200101198304 4
300 0 0 8599141240 4
300 0 0 144163143619054960 4
300 0 0 8599141224 4
300 1 0 8599141224 4
1 0 0 8599141232 4
299 0 0 8599141236 4
300 1 0 8599141236 4
1 1 0 8599141232 4
21 0 0 8598909944 4
278 1 0 2200101196056 4
5 0 0 8598849032 4
289 0 0 144163143619055912 4
296 1 0 8599141232 4
8 1 0 8599141236 4
3 1 0 8599141224 4
5 0 0 8599760776 4
284 0 0 8599760768 4
300 1 0 2200101196056 4
1 1 0 2200101196048 4
2 1 0 2200101196040 4
2 1 0 2200101196032 4
2 1 0 2200101196024 4
2 1 0 2200101196016 4
5 0 0 8599760392 4
286 0 0 8599760384 4
300 1 0 2200101196008 4
4 1 0 2200101196000 4
2 0 0 8599760672 4
294 0 0 8599610440 4
302 1 0 2200101195992 4
3 1 0 2200101195984 4
2 1 0 2200101195976 4
2 1 0 2200101195968 4
2 1 0 2200101195960 4
2 1 0 2200101195952 4
5 0 0 8599610592 4
298 0 0 8599610576 4
284 1 0 8599610576 4
1 0 0 8599610584 4
299 0 0 8599610588 4
300 1 0 8599610588 4
1 1 0 8599610584 4
15 0 0 8599760728 4
284 0 0 8599760744 4
300 1 0 2200101195992 4
4 1 0 2200101195976 4
2 1 0 2200101195984 4
9 0 0 8598910016 4
285 1 0 2200101195960 4
5 0 0 8598847536 4
295 1 0 2200101195952 4
39 1 0 8599760728 4
26 1 0 8599610584 4
8 1 0 8599610588 4
3 1 0 8599610576 4
7 1 0 2200101196008 4
5 1 0 2200101196000 4
2 1 0 2200101195992 4
6 0 0 8599760424 4
216 1 0 2200101195976 4
3 1 0 2200101195968 4
2 1 0 2200101195960 4
2 1 0 2200101195952 4
2 1 0 2200101195944 4
2 1 0 2200101195936 4
5 0 0 8599760576 4
278 0 0 8599760560 4
294 1 0 8599760560 4
1 0 0 8599760568 4
299 0 0 8599760572 4
300 1 0 8599760572 4
1 1 0 8599760568 4
15 0 0 8599760416 4
292 0 0 8599760432 4
292 0 0 8598909984 4
300 1 0 2200101195976 4
1 0 0 8598848640 4
299 1 0 2200101195968 4
2 0 0 8599760640 4
298 1 0 2200101195912 4
2 1 0 2200101195920 4
2 1 0 8599760640 4
3 0 0 8599760608 4
293 1 0 8599760608 4
4 1 0 2200101195896 4
12 1 0 8599760568 4
8 1 0 8599760560 4
9 0 0 8599760616 4
277 1 0 8599760616 4
1 0 0 8599760612 4
289 1 0 8599760612 4
1 0 0 8599760648 4
299 1 0 8599760648 4
1 1 0 2200101195896 4
5 1 0 2200101195936 4
2 1 0 2200101195944 4
2 0 0 2200101198344 4
290 1 0 2200101195960 4
2 1 0 2200101198344 4
6 0 0 8599760624 4
292 0 0 8599760652 4
300 1 0 2200101195928 4
2 1 0 2200101195908 4
6 1 0 8599760608 4
1 1 0 2200101195896 4
3 0 0 2200101198360 4
295 1 0 2200101198360 4
10 1 0 2200101195904 4
12 1 0 2200101195896 4
13 1 0 2200101198360 4
11 1 0 8599760608 4
4 0 0 8599760632 4
265 1 0 8599760632 4
3 1 0 8599760648 4
6 1 0 8599760608 4
4 1 0 2200101198344 4
4 1 0 2200101195896 4
2 1 0 2200101195888 4
2 1 0 2200101195880 4
2 1 0 2200101195872 4
2 1 0 2200101195864 4
2 1 0 2200101195856 4
7 0 0 144163143619056716 4
250 1 0 8599760560 4
4 1 0 8599760568 4
30 1 0 8599760416 4
8 1 0 2200101195976 4
14 1 0 8599760568 4
8 1 0 8599760572 4
3 1 0 8599760560 4
1 1 0 2200101195840 4
5 1 0 2200101195832 4
2 1 0 2200101195824 4
2 1 0 8599760560 4
25 0 0 8599760440 4
212 0 0 8599760400 4
210 1 0 2200101196008 4
2 1 0 2200101195992 4
2 1 0 2200101196000 4
11 1 0 2200101195976 4
8 1 0 2200101195968 4
41 0 0 8599759144 4
236 0 0 8599760472 4
280 0 0 8599760448 4
300 0 0 8599760476 4
302 1 0 2200101196008 4
2 1 0 2200101195968 4
2 1 0 2200101195976 4
2 1 0 2200101195984 4
3 1 0 2200101195992 4
2 1 0 2200101196000 4
3 1 0 2200101195960 4
5 0 0 8599610328 4
299 0 0 8599769040 4
280 0 0 8599769008 4
300 0 0 8599610256 4
302 0 0 8599610248 4
300 1 0 2200101195940 4
3 1 0 2200101195936 4
2 0 0 8599610240 4
283 1 0 2200101195944 4
3 0 0 8599610244 4
297 1 0 2200101195948 4
2 1 0 2200101195784 4
5 0 0 8599760456 4
295 0 0 8599760460 4
298 0 0 8599760464 4
302 1 0 2200101195904 4
2 1 0 2200101195908 4
2 0 0 8599760468 4
296 1 0 2200101195912 4
2 1 0 2200101195916 4
17 1 0 2200101195920 4
3 1 0 2200101195924 4
7 1 0 2200101195928 4
5 1 0 2200101195932 4
2 1 0 2200101195784 4
2 0 0 8599769016 4
282 0 0 8599769020 4
280 0 0 8599769024 4
300 0 0 8599769028 4
305 1 0 2200101195784 4
26 1 0 2200101195888 4
2 1 0 2200101195892 4
11 1 0 2200101195896 4
2 1 0 2200101195900 4
24 1 0 2200101195884 4
2 1 0 2200101195880 4
4 1 0 2200101195872 4
2 1 0 2200101195876 4
6 1 0 2200101195784 4
13 0 0 8599610332 4
221 1 0 2200101195784 4
13 1 0 2200101195736 4
2 1 0 2200101195744 4
2 1 0 2200101195752 4
3 1 0 2200101195760 4
2 1 0 2200101195768 4
3 1 0 2200101195776 4
5 0 0 8599610408 4
250 1 0 2200101195672 4
3 1 0 2200101195624 4
2 1 0 2200101195640 4
2 1 0 2200101195648 4
3 1 0 2200101195656 4
2 1 0 2200101195664 4
3 1 0 2200101195632 4
13 0 0 8599610252 4
284 1 0 2200101195528 4
4 1 0 2200101195512 4
2 1 0 2200101195520 4
11 1 0 2200101195496 4
8 1 0 2200101195488 4
46 1 0 2200101195604 4
2 1 0 2200101195600 4
5 1 0 2200101195608 4
6 1 0 2200101195612 4
2 1 0 2200101195528 4
20 1 0 2200101195568 4
2 1 0 2200101195572 4
11 1 0 2200101195576 4
2 1 0 2200101195580 4
20 1 0 2200101195592 4
3 1 0 2200101195596 4
4 1 0 2200101195584 4
2 1 0 2200101195588 4
5 1 0 2200101195528 4
29 1 0 2200101195528 4
25 1 0 2200101195552 4
2 1 0 2200101195556 4
11 1 0 2200101195560 4
2 1 0 2200101195564 4
25 1 0 2200101195536 4
2 1 0 2200101195540 4
2 1 0 2200101195544 4
2 1 0 2200101195548 4
2 1 0 2200101195528 4
13 0 0 8599760736 4
228 0 0 8599769048 4
126 1 0 8599760680 4
2 1 0 8599760688 4
