1 0 0 4399128654416 4
141 0 0 4399128654424 4
300 1 0 4399128654424 4
2 1 0 4399128654416 4
2 1 0 4399128654408 4
2 1 0 4399128654152 4
3 1 0 4399128657200 4
6 0 0 288278331697050368 4
285 0 0 4399128656208 4
300 0 0 288278331697033184 4
300 1 0 4399128656104 4
11 0 0 4399128657188 4
289 1 0 4399128654360 4
3 1 0 4399128654368 4
2 1 0 4399128654136 4
3 0 0 288278331697033304 4
292 1 0 4399128654288 4
4 0 0 4399128656256 4
296 1 0 4399128654296 4
3 1 0 4399128654304 4
2 1 0 4399128654312 4
2 1 0 4399128654320 4
2 1 0 4399128654328 4
5 1 0 4399128654336 4
7 1 0 4399128654344 4
3 1 0 4399128654128 4
4 1 0 4399128654352 4
10 1 0 4399128656400 4
8 0 0 4399128657187 4
254 0 0 4399128657240 4
290 0 0 4399128657232 4
300 1 0 4399128654136 4
1 1 0 4399128654128 4
2 1 0 4399128654120 4
2 0 0 17189075776 4
295 0 0 17189075864 4
300 0 0 17188844616 4
300 1 0 4399128654104 4
1 0 0 17189510176 4
299 0 0 17188782232 4
300 1 0 4399128654072 4
2 1 0 4399128654088 4
2 1 0 4399128654080 4
3 1 0 4399128654096 4
2 0 0 4399128656224 4
291 0 0 288278331697033856 4
300 1 0 4399128657184 4
7 1 0 4399128656424 4
3 1 0 4399128656416 4
16 0 0 17188844488 4
284 0 0 17188844520 4
300 1 0 4399128654104 4
5 0 0 17188783504 4
295 1 0 4399128654096 4
2 1 0 4399128654088 4
2 1 0 4399128654080 4
2 1 0 4399128654072 4
2 1 0 4399128654064 4
2 0 0 4399128656352 4
290 0 0 17189075832 4
300 0 0 288278331694910832 4
300 0 0 17189075816 4
300 1 0 17189075816 4
1 1 0 4399128653928 4
5 1 0 4399128653920 4
2 1 0 4399128653912 4
10 1 0 17189075816 4
9 0 0 17189075824 4
273 0 0 17189075828 4
300 1 0 17189075828 4
1 1 0 17189075824 4
21 0 0 17188844536 4
278 1 0 4399128654104 4
5 0 0 17188783624 4
289 0 0 288278331694911784 4
296 1 0 17189075824 4
8 1 0 17189075828 4
3 1 0 17189075816 4
1 1 0 4399128653968 4
5 1 0 4399128653960 4
2 1 0 4399128653952 4
2 1 0 17189075816 4
17 0 0 17189696840 4
272 0 0 17189696832 4
300 1 0 4399128654104 4
1 1 0 4399128654096 4
2 1 0 4399128654088 4
2 1 0 4399128654080 4
2 1 0 4399128654072 4
2 1 0 4399128654064 4
5 0 0 17189696456 4
286 0 0 17189696448 4
300 1 0 4399128654056 4
4 1 0 4399128654048 4
2 0 0 17189696736 4
294 0 0 17189545032 4
302 1 0 4399128654040 4
3 1 0 4399128654032 4
2 1 0 4399128654024 4
2 1 0 4399128654016 4
2 1 0 4399128654008 4
2 1 0 4399128654000 4
5 0 0 17189545184 4
288 0 0 17189545168 4
294 1 0 17189545168 4
1 1 0 4399128653864 4
5 1 0 4399128653856 4
2 1 0 4399128653848 4
10 1 0 17189545168 4
8 1 0 17189545168 4
9 0 0 17189545176 4
265 0 0 17189545180 4
290 1 0 17189545180 4
1 1 0 17189545176 4
15 0 0 17189696792 4
284 0 0 17189696808 4
300 1 0 4399128654040 4
4 1 0 4399128654024 4
2 1 0 4399128654032 4
9 0 0 17188844608 4
285 1 0 4399128654008 4
5 0 0 17188782128 4
295 1 0 4399128654000 4
39 1 0 17189696792 4
26 1 0 17189545176 4
8 1 0 17189545180 4
3 1 0 17189545168 4
1 1 0 4399128653920 4
5 1 0 4399128653912 4
2 1 0 4399128653904 4
2 1 0 17189545168 4
19 1 0 4399128654056 4
5 1 0 4399128654048 4
2 1 0 4399128654040 4
6 0 0 17189696488 4
194 1 0 4399128654024 4
3 1 0 4399128654016 4
2 1 0 4399128654008 4
2 1 0 4399128654000 4
2 1 0 4399128653992 4
2 1 0 4399128653984 4
5 0 0 17189696640 4
288 0 0 17189696624 4
294 1 0 17189696624 4
1 0 0 17189696632 4
299 0 0 17189696636 4
300 1 0 17189696636 4
1 1 0 17189696632 4
15 0 0 17189696480 4
292 0 0 17189696496 4
292 0 0 17188844576 4
300 1 0 4399128654024 4
1 0 0 17188783232 4
299 1 0 4399128654016 4
2 0 0 17189696704 4
298 1 0 4399128653960 4
2 1 0 4399128653968 4
2 1 0 17189696704 4
3 0 0 17189696672 4
293 1 0 17189696672 4
4 1 0 4399128653944 4
12 1 0 17189696632 4
8 1 0 17189696624 4
9 0 0 17189696680 4
267 1 0 17189696680 4
1 0 0 17189696676 4
289 1 0 17189696676 4
1 0 0 17189696712 4
299 1 0 17189696712 4
1 1 0 4399128653944 4
5 1 0 4399128653984 4
2 1 0 4399128653992 4
2 0 0 4399128656392 4
290 1 0 4399128654008 4
2 1 0 4399128656392 4
6 0 0 17189696688 4
292 0 0 17189696716 4
300 1 0 4399128653976 4
2 1 0 4399128653956 4
6 1 0 17189696672 4
1 1 0 4399128653944 4
3 0 0 4399128656408 4
305 1 0 4399128656408 4
10 1 0 4399128653952 4
12 1 0 4399128653944 4
13 1 0 4399128656408 4
11 1 0 17189696672 4
4 0 0 17189696696 4
255 1 0 17189696696 4
3 1 0 17189696712 4
6 1 0 17189696672 4
4 1 0 4399128656392 4
4 1 0 4399128653944 4
2 1 0 4399128653936 4
2 1 0 4399128653928 4
2 1 0 4399128653920 4
2 1 0 4399128653912 4
2 1 0 4399128653904 4
7 0 0 288278331694912588 4
260 1 0 17189696624 4
4 1 0 17189696632 4
30 1 0 17189696480 4
8 1 0 4399128654024 4
14 1 0 17189696632 4
8 1 0 17189696636 4
3 1 0 17189696624 4
1 1 0 4399128653888 4
5 1 0 4399128653880 4
2 1 0 4399128653872 4
2 1 0 17189696624 4
25 0 0 17189696504 4
262 0 0 17189696464 4
230 1 0 4399128654056 4
2 1 0 4399128654040 4
2 1 0 4399128654048 4
11 1 0 4399128654024 4
8 1 0 4399128654016 4
41 0 0 17189693736 4
236 0 0 17189696536 4
280 0 0 17189696512 4
300 0 0 17189696540 4
302 1 0 4399128654056 4
2 1 0 4399128654016 4
2 1 0 4399128654024 4
2 1 0 4399128654032 4
3 1 0 4399128654040 4
2 1 0 4399128654048 4
3 1 0 4399128654008 4
5 0 0 17189544920 4
299 0 0 17189703632 4
290 0 0 17189703600 4
300 0 0 17189544848 4
302 0 0 17189544840 4
300 1 0 4399128653988 4
3 1 0 4399128653984 4
2 0 0 17189544832 4
283 1 0 4399128653992 4
3 0 0 17189544836 4
297 1 0 4399128653996 4
2 1 0 4399128653832 4
5 0 0 17189696520 4
295 0 0 17189696524 4
298 0 0 17189696528 4
302 1 0 4399128653952 4
2 1 0 4399128653956 4
2 0 0 17189696532 4
296 1 0 4399128653960 4
2 1 0 4399128653964 4
17 1 0 4399128653968 4
3 1 0 4399128653972 4
7 1 0 4399128653976 4
5 1 0 4399128653980 4
2 1 0 4399128653832 4
2 0 0 17189703608 4
282 0 0 17189703612 4
280 0 0 17189703616 4
290 0 0 17189703620 4
305 1 0 4399128653832 4
26 1 0 4399128653936 4
2 1 0 4399128653940 4
11 1 0 4399128653944 4
2 1 0 4399128653948 4
24 1 0 4399128653932 4
2 1 0 4399128653928 4
4 1 0 4399128653920 4
2 1 0 4399128653924 4
6 1 0 4399128653832 4
13 0 0 17189544924 4
231 1 0 4399128653832 4
13 1 0 4399128653784 4
2 1 0 4399128653792 4
2 1 0 4399128653800 4
3 1 0 4399128653808 4
2 1 0 4399128653816 4
3 1 0 4399128653824 4
5 0 0 17189545000 4
250 1 0 4399128653720 4
3 1 0 4399128653672 4
2 1 0 4399128653688 4
2 1 0 4399128653696 4
3 1 0 4399128653704 4
2 1 0 4399128653712 4
3 1 0 4399128653680 4
13 0 0 17189544844 4
284 1 0 4399128653576 4
4 1 0 4399128653560 4
2 1 0 4399128653568 4
11 1 0 4399128653544 4
8 1 0 4399128653536 4
46 1 0 4399128653652 4
2 1 0 4399128653648 4
5 1 0 4399128653656 4
6 1 0 4399128653660 4
2 1 0 4399128653576 4
20 1 0 4399128653616 4
2 1 0 4399128653620 4
11 1 0 4399128653624 4
2 1 0 4399128653628 4
20 1 0 4399128653640 4
3 1 0 4399128653644 4
