1 0 0 17593280795216 4
321 0 0 17593280795224 4
300 1 0 17593280795224 4
2 1 0 17593280795216 4
2 1 0 17593280795208 4
2 1 0 17593280794952 4
3 1 0 17593280798000 4
6 0 0 1152969460152185600 4
285 0 0 17593280797008 4
300 0 0 1152969460152168416 4
300 1 0 17593280796904 4
11 0 0 17593280797988 4
289 1 0 17593280795160 4
3 1 0 17593280795168 4
2 1 0 17593280794936 4
3 0 0 1152969460152168536 4
292 1 0 17593280795088 4
4 0 0 17593280797056 4
296 1 0 17593280795096 4
3 1 0 17593280795104 4
2 1 0 17593280795112 4
2 1 0 17593280795120 4
2 1 0 17593280795128 4
5 1 0 17593280795136 4
7 1 0 17593280795144 4
3 1 0 17593280794928 4
4 1 0 17593280795152 4
10 1 0 17593280797200 4
8 0 0 17593280797987 4
264 0 0 17593280798040 4
300 0 0 17593280798032 4
300 1 0 17593280794936 4
1 1 0 17593280794928 4
2 1 0 17593280794920 4
2 0 0 68728683328 4
295 0 0 68728683416 4
300 0 0 68728452168 4
300 1 0 17593280794904 4
1 0 0 68729117728 4
299 0 0 68728389784 4
300 1 0 17593280794872 4
2 1 0 17593280794888 4
2 1 0 17593280794880 4
3 1 0 17593280794896 4
2 0 0 17593280797024 4
291 0 0 1152969460152169088 4
300 1 0 17593280797984 4
7 1 0 17593280797224 4
3 1 0 17593280797216 4
16 0 0 68728452040 4
274 0 0 68728452072 4
300 1 0 17593280794904 4
5 0 0 68728391056 4
295 1 0 17593280794896 4
2 1 0 17593280794888 4
2 1 0 17593280794880 4
2 1 0 17593280794872 4
2 1 0 17593280794864 4
2 0 0 17593280797152 4
290 0 0 68728683384 4
300 0 0 1152969460150046064 4
300 0 0 68728683368 4
300 1 0 68728683368 4
1 0 0 68728683376 4
299 0 0 68728683380 4
300 1 0 68728683380 4
1 1 0 68728683376 4
21 0 0 68728452088 4
278 1 0 17593280794904 4
5 0 0 68728391176 4
299 0 0 1152969460150047016 4
296 1 0 68728683376 4
8 1 0 68728683380 4
3 1 0 68728683368 4
5 0 0 68729308808 4
284 0 0 68729308800 4
300 1 0 17593280794904 4
1 1 0 17593280794896 4
2 1 0 17593280794888 4
2 1 0 17593280794880 4
2 1 0 17593280794872 4
2 1 0 17593280794864 4
5 0 0 68729308424 4
286 0 0 68729308416 4
300 1 0 17593280794856 4
4 1 0 17593280794848 4
2 0 0 68729308704 4
294 0 0 68729152584 4
302 1 0 17593280794840 4
3 1 0 17593280794832 4
2 1 0 17593280794824 4
2 1 0 17593280794816 4
2 1 0 17593280794808 4
2 1 0 17593280794800 4
5 0 0 68729152736 4
288 0 0 68729152720 4
294 1 0 68729152720 4
1 0 0 68729152728 4
299 0 0 68729152732 4
300 1 0 68729152732 4
1 1 0 68729152728 4
15 0 0 68729308760 4
284 0 0 68729308776 4
300 1 0 17593280794840 4
4 1 0 17593280794824 4
2 1 0 17593280794832 4
9 0 0 68728452160 4
285 1 0 17593280794808 4
5 0 0 68728389680 4
295 1 0 17593280794800 4
39 1 0 68729308760 4
26 1 0 68729152728 4
8 1 0 68729152732 4
3 1 0 68729152720 4
7 1 0 17593280794856 4
5 1 0 17593280794848 4
2 1 0 17593280794840 4
6 0 0 68729308456 4
206 1 0 17593280794824 4
3 1 0 17593280794816 4
2 1 0 17593280794808 4
2 1 0 17593280794800 4
2 1 0 17593280794792 4
2 1 0 17593280794784 4
5 0 0 68729308608 4
288 0 0 68729308592 4
294 1 0 68729308592 4
1 0 0 68729308600 4
299 0 0 68729308604 4
300 1 0 68729308604 4
1 1 0 68729308600 4
15 0 0 68729308448 4
292 0 0 68729308464 4
292 0 0 68728452128 4
300 1 0 17593280794824 4
1 0 0 68728390784 4
289 1 0 17593280794816 4
2 0 0 68729308672 4
298 1 0 17593280794760 4
2 1 0 17593280794768 4
2 1 0 68729308672 4
3 0 0 68729308640 4
293 1 0 68729308640 4
4 1 0 17593280794744 4
12 1 0 68729308600 4
8 1 0 68729308592 4
9 0 0 68729308648 4
287 1 0 68729308648 4
1 0 0 68729308644 4
299 1 0 68729308644 4
1 0 0 68729308680 4
299 1 0 68729308680 4
1 1 0 17593280794744 4
5 1 0 17593280794784 4
2 1 0 17593280794792 4
2 0 0 17593280797192 4
290 1 0 17593280794808 4
2 1 0 17593280797192 4
6 0 0 68729308656 4
292 0 0 68729308684 4
290 1 0 17593280794776 4
2 1 0 17593280794756 4
6 1 0 68729308640 4
1 1 0 17593280794744 4
3 0 0 17593280797208 4
305 1 0 17593280797208 4
10 1 0 17593280794752 4
12 1 0 17593280794744 4
13 1 0 17593280797208 4
11 1 0 68729308640 4
4 0 0 68729308664 4
255 1 0 68729308664 4
3 1 0 68729308680 4
6 1 0 68729308640 4
4 1 0 17593280797192 4
4 1 0 17593280794744 4
2 1 0 17593280794736 4
2 1 0 17593280794728 4
2 1 0 17593280794720 4
2 1 0 17593280794712 4
2 1 0 17593280794704 4
7 0 0 1152969460150047820 4
260 1 0 68729308592 4
4 1 0 68729308600 4
30 1 0 68729308448 4
8 1 0 17593280794824 4
14 1 0 68729308600 4
8 1 0 68729308604 4
3 1 0 68729308592 4
1 1 0 17593280794688 4
5 1 0 17593280794680 4
2 1 0 17593280794672 4
2 1 0 68729308592 4
25 0 0 68729308472 4
282 0 0 68729308432 4
290 1 0 17593280794856 4
2 1 0 17593280794840 4
2 1 0 17593280794848 4
11 1 0 17593280794824 4
8 1 0 17593280794816 4
41 0 0 68729301288 4
256 0 0 68729308504 4
300 0 0 68729308480 4
300 0 0 68729308508 4
292 1 0 17593280794856 4
2 1 0 17593280794816 4
2 1 0 17593280794824 4
2 1 0 17593280794832 4
3 1 0 17593280794840 4
2 1 0 17593280794848 4
3 1 0 17593280794808 4
5 0 0 68729152472 4
289 0 0 68729311184 4
300 0 0 68729311152 4
300 0 0 68729152400 4
302 0 0 68729152392 4
290 1 0 17593280794788 4
3 1 0 17593280794784 4
2 0 0 68729152384 4
293 1 0 17593280794792 4
3 0 0 68729152388 4
297 1 0 17593280794796 4
2 1 0 17593280794632 4
5 0 0 68729308488 4
295 0 0 68729308492 4
298 0 0 68729308496 4
302 1 0 17593280794752 4
2 1 0 17593280794756 4
2 0 0 68729308500 4
286 1 0 17593280794760 4
2 1 0 17593280794764 4
17 1 0 17593280794768 4
3 1 0 17593280794772 4
7 1 0 17593280794776 4
5 1 0 17593280794780 4
2 1 0 17593280794632 4
2 0 0 68729311160 4
282 0 0 68729311164 4
300 0 0 68729311168 4
300 0 0 68729311172 4
295 1 0 17593280794632 4
26 1 0 17593280794736 4
2 1 0 17593280794740 4
11 1 0 17593280794744 4
2 1 0 17593280794748 4
24 1 0 17593280794732 4
2 1 0 17593280794728 4
4 1 0 17593280794720 4
2 1 0 17593280794724 4
6 1 0 17593280794632 4
13 0 0 68729152476 4
281 1 0 17593280794632 4
13 1 0 17593280794584 4
2 1 0 17593280794592 4
2 1 0 17593280794600 4
3 1 0 17593280794608 4
2 1 0 17593280794616 4
3 1 0 17593280794624 4
5 0 0 68729152552 4
280 1 0 17593280794520 4
3 1 0 17593280794472 4
2 1 0 17593280794488 4
2 1 0 17593280794496 4
3 1 0 17593280794504 4
2 1 0 17593280794512 4
3 1 0 17593280794480 4
13 0 0 68729152396 4
194 1 0 17593280794376 4
4 1 0 17593280794360 4
2 1 0 17593280794368 4
11 1 0 17593280794344 4
8 1 0 17593280794336 4
46 1 0 17593280794452 4
2 1 0 17593280794448 4
5 1 0 17593280794456 4
6 1 0 17593280794460 4
2 1 0 17593280794376 4
20 1 0 17593280794416 4
2 1 0 17593280794420 4
11 1 0 17593280794424 4
2 1 0 17593280794428 4
20 1 0 17593280794440 4
3 1 0 17593280794444 4
4 1 0 17593280794432 4
2 1 0 17593280794436 4
5 1 0 17593280794376 4
29 1 0 17593280794376 4
25 1 0 17593280794400 4
2 1 0 17593280794404 4
11 1 0 17593280794408 4
2 1 0 17593280794412 4
25 1 0 17593280794384 4
2 1 0 17593280794388 4
2 1 0 17593280794392 4
2 1 0 17593280794396 4
2 1 0 17593280794376 4
13 0 0 68729308768 4
228 0 0 68729311192 4
296 1 0 68729308712 4
2 1 0 68729308720 4
