1 0 0 1100587467344 4
111 0 0 1100587467352 4
300 1 0 1100587467352 4
2 1 0 1100587467344 4
2 1 0 1100587467336 4
2 1 0 1100587467080 4
3 1 0 1100587470128 4
6 0 0 72105549583266560 4
285 0 0 1100587469136 4
300 0 0 72105549583249376 4
300 1 0 1100587469032 4
11 0 0 1100587470116 4
289 1 0 1100587467288 4
3 1 0 1100587467296 4
2 1 0 1100587467064 4
3 0 0 72105549583249496 4
292 1 0 1100587467056 4
2 0 0 72105549583249392 4
298 1 0 1100587467048 4
1 0 0 72105549583249400 4
299 1 0 1100587466992 4
3 1 0 1100587467000 4
2 1 0 1100587467008 4
2 1 0 1100587467016 4
2 1 0 1100587467024 4
2 1 0 1100587467032 4
2 1 0 1100587467040 4
10 1 0 1100587466984 4
2 1 0 1100587466976 4
2 1 0 1100587466968 4
4 0 0 72105549577408616 4
299 0 0 72105549583248936 4
300 0 0 72105549577408760 4
300 0 0 72105549583249048 4
300 0 0 72105549581080892 4
300 0 0 72105549577408624 4
300 0 0 72105549583248952 4
300 1 0 1100587466960 4
2 0 0 72105549581080888 4
298 0 0 72105549577408512 4
300 0 0 72105549581080880 4
280 0 0 72105549581066125 4
300 0 0 72105549577408968 4
300 0 0 72105549583249208 4
290 0 0 72105549581077984 4
300 0 0 72105549577409248 4
300 0 0 72105549597263880 4
300 0 0 1100587469160 4
300 1 0 1100587469164 4
4 0 0 72105549581066120 4
296 0 0 72105549577409408 4
300 1 0 1100587466936 4
4 1 0 1100587466928 4
2 1 0 1100587466920 4
4 1 0 1100587466912 4
2 1 0 1100587466904 4
3 1 0 1100587466896 4
3 1 0 1100587466888 4
2 1 0 1100587466880 4
2 1 0 1100587466872 4
2 1 0 1100587466752 4
3 1 0 1100587466744 4
2 1 0 1100587466736 4
2 1 0 1100587466728 4
2 1 0 1100587466724 4
2 1 0 1100587466632 4
2 0 0 72105549581073537 4
293 0 0 72105549581073538 4
300 0 0 72105549581073539 4
290 0 0 72105549581073540 4
300 0 0 72105549581073541 4
290 0 0 72105549581073542 4
300 0 0 72105549581073543 4
300 0 0 72105549581073544 4
308 0 0 72105549257508104 4
282 1 0 72105549257508104 4
1 1 0 1100587466856 4
4 1 0 1100587466832 4
2 1 0 1100587466840 4
11 0 0 72105549577409368 4
302 1 0 1100587466672 4
7 1 0 1100587466664 4
4 1 0 1100587466640 4
2 1 0 1100587466648 4
2 1 0 1100587466656 4
9 1 0 1100587466696 4
2 1 0 1100587466632 4
2 1 0 1100587466624 4
2 1 0 1100587466616 4
2 1 0 1100587466608 4
2 1 0 1100587466600 4
3 1 0 1100587466592 4
2 1 0 1100587466584 4
2 0 0 72105549577769664 4
261 1 0 1100587466496 4
2 1 0 1100587466488 4
6 1 0 1100587466536 4
2 1 0 1100587466520 4
4 1 0 1100587466552 4
2 1 0 1100587466564 4
4 1 0 1100587466572 4
2 0 0 72105549577769656 4
286 1 0 1100587466480 4
9 1 0 1100587466472 4
2 1 0 1100587466468 4
2 1 0 1100587466456 4
2 1 0 1100587466560 4
3 1 0 1100587466512 4
2 0 0 72105549597263344 4
280 0 0 72105549577769000 4
300 1 0 1100587466528 4
6 0 0 72105549577769749 4
294 0 0 72105549257505760 4
303 0 0 72105549577769708 4
267 0 0 72105549577769072 4
210 0 0 4303879840 4
290 1 0 1100587466504 4
2 0 0 72105549577769064 4
298 0 0 4303879824 4
300 1 0 1100587466544 4
2 0 0 72105549577769720 4
302 0 0 72105549577769712 4
296 0 0 72105549577769716 4
300 0 0 4299179232 4
307 1 0 1100587466568 4
15 0 0 72105549597263888 4
302 1 0 1100587466440 4
2 1 0 1100587466432 4
2 1 0 1100587466424 4
3 0 0 72105549577768968 4
299 1 0 1100587466408 4
2 0 0 72105549255387108 4
298 0 0 72105549581077814 4
288 0 0 72105549577769016 4
282 0 0 72105549577770328 4
300 1 0 1100587466408 4
3 1 0 1100587466376 4
6 1 0 1100587466384 4
2 1 0 1100587466392 4
2 0 0 72105549577770352 4
314 0 0 72105549577770336 4
303 1 0 1100587466560 4
8 1 0 1100587466512 4
2 0 0 72105549597263352 4
290 0 0 72105549577408552 4
290 1 0 1100587466528 4
6 0 0 72105549577409301 4
290 0 0 72105549577409260 4
300 1 0 1100587466504 4
6 1 0 1100587466544 4
2 0 0 72105549577409272 4
210 0 0 72105549577409264 4
296 0 0 72105549577409268 4
290 0 0 72105549581062888 4
287 1 0 1100587466568 4
23 1 0 1100587466440 4
2 1 0 1100587466432 4
2 1 0 1100587466424 4
3 0 0 72105549577408520 4
293 1 0 1100587466408 4
2 1 0 1100587466376 4
6 1 0 1100587466384 4
2 1 0 1100587466392 4
2 0 0 72105549577772232 4
321 0 0 72105549577408568 4
267 0 0 72105549577409624 4
280 1 0 1100587466408 4
3 1 0 1100587466376 4
6 1 0 1100587466384 4
2 1 0 1100587466392 4
2 0 0 72105549577409648 4
348 0 0 72105549577409632 4
269 1 0 1100587466560 4
8 1 0 1100587466512 4
2 0 0 72105549597263360 4
270 0 0 72105549577409752 4
300 1 0 1100587466528 4
6 0 0 72105549577410501 4
300 0 0 72105549577410460 4
294 0 0 72105549577409824 4
300 0 0 72105549585587792 4
300 1 0 1100587466504 4
2 0 0 72105549577409816 4
298 0 0 72105549585587776 4
290 1 0 1100587466544 4
2 0 0 72105549577410472 4
292 0 0 72105549577410464 4
296 0 0 72105549577410468 4
300 0 0 72105549583459048 4
307 1 0 1100587466568 4
23 1 0 1100587466440 4
2 1 0 1100587466432 4
2 1 0 1100587466424 4
3 0 0 72105549577409720 4
273 1 0 1100587466408 4
2 1 0 1100587466376 4
6 1 0 1100587466384 4
2 1 0 1100587466392 4
2 0 0 72105549577409688 4
311 0 0 72105549577409768 4
177 0 0 72105549577410824 4
200 1 0 1100587466408 4
3 1 0 1100587466376 4
6 1 0 1100587466384 4
2 1 0 1100587466392 4
2 0 0 72105549577410848 4
248 0 0 72105549577410832 4
249 1 0 1100587466560 4
8 1 0 1100587466512 4
2 0 0 72105549597263368 4
280 0 0 72105549577410960 4
220 1 0 1100587466528 4
6 0 0 72105549577411709 4
290 0 0 72105549577411668 4
294 0 0 72105549577411032 4
300 0 0 72105549589244256 4
300 1 0 1100587466504 4
2 0 0 72105549577411024 4
298 0 0 72105549589244240 4
290 1 0 1100587466544 4
2 0 0 72105549577411680 4
302 0 0 72105549577411672 4
296 0 0 72105549577411676 4
300 0 0 72105549585808952 4
297 1 0 1100587466568 4
23 1 0 1100587466440 4
2 1 0 1100587466432 4
2 1 0 1100587466424 4
3 0 0 72105549577410928 4
283 1 0 1100587466408 4
2 1 0 1100587466376 4
6 1 0 1100587466384 4
2 1 0 1100587466392 4
2 0 0 72105549577410888 4
331 0 0 72105549577410976 4
267 0 0 72105549577412032 4
300 1 0 1100587466408 4
3 1 0 1100587466376 4
6 1 0 1100587466384 4
2 1 0 1100587466392 4
2 0 0 72105549577412056 4
338 0 0 72105549577412040 4
259 1 0 1100587466560 4
8 1 0 1100587466512 4
2 0 0 72105549597263376 4
280 0 0 72105549589270568 4
300 1 0 1100587466528 4
6 0 0 72105549589271317 4
300 0 0 72105549589271276 4
284 0 0 72105549589270640 4
300 0 0 72105549591383624 4
300 1 0 1100587466504 4
2 0 0 72105549589270632 4
298 0 0 72105549591383608 4
290 1 0 1100587466544 4
2 0 0 72105549589271288 4
302 0 0 72105549589271280 4
296 0 0 72105549589271284 4
300 0 0 72105549589275320 4
297 1 0 1100587466568 4
23 1 0 1100587466440 4
2 1 0 1100587466432 4
2 1 0 1100587466424 4
3 0 0 72105549589270536 4
293 1 0 1100587466408 4
2 1 0 1100587466376 4
6 1 0 1100587466384 4
2 1 0 1100587466392 4
2 0 0 72105549577412104 4
321 0 0 72105549589270584 4
267 0 0 72105549589271640 4
300 1 0 1100587466408 4
3 1 0 1100587466376 4
6 1 0 1100587466384 4
2 1 0 1100587466392 4
2 0 0 72105549589271664 4
338 0 0 72105549589271648 4
259 1 0 1100587466560 4
8 1 0 1100587466512 4
2 0 0 72105549597263384 4
280 0 0 72105549589271768 4
300 1 0 1100587466528 4
6 0 0 72105549589272517 4
300 0 0 72105549589272476 4
294 0 0 72105549589271840 4
300 0 0 72105549593820784 4
300 1 0 1100587466504 4
2 0 0 72105549589271832 4
298 0 0 72105549593820768 4
300 1 0 1100587466544 4
2 0 0 72105549589272488 4
302 0 0 72105549589272480 4
296 0 0 72105549589272484 4
300 0 0 72105549591388904 4
307 1 0 1100587466568 4
23 1 0 1100587466440 4
2 1 0 1100587466432 4
2 1 0 1100587466424 4
3 0 0 72105549589271736 4
263 1 0 1100587466408 4
