1 0 0 6598156112464 4
221 0 0 6598156112472 4
300 1 0 6598156112472 4
2 1 0 6598156112464 4
2 1 0 6598156112456 4
2 1 0 6598156112200 4
3 1 0 6598156115248 4
6 0 0 432393519772906240 4
285 0 0 6598156114256 4
300 0 0 432393519772889056 4
300 1 0 6598156114152 4
11 0 0 6598156115236 4
289 1 0 6598156112408 4
3 1 0 6598156112416 4
2 1 0 6598156112184 4
3 0 0 432393519772889176 4
292 1 0 6598156112336 4
4 0 0 6598156114304 4
296 1 0 6598156112344 4
3 1 0 6598156112352 4
2 1 0 6598156112360 4
2 1 0 6598156112368 4
2 1 0 6598156112376 4
5 1 0 6598156112384 4
7 1 0 6598156112392 4
3 1 0 6598156112176 4
4 1 0 6598156112400 4
10 1 0 6598156114448 4
8 0 0 6598156115235 4
254 0 0 6598156115288 4
300 0 0 6598156115280 4
300 1 0 6598156112184 4
1 1 0 6598156112176 4
2 1 0 6598156112168 4
2 0 0 25779010368 4
295 0 0 25779010456 4
300 0 0 25778779208 4
300 1 0 6598156112152 4
1 0 0 25779444768 4
299 0 0 25778716824 4
300 1 0 6598156112120 4
2 1 0 6598156112136 4
2 1 0 6598156112128 4
3 1 0 6598156112144 4
2 0 0 6598156114272 4
291 0 0 432393519772889728 4
300 1 0 6598156115232 4
7 1 0 6598156114472 4
3 1 0 6598156114464 4
16 0 0 25778779080 4
274 0 0 25778779112 4
300 1 0 6598156112152 4
5 0 0 25778718096 4
295 1 0 6598156112144 4
2 1 0 6598156112136 4
2 1 0 6598156112128 4
2 1 0 6598156112120 4
2 1 0 6598156112112 4
2 0 0 6598156114400 4
290 0 0 25779010424 4
300 0 0 432393519770766704 4
300 0 0 25779010408 4
300 1 0 25779010408 4
1 1 0 6598156111976 4
5 1 0 6598156111968 4
2 1 0 6598156111960 4
12 1 0 25779010408 4
9 0 0 25779010416 4
281 0 0 25779010420 4
300 1 0 25779010420 4
1 1 0 25779010416 4
21 0 0 25778779128 4
278 1 0 6598156112152 4
5 0 0 25778718216 4
299 0 0 432393519770767656 4
296 1 0 25779010416 4
8 1 0 25779010420 4
3 1 0 25779010408 4
1 1 0 6598156112016 4
5 1 0 6598156112008 4
2 1 0 6598156112000 4
2 1 0 25779010408 4
17 0 0 25779632904 4
262 0 0 25779632896 4
300 1 0 6598156112152 4
1 1 0 6598156112144 4
2 1 0 6598156112136 4
2 1 0 6598156112128 4
2 1 0 6598156112120 4
2 1 0 6598156112112 4
5 0 0 25779632520 4
286 0 0 25779632512 4
300 1 0 6598156112104 4
4 1 0 6598156112096 4
2 0 0 25779632800 4
294 0 0 25779479624 4
302 1 0 6598156112088 4
3 1 0 6598156112080 4
2 1 0 6598156112072 4
2 1 0 6598156112064 4
2 1 0 6598156112056 4
2 1 0 6598156112048 4
5 0 0 25779479776 4
288 0 0 25779479760 4
294 1 0 25779479760 4
1 0 0 25779479768 4
299 0 0 25779479772 4
300 1 0 25779479772 4
1 1 0 25779479768 4
15 0 0 25779632856 4
284 0 0 25779632872 4
300 1 0 6598156112088 4
4 1 0 6598156112072 4
2 1 0 6598156112080 4
9 0 0 25778779200 4
285 1 0 6598156112056 4
5 0 0 25778716720 4
295 1 0 6598156112048 4
39 1 0 25779632856 4
26 1 0 25779479768 4
8 1 0 25779479772 4
3 1 0 25779479760 4
7 1 0 6598156112104 4
5 1 0 6598156112096 4
2 1 0 6598156112088 4
6 0 0 25779632552 4
206 1 0 6598156112072 4
3 1 0 6598156112064 4
2 1 0 6598156112056 4
2 1 0 6598156112048 4
2 1 0 6598156112040 4
2 1 0 6598156112032 4
5 0 0 25779632704 4
288 0 0 25779632688 4
294 1 0 25779632688 4
1 0 0 25779632696 4
299 0 0 25779632700 4
300 1 0 25779632700 4
1 1 0 25779632696 4
15 0 0 25779632544 4
292 0 0 25779632560 4
292 0 0 25778779168 4
300 1 0 6598156112072 4
1 0 0 25778717824 4
299 1 0 6598156112064 4
2 0 0 25779632768 4
298 1 0 6598156112008 4
2 1 0 6598156112016 4
2 1 0 25779632768 4
3 0 0 25779632736 4
293 1 0 25779632736 4
4 1 0 6598156111992 4
12 1 0 25779632696 4
8 1 0 25779632688 4
9 0 0 25779632744 4
267 1 0 25779632744 4
1 0 0 25779632740 4
299 1 0 25779632740 4
1 0 0 25779632776 4
299 1 0 25779632776 4
1 1 0 6598156111992 4
5 1 0 6598156112032 4
2 1 0 6598156112040 4
2 0 0 6598156114440 4
290 1 0 6598156112056 4
2 1 0 6598156114440 4
6 0 0 25779632752 4
292 0 0 25779632780 4
300 1 0 6598156112024 4
2 1 0 6598156112004 4
6 1 0 25779632736 4
1 1 0 6598156111992 4
3 0 0 6598156114456 4
295 1 0 6598156114456 4
10 1 0 6598156112000 4
12 1 0 6598156111992 4
13 1 0 6598156114456 4
11 1 0 25779632736 4
4 0 0 25779632760 4
255 1 0 25779632760 4
3 1 0 25779632776 4
6 1 0 25779632736 4
4 1 0 6598156114440 4
4 1 0 6598156111992 4
2 1 0 6598156111984 4
2 1 0 6598156111976 4
2 1 0 6598156111968 4
2 1 0 6598156111960 4
2 1 0 6598156111952 4
7 0 0 432393519770768460 4
260 1 0 25779632688 4
4 1 0 25779632696 4
30 1 0 25779632544 4
8 1 0 6598156112072 4
14 1 0 25779632696 4
8 1 0 25779632700 4
3 1 0 25779632688 4
1 1 0 6598156111936 4
5 1 0 6598156111928 4
2 1 0 6598156111920 4
2 1 0 25779632688 4
25 0 0 25779632568 4
272 0 0 25779632528 4
300 1 0 6598156112104 4
2 1 0 6598156112088 4
2 1 0 6598156112096 4
11 1 0 6598156112072 4
8 1 0 6598156112064 4
41 0 0 25779628328 4
256 0 0 25779632600 4
300 0 0 25779632576 4
300 0 0 25779632604 4
292 1 0 6598156112104 4
2 1 0 6598156112064 4
2 1 0 6598156112072 4
2 1 0 6598156112080 4
3 1 0 6598156112088 4
2 1 0 6598156112096 4
3 1 0 6598156112056 4
5 0 0 25779479512 4
289 0 0 25779638224 4
300 0 0 25779638192 4
300 0 0 25779479440 4
302 0 0 25779479432 4
290 1 0 6598156112036 4
3 1 0 6598156112032 4
2 0 0 25779479424 4
293 1 0 6598156112040 4
3 0 0 25779479428 4
297 1 0 6598156112044 4
2 1 0 6598156111880 4
5 0 0 25779632584 4
295 0 0 25779632588 4
298 0 0 25779632592 4
302 1 0 6598156112000 4
2 1 0 6598156112004 4
2 0 0 25779632596 4
286 1 0 6598156112008 4
2 1 0 6598156112012 4
17 1 0 6598156112016 4
3 1 0 6598156112020 4
7 1 0 6598156112024 4
5 1 0 6598156112028 4
2 1 0 6598156111880 4
2 0 0 25779638200 4
282 0 0 25779638204 4
300 0 0 25779638208 4
300 0 0 25779638212 4
285 1 0 6598156111880 4
26 1 0 6598156111984 4
2 1 0 6598156111988 4
11 1 0 6598156111992 4
2 1 0 6598156111996 4
24 1 0 6598156111980 4
2 1 0 6598156111976 4
4 1 0 6598156111968 4
2 1 0 6598156111972 4
6 1 0 6598156111880 4
13 0 0 25779479516 4
221 1 0 6598156111880 4
13 1 0 6598156111832 4
2 1 0 6598156111840 4
2 1 0 6598156111848 4
3 1 0 6598156111856 4
2 1 0 6598156111864 4
3 1 0 6598156111872 4
5 0 0 25779479592 4
270 1 0 6598156111768 4
3 1 0 6598156111720 4
2 1 0 6598156111736 4
2 1 0 6598156111744 4
3 1 0 6598156111752 4
2 1 0 6598156111760 4
3 1 0 6598156111728 4
13 0 0 25779479436 4
264 1 0 6598156111624 4
4 1 0 6598156111608 4
2 1 0 6598156111616 4
11 1 0 6598156111592 4
8 1 0 6598156111584 4
46 1 0 6598156111700 4
2 1 0 6598156111696 4
5 1 0 6598156111704 4
6 1 0 6598156111708 4
2 1 0 6598156111624 4
20 1 0 6598156111664 4
2 1 0 6598156111668 4
11 1 0 6598156111672 4
2 1 0 6598156111676 4
20 1 0 6598156111688 4
3 1 0 6598156111692 4
4 1 0 6598156111680 4
2 1 0 6598156111684 4
5 1 0 6598156111624 4
29 1 0 6598156111624 4
25 1 0 6598156111648 4
2 1 0 6598156111652 4
11 1 0 6598156111656 4
2 1 0 6598156111660 4
25 1 0 6598156111632 4
