1 0 0 7697669841488 4
231 0 0 7697669841496 4
300 1 0 7697669841496 4
2 1 0 7697669841488 4
2 1 0 7697669841480 4
2 1 0 7697669841224 4
3 1 0 7697669844272 4
6 0 0 504451113810834176 4
285 0 0 7697669843280 4
300 0 0 504451113810816992 4
300 1 0 7697669843176 4
11 0 0 7697669844260 4
289 1 0 7697669841432 4
3 1 0 7697669841440 4
2 1 0 7697669841208 4
3 0 0 504451113810817112 4
292 1 0 7697669841360 4
4 0 0 7697669843328 4
296 1 0 7697669841368 4
3 1 0 7697669841376 4
2 1 0 7697669841384 4
2 1 0 7697669841392 4
2 1 0 7697669841400 4
5 1 0 7697669841408 4
7 1 0 7697669841416 4
3 1 0 7697669841200 4
4 1 0 7697669841424 4
10 1 0 7697669843472 4
8 0 0 7697669844259 4
254 0 0 7697669844312 4
300 0 0 7697669844304 4
300 1 0 7697669841208 4
1 1 0 7697669841200 4
2 1 0 7697669841192 4
2 0 0 30073977664 4
295 0 0 30073977752 4
300 0 0 30073746504 4
300 1 0 7697669841176 4
1 0 0 30074412064 4
299 0 0 30073684120 4
300 1 0 7697669841144 4
2 1 0 7697669841160 4
2 1 0 7697669841152 4
3 1 0 7697669841168 4
2 0 0 7697669843296 4
291 0 0 504451113810817664 4
300 1 0 7697669844256 4
7 1 0 7697669843496 4
3 1 0 7697669843488 4
16 0 0 30073746376 4
274 0 0 30073746408 4
300 1 0 7697669841176 4
5 0 0 30073685392 4
295 1 0 7697669841168 4
2 1 0 7697669841160 4
2 1 0 7697669841152 4
2 1 0 7697669841144 4
2 1 0 7697669841136 4
2 0 0 7697669843424 4
290 0 0 30073977720 4
300 0 0 504451113808694640 4
300 0 0 30073977704 4
300 1 0 30073977704 4
1 0 0 30073977712 4
279 0 0 30073977716 4
300 1 0 30073977716 4
1 1 0 30073977712 4
21 0 0 30073746424 4
278 1 0 7697669841176 4
5 0 0 30073685512 4
299 0 0 504451113808695592 4
296 1 0 30073977712 4
8 1 0 30073977716 4
3 1 0 30073977704 4
5 0 0 30074600936 4
284 0 0 30074600928 4
300 1 0 7697669841176 4
1 1 0 7697669841168 4
2 1 0 7697669841160 4
2 1 0 7697669841152 4
2 1 0 7697669841144 4
2 1 0 7697669841136 4
5 0 0 30074600552 4
286 0 0 30074600544 4
300 1 0 7697669841128 4
4 1 0 7697669841120 4
2 0 0 30074600832 4
294 0 0 30074446920 4
302 1 0 7697669841112 4
3 1 0 7697669841104 4
2 1 0 7697669841096 4
2 1 0 7697669841088 4
2 1 0 7697669841080 4
2 1 0 7697669841072 4
5 0 0 30074447072 4
288 0 0 30074447056 4
294 1 0 30074447056 4
1 0 0 30074447064 4
299 0 0 30074447068 4
300 1 0 30074447068 4
1 1 0 30074447064 4
15 0 0 30074600888 4
284 0 0 30074600904 4
300 1 0 7697669841112 4
4 1 0 7697669841096 4
2 1 0 7697669841104 4
9 0 0 30073746496 4
285 1 0 7697669841080 4
5 0 0 30073684016 4
295 1 0 7697669841072 4
39 1 0 30074600888 4
26 1 0 30074447064 4
8 1 0 30074447068 4
3 1 0 30074447056 4
7 1 0 7697669841128 4
5 1 0 7697669841120 4
2 1 0 7697669841112 4
6 0 0 30074600584 4
206 1 0 7697669841096 4
3 1 0 7697669841088 4
2 1 0 7697669841080 4
2 1 0 7697669841072 4
2 1 0 7697669841064 4
2 1 0 7697669841056 4
5 0 0 30074600736 4
298 0 0 30074600720 4
294 1 0 30074600720 4
1 0 0 30074600728 4
299 0 0 30074600732 4
300 1 0 30074600732 4
1 1 0 30074600728 4
15 0 0 30074600576 4
292 0 0 30074600592 4
292 0 0 30073746464 4
300 1 0 7697669841096 4
1 0 0 30073685120 4
299 1 0 7697669841088 4
2 0 0 30074600800 4
298 1 0 7697669841032 4
2 1 0 7697669841040 4
2 1 0 30074600800 4
3 0 0 30074600768 4
293 1 0 30074600768 4
4 1 0 7697669841016 4
12 1 0 30074600728 4
8 1 0 30074600720 4
9 0 0 30074600776 4
267 1 0 30074600776 4
1 0 0 30074600772 4
299 1 0 30074600772 4
1 0 0 30074600808 4
299 1 0 30074600808 4
1 1 0 7697669841016 4
5 1 0 7697669841056 4
2 1 0 7697669841064 4
2 0 0 7697669843464 4
290 1 0 7697669841080 4
2 1 0 7697669843464 4
6 0 0 30074600784 4
292 0 0 30074600812 4
300 1 0 7697669841048 4
2 1 0 7697669841028 4
6 1 0 30074600768 4
1 1 0 7697669841016 4
3 0 0 7697669843480 4
295 1 0 7697669843480 4
10 1 0 7697669841024 4
5 1 0 7697669841016 4
12 1 0 7697669843480 4
11 1 0 30074600768 4
4 0 0 30074600792 4
263 1 0 30074600792 4
3 1 0 30074600808 4
6 1 0 30074600768 4
4 1 0 7697669843464 4
4 1 0 7697669841016 4
2 1 0 7697669841008 4
2 1 0 7697669841000 4
2 1 0 7697669840992 4
2 1 0 7697669840984 4
2 1 0 7697669840976 4
7 0 0 504451113808696396 4
260 1 0 30074600720 4
4 1 0 30074600728 4
30 1 0 30074600576 4
8 1 0 7697669841096 4
14 1 0 30074600728 4
8 1 0 30074600732 4
3 1 0 30074600720 4
1 1 0 7697669840960 4
5 1 0 7697669840952 4
2 1 0 7697669840944 4
2 1 0 30074600720 4
25 0 0 30074600600 4
202 0 0 30074600560 4
300 1 0 7697669841128 4
2 1 0 7697669841112 4
2 1 0 7697669841120 4
11 1 0 7697669841096 4
8 1 0 7697669841088 4
41 0 0 30074595624 4
246 0 0 30074600632 4
280 0 0 30074600608 4
290 0 0 30074600636 4
302 1 0 7697669841128 4
2 1 0 7697669841088 4
2 1 0 7697669841096 4
2 1 0 7697669841104 4
3 1 0 7697669841112 4
2 1 0 7697669841120 4
3 1 0 7697669841080 4
5 0 0 30074446808 4
299 0 0 30074605520 4
280 0 0 30074605488 4
300 0 0 30074446736 4
302 0 0 30074446728 4
300 1 0 7697669841060 4
3 1 0 7697669841056 4
2 0 0 30074446720 4
293 1 0 7697669841064 4
3 0 0 30074446724 4
297 1 0 7697669841068 4
2 1 0 7697669840904 4
5 0 0 30074600616 4
295 0 0 30074600620 4
298 0 0 30074600624 4
302 1 0 7697669841024 4
2 1 0 7697669841028 4
2 0 0 30074600628 4
296 1 0 7697669841032 4
2 1 0 7697669841036 4
17 1 0 7697669841040 4
3 1 0 7697669841044 4
7 1 0 7697669841048 4
5 1 0 7697669841052 4
2 1 0 7697669840904 4
2 0 0 30074605496 4
292 0 0 30074605500 4
290 0 0 30074605504 4
300 0 0 30074605508 4
305 1 0 7697669840904 4
26 1 0 7697669841008 4
2 1 0 7697669841012 4
11 1 0 7697669841016 4
2 1 0 7697669841020 4
24 1 0 7697669841004 4
2 1 0 7697669841000 4
4 1 0 7697669840992 4
2 1 0 7697669840996 4
6 1 0 7697669840904 4
13 0 0 30074446812 4
211 1 0 7697669840904 4
13 1 0 7697669840856 4
2 1 0 7697669840864 4
2 1 0 7697669840872 4
3 1 0 7697669840880 4
2 1 0 7697669840888 4
3 1 0 7697669840896 4
5 0 0 30074446888 4
260 1 0 7697669840792 4
3 1 0 7697669840744 4
2 1 0 7697669840760 4
2 1 0 7697669840768 4
3 1 0 7697669840776 4
2 1 0 7697669840784 4
3 1 0 7697669840752 4
13 0 0 30074446732 4
284 1 0 7697669840648 4
4 1 0 7697669840632 4
2 1 0 7697669840640 4
11 1 0 7697669840616 4
8 1 0 7697669840608 4
46 1 0 7697669840724 4
2 1 0 7697669840720 4
5 1 0 7697669840728 4
6 1 0 7697669840732 4
2 1 0 7697669840648 4
20 1 0 7697669840688 4
2 1 0 7697669840692 4
11 1 0 7697669840696 4
2 1 0 7697669840700 4
20 1 0 7697669840712 4
3 1 0 7697669840716 4
4 1 0 7697669840704 4
2 1 0 7697669840708 4
5 1 0 7697669840648 4
29 1 0 7697669840648 4
25 1 0 7697669840672 4
2 1 0 7697669840676 4
11 1 0 7697669840680 4
2 1 0 7697669840684 4
25 1 0 7697669840656 4
2 1 0 7697669840660 4
2 1 0 7697669840664 4
2 1 0 7697669840668 4
2 1 0 7697669840648 4
13 0 0 30074600896 4
128 0 0 30074605528 4
206 1 0 30074600840 4
2 1 0 30074600848 4
