1 0 0 6598177075792 4
0 0 0 25774909297 4
0 1 0 25777197552 4
0 1 0 25777197547 4
0 1 0 25777197549 4
0 0 0 25774909299 4
0 0 0 25774909307 4
0 0 0 25774909301 4
0 1 0 25777197554 4
0 0 0 25774909313 4
0 0 0 25774909309 4
0 1 0 25777197551 4
0 0 0 25774909303 4
0 1 0 25777197550 4
0 1 0 25777197553 4
0 1 0 25777197548 4
0 0 0 25774909304 4
0 1 0 25777197555 4
0 0 0 25774909311 4
0 0 0 25774909305 4
10 0 0 25774909300 4
0 0 0 25774909310 4
1 0 0 25774909296 4
0 0 0 25774909308 4
0 0 0 25774909302 4
0 0 0 25774909312 4
0 0 0 25774909306 4
0 0 0 25774909298 4
210 0 0 6598177075800 4
300 1 0 6598177075800 4
2 1 0 6598177075792 4
2 1 0 6598177075784 4
2 1 0 6598177075528 4
3 1 0 6598177078576 4
6 0 0 432393203105243904 4
285 0 0 6598177077584 4
300 0 0 432393203105226720 4
300 1 0 6598177077480 4
11 0 0 6598177078564 4
289 1 0 6598177075736 4
3 1 0 6598177075744 4
2 1 0 6598177075512 4
3 0 0 432393203105226840 4
292 1 0 6598177075664 4
4 0 0 6598177077632 4
296 1 0 6598177075672 4
3 1 0 6598177075680 4
2 1 0 6598177075688 4
2 1 0 6598177075696 4
2 1 0 6598177075704 4
5 1 0 6598177075712 4
7 1 0 6598177075720 4
3 1 0 6598177075504 4
4 1 0 6598177075728 4
10 1 0 6598177077776 4
8 0 0 6598177078563 4
254 0 0 6598177078616 4
300 0 0 6598177078608 4
300 1 0 6598177075512 4
1 1 0 6598177075504 4
2 0 0 25777192544 4
297 1 0 6598177075496 4
4 1 0 6598177075492 4
5 1 0 6598177075492 4
6 1 0 6598177075496 4
3 1 0 6598177075488 4
2 1 0 6598177075480 4
4 1 0 6598177075472 4
2 1 0 6598177075464 4
2 1 0 6598177075456 4
2 1 0 6598177075448 4
4 1 0 6598177075384 4
3 0 0 25777053728 4
273 0 0 432393203108830856 4
300 0 0 432393202779475024 4
300 0 0 100696064 4
305 0 0 432393202779475040 4
295 1 0 25777213448 4
10 1 0 25777213456 4
2 1 0 25777213464 4
2 1 0 25777213472 4
2 1 0 25777213480 4
2 1 0 25777213488 4
2 1 0 25777213496 4
2 1 0 25777213504 4
2 1 0 25777213512 4
5 1 0 25777213520 4
2 1 0 25777213528 4
2 1 0 25777213536 4
2 1 0 25777213544 4
2 1 0 25777213552 4
2 1 0 25777213560 4
2 1 0 25777213568 4
2 1 0 25777213576 4
5 1 0 25777213584 4
2 1 0 25777213592 4
2 1 0 25777213600 4
2 1 0 25777213608 4
2 1 0 25777213616 4
2 1 0 25777213624 4
2 1 0 25777213632 4
2 1 0 25777213640 4
5 1 0 25777213648 4
2 1 0 25777213656 4
2 1 0 25777213664 4
2 1 0 25777213672 4
2 1 0 25777213680 4
2 1 0 25777213688 4
2 1 0 25777213696 4
2 1 0 25777213704 4
5 1 0 25777213712 4
2 1 0 25777213720 4
2 1 0 25777213728 4
2 1 0 25777213736 4
2 1 0 25777213744 4
2 1 0 25777213752 4
2 1 0 25777213760 4
2 1 0 25777213768 4
5 1 0 25777213776 4
2 1 0 25777213784 4
2 1 0 25777213792 4
2 1 0 25777213800 4
2 1 0 25777213808 4
2 1 0 25777213816 4
2 1 0 25777213824 4
2 1 0 25777213832 4
5 1 0 25777213840 4
2 1 0 25777213848 4
2 1 0 25777213856 4
2 1 0 25777213864 4
2 1 0 25777213872 4
2 1 0 25777213880 4
2 1 0 25777213888 4
2 1 0 25777213896 4
15 1 0 25777213904 4
2 1 0 25777213912 4
2 1 0 25777213920 4
2 1 0 25777213928 4
21 0 0 25777194200 4
220 0 0 25777194492 4
300 0 0 25777194496 4
300 0 0 25777194424 4
300 0 0 25777194416 4
300 1 0 25777194208 4
5 1 0 25777194212 4
2 1 0 25777194216 4
2 0 0 25777194448 4
291 0 0 25777196908 4
303 0 0 25777194408 4
297 1 0 25777194224 4
3 0 0 25777196892 4
297 0 0 25774904129 4
300 0 0 25777194440 4
290 1 0 25777194440 4
3 1 0 25777194448 4
9 1 0 25777194440 4
9 1 0 25777194448 4
2 0 0 25777196872 4
287 0 0 25777196888 4
300 0 0 25774904134 4
305 1 0 25777194440 4
3 1 0 25777194448 4
10 1 0 25777194440 4
9 1 0 25777194448 4
2 0 0 25777196900 4
286 1 0 25777194440 4
3 1 0 25777194448 4
10 1 0 25777194440 4
9 1 0 25777194448 4
2 0 0 25777073452 4
263 0 0 25777196904 4
292 1 0 25777194440 4
2 1 0 25777194448 4
4 0 0 25777074520 4
290 0 0 25777196920 4
300 0 0 25777073456 4
290 0 0 25777073460 4
304 0 0 25777196924 4
296 1 0 25777194448 4
4 1 0 25777194440 4
4 0 0 25777196880 4
292 0 0 25777074692 4
300 0 0 25777074736 4
312 0 0 25777196948 4
288 1 0 25777194448 4
4 1 0 25777194440 4
7 0 0 25777196952 4
289 0 0 25774904130 4
305 1 0 25777194440 4
3 1 0 25777194448 4
9 1 0 25777194440 4
9 1 0 25777194448 4
13 0 0 25777196960 4
281 1 0 25777194448 4
4 1 0 25777194440 4
22 1 0 25777194448 4
5 1 0 25777194440 4
5 1 0 25777194424 4
1 1 0 432393203120693264 4
3 1 0 25777194448 4
2 0 0 25777074688 4
252 0 0 25777197224 4
311 1 0 25777194440 4
3 1 0 25777194448 4
9 1 0 25777194440 4
9 1 0 25777194448 4
2 0 0 25777197232 4
291 1 0 25777194448 4
3 1 0 25777194440 4
5 0 0 25777074728 4
273 0 0 25777197244 4
315 1 0 25777194440 4
3 1 0 25777194448 4
10 1 0 25777194440 4
9 1 0 25777194448 4
5 0 0 25777197248 4
278 1 0 25777194448 4
3 1 0 25777194440 4
5 0 0 25777197252 4
292 1 0 25777194448 4
3 1 0 25777194440 4
5 0 0 25777192668 4
283 1 0 25777194448 4
1 1 0 25777194440 4
14 0 0 25777197228 4
276 1 0 25777194448 4
2 1 0 432393203120693268 4
15 1 0 25777194424 4
1 1 0 6598177075384 4
2 0 0 25774908832 4
278 0 0 25774908833 4
300 1 0 25777197316 4
12 0 0 25774908834 4
288 0 0 25774908835 4
300 1 0 25777197317 4
11 0 0 25774908836 4
289 0 0 25774908837 4
300 1 0 25777197318 4
11 0 0 25774908838 4
289 0 0 25774908839 4
300 1 0 25777197319 4
10 0 0 25774908840 4
290 0 0 25774908841 4
300 1 0 25777197320 4
11 0 0 25774908842 4
289 0 0 25774908843 4
300 1 0 25777197321 4
12 0 0 25774908844 4
288 0 0 25774908845 4
300 1 0 25777197322 4
11 0 0 25774908846 4
289 0 0 25774908847 4
300 1 0 25777197323 4
11 0 0 25774908848 4
289 0 0 25774908849 4
300 1 0 25777197324 4
10 0 0 25774908850 4
290 0 0 25774908851 4
300 1 0 25777197325 4
11 0 0 25774908852 4
289 0 0 25774908853 4
300 1 0 25777197326 4
12 0 0 25774908854 4
288 0 0 25774908855 4
300 1 0 25777197327 4
11 0 0 25774908856 4
289 0 0 25774908857 4
300 1 0 25777197328 4
11 0 0 25774908858 4
289 0 0 25774908859 4
300 1 0 25777197329 4
10 0 0 25774908860 4
290 0 0 25774908861 4
300 1 0 25777197330 4
11 0 0 25774908862 4
289 0 0 25774908863 4
300 1 0 25777197331 4
12 0 0 25774908864 4
288 0 0 25774908865 4
300 1 0 25777197332 4
11 0 0 25774908866 4
289 0 0 25774908867 4
300 1 0 25777197333 4
11 0 0 25774908868 4
289 0 0 25774908869 4
300 1 0 25777197334 4
10 0 0 25774908870 4
290 0 0 25774908871 4
300 1 0 25777197335 4
11 0 0 25774908872 4
289 0 0 25774908873 4
300 1 0 25777197336 4
12 0 0 25774908874 4
288 0 0 25774908875 4
300 1 0 25777197337 4
11 0 0 25774908876 4
289 0 0 25774908877 4
300 1 0 25777197338 4
11 0 0 25774908878 4
289 0 0 25774908879 4
