1 0 0 4399145427536 4
0 0 0 17184974707 4
0 0 0 17184974715 4
0 0 0 17184974713 4
0 1 0 17187237180 4
0 0 0 17184974722 4
0 0 0 17184974712 4
0 1 0 17187237182 4
0 0 0 17184974721 4
0 1 0 17187237183 4
0 0 0 17184974711 4
0 0 0 17184974719 4
0 1 0 17187237186 4
0 1 0 17187237185 4
0 0 0 17184974709 4
0 1 0 17187237184 4
0 1 0 17187237181 4
0 0 0 17184974717 4
0 1 0 17187237188 4
0 1 0 17187237187 4
10 0 0 17184974718 4
0 0 0 17184974708 4
1 0 0 17184974706 4
0 0 0 17184974716 4
0 0 0 17184974720 4
0 0 0 17184974714 4
0 0 0 17184974710 4
130 0 0 4399145427544 4
300 1 0 4399145427544 4
2 1 0 4399145427536 4
2 1 0 4399145427528 4
2 1 0 4399145427272 4
3 1 0 4399145430320 4
6 0 0 288278015029388032 4
285 0 0 4399145429328 4
300 0 0 288278015029370848 4
300 1 0 4399145429224 4
11 0 0 4399145430308 4
289 1 0 4399145427480 4
3 1 0 4399145427488 4
2 1 0 4399145427256 4
3 0 0 288278015029370968 4
292 1 0 4399145427408 4
4 0 0 4399145429376 4
296 1 0 4399145427416 4
3 1 0 4399145427424 4
2 1 0 4399145427432 4
2 1 0 4399145427440 4
2 1 0 4399145427448 4
5 1 0 4399145427456 4
7 1 0 4399145427464 4
3 1 0 4399145427248 4
4 1 0 4399145427472 4
10 1 0 4399145429520 4
8 0 0 4399145430307 4
254 0 0 4399145430360 4
290 0 0 4399145430352 4
300 1 0 4399145427256 4
1 1 0 4399145427248 4
2 0 0 17187232176 4
297 1 0 4399145427240 4
4 1 0 4399145427236 4
5 1 0 4399145427236 4
6 1 0 4399145427240 4
3 1 0 4399145427232 4
2 1 0 4399145427224 4
4 1 0 4399145427216 4
2 1 0 4399145427208 4
2 1 0 4399145427200 4
2 1 0 4399145427192 4
4 1 0 4399145427128 4
3 0 0 17187119136 4
273 0 0 288278015032974984 4
300 0 0 288278014703619152 4
300 0 0 67141632 4
305 0 0 288278014703619168 4
295 1 0 17187253080 4
10 1 0 17187253088 4
2 1 0 17187253096 4
2 1 0 17187253104 4
2 1 0 17187253112 4
2 1 0 17187253120 4
2 1 0 17187253128 4
2 1 0 17187253136 4
2 1 0 17187253144 4
5 1 0 17187253152 4
2 1 0 17187253160 4
2 1 0 17187253168 4
2 1 0 17187253176 4
2 1 0 17187253184 4
2 1 0 17187253192 4
2 1 0 17187253200 4
2 1 0 17187253208 4
5 1 0 17187253216 4
2 1 0 17187253224 4
2 1 0 17187253232 4
2 1 0 17187253240 4
2 1 0 17187253248 4
2 1 0 17187253256 4
2 1 0 17187253264 4
2 1 0 17187253272 4
5 1 0 17187253280 4
2 1 0 17187253288 4
2 1 0 17187253296 4
2 1 0 17187253304 4
2 1 0 17187253312 4
2 1 0 17187253320 4
2 1 0 17187253328 4
2 1 0 17187253336 4
5 1 0 17187253344 4
2 1 0 17187253352 4
2 1 0 17187253360 4
2 1 0 17187253368 4
2 1 0 17187253376 4
2 1 0 17187253384 4
2 1 0 17187253392 4
2 1 0 17187253400 4
5 1 0 17187253408 4
2 1 0 17187253416 4
2 1 0 17187253424 4
2 1 0 17187253432 4
2 1 0 17187253440 4
2 1 0 17187253448 4
2 1 0 17187253456 4
2 1 0 17187253464 4
5 1 0 17187253472 4
2 1 0 17187253480 4
2 1 0 17187253488 4
2 1 0 17187253496 4
2 1 0 17187253504 4
2 1 0 17187253512 4
2 1 0 17187253520 4
2 1 0 17187253528 4
15 1 0 17187253536 4
2 1 0 17187253544 4
2 1 0 17187253552 4
2 1 0 17187253560 4
21 0 0 17187233832 4
200 0 0 17187234124 4
290 0 0 17187234128 4
300 0 0 17187234056 4
300 0 0 17187234048 4
300 1 0 17187233840 4
5 1 0 17187233844 4
2 1 0 17187233848 4
2 0 0 17187234080 4
291 0 0 17187236540 4
303 0 0 17187234040 4
297 1 0 17187233856 4
3 0 0 17187236524 4
297 0 0 17184969537 4
300 0 0 17187234072 4
300 1 0 17187234072 4
3 1 0 17187234080 4
9 1 0 17187234072 4
9 1 0 17187234080 4
2 0 0 17187236504 4
287 0 0 17187236520 4
290 0 0 17184969542 4
305 1 0 17187234072 4
3 1 0 17187234080 4
10 1 0 17187234072 4
9 1 0 17187234080 4
2 0 0 17187236532 4
306 1 0 17187234072 4
3 1 0 17187234080 4
10 1 0 17187234072 4
9 1 0 17187234080 4
2 0 0 17187138860 4
273 0 0 17187236536 4
282 1 0 17187234072 4
2 1 0 17187234080 4
4 0 0 17187139928 4
290 0 0 17187236552 4
290 0 0 17187138864 4
300 0 0 17187138868 4
304 0 0 17187236556 4
296 1 0 17187234080 4
4 1 0 17187234072 4
4 0 0 17187236512 4
292 0 0 17187140100 4
300 0 0 17187140144 4
312 0 0 17187236580 4
298 1 0 17187234080 4
4 1 0 17187234072 4
7 0 0 17187236584 4
303 1 0 17187234072 4
3 1 0 17187234080 4
9 1 0 17187234072 4
9 1 0 17187234080 4
13 0 0 17187236592 4
272 1 0 17187234080 4
4 1 0 17187234072 4
22 1 0 17187234080 4
5 1 0 17187234072 4
2 0 0 17187140096 4
271 0 0 17187236856 4
291 1 0 17187234072 4
3 1 0 17187234080 4
9 1 0 17187234072 4
9 1 0 17187234080 4
2 0 0 17187236864 4
291 1 0 17187234080 4
3 1 0 17187234072 4
11 1 0 17187234056 4
1 1 0 288278015042228240 4
6 1 0 17187234080 4
1 0 0 17187140136 4
269 0 0 17187236876 4
305 1 0 17187234072 4
3 1 0 17187234080 4
10 1 0 17187234072 4
9 1 0 17187234080 4
5 0 0 17187236880 4
288 1 0 17187234080 4
3 1 0 17187234072 4
5 0 0 17187236884 4
292 1 0 17187234080 4
3 1 0 17187234072 4
5 0 0 17187232300 4
273 1 0 17187234080 4
1 1 0 17187234072 4
14 0 0 17187236860 4
276 1 0 17187234080 4
2 1 0 288278015042228244 4
15 1 0 17187234056 4
1 1 0 4399145427128 4
2 0 0 17184974240 4
278 0 0 17184974241 4
300 1 0 17187236948 4
12 0 0 17184974242 4
288 0 0 17184974243 4
300 1 0 17187236949 4
11 0 0 17184974244 4
289 0 0 17184974245 4
290 1 0 17187236950 4
11 0 0 17184974246 4
289 0 0 17184974247 4
300 1 0 17187236951 4
10 0 0 17184974248 4
290 0 0 17184974249 4
300 1 0 17187236952 4
11 0 0 17184974250 4
289 0 0 17184974251 4
300 1 0 17187236953 4
12 0 0 17184974252 4
298 0 0 17184974253 4
300 1 0 17187236954 4
11 0 0 17184974254 4
289 0 0 17184974255 4
300 1 0 17187236955 4
11 0 0 17184974256 4
289 0 0 17184974257 4
300 1 0 17187236956 4
10 0 0 17184974258 4
280 0 0 17184974259 4
300 1 0 17187236957 4
11 0 0 17184974260 4
289 0 0 17184974261 4
300 1 0 17187236958 4
12 0 0 17184974262 4
288 0 0 17184974263 4
300 1 0 17187236959 4
11 0 0 17184974264 4
289 0 0 17184974265 4
300 1 0 17187236960 4
11 0 0 17184974266 4
289 0 0 17184974267 4
300 1 0 17187236961 4
10 0 0 17184974268 4
290 0 0 17184974269 4
300 1 0 17187236962 4
11 0 0 17184974270 4
289 0 0 17184974271 4
300 1 0 17187236963 4
12 0 0 17184974272 4
288 0 0 17184974273 4
300 1 0 17187236964 4
11 0 0 17184974274 4
289 0 0 17184974275 4
300 1 0 17187236965 4
11 0 0 17184974276 4
289 0 0 17184974277 4
300 1 0 17187236966 4
10 0 0 17184974278 4
290 0 0 17184974279 4
300 1 0 17187236967 4
11 0 0 17184974280 4
289 0 0 17184974281 4
300 1 0 17187236968 4
12 0 0 17184974282 4
288 0 0 17184974283 4
300 1 0 17187236969 4
11 0 0 17184974284 4
289 0 0 17184974285 4
300 1 0 17187236970 4
11 0 0 17184974286 4
289 0 0 17184974287 4
300 1 0 17187236971 4
10 0 0 17184974288 4
