1 0 0 1100593758800 4
0 1 0 72105232920120032 4
0 1 0 72105232920120088 4
0 1 0 72105232920120128 4
0 1 0 72105232920119984 4
0 1 0 72105232920120040 4
0 1 0 72105232920120072 4
0 1 0 72105232920119992 4
0 1 0 72105232920120104 4
0 1 0 72105232920120000 4
0 1 0 72105232920120096 4
0 1 0 72105232920120008 4
0 1 0 72105232920120024 4
0 1 0 72105232920120064 4
0 1 0 72105232920120120 4
0 1 0 72105232920120048 4
0 1 0 72105232920120016 4
0 1 0 72105232920120056 4
0 1 0 72105232920120080 4
0 1 0 72105232920120112 4
2 0 0 72105232919339240 4
0 0 0 72105232919339248 4
0 0 0 72105232919339304 4
0 0 0 72105232919339288 4
0 0 0 72105232919339312 4
0 0 0 72105232919339360 4
0 0 0 72105232919339352 4
0 0 0 72105232919339368 4
0 0 0 72105232919339384 4
0 0 0 72105232919339264 4
0 0 0 72105232919339376 4
0 0 0 72105232919339336 4
0 0 0 72105232919339272 4
0 0 0 72105232919339344 4
0 0 0 72105232919339320 4
0 0 0 72105232919339328 4
0 0 0 72105232919339280 4
0 0 0 72105232919339296 4
0 0 0 72105232919339256 4
109 0 0 1100593758808 4
300 1 0 1100593758808 4
2 1 0 1100593758800 4
2 1 0 1100593758792 4
2 1 0 1100593758536 4
3 1 0 1100593761584 4
6 0 0 72105232915604224 4
285 0 0 1100593760592 4
300 0 0 72105232915587040 4
300 1 0 1100593760488 4
11 0 0 1100593761572 4
289 1 0 1100593758744 4
3 1 0 1100593758752 4
2 1 0 1100593758520 4
3 0 0 72105232915587160 4
292 1 0 1100593758512 4
2 0 0 72105232915587056 4
298 1 0 1100593758504 4
1 0 0 72105232915587064 4
299 1 0 1100593758448 4
3 1 0 1100593758456 4
2 1 0 1100593758464 4
2 1 0 1100593758472 4
2 1 0 1100593758480 4
2 1 0 1100593758488 4
2 1 0 1100593758496 4
10 1 0 1100593758440 4
2 1 0 1100593758432 4
2 1 0 1100593758424 4
4 0 0 72105232909706520 4
299 0 0 72105232915586600 4
300 0 0 72105232909706664 4
300 0 0 72105232915586712 4
280 0 0 72105232913418556 4
300 0 0 72105232909706528 4
300 0 0 72105232915586616 4
300 1 0 1100593758416 4
2 0 0 72105232913418552 4
288 0 0 72105232909706416 4
300 0 0 72105232913418544 4
210 0 0 72105232913403789 4
300 0 0 72105232909706872 4
290 0 0 72105232915586872 4
300 0 0 72105232913415648 4
300 0 0 72105232909707152 4
300 0 0 72105232919241048 4
300 0 0 1100593760616 4
300 1 0 1100593760620 4
4 0 0 72105232913403784 4
296 0 0 72105232909707312 4
300 1 0 1100593758392 4
4 1 0 1100593758384 4
2 1 0 1100593758376 4
4 1 0 1100593758368 4
2 1 0 1100593758360 4
3 1 0 1100593758352 4
3 1 0 1100593758344 4
2 1 0 1100593758336 4
2 1 0 1100593758328 4
2 1 0 1100593758208 4
3 1 0 1100593758200 4
2 1 0 1100593758192 4
2 1 0 1100593758184 4
2 1 0 1100593758180 4
2 1 0 1100593758088 4
2 0 0 72105232913411201 4
293 0 0 72105232913411202 4
280 0 0 72105232913411203 4
300 0 0 72105232913411204 4
300 0 0 72105232913411205 4
300 0 0 72105232913411206 4
300 0 0 72105232913411207 4
290 0 0 72105232913411208 4
308 0 0 72105232589837576 4
292 1 0 72105232589837576 4
1 1 0 1100593758312 4
4 1 0 1100593758288 4
2 1 0 1100593758296 4
11 0 0 72105232909707272 4
302 1 0 1100593758128 4
7 1 0 1100593758120 4
4 1 0 1100593758096 4
2 1 0 1100593758104 4
2 1 0 1100593758112 4
9 1 0 1100593758152 4
2 1 0 1100593758088 4
2 1 0 1100593758080 4
2 1 0 1100593758072 4
2 1 0 1100593758064 4
2 1 0 1100593758056 4
3 1 0 1100593758048 4
2 1 0 1100593758040 4
2 0 0 72105232910099136 4
271 1 0 1100593757952 4
2 1 0 1100593757944 4
6 1 0 1100593757992 4
2 1 0 1100593757976 4
4 1 0 1100593758008 4
2 1 0 1100593758020 4
4 1 0 1100593758028 4
2 0 0 72105232910099128 4
276 1 0 1100593757936 4
9 1 0 1100593757928 4
2 1 0 1100593757924 4
2 1 0 1100593757912 4
2 1 0 1100593758016 4
3 1 0 1100593757968 4
2 0 0 72105232909708976 4
280 0 0 72105232910098472 4
300 1 0 1100593757984 4
6 0 0 72105232910099221 4
294 0 0 72105232589835232 4
293 0 0 72105232910099180 4
297 0 0 72105232910098544 4
300 0 0 4302216872 4
280 1 0 1100593757960 4
2 0 0 72105232910098536 4
228 0 0 4302216856 4
280 1 0 1100593758000 4
2 0 0 72105232910099192 4
302 0 0 72105232910099184 4
296 0 0 72105232910099188 4
300 0 0 4299162904 4
307 1 0 1100593758024 4
15 0 0 72105232919241056 4
282 1 0 1100593757896 4
2 1 0 1100593757888 4
2 1 0 1100593757880 4
3 0 0 72105232910098440 4
289 1 0 1100593757864 4
2 0 0 72105232587716580 4
298 0 0 72105232913415478 4
308 0 0 72105232910098488 4
292 0 0 72105232910099800 4
300 1 0 1100593757864 4
3 1 0 1100593757832 4
6 1 0 1100593757840 4
2 1 0 1100593757848 4
2 0 0 72105232910099824 4
314 0 0 72105232910099808 4
303 1 0 1100593758016 4
8 1 0 1100593757968 4
2 0 0 72105232909708984 4
280 0 0 72105232909705256 4
300 1 0 1100593757984 4
6 0 0 72105232909706005 4
300 0 0 72105232909705964 4
294 0 0 72105232909705328 4
290 0 0 72105232913235568 4
300 1 0 1100593757960 4
2 0 0 72105232909705320 4
288 0 0 72105232913235552 4
300 1 0 1100593758000 4
2 0 0 72105232909705976 4
302 0 0 72105232909705968 4
296 0 0 72105232909705972 4
300 0 0 72105232910803688 4
307 1 0 1100593758024 4
23 1 0 1100593757896 4
2 1 0 1100593757888 4
2 1 0 1100593757880 4
3 0 0 72105232909705224 4
283 1 0 1100593757864 4
2 1 0 1100593757832 4
6 1 0 1100593757840 4
2 1 0 1100593757848 4
2 0 0 72105232910101704 4
321 0 0 72105232909705272 4
267 0 0 72105232909706328 4
300 1 0 1100593757864 4
3 1 0 1100593757832 4
6 1 0 1100593757840 4
2 1 0 1100593757848 4
2 0 0 72105232909706352 4
338 0 0 72105232909706336 4
259 1 0 1100593758016 4
8 1 0 1100593757968 4
2 0 0 72105232909708992 4
280 0 0 72105232909706456 4
300 1 0 1100593757984 4
6 0 0 72105232909707205 4
300 0 0 72105232909707164 4
300 1 0 1100593757960 4
6 1 0 1100593758000 4
2 0 0 72105232909707176 4
290 0 0 72105232909707168 4
296 0 0 72105232909707172 4
290 0 0 72105232913400552 4
307 1 0 1100593758024 4
23 1 0 1100593757896 4
2 1 0 1100593757888 4
2 1 0 1100593757880 4
3 0 0 72105232909706424 4
273 1 0 1100593757864 4
2 1 0 1100593757832 4
6 1 0 1100593757840 4
2 1 0 1100593757848 4
2 0 0 72105232909706392 4
321 0 0 72105232909706472 4
267 0 0 72105232909707528 4
300 1 0 1100593757864 4
3 1 0 1100593757832 4
6 1 0 1100593757840 4
2 1 0 1100593757848 4
2 0 0 72105232909707552 4
338 0 0 72105232909707536 4
259 1 0 1100593758016 4
8 1 0 1100593757968 4
2 0 0 72105232909709000 4
280 0 0 72105232909707656 4
300 1 0 1100593757984 4
6 0 0 72105232909708405 4
300 0 0 72105232909708364 4
294 0 0 72105232909707728 4
290 0 0 72105232919190504 4
300 1 0 1100593757960 4
2 0 0 72105232909707720 4
298 0 0 72105232919190488 4
300 1 0 1100593758000 4
2 0 0 72105232909708376 4
302 0 0 72105232909708368 4
296 0 0 72105232909708372 4
290 0 0 72105232915784480 4
313 0 0 72105232909708384 4
287 0 0 72105232915788332 4
300 0 0 72105232909708392 4
300 0 0 72105232915794156 4
314 1 0 1100593758024 4
3 1 0 1100593757896 4
5 1 0 1100593757864 4
2 1 0 1100593757880 4
2 1 0 1100593757872 4
3 1 0 1100593757888 4
2 0 0 72105232915820808 4
279 0 0 72105232915820806 4
303 0 0 72105232915820804 4
302 0 0 72105232915820800 4
299 1 0 1100593757848 4
10 0 0 72105232915848599 4
295 0 0 72105232915848600 4
300 0 0 72105232915848601 4
300 0 0 72105232915848602 4
300 0 0 72105232915848603 4
300 0 0 72105232915848604 4
300 0 0 72105232915848605 4
291 1 0 1100593757816 4
10 1 0 1100593757824 4
2 1 0 1100593757832 4
12 0 0 72105232915848606 4
319 0 0 72105232909708432 4
272 0 0 72105232915871298 4
295 0 0 72105232909708352 4
290 0 0 72105232919241240 4
302 0 0 72105232919241232 4
298 0 0 72105232919241040 4
300 1 0 1100593757848 4
2 0 0 72105232913415525 4
288 0 0 72105232915869347 4
300 0 0 72105232913415526 4
300 0 0 72105232915869348 4
300 0 0 72105232913415527 4
