1 0 0 9896686781008 4
0 1 0 648565985223544600 4
0 1 0 648565985223544592 4
0 1 0 648565985223544672 4
0 1 0 648565985223544568 4
0 1 0 648565985223544584 4
0 1 0 648565985223544544 4
0 1 0 648565985223544632 4
0 1 0 648565985223544560 4
0 1 0 648565985223544648 4
0 1 0 648565985223544680 4
0 1 0 648565985223544552 4
0 1 0 648565985223544608 4
0 1 0 648565985223544640 4
0 1 0 648565985223544576 4
0 1 0 648565985223544664 4
0 1 0 648565985223544624 4
0 1 0 648565985223544536 4
0 1 0 648565985223544616 4
0 1 0 648565985223544656 4
2 0 0 648565985222769960 4
0 0 0 648565985222769968 4
0 0 0 648565985222770016 4
0 0 0 648565985222770056 4
0 0 0 648565985222770024 4
0 0 0 648565985222770040 4
0 0 0 648565985222770088 4
0 0 0 648565985222769984 4
0 0 0 648565985222770032 4
0 0 0 648565985222770000 4
0 0 0 648565985222769976 4
0 0 0 648565985222770008 4
0 0 0 648565985222770104 4
0 0 0 648565985222770096 4
0 0 0 648565985222770064 4
0 0 0 648565985222769992 4
0 0 0 648565985222770072 4
0 0 0 648565985222770048 4
0 0 0 648565985222770080 4
309 0 0 9896686781016 4
300 1 0 9896686781016 4
2 1 0 9896686781008 4
2 1 0 9896686781000 4
2 1 0 9896686780744 4
3 1 0 9896686783792 4
6 0 0 648565985219027712 4
285 0 0 9896686782800 4
300 0 0 648565985219010528 4
300 1 0 9896686782696 4
11 0 0 9896686783780 4
289 1 0 9896686780952 4
3 1 0 9896686780960 4
2 1 0 9896686780728 4
3 0 0 648565985219010648 4
292 1 0 9896686780880 4
4 0 0 9896686782848 4
296 1 0 9896686780888 4
3 1 0 9896686780896 4
2 1 0 9896686780904 4
2 1 0 9896686780912 4
2 1 0 9896686780920 4
5 1 0 9896686780928 4
7 1 0 9896686780936 4
3 1 0 9896686780720 4
4 1 0 9896686780944 4
10 1 0 9896686782992 4
8 0 0 9896686783779 4
264 0 0 9896686783832 4
300 0 0 9896686783824 4
300 1 0 9896686780728 4
1 1 0 9896686780720 4
2 0 0 38661973328 4
297 0 0 38661973344 4
300 0 0 38661973336 4
300 0 0 38661973200 4
300 0 0 38661973184 4
300 1 0 9896686780712 4
1 1 0 9896686780672 4
2 1 0 9896686780696 4
2 1 0 9896686780704 4
3 1 0 9896686780680 4
2 1 0 9896686780688 4
3 0 0 38661972576 4
287 0 0 38661972560 4
210 1 0 9896686780648 4
5 0 0 38661955928 4
295 1 0 9896686780624 4
2 1 0 9896686780616 4
3 1 0 9896686780632 4
3 1 0 9896686780640 4
2 0 0 38661972608 4
290 0 0 38661972744 4
300 0 0 9896686782816 4
300 0 0 38661972840 4
300 0 0 648565985222635248 4
300 0 0 38661972832 4
300 1 0 38661972832 4
5 1 0 38661972840 4
4 0 0 38661972836 4
291 1 0 38661972836 4
1 1 0 9896686780600 4
5 0 0 38661972824 4
294 0 0 648565985222612320 4
300 1 0 9896686780592 4
3 1 0 9896686780584 4
3 1 0 9896686780576 4
2 1 0 9896686780568 4
2 1 0 9896686780560 4
3 0 0 38661972664 4
297 0 0 38661972616 4
300 0 0 38661972624 4
300 1 0 9896686780552 4
7 0 0 648565985222766170 4
293 1 0 9896686780656 4
2 0 0 648565985222766171 4
278 1 0 9896686780657 4
12 1 0 38661972616 4
22 1 0 38661972836 4
7 1 0 38661972840 4
9 1 0 38661972832 4
17 1 0 9896686780661 4
10 0 0 38659801143 4
245 0 0 38659801144 4
298 0 0 9896686780658 4
290 0 0 38659801145 4
300 0 0 9896686780659 4
300 0 0 38659801146 4
300 0 0 9896686780660 4
300 0 0 38659801147 4
307 1 0 9896686780648 4
2 0 0 38661955832 4
291 1 0 9896686780640 4
20 1 0 38661972832 4
5 1 0 38661972840 4
6 1 0 38661972836 4
5 0 0 648565985222766175 4
274 1 0 38661972616 4
10 1 0 38661972836 4
7 1 0 38661972840 4
9 1 0 38661972832 4
8 0 0 38661972572 4
266 0 0 38661973248 4
280 0 0 38661972568 4
302 1 0 38661972584 4
2 1 0 9896686780648 4
6 1 0 9896686780624 4
2 1 0 9896686780616 4
3 1 0 9896686780632 4
3 1 0 9896686780640 4
26 1 0 38661972832 4
5 1 0 38661972840 4
6 1 0 38661972836 4
1 1 0 9896686780600 4
9 1 0 9896686780592 4
3 1 0 9896686780584 4
3 1 0 9896686780576 4
2 1 0 9896686780568 4
2 1 0 9896686780560 4
16 1 0 9896686780552 4
10 0 0 648565985222615280 4
289 1 0 648565985223540752 4
8 0 0 648565985222766176 4
292 1 0 648565985223540760 4
2 0 0 648565985222766184 4
298 1 0 648565985223540768 4
2 0 0 648565985222766192 4
298 1 0 648565985223540776 4
2 0 0 648565985222766200 4
298 1 0 648565985223540784 4
2 0 0 648565985222766208 4
298 1 0 648565985223540792 4
2 0 0 648565985222766216 4
298 1 0 648565985223540800 4
2 0 0 648565985222766224 4
298 1 0 648565985223540808 4
2 0 0 648565985222766232 4
298 1 0 648565985223540816 4
2 0 0 648565985222766240 4
298 1 0 648565985223540824 4
2 0 0 648565985222766248 4
298 1 0 648565985223540832 4
2 0 0 648565985222766256 4
298 1 0 648565985223540840 4
2 0 0 648565985222766264 4
298 1 0 648565985223540848 4
2 0 0 648565985222766272 4
298 1 0 648565985223540856 4
2 0 0 648565985222766280 4
298 1 0 648565985223540864 4
2 0 0 648565985222766288 4
298 1 0 648565985223540872 4
2 0 0 648565985222766296 4
298 1 0 648565985223540880 4
2 0 0 648565985222766304 4
298 1 0 648565985223540888 4
2 0 0 648565985222766312 4
298 1 0 648565985223540896 4
2 0 0 648565985222766320 4
298 1 0 648565985223540904 4
2 0 0 648565985222766328 4
298 1 0 648565985223540912 4
2 0 0 648565985222766336 4
298 1 0 648565985223540920 4
2 0 0 648565985222766344 4
298 1 0 648565985223540928 4
2 0 0 648565985222766352 4
298 1 0 648565985223540936 4
2 0 0 648565985222766360 4
298 1 0 648565985223540944 4
2 0 0 648565985222766368 4
298 1 0 648565985223540952 4
2 0 0 648565985222766376 4
298 1 0 648565985223540960 4
2 0 0 648565985222766384 4
298 1 0 648565985223540968 4
2 0 0 648565985222766392 4
298 1 0 648565985223540976 4
2 0 0 648565985222766400 4
298 1 0 648565985223540984 4
2 0 0 648565985222766408 4
298 1 0 648565985223540992 4
2 0 0 648565985222766416 4
298 1 0 648565985223541000 4
2 0 0 648565985222766424 4
298 1 0 648565985223541008 4
2 0 0 648565985222766432 4
298 1 0 648565985223541016 4
2 0 0 648565985222766440 4
298 1 0 648565985223541024 4
2 0 0 648565985222766448 4
298 1 0 648565985223541032 4
2 0 0 648565985222766456 4
298 1 0 648565985223541040 4
2 0 0 648565985222766464 4
298 1 0 648565985223541048 4
2 0 0 648565985222766472 4
298 1 0 648565985223541056 4
2 0 0 648565985222766480 4
298 1 0 648565985223541064 4
2 0 0 648565985222766488 4
298 1 0 648565985223541072 4
2 0 0 648565985222766496 4
298 1 0 648565985223541080 4
2 0 0 648565985222766504 4
298 1 0 648565985223541088 4
2 0 0 648565985222766512 4
298 1 0 648565985223541096 4
2 0 0 648565985222766520 4
298 1 0 648565985223541104 4
2 0 0 648565985222766528 4
298 1 0 648565985223541112 4
2 0 0 648565985222766536 4
298 1 0 648565985223541120 4
2 0 0 648565985222766544 4
298 1 0 648565985223541128 4
2 0 0 648565985222766552 4
298 1 0 648565985223541136 4
2 0 0 648565985222766560 4
298 1 0 648565985223541144 4
2 0 0 648565985222766568 4
298 1 0 648565985223541152 4
2 0 0 648565985222766576 4
298 1 0 648565985223541160 4
2 0 0 648565985222766584 4
298 1 0 648565985223541168 4
2 0 0 648565985222766592 4
298 1 0 648565985223541176 4
2 0 0 648565985222766600 4
298 1 0 648565985223541184 4
2 0 0 648565985222766608 4
298 1 0 648565985223541192 4
2 0 0 648565985222766616 4
298 1 0 648565985223541200 4
2 0 0 648565985222766624 4
298 1 0 648565985223541208 4
2 0 0 648565985222766632 4
298 1 0 648565985223541216 4
2 0 0 648565985222766640 4
298 1 0 648565985223541224 4
2 0 0 648565985222766648 4
298 1 0 648565985223541232 4
2 0 0 648565985222766656 4
298 1 0 648565985223541240 4
2 0 0 648565985222766664 4
298 1 0 648565985223541248 4
2 0 0 648565985222766672 4
298 1 0 648565985223541256 4
2 0 0 648565985222766680 4
298 1 0 648565985223541264 4
2 0 0 648565985222766688 4
298 1 0 648565985223541272 4
2 0 0 648565985222766696 4
298 1 0 648565985223541280 4
2 0 0 648565985222766704 4
298 1 0 648565985223541288 4
2 0 0 648565985222766712 4
298 1 0 648565985223541296 4
2 0 0 648565985222766720 4
298 1 0 648565985223541304 4
2 0 0 648565985222766728 4
