1 0 0 140737284244530 4
0 1 0 140737284235848 4
0 0 0 140737284244533 4
0 0 0 140737284244538 4
0 1 0 47638551911424 4
0 0 0 140737284244539 4
0 0 0 140737284244532 4
0 0 0 140737284244542 4
0 0 0 140737284244543 4
0 0 0 140737284244531 4
0 0 0 140737284244535 4
0 0 0 140737284244540 4
0 1 0 140737284236808 4
0 0 0 140737284244534 4
0 1 0 47638551907824 4
0 0 0 140737284244541 4
0 1 0 140737284235840 4
2 1 0 140737284236800 4
0 1 0 140737284235832 4
1 1 0 47638551911408 4
1 1 0 140737284236792 4
2 1 0 47638551911408 4
1 0 0 47638551907264 4
0 1 0 140737284235848 4
1 0 0 140737284244529 4
0 0 0 140737284244537 4
333 1 0 47638551909672 4
2 0 0 47638551908280 4
298 1 0 47638551907752 4
2 1 0 47638551909688 4
2 0 0 47638551907912 4
286 1 0 47638551909848 4
9 0 0 47638551907928 4
291 1 0 47638551909768 4
7 0 0 47638551907944 4
293 1 0 47638551910336 4
26 0 0 47638551907960 4
284 1 0 47638551909776 4
7 0 0 47638551907976 4
293 1 0 47638551909784 4
7 0 0 47638551907992 4
293 1 0 47638551909816 4
7 0 0 47638551908008 4
263 1 0 47638551909824 4
7 0 0 47638551908024 4
293 1 0 47638551909760 4
7 0 0 47638551908040 4
293 1 0 47638551909752 4
7 0 0 47638551908056 4
293 1 0 47638551909896 4
7 0 0 47638551908072 4
293 1 0 47638551909920 4
7 0 0 47638551908088 4
293 1 0 47638551909792 4
7 0 0 47638551908104 4
293 1 0 47638551909800 4
7 0 0 47638551908120 4
293 1 0 47638551909808 4
7 0 0 47638551908136 4
293 1 0 47638551910032 4
13 0 0 47638551908152 4
217 1 0 47638551910024 4
13 0 0 47638551908168 4
287 1 0 47638551910128 4
13 0 0 47638551908184 4
287 1 0 47638551910056 4
13 0 0 47638551908200 4
296 0 0 47638551907936 4
291 1 0 47638551907936 4
3 0 0 47638551908032 4
297 1 0 47638551908032 4
3 0 0 47638551907968 4
297 1 0 47638551907968 4
3 0 0 47638551907984 4
297 1 0 47638551907984 4
3 0 0 47638551908096 4
297 1 0 47638551908096 4
3 0 0 47638551908080 4
297 1 0 47638551908080 4
3 0 0 47638551908176 4
297 1 0 47638551908176 4
3 0 0 47638551907952 4
287 1 0 47638551907952 4
3 0 0 47638551908064 4
294 0 0 47638551908128 4
293 0 0 47638551910040 4
290 0 0 47638551909976 4
300 0 0 47638551909968 4
300 0 0 47638551909856 4
311 0 0 47638551908112 4
309 0 0 47638551908048 4
300 0 0 47638551908192 4
290 0 0 47638549698640 4
300 0 0 47638549698632 4
300 0 0 47638549698648 4
300 1 0 47638551907264 4
5 0 0 47638549698664 4
295 0 0 47638549698656 4
290 0 0 47638549698672 4
300 1 0 47638551907520 4
5 0 0 47638549698688 4
295 0 0 47638549698680 4
300 0 0 47638549698696 4
210 1 0 47638551907528 4
5 0 0 47638549698712 4
285 0 0 47638549698704 4
300 0 0 47638549698720 4
300 1 0 47638551907536 4
5 0 0 47638549698736 4
295 0 0 47638549698728 4
300 0 0 47638549698744 4
300 1 0 47638551907544 4
5 0 0 47638549698760 4
295 0 0 47638549698752 4
300 0 0 47638549698768 4
300 1 0 47638551907552 4
5 0 0 47638549698784 4
295 0 0 47638549698776 4
300 0 0 47638549698792 4
300 1 0 47638551907560 4
5 0 0 47638549698808 4
295 0 0 47638549698800 4
300 0 0 47638549698816 4
300 1 0 47638551907568 4
5 0 0 47638549698832 4
295 0 0 47638549698824 4
300 0 0 47638549698840 4
300 1 0 47638551907576 4
5 0 0 47638549698856 4
295 0 0 47638549698848 4
300 0 0 47638549698864 4
300 1 0 47638551908280 4
5 0 0 47638549698880 4
295 0 0 47638549698872 4
300 0 0 47638549698888 4
300 1 0 47638551908288 4
5 0 0 47638549698904 4
295 0 0 47638549698896 4
300 0 0 47638549698912 4
300 1 0 47638551911160 4
8 0 0 47638549698928 4
292 0 0 47638549698920 4
311 0 0 47638549697936 4
289 0 0 47638549698936 4
300 1 0 47638551908296 4
2 0 0 47638549698952 4
298 0 0 47638549698944 4
311 0 0 47638549697552 4
289 0 0 47638549698960 4
300 1 0 47638551908304 4
2 0 0 47638549698976 4
298 0 0 47638549698968 4
311 0 0 47638549697624 4
289 0 0 47638549698984 4
300 1 0 47638551908352 4
2 0 0 47638549699000 4
298 0 0 47638549698992 4
311 0 0 47638549697888 4
289 0 0 47638549699008 4
300 1 0 47638551908360 4
2 0 0 47638549699024 4
298 0 0 47638549699016 4
311 0 0 47638549697672 4
289 0 0 47638549699032 4
300 1 0 47638551908368 4
2 0 0 47638549699048 4
298 0 0 47638549699040 4
311 0 0 47638549697504 4
289 0 0 47638549699056 4
300 1 0 47638551908376 4
2 0 0 47638549699072 4
298 0 0 47638549699064 4
311 0 0 47638549697480 4
289 0 0 47638549699080 4
300 1 0 47638551908384 4
2 0 0 47638551910460 4
298 1 0 47638551910460 4
1 0 0 47638551907496 4
299 1 0 47638551907496 4
3 1 0 47638551907496 4
84 1 0 140737284236760 4
10 0 0 47638549697104 4
233 1 0 47638551910420 4
2 0 0 47638549697112 4
298 0 0 47638549697108 4
300 1 0 47638551910424 4
5 0 0 47638549697116 4
295 1 0 47638551910432 4
3 1 0 47638551910428 4
7 1 0 47638551910440 4
2 1 0 47638551910448 4
9 1 0 47638551909712 4
4 1 0 47638551910504 4
2 1 0 47638551910512 4
4 1 0 47638551910520 4
2 1 0 47638551907896 4
8 1 0 47638551909624 4
2 1 0 140737284236760 4
2 1 0 140737284236752 4
2 1 0 140737284236744 4
3 1 0 140737284236736 4
2 1 0 140737284236728 4
2 1 0 47638551907896 4
3 0 0 140737284236816 4
243 1 0 47638551907272 4
3 1 0 47638551907784 4
2 1 0 47638551911472 4
5 0 0 140737284237032 4
290 0 0 140737284237040 4
300 0 0 140737284237048 4
300 0 0 140737284237056 4
300 0 0 140737284237064 4
300 0 0 140737284237072 4
300 0 0 140737284237080 4
300 0 0 140737284237088 4
300 0 0 140737284237096 4
300 0 0 140737284237104 4
300 0 0 140737284237112 4
300 0 0 140737284237120 4
300 0 0 140737284237128 4
300 0 0 140737284237136 4
300 0 0 140737284237144 4
300 0 0 140737284237152 4
300 0 0 140737284237160 4
300 0 0 140737284237168 4
300 0 0 140737284237176 4
300 0 0 140737284237184 4
300 0 0 140737284237192 4
300 0 0 140737284237200 4
300 0 0 140737284237208 4
300 0 0 140737284237216 4
300 0 0 140737284237224 4
300 0 0 140737284237232 4
300 0 0 140737284237240 4
300 0 0 140737284237248 4
300 0 0 140737284237256 4
300 0 0 140737284237264 4
300 0 0 140737284237272 4
300 0 0 140737284237280 4
300 0 0 140737284237288 4
300 0 0 140737284237296 4
300 0 0 140737284237304 4
300 0 0 140737284237312 4
300 0 0 140737284237320 4
300 0 0 140737284237328 4
300 0 0 140737284237336 4
300 0 0 140737284237344 4
300 0 0 140737284237352 4
300 0 0 140737284237360 4
300 0 0 140737284237368 4
300 0 0 140737284237376 4
300 0 0 140737284237384 4
300 0 0 140737284237392 4
300 0 0 140737284237400 4
300 0 0 140737284237408 4
300 0 0 140737284237416 4
300 0 0 140737284237424 4
300 0 0 140737284237432 4
300 0 0 140737284237440 4
300 0 0 140737284237448 4
300 0 0 140737284237456 4
300 0 0 140737284237464 4
300 0 0 140737284237472 4
300 0 0 140737284237480 4
300 0 0 140737284237488 4
300 0 0 140737284237496 4
300 0 0 140737284237504 4
300 0 0 140737284237512 4
300 0 0 140737284237520 4
300 0 0 140737284237528 4
300 0 0 140737284237536 4
300 0 0 140737284237544 4
300 0 0 140737284237552 4
290 0 0 140737284237560 4
300 0 0 140737284237568 4
300 0 0 140737284237576 4
300 0 0 140737284237584 4
300 0 0 140737284237592 4
290 0 0 140737284237600 4
300 0 0 140737284237608 4
300 0 0 140737284237616 4
300 0 0 140737284237624 4
300 0 0 140737284237632 4
300 0 0 140737284237640 4
300 0 0 140737284237648 4
300 0 0 140737284237656 4
300 0 0 140737284237664 4
300 0 0 140737284237672 4
300 0 0 140737284237680 4
300 0 0 140737284237688 4
300 0 0 140737284237696 4
300 0 0 140737284237704 4
300 0 0 140737284237712 4
300 0 0 140737284237720 4
300 0 0 140737284237728 4
300 0 0 140737284237736 4
300 0 0 140737284237744 4
300 0 0 140737284237752 4
300 0 0 140737284237760 4
300 0 0 140737284237768 4
