1 0 0 2200113779280 4
0 0 0 8595039189 4
0 0 0 8595039191 4
0 1 0 8597276818 4
0 0 0 8595039202 4
0 1 0 8597276820 4
0 0 0 8595039192 4
0 1 0 8597276819 4
0 0 0 8595039201 4
0 1 0 8597276815 4
0 0 0 8595039195 4
0 1 0 8597276814 4
0 1 0 8597276821 4
0 0 0 8595039199 4
0 1 0 8597276813 4
0 0 0 8595039193 4
0 0 0 8595039197 4
0 1 0 8597276816 4
0 1 0 8597276817 4
0 0 0 8595039203 4
10 0 0 8595039188 4
0 0 0 8595039198 4
1 0 0 8595039200 4
0 0 0 8595039194 4
0 0 0 8595039190 4
0 0 0 8595039204 4
0 0 0 8595039196 4
110 0 0 2200113779288 4
300 1 0 2200113779288 4
2 1 0 2200113779280 4
2 1 0 2200113779272 4
2 1 0 2200113779016 4
3 1 0 2200113782064 4
6 0 0 144162826953532160 4
285 0 0 2200113781072 4
300 0 0 144162826953514976 4
300 1 0 2200113780968 4
11 0 0 2200113782052 4
289 1 0 2200113779224 4
3 1 0 2200113779232 4
2 1 0 2200113779000 4
3 0 0 144162826953515096 4
292 1 0 2200113779152 4
4 0 0 2200113781120 4
296 1 0 2200113779160 4
3 1 0 2200113779168 4
2 1 0 2200113779176 4
2 1 0 2200113779184 4
2 1 0 2200113779192 4
5 1 0 2200113779200 4
7 1 0 2200113779208 4
3 1 0 2200113778992 4
4 1 0 2200113779216 4
10 1 0 2200113781264 4
8 0 0 2200113782051 4
254 0 0 2200113782104 4
290 0 0 2200113782096 4
300 1 0 2200113779000 4
1 1 0 2200113778992 4
2 0 0 8597271808 4
297 1 0 2200113778984 4
4 1 0 2200113778980 4
5 1 0 2200113778980 4
6 1 0 2200113778984 4
3 1 0 2200113778976 4
2 1 0 2200113778968 4
4 1 0 2200113778960 4
2 1 0 2200113778952 4
2 1 0 2200113778944 4
2 1 0 2200113778936 4
4 1 0 2200113778872 4
3 0 0 8597184544 4
283 0 0 144162826957119112 4
300 0 0 144162826627763280 4
300 0 0 33587200 4
305 0 0 144162826627763296 4
295 1 0 8597292712 4
10 1 0 8597292720 4
2 1 0 8597292728 4
2 1 0 8597292736 4
2 1 0 8597292744 4
2 1 0 8597292752 4
2 1 0 8597292760 4
2 1 0 8597292768 4
2 1 0 8597292776 4
5 1 0 8597292784 4
2 1 0 8597292792 4
2 1 0 8597292800 4
2 1 0 8597292808 4
2 1 0 8597292816 4
2 1 0 8597292824 4
2 1 0 8597292832 4
2 1 0 8597292840 4
5 1 0 8597292848 4
2 1 0 8597292856 4
2 1 0 8597292864 4
2 1 0 8597292872 4
2 1 0 8597292880 4
2 1 0 8597292888 4
2 1 0 8597292896 4
2 1 0 8597292904 4
5 1 0 8597292912 4
2 1 0 8597292920 4
2 1 0 8597292928 4
2 1 0 8597292936 4
2 1 0 8597292944 4
2 1 0 8597292952 4
2 1 0 8597292960 4
2 1 0 8597292968 4
5 1 0 8597292976 4
2 1 0 8597292984 4
2 1 0 8597292992 4
2 1 0 8597293000 4
2 1 0 8597293008 4
2 1 0 8597293016 4
2 1 0 8597293024 4
2 1 0 8597293032 4
5 1 0 8597293040 4
2 1 0 8597293048 4
2 1 0 8597293056 4
2 1 0 8597293064 4
2 1 0 8597293072 4
2 1 0 8597293080 4
2 1 0 8597293088 4
2 1 0 8597293096 4
5 1 0 8597293104 4
2 1 0 8597293112 4
2 1 0 8597293120 4
2 1 0 8597293128 4
2 1 0 8597293136 4
2 1 0 8597293144 4
2 1 0 8597293152 4
2 1 0 8597293160 4
15 1 0 8597293168 4
2 1 0 8597293176 4
2 1 0 8597293184 4
2 1 0 8597293192 4
21 0 0 8597273464 4
200 0 0 8597273756 4
230 0 0 8597273760 4
290 0 0 8597273688 4
300 0 0 8597273680 4
300 1 0 8597273544 4
5 1 0 8597273548 4
2 1 0 8597273552 4
2 0 0 8597273712 4
291 0 0 8597276172 4
303 0 0 8597273672 4
297 1 0 8597273560 4
3 0 0 8597276156 4
297 0 0 8595034945 4
300 0 0 8597273704 4
300 1 0 8597273704 4
3 1 0 8597273712 4
9 1 0 8597273704 4
9 1 0 8597273712 4
2 0 0 8597276136 4
277 0 0 8597276152 4
300 0 0 8595034952 4
305 1 0 8597273704 4
3 1 0 8597273712 4
10 1 0 8597273704 4
9 1 0 8597273712 4
2 0 0 8597276164 4
296 1 0 8597273704 4
3 1 0 8597273712 4
10 1 0 8597273704 4
9 1 0 8597273712 4
2 0 0 8597204268 4
263 0 0 8597276168 4
272 1 0 8597273704 4
2 1 0 8597273712 4
4 0 0 8597205336 4
290 0 0 8597276184 4
317 1 0 8597273704 4
3 1 0 8597273712 4
10 1 0 8597273704 4
9 1 0 8597273712 4
2 0 0 8597204272 4
289 0 0 8597204276 4
304 0 0 8597276188 4
296 1 0 8597273712 4
4 1 0 8597273704 4
4 0 0 8597276144 4
292 0 0 8597205508 4
300 0 0 8597205552 4
324 1 0 8597273712 4
5 1 0 8597273704 4
7 1 0 8597273712 4
5 1 0 8597273704 4
2 0 0 8597205504 4
261 0 0 8597276496 4
266 0 0 8595034951 4
305 1 0 8597273712 4
3 1 0 8597273704 4
11 1 0 8597273688 4
1 1 0 144162826963763676 4
6 1 0 8597273712 4
1 0 0 8597205544 4
293 0 0 8597276508 4
295 1 0 8597273704 4
3 1 0 8597273712 4
10 1 0 8597273704 4
9 1 0 8597273712 4
5 0 0 8597276512 4
308 1 0 8597273712 4
3 1 0 8597273704 4
5 0 0 8597276516 4
292 1 0 8597273712 4
3 1 0 8597273704 4
5 0 0 8597271932 4
283 1 0 8597273712 4
1 1 0 8597273704 4
14 0 0 8597276492 4
276 1 0 8597273712 4
2 1 0 144162826963763680 4
6 0 0 8597276488 4
293 1 0 8597273688 4
1 1 0 2200113778872 4
2 0 0 8595038720 4
294 0 0 8595038721 4
300 1 0 8597276580 4
12 0 0 8595038722 4
288 0 0 8595038723 4
300 1 0 8597276581 4
11 0 0 8595038724 4
289 0 0 8595038725 4
300 1 0 8597276582 4
11 0 0 8595038726 4
289 0 0 8595038727 4
300 1 0 8597276583 4
10 0 0 8595038728 4
290 0 0 8595038729 4
300 1 0 8597276584 4
11 0 0 8595038730 4
289 0 0 8595038731 4
300 1 0 8597276585 4
12 0 0 8595038732 4
288 0 0 8595038733 4
300 1 0 8597276586 4
11 0 0 8595038734 4
289 0 0 8595038735 4
300 1 0 8597276587 4
11 0 0 8595038736 4
289 0 0 8595038737 4
300 1 0 8597276588 4
10 0 0 8595038738 4
290 0 0 8595038739 4
300 1 0 8597276589 4
11 0 0 8595038740 4
289 0 0 8595038741 4
300 1 0 8597276590 4
12 0 0 8595038742 4
288 0 0 8595038743 4
300 1 0 8597276591 4
8 0 0 8595038744 4
292 0 0 8595038745 4
300 1 0 8597276592 4
8 0 0 8595038746 4
292 0 0 8595038747 4
300 1 0 8597276593 4
7 0 0 8595038748 4
293 0 0 8595038749 4
300 1 0 8597276594 4
8 0 0 8595038750 4
292 0 0 8595038751 4
300 1 0 8597276595 4
9 0 0 8595038752 4
291 0 0 8595038753 4
300 1 0 8597276596 4
8 0 0 8595038754 4
292 0 0 8595038755 4
300 1 0 8597276597 4
8 0 0 8595038756 4
292 0 0 8595038757 4
300 1 0 8597276598 4
7 0 0 8595038758 4
293 0 0 8595038759 4
300 1 0 8597276599 4
8 0 0 8595038760 4
292 0 0 8595038761 4
300 1 0 8597276600 4
9 0 0 8595038762 4
291 0 0 8595038763 4
300 1 0 8597276601 4
8 0 0 8595038764 4
292 0 0 8595038765 4
300 1 0 8597276602 4
8 0 0 8595038766 4
292 0 0 8595038767 4
300 1 0 8597276603 4
7 0 0 8595038768 4
293 0 0 8595038769 4
300 1 0 8597276604 4
8 0 0 8595038770 4
292 0 0 8595038771 4
300 1 0 8597276605 4
9 0 0 8595038772 4
281 0 0 8595038773 4
300 1 0 8597276606 4
