1 0 0 8797208724048 4
0 0 0 34364843889 4
0 0 0 34364843903 4
0 1 0 34367157917 4
0 0 0 34364843895 4
0 1 0 34367157916 4
0 0 0 34364843897 4
0 0 0 34364843901 4
0 0 0 34364843893 4
0 1 0 34367157920 4
0 1 0 34367157915 4
0 1 0 34367157922 4
0 0 0 34364843891 4
0 1 0 34367157919 4
0 1 0 34367157921 4
0 0 0 34364843896 4
0 1 0 34367157918 4
0 0 0 34364843905 4
0 1 0 34367157923 4
0 0 0 34364843899 4
10 0 0 34364843902 4
0 0 0 34364843892 4
1 0 0 34364843888 4
0 0 0 34364843894 4
0 0 0 34364843904 4
0 0 0 34364843900 4
0 0 0 34364843890 4
0 0 0 34364843898 4
230 0 0 8797208724056 4
300 1 0 8797208724056 4
2 1 0 8797208724048 4
2 1 0 8797208724040 4
2 1 0 8797208723784 4
3 1 0 8797208726832 4
6 0 0 576508391181099776 4
285 0 0 8797208725840 4
300 0 0 576508391181082592 4
300 1 0 8797208725736 4
11 0 0 8797208726820 4
289 1 0 8797208723992 4
3 1 0 8797208724000 4
2 1 0 8797208723768 4
3 0 0 576508391181082712 4
292 1 0 8797208723920 4
4 0 0 8797208725888 4
296 1 0 8797208723928 4
3 1 0 8797208723936 4
2 1 0 8797208723944 4
2 1 0 8797208723952 4
2 1 0 8797208723960 4
5 1 0 8797208723968 4
7 1 0 8797208723976 4
3 1 0 8797208723760 4
4 1 0 8797208723984 4
10 1 0 8797208726032 4
8 0 0 8797208726819 4
254 0 0 8797208726872 4
300 0 0 8797208726864 4
300 1 0 8797208723768 4
1 1 0 8797208723760 4
2 0 0 34367152912 4
297 1 0 8797208723752 4
4 1 0 8797208723748 4
5 1 0 8797208723748 4
6 1 0 8797208723752 4
3 1 0 8797208723744 4
2 1 0 8797208723736 4
4 1 0 8797208723728 4
2 1 0 8797208723720 4
2 1 0 8797208723712 4
2 1 0 8797208723704 4
4 1 0 8797208723640 4
3 0 0 34366988320 4
263 0 0 576508391184686728 4
300 0 0 576508390855330896 4
300 0 0 134250496 4
305 0 0 576508390855330912 4
295 1 0 34367173816 4
10 1 0 34367173824 4
2 1 0 34367173832 4
2 1 0 34367173840 4
2 1 0 34367173848 4
2 1 0 34367173856 4
2 1 0 34367173864 4
2 1 0 34367173872 4
2 1 0 34367173880 4
5 1 0 34367173888 4
2 1 0 34367173896 4
2 1 0 34367173904 4
2 1 0 34367173912 4
2 1 0 34367173920 4
2 1 0 34367173928 4
2 1 0 34367173936 4
2 1 0 34367173944 4
5 1 0 34367173952 4
2 1 0 34367173960 4
2 1 0 34367173968 4
2 1 0 34367173976 4
2 1 0 34367173984 4
2 1 0 34367173992 4
2 1 0 34367174000 4
2 1 0 34367174008 4
5 1 0 34367174016 4
2 1 0 34367174024 4
2 1 0 34367174032 4
2 1 0 34367174040 4
2 1 0 34367174048 4
2 1 0 34367174056 4
2 1 0 34367174064 4
2 1 0 34367174072 4
5 1 0 34367174080 4
2 1 0 34367174088 4
2 1 0 34367174096 4
2 1 0 34367174104 4
2 1 0 34367174112 4
2 1 0 34367174120 4
2 1 0 34367174128 4
2 1 0 34367174136 4
5 1 0 34367174144 4
2 1 0 34367174152 4
2 1 0 34367174160 4
2 1 0 34367174168 4
2 1 0 34367174176 4
2 1 0 34367174184 4
2 1 0 34367174192 4
2 1 0 34367174200 4
5 1 0 34367174208 4
2 1 0 34367174216 4
2 1 0 34367174224 4
2 1 0 34367174232 4
2 1 0 34367174240 4
2 1 0 34367174248 4
2 1 0 34367174256 4
2 1 0 34367174264 4
15 1 0 34367174272 4
2 1 0 34367174280 4
2 1 0 34367174288 4
2 1 0 34367174296 4
21 0 0 34367154568 4
220 0 0 34367154860 4
300 0 0 34367154864 4
300 0 0 34367154792 4
300 0 0 34367154784 4
300 1 0 34367154576 4
5 1 0 34367154580 4
2 1 0 34367154584 4
2 0 0 34367154816 4
291 0 0 34367157276 4
303 0 0 34367154776 4
297 1 0 34367154592 4
3 0 0 34367157260 4
297 0 0 34364838721 4
300 0 0 34367154808 4
290 1 0 34367154808 4
3 1 0 34367154816 4
9 1 0 34367154808 4
9 1 0 34367154816 4
2 0 0 34367157240 4
287 0 0 34367157256 4
300 0 0 34364838726 4
305 1 0 34367154808 4
3 1 0 34367154816 4
10 1 0 34367154808 4
9 1 0 34367154816 4
2 0 0 34367157268 4
286 1 0 34367154808 4
3 1 0 34367154816 4
10 1 0 34367154808 4
9 1 0 34367154816 4
2 0 0 34367008044 4
263 0 0 34367157272 4
292 1 0 34367154808 4
2 1 0 34367154816 4
4 0 0 34367009112 4
290 0 0 34367157288 4
300 0 0 34367008048 4
300 0 0 34367008052 4
294 0 0 34367157292 4
296 1 0 34367154816 4
4 1 0 34367154808 4
4 0 0 34367157248 4
292 0 0 34367009284 4
300 0 0 34367009328 4
312 0 0 34367157316 4
288 1 0 34367154816 4
4 1 0 34367154808 4
7 0 0 34367157320 4
289 0 0 34364838723 4
305 1 0 34367154808 4
3 1 0 34367154816 4
9 1 0 34367154808 4
9 1 0 34367154816 4
13 0 0 34367157328 4
281 1 0 34367154816 4
4 1 0 34367154808 4
22 1 0 34367154816 4
5 1 0 34367154808 4
7 1 0 34367154792 4
1 1 0 576508391199158288 4
3 1 0 34367154816 4
2 0 0 34367009280 4
250 0 0 34367157592 4
311 1 0 34367154808 4
3 1 0 34367154816 4
9 1 0 34367154808 4
9 1 0 34367154816 4
2 0 0 34367157600 4
291 1 0 34367154816 4
3 1 0 34367154808 4
5 0 0 34367009320 4
273 0 0 34367157612 4
315 1 0 34367154808 4
3 1 0 34367154816 4
10 1 0 34367154808 4
9 1 0 34367154816 4
5 0 0 34367157616 4
278 1 0 34367154816 4
3 1 0 34367154808 4
5 0 0 34367157620 4
292 1 0 34367154816 4
3 1 0 34367154808 4
5 0 0 34367153036 4
283 1 0 34367154816 4
1 1 0 34367154808 4
14 0 0 34367157596 4
276 1 0 34367154816 4
2 1 0 576508391199158292 4
15 1 0 34367154792 4
1 1 0 8797208723640 4
2 0 0 34364843424 4
278 0 0 34364843425 4
300 1 0 34367157684 4
12 0 0 34364843426 4
288 0 0 34364843427 4
300 1 0 34367157685 4
11 0 0 34364843428 4
289 0 0 34364843429 4
300 1 0 34367157686 4
11 0 0 34364843430 4
289 0 0 34364843431 4
300 1 0 34367157687 4
10 0 0 34364843432 4
290 0 0 34364843433 4
300 1 0 34367157688 4
11 0 0 34364843434 4
289 0 0 34364843435 4
300 1 0 34367157689 4
12 0 0 34364843436 4
288 0 0 34364843437 4
300 1 0 34367157690 4
11 0 0 34364843438 4
289 0 0 34364843439 4
300 1 0 34367157691 4
11 0 0 34364843440 4
289 0 0 34364843441 4
300 1 0 34367157692 4
10 0 0 34364843442 4
290 0 0 34364843443 4
300 1 0 34367157693 4
11 0 0 34364843444 4
289 0 0 34364843445 4
300 1 0 34367157694 4
12 0 0 34364843446 4
288 0 0 34364843447 4
300 1 0 34367157695 4
11 0 0 34364843448 4
289 0 0 34364843449 4
300 1 0 34367157696 4
11 0 0 34364843450 4
289 0 0 34364843451 4
300 1 0 34367157697 4
10 0 0 34364843452 4
290 0 0 34364843453 4
300 1 0 34367157698 4
11 0 0 34364843454 4
289 0 0 34364843455 4
300 1 0 34367157699 4
12 0 0 34364843456 4
288 0 0 34364843457 4
300 1 0 34367157700 4
11 0 0 34364843458 4
289 0 0 34364843459 4
300 1 0 34367157701 4
11 0 0 34364843460 4
289 0 0 34364843461 4
300 1 0 34367157702 4
10 0 0 34364843462 4
290 0 0 34364843463 4
300 1 0 34367157703 4
11 0 0 34364843464 4
289 0 0 34364843465 4
300 1 0 34367157704 4
12 0 0 34364843466 4
288 0 0 34364843467 4
300 1 0 34367157705 4
11 0 0 34364843468 4
289 0 0 34364843469 4
300 1 0 34367157706 4
11 0 0 34364843470 4
289 0 0 34364843471 4
