1 0 0 18692821766736 4
0 0 0 73019549551 4
0 0 0 73019549563 4
0 0 0 73019549557 4
0 0 0 73019549561 4
0 1 0 73021889357 4
0 0 0 73019549565 4
0 0 0 73019549560 4
0 1 0 73021889356 4
0 1 0 73021889359 4
0 0 0 73019549559 4
0 1 0 73021889361 4
0 1 0 73021889358 4
0 0 0 73019549567 4
0 1 0 73021889362 4
0 1 0 73021889360 4
0 1 0 73021889363 4
0 0 0 73019549553 4
0 1 0 73021889355 4
0 0 0 73019549555 4
10 0 0 73019549566 4
0 0 0 73019549556 4
1 0 0 73019549558 4
0 0 0 73019549564 4
0 0 0 73019549562 4
0 0 0 73019549554 4
0 0 0 73019549552 4
0 0 0 73019549568 4
320 0 0 18692821766744 4
300 1 0 18692821766744 4
2 1 0 18692821766736 4
2 1 0 18692821766728 4
2 1 0 18692821766472 4
3 1 0 18692821769520 4
6 0 0 1225026737522451200 4
295 0 0 18692821768528 4
300 0 0 1225026737522434016 4
300 1 0 18692821768424 4
11 0 0 18692821769508 4
279 1 0 18692821766680 4
3 1 0 18692821766688 4
2 1 0 18692821766456 4
3 0 0 1225026737522434136 4
292 1 0 18692821766608 4
4 0 0 18692821768576 4
296 1 0 18692821766616 4
3 1 0 18692821766624 4
2 1 0 18692821766632 4
2 1 0 18692821766640 4
2 1 0 18692821766648 4
5 1 0 18692821766656 4
7 1 0 18692821766664 4
3 1 0 18692821766448 4
4 1 0 18692821766672 4
10 1 0 18692821768720 4
8 0 0 18692821769507 4
264 0 0 18692821769560 4
300 0 0 18692821769552 4
300 1 0 18692821766456 4
1 1 0 18692821766448 4
2 0 0 73021884352 4
297 1 0 18692821766440 4
4 1 0 18692821766436 4
5 1 0 18692821766436 4
6 1 0 18692821766440 4
3 1 0 18692821766432 4
2 1 0 18692821766424 4
4 1 0 18692821766416 4
2 1 0 18692821766408 4
2 1 0 18692821766400 4
2 1 0 18692821766392 4
4 1 0 18692821766328 4
3 0 0 73021693984 4
263 0 0 1225026737526038152 4
300 0 0 1225026737196682320 4
300 0 0 285245440 4
305 0 0 1225026737196682336 4
295 1 0 73021905256 4
10 1 0 73021905264 4
2 1 0 73021905272 4
2 1 0 73021905280 4
2 1 0 73021905288 4
2 1 0 73021905296 4
2 1 0 73021905304 4
2 1 0 73021905312 4
2 1 0 73021905320 4
5 1 0 73021905328 4
2 1 0 73021905336 4
2 1 0 73021905344 4
2 1 0 73021905352 4
2 1 0 73021905360 4
2 1 0 73021905368 4
2 1 0 73021905376 4
2 1 0 73021905384 4
5 1 0 73021905392 4
2 1 0 73021905400 4
2 1 0 73021905408 4
2 1 0 73021905416 4
2 1 0 73021905424 4
2 1 0 73021905432 4
2 1 0 73021905440 4
2 1 0 73021905448 4
5 1 0 73021905456 4
2 1 0 73021905464 4
2 1 0 73021905472 4
2 1 0 73021905480 4
2 1 0 73021905488 4
2 1 0 73021905496 4
2 1 0 73021905504 4
2 1 0 73021905512 4
5 1 0 73021905520 4
2 1 0 73021905528 4
2 1 0 73021905536 4
2 1 0 73021905544 4
2 1 0 73021905552 4
2 1 0 73021905560 4
2 1 0 73021905568 4
2 1 0 73021905576 4
5 1 0 73021905584 4
2 1 0 73021905592 4
2 1 0 73021905600 4
2 1 0 73021905608 4
2 1 0 73021905616 4
2 1 0 73021905624 4
2 1 0 73021905632 4
2 1 0 73021905640 4
5 1 0 73021905648 4
2 1 0 73021905656 4
2 1 0 73021905664 4
2 1 0 73021905672 4
2 1 0 73021905680 4
2 1 0 73021905688 4
2 1 0 73021905696 4
2 1 0 73021905704 4
15 1 0 73021905712 4
2 1 0 73021905720 4
2 1 0 73021905728 4
2 1 0 73021905736 4
21 0 0 73021886008 4
300 0 0 73021886300 4
300 0 0 73021886304 4
300 0 0 73021886232 4
300 0 0 73021886224 4
300 1 0 73021886016 4
5 1 0 73021886020 4
2 1 0 73021886024 4
2 0 0 73021886256 4
291 0 0 73021888716 4
303 0 0 73021886216 4
297 1 0 73021886032 4
3 0 0 73021888700 4
297 0 0 73019544385 4
300 0 0 73021886248 4
290 1 0 73021886248 4
3 1 0 73021886256 4
9 1 0 73021886248 4
9 1 0 73021886256 4
2 0 0 73021888680 4
297 0 0 73021888696 4
300 0 0 73019544390 4
295 1 0 73021886248 4
3 1 0 73021886256 4
10 1 0 73021886248 4
9 1 0 73021886256 4
2 0 0 73021888708 4
296 1 0 73021886248 4
3 1 0 73021886256 4
10 1 0 73021886248 4
9 1 0 73021886256 4
2 0 0 73021713708 4
263 0 0 73021888712 4
302 1 0 73021886248 4
2 1 0 73021886256 4
4 0 0 73021714776 4
300 0 0 73021888728 4
300 0 0 73021713712 4
300 0 0 73021713716 4
304 0 0 73021888732 4
296 1 0 73021886256 4
4 1 0 73021886248 4
4 0 0 73021888688 4
292 0 0 73021714948 4
300 0 0 73021714992 4
302 0 0 73021888756 4
288 1 0 73021886256 4
4 1 0 73021886248 4
7 0 0 73021888760 4
289 0 0 73019544388 4
305 1 0 73021886248 4
3 1 0 73021886256 4
9 1 0 73021886248 4
9 1 0 73021886256 4
8 1 0 73021886232 4
1 1 0 1225026737543118864 4
6 1 0 73021886256 4
11 0 0 73021888768 4
248 1 0 73021886256 4
4 1 0 73021886248 4
22 1 0 73021886256 4
5 1 0 73021886248 4
2 0 0 73021714944 4
281 0 0 73021889032 4
301 1 0 73021886248 4
3 1 0 73021886256 4
9 1 0 73021886248 4
9 1 0 73021886256 4
2 0 0 73021889040 4
291 1 0 73021886256 4
3 1 0 73021886248 4
5 0 0 73021714984 4
263 0 0 73021889052 4
315 1 0 73021886248 4
3 1 0 73021886256 4
10 1 0 73021886248 4
9 1 0 73021886256 4
5 0 0 73021889056 4
288 1 0 73021886256 4
3 1 0 73021886248 4
5 0 0 73021889060 4
292 1 0 73021886256 4
3 1 0 73021886248 4
5 0 0 73021884476 4
283 1 0 73021886256 4
1 1 0 73021886248 4
14 0 0 73021889036 4
276 1 0 73021886256 4
2 1 0 1225026737543118868 4
15 1 0 73021886232 4
1 1 0 18692821766328 4
2 0 0 73019549088 4
278 0 0 73019549089 4
300 1 0 73021889124 4
12 0 0 73019549090 4
288 0 0 73019549091 4
290 1 0 73021889125 4
11 0 0 73019549092 4
289 0 0 73019549093 4
300 1 0 73021889126 4
11 0 0 73019549094 4
289 0 0 73019549095 4
300 1 0 73021889127 4
10 0 0 73019549096 4
300 0 0 73019549097 4
300 1 0 73021889128 4
11 0 0 73019549098 4
289 0 0 73019549099 4
300 1 0 73021889129 4
12 0 0 73019549100 4
288 0 0 73019549101 4
300 1 0 73021889130 4
11 0 0 73019549102 4
289 0 0 73019549103 4
300 1 0 73021889131 4
11 0 0 73019549104 4
279 0 0 73019549105 4
300 1 0 73021889132 4
10 0 0 73019549106 4
290 0 0 73019549107 4
300 1 0 73021889133 4
11 0 0 73019549108 4
289 0 0 73019549109 4
300 1 0 73021889134 4
12 0 0 73019549110 4
288 0 0 73019549111 4
300 1 0 73021889135 4
11 0 0 73019549112 4
289 0 0 73019549113 4
300 1 0 73021889136 4
11 0 0 73019549114 4
289 0 0 73019549115 4
300 1 0 73021889137 4
10 0 0 73019549116 4
300 0 0 73019549117 4
300 1 0 73021889138 4
11 0 0 73019549118 4
279 0 0 73019549119 4
300 1 0 73021889139 4
12 0 0 73019549120 4
288 0 0 73019549121 4
300 1 0 73021889140 4
11 0 0 73019549122 4
289 0 0 73019549123 4
300 1 0 73021889141 4
11 0 0 73019549124 4
289 0 0 73019549125 4
300 1 0 73021889142 4
10 0 0 73019549126 4
290 0 0 73019549127 4
300 1 0 73021889143 4
11 0 0 73019549128 4
299 0 0 73019549129 4
300 1 0 73021889144 4
12 0 0 73019549130 4
288 0 0 73019549131 4
300 1 0 73021889145 4
11 0 0 73019549132 4
289 0 0 73019549133 4
300 1 0 73021889146 4
11 0 0 73019549134 4
289 0 0 73019549135 4
