1 0 0 3299617014352 4
0 1 0 216220421028790002 4
0 1 0 216220421028790098 4
0 1 0 216220421028789978 4
0 1 0 216220421028790034 4
0 1 0 216220421028790010 4
0 1 0 216220421028790090 4
0 1 0 216220421028790026 4
0 1 0 216220421028789994 4
0 1 0 216220421028790066 4
0 1 0 216220421028790058 4
0 1 0 216220421028790082 4
0 1 0 216220421028790074 4
0 1 0 216220421028790106 4
0 1 0 216220421028790114 4
0 1 0 216220421028790050 4
0 1 0 216220421028789986 4
0 1 0 216220421028789970 4
0 1 0 216220421028790018 4
0 1 0 216220421028790042 4
2 0 0 216220420995181328 4
0 0 0 216220420995181336 4
0 0 0 216220420995181416 4
0 0 0 216220420995181384 4
0 0 0 216220420995181448 4
0 0 0 216220420995181392 4
0 0 0 216220420995181368 4
0 0 0 216220420995181376 4
0 0 0 216220420995181408 4
0 0 0 216220420995181400 4
0 0 0 216220420995181360 4
0 0 0 216220420995181472 4
0 0 0 216220420995181424 4
0 0 0 216220420995181440 4
0 0 0 216220420995181464 4
0 0 0 216220420995181344 4
0 0 0 216220420995181352 4
0 0 0 216220420995181432 4
0 0 0 216220420995181456 4
129 0 0 3299617014360 4
300 1 0 3299617014360 4
2 1 0 3299617014352 4
2 1 0 3299617014344 4
2 1 0 3299617014088 4
3 1 0 3299617017136 4
6 0 0 216220420991460096 4
285 0 0 3299617016144 4
300 0 0 216220420991442912 4
300 1 0 3299617016040 4
11 0 0 3299617017124 4
289 1 0 3299617014296 4
3 1 0 3299617014304 4
2 1 0 3299617014072 4
3 0 0 216220420991443032 4
292 1 0 3299617014224 4
4 0 0 3299617016192 4
296 1 0 3299617014232 4
3 1 0 3299617014240 4
2 1 0 3299617014248 4
2 1 0 3299617014256 4
2 1 0 3299617014264 4
5 1 0 3299617014272 4
7 1 0 3299617014280 4
3 1 0 3299617014064 4
4 1 0 3299617014288 4
10 1 0 3299617016336 4
8 0 0 3299617017123 4
254 0 0 3299617017176 4
290 0 0 3299617017168 4
300 1 0 3299617014072 4
1 1 0 3299617014064 4
2 0 0 12892169552 4
297 0 0 12892169568 4
290 0 0 12892169560 4
300 0 0 12892169424 4
300 0 0 12892169408 4
300 1 0 3299617014056 4
1 1 0 3299617014016 4
2 1 0 3299617014040 4
2 1 0 3299617014048 4
3 1 0 3299617014024 4
2 1 0 3299617014032 4
3 0 0 12892168800 4
297 0 0 12892168784 4
300 1 0 3299617013992 4
5 0 0 12892152152 4
285 1 0 3299617013968 4
2 1 0 3299617013960 4
3 1 0 3299617013976 4
3 1 0 3299617013984 4
2 0 0 12892168832 4
290 0 0 12892168968 4
300 0 0 3299617016160 4
300 0 0 12892169064 4
300 0 0 216220420995067632 4
300 0 0 12892169056 4
300 1 0 12892169056 4
5 1 0 12892169064 4
4 0 0 12892169060 4
291 1 0 12892169060 4
1 1 0 3299617013944 4
5 0 0 12892169048 4
294 0 0 216220420995044704 4
300 1 0 3299617013936 4
3 1 0 3299617013928 4
3 1 0 3299617013920 4
2 1 0 3299617013912 4
2 1 0 3299617013904 4
3 0 0 12892168888 4
287 0 0 12892168840 4
300 0 0 12892168848 4
300 1 0 3299617013896 4
7 0 0 216220420995177544 4
293 1 0 3299617014000 4
2 0 0 216220420995177545 4
298 1 0 3299617014001 4
12 1 0 12892168840 4
22 1 0 12892169060 4
7 1 0 12892169064 4
9 1 0 12892169056 4
17 1 0 3299617014005 4
10 0 0 12889997367 4
235 0 0 12889997368 4
298 0 0 3299617014002 4
300 0 0 12889997369 4
290 0 0 3299617014003 4
300 0 0 12889997370 4
300 0 0 3299617014004 4
300 0 0 12889997371 4
307 1 0 3299617013992 4
2 0 0 12892152056 4
291 1 0 3299617013984 4
20 1 0 12892169056 4
5 1 0 12892169064 4
6 1 0 12892169060 4
5 0 0 216220420995177549 4
264 1 0 12892168840 4
10 1 0 12892169060 4
7 1 0 12892169064 4
9 1 0 12892169056 4
8 0 0 12892168796 4
276 0 0 12892169472 4
300 0 0 12892168792 4
292 1 0 12892168808 4
2 1 0 3299617013992 4
6 1 0 3299617013968 4
2 1 0 3299617013960 4
3 1 0 3299617013976 4
3 1 0 3299617013984 4
26 1 0 12892169056 4
5 1 0 12892169064 4
6 1 0 12892169060 4
1 1 0 3299617013944 4
9 1 0 3299617013936 4
3 1 0 3299617013928 4
3 1 0 3299617013920 4
2 1 0 3299617013912 4
2 1 0 3299617013904 4
16 1 0 3299617013896 4
10 0 0 216220420995177550 4
219 1 0 216220421028786192 4
2 0 0 216220420995177551 4
288 1 0 216220421028786193 4
2 0 0 216220420995047664 4
298 1 0 216220421028786194 4
8 0 0 216220420995177552 4
292 1 0 216220421028786202 4
2 0 0 216220420995177560 4
298 1 0 216220421028786210 4
2 0 0 216220420995177568 4
298 1 0 216220421028786218 4
2 0 0 216220420995177576 4
298 1 0 216220421028786226 4
2 0 0 216220420995177584 4
298 1 0 216220421028786234 4
2 0 0 216220420995177592 4
298 1 0 216220421028786242 4
2 0 0 216220420995177600 4
298 1 0 216220421028786250 4
2 0 0 216220420995177608 4
298 1 0 216220421028786258 4
2 0 0 216220420995177616 4
298 1 0 216220421028786266 4
2 0 0 216220420995177624 4
298 1 0 216220421028786274 4
2 0 0 216220420995177632 4
298 1 0 216220421028786282 4
2 0 0 216220420995177640 4
298 1 0 216220421028786290 4
2 0 0 216220420995177648 4
298 1 0 216220421028786298 4
2 0 0 216220420995177656 4
298 1 0 216220421028786306 4
2 0 0 216220420995177664 4
298 1 0 216220421028786314 4
2 0 0 216220420995177672 4
298 1 0 216220421028786322 4
2 0 0 216220420995177680 4
298 1 0 216220421028786330 4
2 0 0 216220420995177688 4
298 1 0 216220421028786338 4
2 0 0 216220420995177696 4
298 1 0 216220421028786346 4
2 0 0 216220420995177704 4
298 1 0 216220421028786354 4
2 0 0 216220420995177712 4
298 1 0 216220421028786362 4
2 0 0 216220420995177720 4
298 1 0 216220421028786370 4
2 0 0 216220420995177728 4
298 1 0 216220421028786378 4
2 0 0 216220420995177736 4
298 1 0 216220421028786386 4
2 0 0 216220420995177744 4
298 1 0 216220421028786394 4
2 0 0 216220420995177752 4
298 1 0 216220421028786402 4
2 0 0 216220420995177760 4
298 1 0 216220421028786410 4
2 0 0 216220420995177768 4
298 1 0 216220421028786418 4
2 0 0 216220420995177776 4
298 1 0 216220421028786426 4
2 0 0 216220420995177784 4
298 1 0 216220421028786434 4
2 0 0 216220420995177792 4
298 1 0 216220421028786442 4
2 0 0 216220420995177800 4
298 1 0 216220421028786450 4
2 0 0 216220420995177808 4
298 1 0 216220421028786458 4
2 0 0 216220420995177816 4
298 1 0 216220421028786466 4
2 0 0 216220420995177824 4
298 1 0 216220421028786474 4
2 0 0 216220420995177832 4
298 1 0 216220421028786482 4
2 0 0 216220420995177840 4
298 1 0 216220421028786490 4
2 0 0 216220420995177848 4
298 1 0 216220421028786498 4
2 0 0 216220420995177856 4
298 1 0 216220421028786506 4
2 0 0 216220420995177864 4
298 1 0 216220421028786514 4
2 0 0 216220420995177872 4
298 1 0 216220421028786522 4
2 0 0 216220420995177880 4
298 1 0 216220421028786530 4
2 0 0 216220420995177888 4
298 1 0 216220421028786538 4
2 0 0 216220420995177896 4
298 1 0 216220421028786546 4
2 0 0 216220420995177904 4
298 1 0 216220421028786554 4
2 0 0 216220420995177912 4
298 1 0 216220421028786562 4
2 0 0 216220420995177920 4
298 1 0 216220421028786570 4
2 0 0 216220420995177928 4
298 1 0 216220421028786578 4
2 0 0 216220420995177936 4
298 1 0 216220421028786586 4
2 0 0 216220420995177944 4
298 1 0 216220421028786594 4
2 0 0 216220420995177952 4
298 1 0 216220421028786602 4
2 0 0 216220420995177960 4
298 1 0 216220421028786610 4
2 0 0 216220420995177968 4
298 1 0 216220421028786618 4
2 0 0 216220420995177976 4
298 1 0 216220421028786626 4
2 0 0 216220420995177984 4
298 1 0 216220421028786634 4
2 0 0 216220420995177992 4
288 1 0 216220421028786642 4
2 0 0 216220420995178000 4
298 1 0 216220421028786650 4
2 0 0 216220420995178008 4
298 1 0 216220421028786658 4
2 0 0 216220420995178016 4
298 1 0 216220421028786666 4
2 0 0 216220420995178024 4
298 1 0 216220421028786674 4
2 0 0 216220420995178032 4
298 1 0 216220421028786682 4
2 0 0 216220420995178040 4
298 1 0 216220421028786690 4
2 0 0 216220420995178048 4
298 1 0 216220421028786698 4
2 0 0 216220420995178056 4
298 1 0 216220421028786706 4
2 0 0 216220420995178064 4
298 1 0 216220421028786714 4
2 0 0 216220420995178072 4
298 1 0 216220421028786722 4
2 0 0 216220420995178080 4
298 1 0 216220421028786730 4
2 0 0 216220420995178088 4
