1 0 0 7697663525456 4
0 1 0 504450797180501710 4
0 1 0 504450797180501702 4
0 1 0 504450797180501790 4
0 1 0 504450797180501686 4
0 1 0 504450797180501726 4
0 1 0 504450797180501694 4
0 1 0 504450797180501774 4
0 1 0 504450797180501758 4
0 1 0 504450797180501822 4
0 1 0 504450797180501750 4
0 1 0 504450797180501766 4
0 1 0 504450797180501798 4
0 1 0 504450797180501782 4
0 1 0 504450797180501678 4
0 1 0 504450797180501742 4
0 1 0 504450797180501806 4
0 1 0 504450797180501814 4
0 1 0 504450797180501718 4
0 1 0 504450797180501734 4
2 0 0 504450797146896120 4
0 0 0 504450797146896128 4
0 0 0 504450797146896208 4
0 0 0 504450797146896248 4
0 0 0 504450797146896256 4
0 0 0 504450797146896176 4
0 0 0 504450797146896216 4
0 0 0 504450797146896184 4
0 0 0 504450797146896240 4
0 0 0 504450797146896192 4
0 0 0 504450797146896152 4
0 0 0 504450797146896224 4
0 0 0 504450797146896264 4
0 0 0 504450797146896232 4
0 0 0 504450797146896144 4
0 0 0 504450797146896168 4
0 0 0 504450797146896200 4
0 0 0 504450797146896160 4
0 0 0 504450797146896136 4
229 0 0 7697663525464 4
300 1 0 7697663525464 4
2 1 0 7697663525456 4
2 1 0 7697663525448 4
2 1 0 7697663525192 4
3 1 0 7697663528240 4
6 0 0 504450797143171840 4
285 0 0 7697663527248 4
300 0 0 504450797143154656 4
300 1 0 7697663527144 4
11 0 0 7697663528228 4
289 1 0 7697663525400 4
3 1 0 7697663525408 4
2 1 0 7697663525176 4
3 0 0 504450797143154776 4
292 1 0 7697663525328 4
4 0 0 7697663527296 4
296 1 0 7697663525336 4
3 1 0 7697663525344 4
2 1 0 7697663525352 4
2 1 0 7697663525360 4
2 1 0 7697663525368 4
5 1 0 7697663525376 4
7 1 0 7697663525384 4
3 1 0 7697663525168 4
4 1 0 7697663525392 4
10 1 0 7697663527440 4
8 0 0 7697663528227 4
254 0 0 7697663528280 4
300 0 0 7697663528272 4
300 1 0 7697663525176 4
1 1 0 7697663525168 4
2 0 0 30072038736 4
297 0 0 30072038752 4
290 0 0 30072038744 4
300 0 0 30072038608 4
300 0 0 30072038592 4
300 1 0 7697663525160 4
1 1 0 7697663525120 4
2 1 0 7697663525144 4
2 1 0 7697663525152 4
3 1 0 7697663525128 4
2 1 0 7697663525136 4
3 0 0 30072037984 4
287 0 0 30072037968 4
220 1 0 7697663525096 4
5 0 0 30072021336 4
285 1 0 7697663525072 4
2 1 0 7697663525064 4
3 1 0 7697663525080 4
3 1 0 7697663525088 4
2 0 0 30072038016 4
300 0 0 30072038152 4
300 0 0 7697663527264 4
300 0 0 30072038248 4
300 0 0 504450797146779376 4
300 0 0 30072038240 4
300 1 0 30072038240 4
5 1 0 30072038248 4
4 0 0 30072038244 4
291 1 0 30072038244 4
1 1 0 7697663525048 4
5 0 0 30072038232 4
294 0 0 504450797146756448 4
300 1 0 7697663525040 4
3 1 0 7697663525032 4
3 1 0 7697663525024 4
2 1 0 7697663525016 4
2 1 0 7697663525008 4
3 0 0 30072038072 4
287 0 0 30072038024 4
300 0 0 30072038032 4
300 1 0 7697663525000 4
7 0 0 504450797146892372 4
283 1 0 7697663525104 4
2 0 0 504450797146892373 4
298 1 0 7697663525105 4
12 1 0 30072038024 4
22 1 0 30072038244 4
7 1 0 30072038248 4
9 1 0 30072038240 4
17 1 0 7697663525109 4
10 0 0 30069866551 4
235 0 0 30069866552 4
298 0 0 7697663525106 4
300 0 0 30069866553 4
290 0 0 7697663525107 4
300 0 0 30069866554 4
300 0 0 7697663525108 4
300 0 0 30069866555 4
307 1 0 7697663525096 4
2 0 0 30072021240 4
291 1 0 7697663525088 4
20 1 0 30072038240 4
5 1 0 30072038248 4
6 1 0 30072038244 4
5 0 0 504450797146892377 4
264 1 0 30072038024 4
10 1 0 30072038244 4
7 1 0 30072038248 4
9 1 0 30072038240 4
8 0 0 30072037980 4
276 0 0 30072038656 4
300 0 0 30072037976 4
302 1 0 30072037992 4
2 1 0 7697663525096 4
6 1 0 7697663525072 4
2 1 0 7697663525064 4
3 1 0 7697663525080 4
3 1 0 7697663525088 4
26 1 0 30072038240 4
5 1 0 30072038248 4
6 1 0 30072038244 4
1 1 0 7697663525048 4
9 1 0 7697663525040 4
3 1 0 7697663525032 4
3 1 0 7697663525024 4
2 1 0 7697663525016 4
2 1 0 7697663525008 4
16 1 0 7697663525000 4
10 0 0 504450797146892378 4
269 1 0 504450797180497936 4
2 0 0 504450797146892379 4
298 1 0 504450797180497937 4
2 0 0 504450797146892380 4
298 1 0 504450797180497938 4
2 0 0 504450797146892381 4
298 1 0 504450797180497939 4
2 0 0 504450797146892382 4
298 1 0 504450797180497940 4
2 0 0 504450797146892383 4
298 1 0 504450797180497941 4
2 0 0 504450797146759408 4
298 1 0 504450797180497942 4
8 0 0 504450797146892384 4
292 1 0 504450797180497950 4
2 0 0 504450797146892392 4
298 1 0 504450797180497958 4
2 0 0 504450797146892400 4
298 1 0 504450797180497966 4
2 0 0 504450797146892408 4
298 1 0 504450797180497974 4
2 0 0 504450797146892416 4
298 1 0 504450797180497982 4
2 0 0 504450797146892424 4
298 1 0 504450797180497990 4
2 0 0 504450797146892432 4
298 1 0 504450797180497998 4
2 0 0 504450797146892440 4
298 1 0 504450797180498006 4
2 0 0 504450797146892448 4
298 1 0 504450797180498014 4
2 0 0 504450797146892456 4
298 1 0 504450797180498022 4
2 0 0 504450797146892464 4
298 1 0 504450797180498030 4
2 0 0 504450797146892472 4
298 1 0 504450797180498038 4
2 0 0 504450797146892480 4
298 1 0 504450797180498046 4
2 0 0 504450797146892488 4
298 1 0 504450797180498054 4
2 0 0 504450797146892496 4
298 1 0 504450797180498062 4
2 0 0 504450797146892504 4
298 1 0 504450797180498070 4
2 0 0 504450797146892512 4
298 1 0 504450797180498078 4
2 0 0 504450797146892520 4
298 1 0 504450797180498086 4
2 0 0 504450797146892528 4
298 1 0 504450797180498094 4
2 0 0 504450797146892536 4
298 1 0 504450797180498102 4
2 0 0 504450797146892544 4
298 1 0 504450797180498110 4
2 0 0 504450797146892552 4
298 1 0 504450797180498118 4
2 0 0 504450797146892560 4
298 1 0 504450797180498126 4
2 0 0 504450797146892568 4
298 1 0 504450797180498134 4
2 0 0 504450797146892576 4
298 1 0 504450797180498142 4
2 0 0 504450797146892584 4
298 1 0 504450797180498150 4
2 0 0 504450797146892592 4
298 1 0 504450797180498158 4
2 0 0 504450797146892600 4
298 1 0 504450797180498166 4
2 0 0 504450797146892608 4
298 1 0 504450797180498174 4
2 0 0 504450797146892616 4
298 1 0 504450797180498182 4
2 0 0 504450797146892624 4
298 1 0 504450797180498190 4
2 0 0 504450797146892632 4
298 1 0 504450797180498198 4
2 0 0 504450797146892640 4
298 1 0 504450797180498206 4
2 0 0 504450797146892648 4
298 1 0 504450797180498214 4
2 0 0 504450797146892656 4
298 1 0 504450797180498222 4
2 0 0 504450797146892664 4
298 1 0 504450797180498230 4
2 0 0 504450797146892672 4
298 1 0 504450797180498238 4
2 0 0 504450797146892680 4
298 1 0 504450797180498246 4
2 0 0 504450797146892688 4
298 1 0 504450797180498254 4
2 0 0 504450797146892696 4
298 1 0 504450797180498262 4
2 0 0 504450797146892704 4
298 1 0 504450797180498270 4
2 0 0 504450797146892712 4
298 1 0 504450797180498278 4
2 0 0 504450797146892720 4
298 1 0 504450797180498286 4
2 0 0 504450797146892728 4
298 1 0 504450797180498294 4
2 0 0 504450797146892736 4
298 1 0 504450797180498302 4
2 0 0 504450797146892744 4
298 1 0 504450797180498310 4
2 0 0 504450797146892752 4
298 1 0 504450797180498318 4
2 0 0 504450797146892760 4
298 1 0 504450797180498326 4
2 0 0 504450797146892768 4
298 1 0 504450797180498334 4
2 0 0 504450797146892776 4
298 1 0 504450797180498342 4
2 0 0 504450797146892784 4
298 1 0 504450797180498350 4
2 0 0 504450797146892792 4
298 1 0 504450797180498358 4
2 0 0 504450797146892800 4
298 1 0 504450797180498366 4
2 0 0 504450797146892808 4
298 1 0 504450797180498374 4
2 0 0 504450797146892816 4
298 1 0 504450797180498382 4
2 0 0 504450797146892824 4
298 1 0 504450797180498390 4
2 0 0 504450797146892832 4
298 1 0 504450797180498398 4
2 0 0 504450797146892840 4
298 1 0 504450797180498406 4
2 0 0 504450797146892848 4
298 1 0 504450797180498414 4
2 0 0 504450797146892856 4
298 1 0 504450797180498422 4
2 0 0 504450797146892864 4
298 1 0 504450797180498430 4
2 0 0 504450797146892872 4
298 1 0 504450797180498438 4
2 0 0 504450797146892880 4
298 1 0 504450797180498446 4
2 0 0 504450797146892888 4
