1 0 0 5498640269904 4
0 1 0 360335609071832844 4
0 1 0 360335609071832772 4
0 1 0 360335609071832828 4
0 1 0 360335609071832836 4
0 1 0 360335609071832788 4
0 1 0 360335609071832884 4
0 1 0 360335609071832908 4
0 1 0 360335609071832876 4
0 1 0 360335609071832852 4
0 1 0 360335609071832860 4
0 1 0 360335609071832812 4
0 1 0 360335609071832900 4
0 1 0 360335609071832892 4
0 1 0 360335609071832868 4
0 1 0 360335609071832796 4
0 1 0 360335609071832780 4
0 1 0 360335609071832820 4
0 1 0 360335609071832804 4
0 1 0 360335609071832916 4
2 0 0 360335609071055112 4
0 0 0 360335609071055120 4
0 0 0 360335609071055152 4
0 0 0 360335609071055160 4
0 0 0 360335609071055144 4
0 0 0 360335609071055224 4
0 0 0 360335609071055136 4
0 0 0 360335609071055168 4
0 0 0 360335609071055184 4
0 0 0 360335609071055232 4
0 0 0 360335609071055176 4
0 0 0 360335609071055240 4
0 0 0 360335609071055248 4
0 0 0 360335609071055208 4
0 0 0 360335609071055200 4
0 0 0 360335609071055256 4
0 0 0 360335609071055216 4
0 0 0 360335609071055192 4
0 0 0 360335609071055128 4
209 0 0 5498640269912 4
300 1 0 5498640269912 4
2 1 0 5498640269904 4
2 1 0 5498640269896 4
2 1 0 5498640269640 4
3 1 0 5498640272688 4
6 0 0 360335609067315968 4
285 0 0 5498640271696 4
300 0 0 360335609067298784 4
300 1 0 5498640271592 4
11 0 0 5498640272676 4
289 1 0 5498640269848 4
3 1 0 5498640269856 4
2 1 0 5498640269624 4
3 0 0 360335609067298904 4
292 1 0 5498640269776 4
4 0 0 5498640271744 4
296 1 0 5498640269784 4
3 1 0 5498640269792 4
2 1 0 5498640269800 4
2 1 0 5498640269808 4
2 1 0 5498640269816 4
5 1 0 5498640269824 4
7 1 0 5498640269832 4
3 1 0 5498640269616 4
4 1 0 5498640269840 4
10 1 0 5498640271888 4
8 0 0 5498640272675 4
254 0 0 5498640272728 4
300 0 0 5498640272720 4
300 1 0 5498640269624 4
1 1 0 5498640269616 4
2 0 0 21482104144 4
297 0 0 21482104160 4
300 0 0 21482104152 4
300 0 0 21482104016 4
300 0 0 21482104000 4
300 1 0 5498640269608 4
1 1 0 5498640269568 4
2 1 0 5498640269592 4
2 1 0 5498640269600 4
3 1 0 5498640269576 4
2 1 0 5498640269584 4
3 0 0 21482103392 4
287 0 0 21482103376 4
220 1 0 5498640269544 4
5 0 0 21482086744 4
285 1 0 5498640269520 4
2 1 0 5498640269512 4
3 1 0 5498640269528 4
3 1 0 5498640269536 4
2 0 0 21482103424 4
290 0 0 21482103560 4
300 0 0 5498640271712 4
300 0 0 21482103656 4
300 0 0 360335609070923504 4
300 0 0 21482103648 4
300 1 0 21482103648 4
5 1 0 21482103656 4
4 0 0 21482103652 4
291 1 0 21482103652 4
1 1 0 5498640269496 4
5 0 0 21482103640 4
294 0 0 360335609070900576 4
300 1 0 5498640269488 4
3 1 0 5498640269480 4
3 1 0 5498640269472 4
2 1 0 5498640269464 4
2 1 0 5498640269456 4
3 0 0 21482103480 4
287 0 0 21482103432 4
300 0 0 21482103440 4
300 1 0 5498640269448 4
7 0 0 360335609071051342 4
293 1 0 5498640269552 4
2 0 0 360335609071051343 4
298 1 0 5498640269553 4
12 1 0 21482103432 4
22 1 0 21482103652 4
7 1 0 21482103656 4
9 1 0 21482103648 4
17 1 0 5498640269557 4
10 0 0 21479931959 4
235 0 0 21479931960 4
298 0 0 5498640269554 4
300 0 0 21479931961 4
290 0 0 5498640269555 4
300 0 0 21479931962 4
300 0 0 5498640269556 4
300 0 0 21479931963 4
307 1 0 5498640269544 4
2 0 0 21482086648 4
291 1 0 5498640269536 4
20 1 0 21482103648 4
5 1 0 21482103656 4
6 1 0 21482103652 4
5 0 0 360335609071051347 4
264 1 0 21482103432 4
10 1 0 21482103652 4
7 1 0 21482103656 4
9 1 0 21482103648 4
8 0 0 21482103388 4
276 0 0 21482104064 4
300 0 0 21482103384 4
292 1 0 21482103400 4
2 1 0 5498640269544 4
6 1 0 5498640269520 4
2 1 0 5498640269512 4
3 1 0 5498640269528 4
3 1 0 5498640269536 4
26 1 0 21482103648 4
5 1 0 21482103656 4
6 1 0 21482103652 4
1 1 0 5498640269496 4
9 1 0 5498640269488 4
3 1 0 5498640269480 4
3 1 0 5498640269472 4
2 1 0 5498640269464 4
2 1 0 5498640269456 4
16 1 0 5498640269448 4
10 0 0 360335609071051348 4
219 1 0 360335609071829008 4
2 0 0 360335609071051349 4
288 1 0 360335609071829009 4
2 0 0 360335609071051350 4
298 1 0 360335609071829010 4
2 0 0 360335609071051351 4
298 1 0 360335609071829011 4
2 0 0 360335609070903536 4
298 1 0 360335609071829012 4
8 0 0 360335609071051352 4
292 1 0 360335609071829020 4
2 0 0 360335609071051360 4
298 1 0 360335609071829028 4
2 0 0 360335609071051368 4
298 1 0 360335609071829036 4
2 0 0 360335609071051376 4
298 1 0 360335609071829044 4
2 0 0 360335609071051384 4
298 1 0 360335609071829052 4
2 0 0 360335609071051392 4
298 1 0 360335609071829060 4
2 0 0 360335609071051400 4
298 1 0 360335609071829068 4
2 0 0 360335609071051408 4
298 1 0 360335609071829076 4
2 0 0 360335609071051416 4
298 1 0 360335609071829084 4
2 0 0 360335609071051424 4
298 1 0 360335609071829092 4
2 0 0 360335609071051432 4
298 1 0 360335609071829100 4
2 0 0 360335609071051440 4
298 1 0 360335609071829108 4
2 0 0 360335609071051448 4
298 1 0 360335609071829116 4
2 0 0 360335609071051456 4
298 1 0 360335609071829124 4
2 0 0 360335609071051464 4
298 1 0 360335609071829132 4
2 0 0 360335609071051472 4
298 1 0 360335609071829140 4
2 0 0 360335609071051480 4
298 1 0 360335609071829148 4
2 0 0 360335609071051488 4
298 1 0 360335609071829156 4
2 0 0 360335609071051496 4
298 1 0 360335609071829164 4
2 0 0 360335609071051504 4
298 1 0 360335609071829172 4
2 0 0 360335609071051512 4
298 1 0 360335609071829180 4
2 0 0 360335609071051520 4
298 1 0 360335609071829188 4
2 0 0 360335609071051528 4
298 1 0 360335609071829196 4
2 0 0 360335609071051536 4
298 1 0 360335609071829204 4
2 0 0 360335609071051544 4
298 1 0 360335609071829212 4
2 0 0 360335609071051552 4
298 1 0 360335609071829220 4
2 0 0 360335609071051560 4
298 1 0 360335609071829228 4
2 0 0 360335609071051568 4
298 1 0 360335609071829236 4
2 0 0 360335609071051576 4
298 1 0 360335609071829244 4
2 0 0 360335609071051584 4
298 1 0 360335609071829252 4
2 0 0 360335609071051592 4
298 1 0 360335609071829260 4
2 0 0 360335609071051600 4
298 1 0 360335609071829268 4
2 0 0 360335609071051608 4
298 1 0 360335609071829276 4
2 0 0 360335609071051616 4
298 1 0 360335609071829284 4
2 0 0 360335609071051624 4
298 1 0 360335609071829292 4
2 0 0 360335609071051632 4
298 1 0 360335609071829300 4
2 0 0 360335609071051640 4
298 1 0 360335609071829308 4
2 0 0 360335609071051648 4
298 1 0 360335609071829316 4
2 0 0 360335609071051656 4
298 1 0 360335609071829324 4
2 0 0 360335609071051664 4
298 1 0 360335609071829332 4
2 0 0 360335609071051672 4
298 1 0 360335609071829340 4
2 0 0 360335609071051680 4
298 1 0 360335609071829348 4
2 0 0 360335609071051688 4
298 1 0 360335609071829356 4
2 0 0 360335609071051696 4
298 1 0 360335609071829364 4
2 0 0 360335609071051704 4
298 1 0 360335609071829372 4
2 0 0 360335609071051712 4
298 1 0 360335609071829380 4
2 0 0 360335609071051720 4
298 1 0 360335609071829388 4
2 0 0 360335609071051728 4
298 1 0 360335609071829396 4
2 0 0 360335609071051736 4
298 1 0 360335609071829404 4
2 0 0 360335609071051744 4
298 1 0 360335609071829412 4
2 0 0 360335609071051752 4
298 1 0 360335609071829420 4
2 0 0 360335609071051760 4
298 1 0 360335609071829428 4
2 0 0 360335609071051768 4
298 1 0 360335609071829436 4
2 0 0 360335609071051776 4
288 1 0 360335609071829444 4
2 0 0 360335609071051784 4
298 1 0 360335609071829452 4
2 0 0 360335609071051792 4
298 1 0 360335609071829460 4
2 0 0 360335609071051800 4
298 1 0 360335609071829468 4
2 0 0 360335609071051808 4
298 1 0 360335609071829476 4
2 0 0 360335609071051816 4
298 1 0 360335609071829484 4
2 0 0 360335609071051824 4
298 1 0 360335609071829492 4
2 0 0 360335609071051832 4
298 1 0 360335609071829500 4
2 0 0 360335609071051840 4
298 1 0 360335609071829508 4
2 0 0 360335609071051848 4
298 1 0 360335609071829516 4
2 0 0 360335609071051856 4
298 1 0 360335609071829524 4
2 0 0 360335609071051864 4
298 1 0 360335609071829532 4
2 0 0 360335609071051872 4
