1 0 0 17593268175440 4
321 0 0 17593268175448 4
300 1 0 17593268175448 4
2 1 0 17593268175440 4
2 1 0 17593268175432 4
2 1 0 17593268175176 4
3 1 0 17593268178224 4
6 0 0 1152969143484523264 4
285 0 0 17593268177232 4
300 0 0 1152969143484506080 4
300 1 0 17593268177128 4
11 0 0 17593268178212 4
289 1 0 17593268175384 4
3 1 0 17593268175392 4
2 1 0 17593268175160 4
3 0 0 1152969143484506200 4
292 1 0 17593268175312 4
4 0 0 17593268177280 4
296 1 0 17593268175320 4
3 1 0 17593268175328 4
2 1 0 17593268175336 4
2 1 0 17593268175344 4
2 1 0 17593268175352 4
5 1 0 17593268175360 4
7 1 0 17593268175368 4
3 1 0 17593268175152 4
4 1 0 17593268175376 4
10 1 0 17593268177424 4
8 0 0 17593268178211 4
264 0 0 17593268178264 4
300 0 0 17593268178256 4
300 1 0 17593268175160 4
1 1 0 17593268175152 4
2 0 0 68726744400 4
297 0 0 68726744416 4
300 0 0 68726744408 4
300 0 0 68726744272 4
300 0 0 68726744256 4
300 1 0 17593268175144 4
1 1 0 17593268175104 4
2 1 0 17593268175128 4
2 1 0 17593268175136 4
3 1 0 17593268175112 4
2 1 0 17593268175120 4
3 0 0 68726743648 4
287 0 0 68726743632 4
280 1 0 17593268175080 4
5 0 0 68726727000 4
295 1 0 17593268175056 4
2 1 0 17593268175048 4
3 1 0 17593268175064 4
3 1 0 17593268175072 4
2 0 0 68726743680 4
300 0 0 68726743816 4
300 0 0 17593268177248 4
300 0 0 68726743912 4
300 0 0 1152969143488130800 4
300 0 0 68726743904 4
300 1 0 68726743904 4
5 1 0 68726743912 4
4 0 0 68726743908 4
291 1 0 68726743908 4
1 1 0 17593268175032 4
5 0 0 68726743896 4
294 0 0 1152969143488107872 4
290 1 0 17593268175024 4
3 1 0 17593268175016 4
3 1 0 17593268175008 4
2 1 0 17593268175000 4
2 1 0 17593268174992 4
3 0 0 68726743736 4
287 0 0 68726743688 4
300 0 0 68726743696 4
300 1 0 17593268174984 4
7 0 0 1152969143488246880 4
293 1 0 17593268175088 4
2 0 0 1152969143488246881 4
298 1 0 17593268175089 4
12 1 0 68726743688 4
22 1 0 68726743908 4
7 1 0 68726743912 4
9 1 0 68726743904 4
17 1 0 17593268175093 4
10 0 0 68724572215 4
255 0 0 68724572216 4
298 0 0 17593268175090 4
300 0 0 68724572217 4
300 0 0 17593268175091 4
290 0 0 68724572218 4
300 0 0 17593268175092 4
300 0 0 68724572219 4
307 1 0 17593268175080 4
2 0 0 68726726904 4
291 1 0 17593268175072 4
20 1 0 68726743904 4
5 1 0 68726743912 4
6 1 0 68726743908 4
5 0 0 1152969143488246885 4
274 1 0 68726743688 4
10 1 0 68726743908 4
7 1 0 68726743912 4
9 1 0 68726743904 4
8 0 0 68726743644 4
266 0 0 68726744320 4
300 0 0 68726743640 4
282 1 0 68726743656 4
2 1 0 17593268175080 4
6 1 0 17593268175056 4
2 1 0 17593268175048 4
3 1 0 17593268175064 4
3 1 0 17593268175072 4
26 1 0 68726743904 4
5 1 0 68726743912 4
6 1 0 68726743908 4
1 1 0 17593268175032 4
9 1 0 17593268175024 4
3 1 0 17593268175016 4
3 1 0 17593268175008 4
2 1 0 17593268175000 4
2 1 0 17593268174992 4
16 1 0 17593268174984 4
10 0 0 1152969143488246886 4
219 1 0 1152969143521849360 4
2 0 0 1152969143488246887 4
298 1 0 1152969143521849361 4
2 0 0 1152969143488110832 4
278 1 0 1152969143521849362 4
8 0 0 1152969143488246888 4
292 1 0 1152969143521849370 4
2 0 0 1152969143488246896 4
298 1 0 1152969143521849378 4
2 0 0 1152969143488246904 4
298 1 0 1152969143521849386 4
2 0 0 1152969143488246912 4
298 1 0 1152969143521849394 4
2 0 0 1152969143488246920 4
298 1 0 1152969143521849402 4
2 0 0 1152969143488246928 4
298 1 0 1152969143521849410 4
2 0 0 1152969143488246936 4
298 1 0 1152969143521849418 4
2 0 0 1152969143488246944 4
298 1 0 1152969143521849426 4
2 0 0 1152969143488246952 4
298 1 0 1152969143521849434 4
2 0 0 1152969143488246960 4
298 1 0 1152969143521849442 4
2 0 0 1152969143488246968 4
298 1 0 1152969143521849450 4
2 0 0 1152969143488246976 4
298 1 0 1152969143521849458 4
2 0 0 1152969143488246984 4
298 1 0 1152969143521849466 4
2 0 0 1152969143488246992 4
298 1 0 1152969143521849474 4
2 0 0 1152969143488247000 4
298 1 0 1152969143521849482 4
2 0 0 1152969143488247008 4
298 1 0 1152969143521849490 4
2 0 0 1152969143488247016 4
298 1 0 1152969143521849498 4
2 0 0 1152969143488247024 4
298 1 0 1152969143521849506 4
2 0 0 1152969143488247032 4
298 1 0 1152969143521849514 4
2 0 0 1152969143488247040 4
298 1 0 1152969143521849522 4
2 0 0 1152969143488247048 4
298 1 0 1152969143521849530 4
2 0 0 1152969143488247056 4
298 1 0 1152969143521849538 4
2 0 0 1152969143488247064 4
298 1 0 1152969143521849546 4
2 0 0 1152969143488247072 4
298 1 0 1152969143521849554 4
2 0 0 1152969143488247080 4
298 1 0 1152969143521849562 4
2 0 0 1152969143488247088 4
298 1 0 1152969143521849570 4
2 0 0 1152969143488247096 4
298 1 0 1152969143521849578 4
2 0 0 1152969143488247104 4
298 1 0 1152969143521849586 4
2 0 0 1152969143488247112 4
298 1 0 1152969143521849594 4
2 0 0 1152969143488247120 4
298 1 0 1152969143521849602 4
2 0 0 1152969143488247128 4
298 1 0 1152969143521849610 4
2 0 0 1152969143488247136 4
298 1 0 1152969143521849618 4
2 0 0 1152969143488247144 4
298 1 0 1152969143521849626 4
2 0 0 1152969143488247152 4
298 1 0 1152969143521849634 4
2 0 0 1152969143488247160 4
298 1 0 1152969143521849642 4
2 0 0 1152969143488247168 4
298 1 0 1152969143521849650 4
2 0 0 1152969143488247176 4
298 1 0 1152969143521849658 4
2 0 0 1152969143488247184 4
298 1 0 1152969143521849666 4
2 0 0 1152969143488247192 4
298 1 0 1152969143521849674 4
2 0 0 1152969143488247200 4
298 1 0 1152969143521849682 4
2 0 0 1152969143488247208 4
298 1 0 1152969143521849690 4
2 0 0 1152969143488247216 4
298 1 0 1152969143521849698 4
2 0 0 1152969143488247224 4
298 1 0 1152969143521849706 4
2 0 0 1152969143488247232 4
298 1 0 1152969143521849714 4
2 0 0 1152969143488247240 4
298 1 0 1152969143521849722 4
2 0 0 1152969143488247248 4
298 1 0 1152969143521849730 4
2 0 0 1152969143488247256 4
298 1 0 1152969143521849738 4
2 0 0 1152969143488247264 4
298 1 0 1152969143521849746 4
2 0 0 1152969143488247272 4
298 1 0 1152969143521849754 4
2 0 0 1152969143488247280 4
298 1 0 1152969143521849762 4
2 0 0 1152969143488247288 4
298 1 0 1152969143521849770 4
2 0 0 1152969143488247296 4
298 1 0 1152969143521849778 4
2 0 0 1152969143488247304 4
298 1 0 1152969143521849786 4
2 0 0 1152969143488247312 4
298 1 0 1152969143521849794 4
2 0 0 1152969143488247320 4
298 1 0 1152969143521849802 4
2 0 0 1152969143488247328 4
298 1 0 1152969143521849810 4
2 0 0 1152969143488247336 4
298 1 0 1152969143521849818 4
2 0 0 1152969143488247344 4
298 1 0 1152969143521849826 4
2 0 0 1152969143488247352 4
298 1 0 1152969143521849834 4
2 0 0 1152969143488247360 4
298 1 0 1152969143521849842 4
2 0 0 1152969143488247368 4
298 1 0 1152969143521849850 4
2 0 0 1152969143488247376 4
298 1 0 1152969143521849858 4
2 0 0 1152969143488247384 4
298 1 0 1152969143521849866 4
2 0 0 1152969143488247392 4
298 1 0 1152969143521849874 4
2 0 0 1152969143488247400 4
298 1 0 1152969143521849882 4
2 0 0 1152969143488247408 4
298 1 0 1152969143521849890 4
2 0 0 1152969143488247416 4
298 1 0 1152969143521849898 4
2 0 0 1152969143488247424 4
298 1 0 1152969143521849906 4
2 0 0 1152969143488247432 4
298 1 0 1152969143521849914 4
2 0 0 1152969143488247440 4
298 1 0 1152969143521849922 4
2 0 0 1152969143488247448 4
298 1 0 1152969143521849930 4
2 0 0 1152969143488247456 4
298 1 0 1152969143521849938 4
2 0 0 1152969143488247464 4
298 1 0 1152969143521849946 4
2 0 0 1152969143488247472 4
298 1 0 1152969143521849954 4
2 0 0 1152969143488247480 4
298 1 0 1152969143521849962 4
2 0 0 1152969143488247488 4
298 1 0 1152969143521849970 4
2 0 0 1152969143488247496 4
298 1 0 1152969143521849978 4
2 0 0 1152969143488247504 4
298 1 0 1152969143521849986 4
2 0 0 1152969143488247512 4
298 1 0 1152969143521849994 4
2 0 0 1152969143488247520 4
298 1 0 1152969143521850002 4
2 0 0 1152969143488247528 4
298 1 0 1152969143521850010 4
2 0 0 1152969143488247536 4
298 1 0 1152969143521850018 4
2 0 0 1152969143488247544 4
298 1 0 1152969143521850026 4
2 0 0 1152969143488247552 4
298 1 0 1152969143521850034 4
2 0 0 1152969143488247560 4
298 1 0 1152969143521850042 4
2 0 0 1152969143488247568 4
298 1 0 1152969143521850050 4
2 0 0 1152969143488247576 4
